29/04 17:32:48:604 Create CDR file started
29/04 17:32:48:632 Starting process session
29/04 17:33:25:746 Get status: isdn=84936284322,productId=MSPSAM800003,status=DeliveredToNetwork
29/04 17:33:34:995 Get status: isdn=84936284322,productId=MSPSAM800003,status=DeliveredToNetwork
29/04 17:33:36:737 Get status: isdn=841268665878,productId=MSPSAM800003,status=DeliveredToNetwork
29/04 17:33:38:490 Get status: isdn=841268665878,productId=MSPSAM800003,status=DeliveredToNetwork
29/04 17:33:40:341 Get status: isdn=84907096754,productId=MSPSAM800003,status=DeliveryImpossible
29/04 17:33:42:144 Get status: isdn=84907096754,productId=MSPSAM800003,status=DeliveryImpossible
29/04 17:33:44:034 Get status: isdn=84934100087,productId=MSPSAM800002,status=DeliveredToNetwork
29/04 17:33:45:775 Get status: isdn=84902755896,productId=MSPSAM800003,status=DeliveredToNetwork
29/04 17:33:47:508 Get status: isdn=84902755896,productId=MSPSAM800003,status=DeliveredToNetwork
29/04 17:33:49:331 Get status: isdn=841219737826,productId=MSPSAM800003,status=DeliveredToNetwork
29/04 17:33:51:503 Get status: isdn=841219737826,productId=MSPSAM800003,status=DeliveredToNetwork
29/04 17:33:53:344 Get status: isdn=84937426240,productId=MSPSAM800002,status=DeliveredToNetwork
29/04 17:33:55:303 Get status: isdn=841289976424,productId=MSPSAM800003,status=DeliveredToNetwork
29/04 17:33:57:302 Get status: isdn=841289976424,productId=MSPSAM800003,status=DeliveredToNetwork
29/04 17:33:59:143 Get status: isdn=84935127202,productId=MSPSAM800002,status=DeliveryImpossible
29/04 17:34:00:938 Get status: isdn=84909280884,productId=MSPSAM800003,status=DeliveredToNetwork
29/04 17:34:02:769 Get status: isdn=84909280884,productId=MSPSAM800003,status=DeliveredToNetwork
29/04 17:34:04:552 Get status: isdn=84905097398,productId=MSPSAM800001,status=DeliveredToNetwork
29/04 17:34:06:769 Get status: isdn=84905097398,productId=MSPSAM800001,status=DeliveredToNetwork
29/04 17:34:08:602 Get status: isdn=84932939352,productId=MSPSAM800003,status=DeliveredToNetwork
29/04 17:34:10:410 Get status: isdn=84932939352,productId=MSPSAM800003,status=DeliveredToNetwork
29/04 17:34:12:619 Get status: isdn=841225431056,productId=MSPSAM800002,status=DeliveredToNetwork
29/04 17:34:14:485 Get status: isdn=841289223893,productId=MSPSAM800003,status=DeliveredToNetwork
29/04 17:34:16:826 Get status: isdn=841289223893,productId=MSPSAM800003,status=DeliveredToNetwork
29/04 17:34:18:985 Get status: isdn=841285410526,productId=MSPSAM800002,status=DeliveredToNetwork
29/04 17:34:21:927 Get status: isdn=841208768368,productId=MSPSAM800003,status=DeliveredToNetwork
29/04 17:34:24:613 Get status: isdn=841208768368,productId=MSPSAM800003,status=DeliveredToNetwork
29/04 17:34:26:885 Get status: isdn=84938734179,productId=MSPSAM800002,status=DeliveredToNetwork
29/04 17:34:28:718 Get status: isdn=84906062750,productId=MSPSAM800002,status=DeliveredToNetwork
29/04 17:34:30:509 Get status: isdn=841212914243,productId=MSPSAM800003,status=DeliveredToNetwork
29/04 17:34:32:251 Get status: isdn=841212914243,productId=MSPSAM800003,status=DeliveredToNetwork
29/04 17:34:34:068 Get status: isdn=84903011923,productId=MSPSAM800003,status=DeliveredToNetwork
29/04 17:34:35:876 Get status: isdn=84903011923,productId=MSPSAM800003,status=DeliveredToNetwork
29/04 17:34:37:793 Get status: isdn=84909155467,productId=MSPSAM800002,status=DeliveredToNetwork
29/04 17:34:39:585 Get status: isdn=84932248415,productId=MSPSAM800003,status=DeliveredToNetwork
29/04 17:34:41:351 Get status: isdn=84932248415,productId=MSPSAM800003,status=DeliveredToNetwork
29/04 17:34:43:101 Get status: isdn=841267626799,productId=MSPSAM800003,status=DeliveryImpossible
29/04 17:34:44:850 Get status: isdn=841267626799,productId=MSPSAM800003,status=DeliveryImpossible
29/04 17:34:46:725 Get status: isdn=84934043302,productId=MSPSAM800002,status=DeliveryImpossible
29/04 17:34:48:509 Get status: isdn=84903443532,productId=MSPSAM800003,status=DeliveryImpossible
29/04 17:34:50:697 Get status: isdn=84903443532,productId=MSPSAM800003,status=DeliveryImpossible
29/04 17:34:52:550 Get status: isdn=84938126175,productId=MSPSAM800002,status=DeliveredToNetwork
29/04 17:34:54:317 Get status: isdn=84907515411,productId=MSPSAM800003,status=DeliveredToNetwork
29/04 17:34:56:618 Get status: isdn=84907515411,productId=MSPSAM800003,status=DeliveredToNetwork
29/04 17:34:58:558 Get status: isdn=841215941079,productId=MSPSAM800002,status=DeliveryImpossible
29/04 17:35:00:567 Get status: isdn=84905240137,productId=MSPSAM800002,status=DeliveredToNetwork
29/04 17:35:02:358 Get status: isdn=84932038672,productId=MSPSAM800002,status=DeliveryImpossible
29/04 17:35:04:183 Get status: isdn=84903750338,productId=MSPSAM800003,status=DeliveryImpossible
29/04 17:35:06:358 Get status: isdn=84903750338,productId=MSPSAM800003,status=DeliveryImpossible
29/04 17:35:08:150 Get status: isdn=84908986606,productId=MSPSAM800002,status=DeliveredToNetwork
29/04 17:35:09:907 Get status: isdn=84905787180,productId=MSPSAM800003,status=DeliveryImpossible
29/04 17:35:11:700 Get status: isdn=84905787180,productId=MSPSAM800003,status=DeliveryImpossible
29/04 17:35:13:567 Get status: isdn=84908852176,productId=MSPSAM800002,status=DeliveredToNetwork
29/04 17:35:15:392 Get status: isdn=84903198584,productId=MSPSAM800003,status=DeliveredToNetwork
29/04 17:35:17:709 Get status: isdn=84903198584,productId=MSPSAM800003,status=DeliveredToNetwork
29/04 17:35:19:624 Get status: isdn=84932346931,productId=MSPSAM800003,status=DeliveryImpossible
29/04 17:35:21:407 Get status: isdn=84932346931,productId=MSPSAM800003,status=DeliveryImpossible
29/04 17:35:23:292 Get status: isdn=84909779486,productId=MSPSAM800002,status=DeliveredToNetwork
29/04 17:35:25:149 Get status: isdn=841284281351,productId=MSPSAM800002,status=DeliveryImpossible
29/04 17:35:26:957 Get status: isdn=841217515644,productId=MSPSAM800002,status=DeliveredToNetwork
29/04 17:35:28:733 Get status: isdn=841286191947,productId=MSPSAM800002,status=DeliveryImpossible
29/04 17:35:30:532 Get status: isdn=841212919620,productId=MSPSAM800003,status=DeliveryImpossible
29/04 17:35:32:366 Get status: isdn=841212919620,productId=MSPSAM800003,status=DeliveryImpossible
29/04 17:35:34:224 Get status: isdn=84904733167,productId=MSPSAM800002,status=DeliveredToNetwork
29/04 17:35:36:032 Get status: isdn=84902142235,productId=MSPSAM800002,status=DeliveredToNetwork
29/04 17:35:37:832 Get status: isdn=841203785066,productId=MSPSAM800003,status=DeliveredToNetwork
29/04 17:35:39:611 Get status: isdn=841203785066,productId=MSPSAM800003,status=DeliveredToNetwork
29/04 17:35:41:457 Get status: isdn=84908606387,productId=MSPSAM800002,status=DeliveredToNetwork
29/04 17:35:43:281 Get status: isdn=84906589666,productId=MSPSAM800003,status=DeliveredToNetwork
29/04 17:35:45:148 Get status: isdn=84906589666,productId=MSPSAM800003,status=DeliveredToNetwork
29/04 17:35:47:399 Get status: isdn=84903008508,productId=MSPSAM800003,status=DeliveredToNetwork
29/04 17:35:49:198 Get status: isdn=84903008508,productId=MSPSAM800003,status=DeliveredToNetwork
29/04 17:35:51:024 Get status: isdn=841266015225,productId=MSPSAM800003,status=DeliveredToNetwork
29/04 17:35:53:250 Get status: isdn=841266015225,productId=MSPSAM800003,status=DeliveredToNetwork
29/04 17:35:55:057 Get status: isdn=841229365062,productId=MSPSAM800003,status=DeliveredToNetwork
29/04 17:35:56:840 Get status: isdn=841229365062,productId=MSPSAM800003,status=DeliveredToNetwork
29/04 17:35:59:128 Get status: isdn=84908969425,productId=MSPSAM800002,status=DeliveredToNetwork
29/04 17:36:01:023 Get status: isdn=84903726354,productId=MSPSAM800003,status=DeliveredToNetwork
29/04 17:39:54:571 Create CDR file started
29/04 17:39:54:598 Starting process session
29/04 17:40:04:081 Get status: isdn=84934637152,productId=MSPSAM800002,status=DeliveredToNetwork
29/04 17:40:06:064 Get status: isdn=84909831345,productId=MSPSAM800002,status=DeliveredToNetwork
29/04 17:40:07:972 Get status: isdn=84936245808,productId=MSPSAM800003,status=DeliveredToNetwork
29/04 17:40:09:740 Get status: isdn=84936245808,productId=MSPSAM800003,status=DeliveredToNetwork
29/04 17:40:11:523 Get status: isdn=841266407355,productId=MSPSAM800003,status=DeliveredToNetwork
29/04 17:40:14:038 Get status: isdn=841266407355,productId=MSPSAM800003,status=DeliveredToNetwork
29/04 17:40:15:839 Get status: isdn=84905086609,productId=MSPSAM800002,status=DeliveredToNetwork
29/04 17:40:17:748 Get status: isdn=841212357397,productId=MSPSAM800003,status=DeliveryImpossible
29/04 17:40:19:580 Get status: isdn=841212357397,productId=MSPSAM800003,status=DeliveryImpossible
29/04 17:40:21:374 Get status: isdn=84939838964,productId=MSPSAM800002,status=DeliveredToNetwork
29/04 17:40:23:213 Get status: isdn=84933965695,productId=MSPSAM800002,status=DeliveryImpossible
29/04 17:40:25:029 Get status: isdn=841203704746,productId=MSPSAM800002,status=DeliveryImpossible
29/04 17:40:26:823 Get status: isdn=84904742181,productId=MSPSAM800002,status=DeliveredToNetwork
29/04 17:40:28:655 Get status: isdn=84902681959,productId=MSPSAM800002,status=DeliveredToNetwork
29/04 17:40:30:447 Get status: isdn=84908877346,productId=MSPSAM800002,status=DeliveredToNetwork
29/04 17:40:32:321 Get status: isdn=84903587251,productId=MSPSAM800003,status=DeliveryImpossible
29/04 17:40:35:159 Get status: isdn=84903587251,productId=MSPSAM800003,status=DeliveryImpossible
29/04 17:40:37:046 Get status: isdn=84936406409,productId=MSPSAM800002,status=DeliveredToNetwork
29/04 17:40:40:487 Get status: isdn=841286964929,productId=MSPSAM800001,status=DeliveryImpossible
29/04 17:40:42:645 Get status: isdn=841286964929,productId=MSPSAM800001,status=DeliveryImpossible
29/04 17:40:44:663 Get status: isdn=84908699640,productId=MSPSAM800002,status=DeliveredToNetwork
29/04 17:40:48:389 Get status: isdn=84907262722,productId=MSPSAM800003,status=DeliveryImpossible
29/04 17:40:51:829 Get status: isdn=84907262722,productId=MSPSAM800003,status=DeliveryImpossible
29/04 17:40:54:113 Get status: isdn=84932387212,productId=MSPSAM800002,status=DeliveryImpossible
29/04 17:40:55:937 Get status: isdn=841214850255,productId=MSPSAM800001,status=DeliveryImpossible
29/04 17:40:57:720 Get status: isdn=841214850255,productId=MSPSAM800001,status=DeliveryImpossible
29/04 17:40:59:612 Get status: isdn=841204644487,productId=MSPSAM800002,status=DeliveredToNetwork
29/04 17:41:01:605 Get status: isdn=841288016884,productId=MSPSAM800003,status=DeliveredToNetwork
29/04 17:41:03:688 Get status: isdn=841288016884,productId=MSPSAM800003,status=DeliveredToNetwork
29/04 17:41:05:879 Get status: isdn=84909002233,productId=MSPSAM800003,status=DeliveredToNetwork
29/04 17:41:07:826 Get status: isdn=84909002233,productId=MSPSAM800003,status=DeliveredToNetwork
29/04 17:41:10:853 Get status: isdn=84932172729,productId=MSPSAM800002,status=DeliveryImpossible
29/04 17:41:15:420 Get status: isdn=841214255605,productId=MSPSAM800002,status=DeliveredToNetwork
29/04 17:41:21:245 Get status: isdn=84933437378,productId=MSPSAM800003,status=DeliveredToNetwork
29/04 17:41:26:165 Get status: isdn=84933437378,productId=MSPSAM800003,status=DeliveredToNetwork
29/04 17:41:31:420 Get status: isdn=84907041841,productId=MSPSAM800003,status=DeliveredToNetwork
29/04 17:41:35:134 Get status: isdn=84907041841,productId=MSPSAM800003,status=DeliveredToNetwork
29/04 17:41:39:319 Get status: isdn=84933752078,productId=MSPSAM800003,status=DeliveryImpossible
29/04 17:41:41:244 Get status: isdn=84933752078,productId=MSPSAM800003,status=DeliveryImpossible
29/04 17:41:43:689 Get status: isdn=841223644054,productId=MSPSAM800003,status=DeliveredToNetwork
29/04 17:41:45:469 Get status: isdn=841223644054,productId=MSPSAM800003,status=DeliveredToNetwork
29/04 17:41:47:344 Get status: isdn=84905887186,productId=MSPSAM800003,status=DeliveredToNetwork
29/04 17:41:49:152 Get status: isdn=84905887186,productId=MSPSAM800003,status=DeliveredToNetwork
29/04 17:41:50:927 Get status: isdn=84936131259,productId=MSPSAM800003,status=DeliveredToNetwork
29/04 17:41:52:737 Get status: isdn=84907649975,productId=MSPSAM800002,status=DeliveredToNetwork
29/04 17:41:54:586 Get status: isdn=84907196980,productId=MSPSAM800002,status=DeliveredToNetwork
29/04 17:41:56:403 Get status: isdn=841225714171,productId=MSPSAM800003,status=DeliveryImpossible
29/04 17:41:58:218 Get status: isdn=841202048725,productId=MSPSAM800002,status=DeliveryImpossible
29/04 17:42:00:002 Get status: isdn=841204420995,productId=MSPSAM800003,status=DeliveredToNetwork
29/04 17:42:02:094 Get status: isdn=84906999088,productId=MSPSAM800002,status=DeliveredToNetwork
29/04 17:42:03:885 Get status: isdn=841263024100,productId=MSPSAM800003,status=DeliveredToNetwork
29/04 17:42:05:818 Get status: isdn=84908404000,productId=MSPSAM800002,status=DeliveredToNetwork
29/04 17:42:07:793 Get status: isdn=841263024100,productId=MSPSAM800003,status=DeliveredToNetwork
29/04 17:42:09:634 Get status: isdn=841228937656,productId=MSPSAM800002,status=DeliveredToNetwork
29/04 17:42:11:411 Get status: isdn=84905994006,productId=MSPSAM800002,status=DeliveredToNetwork
29/04 17:42:13:252 Get status: isdn=841202582119,productId=MSPSAM800002,status=DeliveredToNetwork
29/04 17:42:15:043 Get status: isdn=84936697663,productId=MSPSAM800002,status=DeliveredToNetwork
29/04 17:42:16:893 Get status: isdn=84903062369,productId=MSPSAM800002,status=DeliveredToNetwork
29/04 17:42:18:677 Get status: isdn=84909522290,productId=MSPSAM800003,status=DeliveredToNetwork
29/04 17:42:20:459 Get status: isdn=841265161970,productId=MSPSAM800003,status=DeliveryImpossible
29/04 17:42:22:218 Get status: isdn=84907817406,productId=MSPSAM800002,status=DeliveredToNetwork
29/04 17:42:23:993 Get status: isdn=84908582581,productId=MSPSAM800003,status=DeliveredToNetwork
29/04 17:42:25:901 Get status: isdn=84908582581,productId=MSPSAM800003,status=DeliveredToNetwork
29/04 17:42:27:710 Get status: isdn=84902361419,productId=MSPSAM800053,status=DeliveryImpossible
29/04 17:42:29:484 Get status: isdn=84933802932,productId=MSPSAM800002,status=DeliveryImpossible
29/04 17:42:31:209 Get status: isdn=841267111327,productId=MSPSAM800003,status=DeliveredToNetwork
29/04 17:42:33:101 Get status: isdn=841267111327,productId=MSPSAM800003,status=DeliveredToNetwork
29/04 17:42:34:917 Get status: isdn=841215333483,productId=MSPSAM800001,status=DeliveryImpossible
29/04 17:42:36:726 Get status: isdn=841215333483,productId=MSPSAM800001,status=DeliveryImpossible
29/04 17:42:38:509 Get status: isdn=84909350102,productId=MSPSAM800003,status=DeliveredToNetwork
29/04 17:42:40:359 Get status: isdn=84909350102,productId=MSPSAM800003,status=DeliveredToNetwork
29/04 17:42:42:150 Get status: isdn=84903589367,productId=MSPSAM800003,status=DeliveredToNetwork
29/04 17:42:43:867 Get status: isdn=84903589367,productId=MSPSAM800003,status=DeliveredToNetwork
29/04 17:42:45:676 Get status: isdn=84933445061,productId=MSPSAM800002,status=DeliveredToNetwork
29/04 17:42:47:450 Get status: isdn=84906978811,productId=MSPSAM800003,status=DeliveryImpossible
29/04 17:42:49:242 Get status: isdn=84938039040,productId=MSPSAM800002,status=DeliveryImpossible
29/04 17:42:51:067 Get status: isdn=841223514739,productId=MSPSAM800003,status=DeliveredToNetwork
29/04 17:42:52:803 Get status: isdn=841223514739,productId=MSPSAM800003,status=DeliveredToNetwork
29/04 17:42:54:625 Get status: isdn=84903653586,productId=MSPSAM800003,status=DeliveredToNetwork
29/04 17:42:56:487 Get status: isdn=84908424234,productId=MSPSAM800003,status=DeliveredToNetwork
29/04 17:42:58:363 Get status: isdn=84908424234,productId=MSPSAM800003,status=DeliveredToNetwork
29/04 17:43:00:116 Get status: isdn=84905169413,productId=MSPSAM800003,status=DeliveryImpossible
29/04 17:43:01:883 Get status: isdn=84902016126,productId=MSPSAM800003,status=DeliveredToNetwork
29/04 17:43:03:667 Get status: isdn=84908016148,productId=MSPSAM800002,status=DeliveredToNetwork
29/04 17:43:05:442 Get status: isdn=84932637865,productId=MSPSAM800003,status=DeliveredToNetwork
29/04 17:43:07:241 Get status: isdn=84932637865,productId=MSPSAM800003,status=DeliveredToNetwork
29/04 17:43:09:075 Get status: isdn=84902923246,productId=MSPSAM800003,status=DeliveredToNetwork
29/04 17:43:10:866 Get status: isdn=841205431806,productId=MSPSAM800002,status=DeliveryImpossible
29/04 17:43:12:683 Get status: isdn=84906440297,productId=MSPSAM800002,status=DeliveredToNetwork
29/04 17:43:14:432 Get status: isdn=84909155426,productId=MSPSAM800002,status=DeliveredToNetwork
29/04 17:43:16:182 Get status: isdn=84934714143,productId=MSPSAM800003,status=DeliveredToNetwork
29/04 17:43:17:907 Get status: isdn=84934714143,productId=MSPSAM800003,status=DeliveredToNetwork
29/04 17:43:19:649 Get status: isdn=84909307679,productId=MSPSAM800003,status=DeliveredToNetwork
29/04 17:43:21:424 Get status: isdn=84909307679,productId=MSPSAM800003,status=DeliveredToNetwork
29/04 17:43:23:233 Get status: isdn=841267334455,productId=MSPSAM800003,status=DeliveredToNetwork
29/04 17:43:24:974 Get status: isdn=841267334455,productId=MSPSAM800003,status=DeliveredToNetwork
29/04 17:43:26:766 Get status: isdn=84936381699,productId=MSPSAM800002,status=DeliveredToNetwork
29/04 17:43:28:590 Get status: isdn=84902564897,productId=MSPSAM800002,status=DeliveredToNetwork
29/04 17:43:30:323 Get status: isdn=84909524490,productId=MSPSAM800003,status=DeliveryImpossible
29/04 17:43:32:115 Get status: isdn=84909524490,productId=MSPSAM800003,status=DeliveryImpossible
29/04 17:43:33:848 Get status: isdn=84904202860,productId=MSPSAM800002,status=DeliveryImpossible
29/04 17:43:35:615 Get status: isdn=84939734959,productId=MSPSAM800002,status=DeliveredToNetwork
29/04 17:43:37:382 Get status: isdn=84936717616,productId=MSPSAM800003,status=DeliveredToNetwork
29/04 17:43:39:115 Get status: isdn=84904013674,productId=MSPSAM800003,status=DeliveredToNetwork
29/04 17:43:40:907 Get status: isdn=84904013674,productId=MSPSAM800003,status=DeliveredToNetwork
29/04 17:43:42:691 Get status: isdn=841214131666,productId=MSPSAM800003,status=DeliveredToNetwork
29/04 17:43:44:473 Get status: isdn=841287058417,productId=MSPSAM800003,status=DeliveryImpossible
29/04 17:43:46:231 Get status: isdn=84933077778,productId=MSPSAM800003,status=DeliveredToNetwork
29/04 17:43:47:973 Get status: isdn=84933077778,productId=MSPSAM800003,status=DeliveredToNetwork
29/04 17:43:49:756 Get status: isdn=84938446371,productId=MSPSAM800003,status=DeliveryImpossible
29/04 17:43:51:596 Get status: isdn=84938446371,productId=MSPSAM800003,status=DeliveryImpossible
29/04 17:43:53:364 Get status: isdn=84902841727,productId=MSPSAM800003,status=DeliveredToNetwork
29/04 17:43:55:106 Get status: isdn=84903222024,productId=MSPSAM800002,status=DeliveredToNetwork
29/04 17:43:56:906 Get status: isdn=84904691899,productId=MSPSAM800002,status=DeliveredToNetwork
29/04 17:43:58:723 Get status: isdn=841263915953,productId=MSPSAM800002,status=DeliveryImpossible
29/04 17:44:00:539 Get status: isdn=84909672777,productId=MSPSAM800002,status=DeliveredToNetwork
29/04 17:44:02:380 Get status: isdn=84934355550,productId=MSPSAM800002,status=DeliveredToNetwork
29/04 17:44:04:383 Get status: isdn=84905293171,productId=MSPSAM800003,status=DeliveryImpossible
29/04 17:44:06:189 Get status: isdn=84909407282,productId=MSPSAM800003,status=DeliveredToNetwork
29/04 17:44:08:081 Get status: isdn=84909407282,productId=MSPSAM800003,status=DeliveredToNetwork
29/04 17:44:09:872 Get status: isdn=84903130477,productId=MSPSAM800002,status=DeliveredToNetwork
29/04 17:44:11:654 Get status: isdn=84903190573,productId=MSPSAM800002,status=DeliveredToNetwork
29/04 17:44:13:411 Get status: isdn=84903830789,productId=MSPSAM800002,status=DeliveredToNetwork
29/04 17:44:15:137 Get status: isdn=84909292115,productId=MSPSAM800003,status=DeliveredToNetwork
29/04 17:44:16:852 Get status: isdn=84909292115,productId=MSPSAM800003,status=DeliveredToNetwork
29/04 17:44:18:647 Get status: isdn=84937325626,productId=MSPSAM800003,status=DeliveredToNetwork
29/04 17:44:20:397 Get status: isdn=84937325626,productId=MSPSAM800003,status=DeliveredToNetwork
29/04 17:44:22:172 Get status: isdn=84933140126,productId=MSPSAM800003,status=DeliveryImpossible
29/04 17:44:23:913 Get status: isdn=84933140126,productId=MSPSAM800003,status=DeliveryImpossible
29/04 17:44:25:680 Get status: isdn=84904090760,productId=MSPSAM800002,status=DeliveredToNetwork
29/04 17:44:27:463 Get status: isdn=84909000088,productId=MSPSAM800002,status=DeliveredToNetwork
29/04 17:44:29:280 Get status: isdn=84905580566,productId=MSPSAM800002,status=DeliveredToNetwork
29/04 17:44:31:089 Get status: isdn=84935457254,productId=MSPSAM800003,status=DeliveredToNetwork
29/04 17:44:32:880 Get status: isdn=84935457254,productId=MSPSAM800003,status=DeliveredToNetwork
29/04 17:44:34:638 Get status: isdn=841228017801,productId=MSPSAM800002,status=DeliveredToNetwork
29/04 17:44:36:406 Get status: isdn=84935399929,productId=MSPSAM800002,status=DeliveredToNetwork
29/04 17:44:38:230 Get status: isdn=841225050626,productId=MSPSAM800002,status=DeliveryImpossible
29/04 17:44:40:004 Get status: isdn=84934044651,productId=MSPSAM800002,status=DeliveredToNetwork
29/04 17:44:41:738 Get status: isdn=84908232013,productId=MSPSAM800003,status=DeliveredToNetwork
29/04 17:44:43:489 Get status: isdn=84908232013,productId=MSPSAM800003,status=DeliveredToNetwork
29/04 17:44:45:271 Get status: isdn=84907790971,productId=MSPSAM800053,status=DeliveredToNetwork
29/04 17:44:47:071 Get status: isdn=84934367806,productId=MSPSAM800002,status=DeliveredToNetwork
29/04 17:44:48:838 Get status: isdn=84904910166,productId=MSPSAM800053,status=DeliveredToNetwork
29/04 17:44:50:596 Get status: isdn=84904568598,productId=MSPSAM800003,status=DeliveredToNetwork
29/04 17:44:52:363 Get status: isdn=84909864565,productId=MSPSAM800003,status=DeliveredToNetwork
29/04 17:44:54:138 Get status: isdn=84909864565,productId=MSPSAM800003,status=DeliveredToNetwork
29/04 17:44:55:979 Get status: isdn=84908294964,productId=MSPSAM800003,status=DeliveredToNetwork
29/04 17:44:57:750 Get status: isdn=84908294964,productId=MSPSAM800003,status=DeliveredToNetwork
29/04 17:44:59:479 Get status: isdn=84903687209,productId=MSPSAM800002,status=DeliveredToNetwork
29/04 17:45:01:261 Get status: isdn=841266989211,productId=MSPSAM800002,status=DeliveryImpossible
29/04 17:45:03:070 Get status: isdn=84903969438,productId=MSPSAM800002,status=DeliveredToNetwork
29/04 17:45:04:861 Get status: isdn=84903023867,productId=MSPSAM800002,status=DeliveredToNetwork
29/04 17:45:06:671 Get status: isdn=84905333361,productId=MSPSAM800002,status=DeliveryImpossible
29/04 17:45:08:567 Get status: isdn=841267782751,productId=MSPSAM800002,status=DeliveryImpossible
29/04 17:45:10:461 Get status: isdn=84933709596,productId=MSPSAM800002,status=DeliveryImpossible
29/04 17:45:12:272 Get status: isdn=84934226626,productId=MSPSAM800003,status=DeliveredToNetwork
29/04 17:45:14:087 Get status: isdn=84934226626,productId=MSPSAM800003,status=DeliveredToNetwork
29/04 17:45:15:846 Get status: isdn=84905391344,productId=MSPSAM800003,status=DeliveredToNetwork
29/04 17:45:17:653 Get status: isdn=841222697990,productId=MSPSAM800002,status=DeliveredToNetwork
29/04 17:45:19:486 Get status: isdn=841224044539,productId=MSPSAM800003,status=DeliveredToNetwork
29/04 17:45:21:228 Get status: isdn=841224044539,productId=MSPSAM800003,status=DeliveredToNetwork
29/04 17:45:23:012 Get status: isdn=84903238865,productId=MSPSAM800002,status=DeliveredToNetwork
29/04 17:45:24:837 Get status: isdn=84903520292,productId=MSPSAM800003,status=DeliveredToNetwork
29/04 17:45:26:611 Get status: isdn=841222629497,productId=MSPSAM800002,status=DeliveredToNetwork
29/04 17:45:28:403 Get status: isdn=84938262189,productId=MSPSAM800002,status=DeliveryImpossible
29/04 17:45:30:137 Get status: isdn=841212836952,productId=MSPSAM800003,status=DeliveredToNetwork
29/04 17:45:32:003 Get status: isdn=841212836952,productId=MSPSAM800003,status=DeliveredToNetwork
29/04 17:45:33:864 Get status: isdn=84934662939,productId=MSPSAM800003,status=DeliveryImpossible
29/04 17:45:35:619 Get status: isdn=84934776886,productId=MSPSAM800002,status=DeliveredToNetwork
29/04 17:45:37:377 Get status: isdn=84908154274,productId=MSPSAM800002,status=DeliveredToNetwork
29/04 17:45:39:110 Get status: isdn=841203314381,productId=MSPSAM800002,status=DeliveredToNetwork
29/04 17:45:40:861 Get status: isdn=841224046933,productId=MSPSAM800002,status=DeliveredToNetwork
29/04 17:45:42:653 Get status: isdn=84939387772,productId=MSPSAM800002,status=DeliveredToNetwork
29/04 17:45:44:436 Get status: isdn=841285982011,productId=MSPSAM800002,status=DeliveredToNetwork
29/04 17:45:46:202 Get status: isdn=841222622468,productId=MSPSAM800002,status=DeliveredToNetwork
29/04 17:45:47:943 Get status: isdn=84905721829,productId=MSPSAM800003,status=DeliveryImpossible
29/04 17:45:49:668 Get status: isdn=841225029486,productId=MSPSAM800002,status=DeliveredToNetwork
29/04 17:45:51:460 Get status: isdn=84905190662,productId=MSPSAM800002,status=DeliveryImpossible
29/04 17:45:53:235 Get status: isdn=84903935899,productId=MSPSAM800003,status=DeliveredToNetwork
29/04 17:45:54:993 Get status: isdn=84903295612,productId=MSPSAM800002,status=DeliveryImpossible
29/04 17:45:56:751 Get status: isdn=84909915368,productId=MSPSAM800003,status=DeliveredToNetwork
29/04 17:45:58:502 Get status: isdn=84909915368,productId=MSPSAM800003,status=DeliveredToNetwork
29/04 17:46:00:327 Get status: isdn=84934410728,productId=MSPSAM800002,status=DeliveredToNetwork
29/04 17:46:02:136 Get status: isdn=84907520565,productId=MSPSAM800003,status=DeliveredToNetwork
29/04 17:46:04:576 Get status: isdn=84907520565,productId=MSPSAM800003,status=DeliveredToNetwork
29/04 17:46:07:142 Get status: isdn=84904682341,productId=MSPSAM800003,status=DeliveredToNetwork
29/04 17:46:09:118 Get status: isdn=841218990678,productId=MSPSAM800003,status=DeliveredToNetwork
29/04 17:46:10:943 Get status: isdn=841218990678,productId=MSPSAM800003,status=DeliveredToNetwork
29/04 17:46:12:718 Get status: isdn=84938105566,productId=MSPSAM800003,status=DeliveredToNetwork
29/04 17:46:14:517 Get status: isdn=84938105566,productId=MSPSAM800003,status=DeliveredToNetwork
29/04 17:46:16:260 Get status: isdn=84906248376,productId=MSPSAM800003,status=DeliveredToNetwork
29/04 17:46:18:076 Get status: isdn=84906248376,productId=MSPSAM800003,status=DeliveredToNetwork
29/04 17:46:19:968 Get status: isdn=84939903932,productId=MSPSAM800003,status=DeliveryImpossible
29/04 17:46:21:943 Get status: isdn=84939903932,productId=MSPSAM800003,status=DeliveryImpossible
29/04 17:46:23:830 Get status: isdn=841267223344,productId=MSPSAM800001,status=DeliveredToNetwork
29/04 17:46:25:715 Get status: isdn=841267223344,productId=MSPSAM800001,status=DeliveredToNetwork
29/04 17:46:27:776 Get status: isdn=84904250638,productId=MSPSAM800003,status=DeliveredToNetwork
29/04 17:46:29:633 Get status: isdn=84904250638,productId=MSPSAM800003,status=DeliveredToNetwork
29/04 17:46:31:417 Get status: isdn=84902492209,productId=MSPSAM800003,status=DeliveredToNetwork
29/04 17:46:31:439 Creating CDR file ACOM_20140428 completely. Located: D://cdr_sub
29/04 17:46:32:763 End of process session
29/04 17:46:33:774 Starting process session
29/04 17:46:43:175 Get status: isdn=84934637152,productId=MSPSAM800002,status=DeliveredToNetwork
29/04 17:46:44:918 Get status: isdn=84909831345,productId=MSPSAM800002,status=DeliveredToNetwork
29/04 17:46:46:662 Get status: isdn=84936245808,productId=MSPSAM800003,status=DeliveredToNetwork
29/04 17:46:48:407 Get status: isdn=84936245808,productId=MSPSAM800003,status=DeliveredToNetwork
29/04 17:46:50:140 Get status: isdn=841266407355,productId=MSPSAM800003,status=DeliveredToNetwork
29/04 17:46:51:884 Get status: isdn=841266407355,productId=MSPSAM800003,status=DeliveredToNetwork
29/04 17:46:53:616 Get status: isdn=84905086609,productId=MSPSAM800002,status=DeliveredToNetwork
29/04 17:46:55:324 Get status: isdn=841212357397,productId=MSPSAM800003,status=DeliveryImpossible
29/04 17:46:57:016 Get status: isdn=841212357397,productId=MSPSAM800003,status=DeliveryImpossible
29/04 17:46:58:728 Get status: isdn=84939838964,productId=MSPSAM800002,status=DeliveredToNetwork
29/04 17:47:00:428 Get status: isdn=84933965695,productId=MSPSAM800002,status=DeliveryImpossible
29/04 17:47:02:129 Get status: isdn=841203704746,productId=MSPSAM800002,status=DeliveryImpossible
29/04 17:47:03:828 Get status: isdn=84904742181,productId=MSPSAM800002,status=DeliveredToNetwork
29/04 17:47:05:657 Get status: isdn=84902681959,productId=MSPSAM800002,status=DeliveredToNetwork
29/04 17:47:07:499 Get status: isdn=84908877346,productId=MSPSAM800002,status=DeliveredToNetwork
29/04 17:47:09:438 Get status: isdn=84903587251,productId=MSPSAM800003,status=DeliveryImpossible
29/04 17:47:11:174 Get status: isdn=84903587251,productId=MSPSAM800003,status=DeliveryImpossible
29/04 17:47:12:941 Get status: isdn=84936406409,productId=MSPSAM800002,status=DeliveredToNetwork
29/04 17:47:14:732 Get status: isdn=841286964929,productId=MSPSAM800001,status=DeliveryImpossible
29/04 17:47:16:515 Get status: isdn=841286964929,productId=MSPSAM800001,status=DeliveryImpossible
29/04 17:47:18:307 Get status: isdn=84908699640,productId=MSPSAM800002,status=DeliveredToNetwork
29/04 17:47:20:057 Get status: isdn=84907262722,productId=MSPSAM800003,status=DeliveryImpossible
29/04 17:47:21:807 Get status: isdn=84907262722,productId=MSPSAM800003,status=DeliveryImpossible
29/04 17:47:23:623 Get status: isdn=84932387212,productId=MSPSAM800002,status=DeliveryImpossible
29/04 17:47:25:433 Get status: isdn=841214850255,productId=MSPSAM800001,status=DeliveryImpossible
29/04 17:47:27:207 Get status: isdn=841214850255,productId=MSPSAM800001,status=DeliveryImpossible
29/04 17:47:28:988 Get status: isdn=841204644487,productId=MSPSAM800002,status=DeliveredToNetwork
29/04 17:47:30:820 Get status: isdn=841288016884,productId=MSPSAM800003,status=DeliveredToNetwork
29/04 17:47:32:774 Get status: isdn=841288016884,productId=MSPSAM800003,status=DeliveredToNetwork
29/04 17:47:34:532 Get status: isdn=84909002233,productId=MSPSAM800003,status=DeliveredToNetwork
29/04 17:47:36:332 Get status: isdn=84909002233,productId=MSPSAM800003,status=DeliveredToNetwork
29/04 17:47:38:106 Get status: isdn=84932172729,productId=MSPSAM800002,status=DeliveryImpossible
29/04 17:47:39:841 Get status: isdn=841214255605,productId=MSPSAM800002,status=DeliveredToNetwork
29/04 17:47:41:706 Get status: isdn=84933437378,productId=MSPSAM800003,status=DeliveredToNetwork
29/04 17:47:43:527 Get status: isdn=84933437378,productId=MSPSAM800003,status=DeliveredToNetwork
29/04 17:47:45:282 Get status: isdn=84907041841,productId=MSPSAM800003,status=DeliveredToNetwork
29/04 17:47:47:024 Get status: isdn=84907041841,productId=MSPSAM800003,status=DeliveredToNetwork
29/04 17:47:48:773 Get status: isdn=84933752078,productId=MSPSAM800003,status=DeliveryImpossible
29/04 17:47:50:490 Get status: isdn=84933752078,productId=MSPSAM800003,status=DeliveryImpossible
29/04 17:47:52:339 Get status: isdn=841223644054,productId=MSPSAM800003,status=DeliveredToNetwork
29/04 17:47:54:081 Get status: isdn=841223644054,productId=MSPSAM800003,status=DeliveredToNetwork
29/04 17:47:55:897 Get status: isdn=84905887186,productId=MSPSAM800003,status=DeliveredToNetwork
29/04 17:47:57:747 Get status: isdn=84905887186,productId=MSPSAM800003,status=DeliveredToNetwork
29/04 17:47:59:505 Get status: isdn=84936131259,productId=MSPSAM800003,status=DeliveredToNetwork
29/04 17:48:01:306 Get status: isdn=84907649975,productId=MSPSAM800002,status=DeliveredToNetwork
29/04 17:48:03:089 Get status: isdn=84907196980,productId=MSPSAM800002,status=DeliveredToNetwork
29/04 17:48:04:857 Get status: isdn=841225714171,productId=MSPSAM800003,status=DeliveryImpossible
29/04 17:48:06:639 Get status: isdn=841202048725,productId=MSPSAM800002,status=DeliveryImpossible
29/04 17:48:08:464 Get status: isdn=841204420995,productId=MSPSAM800003,status=DeliveredToNetwork
29/04 17:48:10:256 Get status: isdn=84906999088,productId=MSPSAM800002,status=DeliveredToNetwork
29/04 17:48:12:055 Get status: isdn=841263024100,productId=MSPSAM800003,status=DeliveredToNetwork
29/04 17:48:13:838 Get status: isdn=84908404000,productId=MSPSAM800002,status=DeliveredToNetwork
29/04 17:48:15:605 Get status: isdn=841263024100,productId=MSPSAM800003,status=DeliveredToNetwork
29/04 17:48:17:408 Get status: isdn=841228937656,productId=MSPSAM800002,status=DeliveredToNetwork
29/04 17:48:19:255 Get status: isdn=84905994006,productId=MSPSAM800002,status=DeliveredToNetwork
29/04 17:48:21:507 Get status: isdn=841202582119,productId=MSPSAM800002,status=DeliveredToNetwork
29/04 17:48:28:064 Get status: isdn=84936697663,productId=MSPSAM800002,status=DeliveredToNetwork
29/04 17:48:34:138 Get status: isdn=84903062369,productId=MSPSAM800002,status=DeliveredToNetwork
29/04 17:48:36:848 Get status: isdn=84909522290,productId=MSPSAM800003,status=DeliveredToNetwork
29/04 17:48:38:812 Get status: isdn=841265161970,productId=MSPSAM800003,status=DeliveryImpossible
29/04 17:48:40:638 Get status: isdn=84907817406,productId=MSPSAM800002,status=DeliveredToNetwork
29/04 17:48:42:720 Get status: isdn=84908582581,productId=MSPSAM800003,status=DeliveredToNetwork
29/04 17:48:44:479 Get status: isdn=84908582581,productId=MSPSAM800003,status=DeliveredToNetwork
29/04 17:48:46:229 Get status: isdn=84902361419,productId=MSPSAM800053,status=DeliveryImpossible
29/04 17:48:48:179 Get status: isdn=84933802932,productId=MSPSAM800002,status=DeliveryImpossible
29/04 17:48:50:095 Get status: isdn=841267111327,productId=MSPSAM800003,status=DeliveredToNetwork
29/04 17:48:51:903 Get status: isdn=841267111327,productId=MSPSAM800003,status=DeliveredToNetwork
29/04 17:48:53:821 Get status: isdn=841215333483,productId=MSPSAM800001,status=DeliveryImpossible
29/04 17:48:55:745 Get status: isdn=841215333483,productId=MSPSAM800001,status=DeliveryImpossible
29/04 17:48:57:546 Get status: isdn=84909350102,productId=MSPSAM800003,status=DeliveredToNetwork
29/04 17:48:59:437 Get status: isdn=84909350102,productId=MSPSAM800003,status=DeliveredToNetwork
29/04 17:49:01:463 Get status: isdn=84903589367,productId=MSPSAM800003,status=DeliveredToNetwork
29/04 17:49:03:237 Get status: isdn=84903589367,productId=MSPSAM800003,status=DeliveredToNetwork
29/04 17:49:05:111 Get status: isdn=84933445061,productId=MSPSAM800002,status=DeliveredToNetwork
29/04 17:49:07:027 Get status: isdn=84906978811,productId=MSPSAM800003,status=DeliveryImpossible
29/04 17:49:08:836 Get status: isdn=84938039040,productId=MSPSAM800002,status=DeliveryImpossible
29/04 17:49:10:680 Get status: isdn=841223514739,productId=MSPSAM800003,status=DeliveredToNetwork
29/04 17:49:12:471 Get status: isdn=841223514739,productId=MSPSAM800003,status=DeliveredToNetwork
29/04 17:49:14:278 Get status: isdn=84903653586,productId=MSPSAM800003,status=DeliveredToNetwork
29/04 17:49:16:189 Get status: isdn=84908424234,productId=MSPSAM800003,status=DeliveredToNetwork
29/04 17:49:18:128 Get status: isdn=84908424234,productId=MSPSAM800003,status=DeliveredToNetwork
29/04 17:49:19:962 Get status: isdn=84905169413,productId=MSPSAM800003,status=DeliveryImpossible
29/04 17:49:21:794 Get status: isdn=84902016126,productId=MSPSAM800003,status=DeliveredToNetwork
29/04 17:49:23:602 Get status: isdn=84908016148,productId=MSPSAM800002,status=DeliveredToNetwork
29/04 17:49:25:452 Get status: isdn=84932637865,productId=MSPSAM800003,status=DeliveredToNetwork
29/04 17:49:27:261 Get status: isdn=84932637865,productId=MSPSAM800003,status=DeliveredToNetwork
29/04 17:49:29:070 Get status: isdn=84902923246,productId=MSPSAM800003,status=DeliveredToNetwork
29/04 17:49:30:886 Get status: isdn=841205431806,productId=MSPSAM800002,status=DeliveryImpossible
29/04 17:49:32:628 Get status: isdn=84906440297,productId=MSPSAM800002,status=DeliveredToNetwork
29/04 17:49:34:444 Get status: isdn=84909155426,productId=MSPSAM800002,status=DeliveredToNetwork
29/04 17:49:36:252 Get status: isdn=84934714143,productId=MSPSAM800003,status=DeliveredToNetwork
29/04 17:49:38:024 Get status: isdn=84934714143,productId=MSPSAM800003,status=DeliveredToNetwork
29/04 17:49:39:770 Get status: isdn=84909307679,productId=MSPSAM800003,status=DeliveredToNetwork
29/04 17:49:41:552 Get status: isdn=84909307679,productId=MSPSAM800003,status=DeliveredToNetwork
29/04 17:49:43:282 Get status: isdn=841267334455,productId=MSPSAM800003,status=DeliveredToNetwork
29/04 17:49:45:086 Get status: isdn=841267334455,productId=MSPSAM800003,status=DeliveredToNetwork
29/04 17:49:46:861 Get status: isdn=84936381699,productId=MSPSAM800002,status=DeliveredToNetwork
29/04 17:49:48:806 Get status: isdn=84902564897,productId=MSPSAM800002,status=DeliveredToNetwork
29/04 17:49:50:700 Get status: isdn=84909524490,productId=MSPSAM800003,status=DeliveryImpossible
29/04 17:49:52:451 Get status: isdn=84909524490,productId=MSPSAM800003,status=DeliveryImpossible
29/04 17:49:54:251 Get status: isdn=84904202860,productId=MSPSAM800002,status=DeliveryImpossible
29/04 17:49:56:510 Get status: isdn=84939734959,productId=MSPSAM800002,status=DeliveredToNetwork
29/04 17:49:58:860 Get status: isdn=84936717616,productId=MSPSAM800003,status=DeliveredToNetwork
29/04 17:50:00:668 Get status: isdn=84904013674,productId=MSPSAM800003,status=DeliveredToNetwork
29/04 17:50:02:493 Get status: isdn=84904013674,productId=MSPSAM800003,status=DeliveredToNetwork
29/04 17:50:04:302 Get status: isdn=841214131666,productId=MSPSAM800003,status=DeliveredToNetwork
29/04 17:50:06:068 Get status: isdn=841287058417,productId=MSPSAM800003,status=DeliveryImpossible
29/04 17:50:07:818 Get status: isdn=84933077778,productId=MSPSAM800003,status=DeliveredToNetwork
29/04 17:50:09:643 Get status: isdn=84933077778,productId=MSPSAM800003,status=DeliveredToNetwork
29/04 17:50:11:369 Get status: isdn=84938446371,productId=MSPSAM800003,status=DeliveryImpossible
29/04 17:50:13:226 Get status: isdn=84938446371,productId=MSPSAM800003,status=DeliveryImpossible
29/04 17:50:15:018 Get status: isdn=84902841727,productId=MSPSAM800003,status=DeliveredToNetwork
29/04 17:50:16:859 Get status: isdn=84903222024,productId=MSPSAM800002,status=DeliveredToNetwork
29/04 17:50:18:600 Get status: isdn=84904691899,productId=MSPSAM800002,status=DeliveredToNetwork
29/04 17:50:20:376 Get status: isdn=841263915953,productId=MSPSAM800002,status=DeliveryImpossible
29/04 17:50:22:151 Get status: isdn=84909672777,productId=MSPSAM800002,status=DeliveredToNetwork
29/04 17:50:23:918 Get status: isdn=84934355550,productId=MSPSAM800002,status=DeliveredToNetwork
29/04 17:50:25:692 Get status: isdn=84905293171,productId=MSPSAM800003,status=DeliveryImpossible
29/04 17:50:27:434 Get status: isdn=84909407282,productId=MSPSAM800003,status=DeliveredToNetwork
29/04 17:50:29:167 Get status: isdn=84909407282,productId=MSPSAM800003,status=DeliveredToNetwork
29/04 17:50:30:969 Get status: isdn=84903130477,productId=MSPSAM800002,status=DeliveredToNetwork
29/04 17:50:32:750 Get status: isdn=84903190573,productId=MSPSAM800002,status=DeliveredToNetwork
29/04 17:50:34:517 Get status: isdn=84903830789,productId=MSPSAM800002,status=DeliveredToNetwork
29/04 17:50:36:267 Get status: isdn=84909292115,productId=MSPSAM800003,status=DeliveredToNetwork
29/04 17:50:38:017 Get status: isdn=84909292115,productId=MSPSAM800003,status=DeliveredToNetwork
29/04 17:50:39:850 Get status: isdn=84937325626,productId=MSPSAM800003,status=DeliveredToNetwork
29/04 17:50:41:634 Get status: isdn=84937325626,productId=MSPSAM800003,status=DeliveredToNetwork
29/04 17:50:43:433 Get status: isdn=84933140126,productId=MSPSAM800003,status=DeliveryImpossible
29/04 17:50:45:192 Get status: isdn=84933140126,productId=MSPSAM800003,status=DeliveryImpossible
29/04 17:50:46:925 Get status: isdn=84904090760,productId=MSPSAM800002,status=DeliveredToNetwork
29/04 17:50:48:649 Get status: isdn=84909000088,productId=MSPSAM800002,status=DeliveredToNetwork
29/04 17:50:50:433 Get status: isdn=84905580566,productId=MSPSAM800002,status=DeliveredToNetwork
29/04 17:50:52:224 Get status: isdn=84935457254,productId=MSPSAM800003,status=DeliveredToNetwork
29/04 17:50:53:982 Get status: isdn=84935457254,productId=MSPSAM800003,status=DeliveredToNetwork
29/04 17:50:55:733 Get status: isdn=841228017801,productId=MSPSAM800002,status=DeliveredToNetwork
29/04 17:50:57:673 Get status: isdn=84935399929,productId=MSPSAM800002,status=DeliveredToNetwork
29/04 17:50:59:461 Get status: isdn=841225050626,productId=MSPSAM800002,status=DeliveryImpossible
29/04 17:51:01:233 Get status: isdn=84934044651,productId=MSPSAM800002,status=DeliveredToNetwork
29/04 17:51:03:008 Get status: isdn=84908232013,productId=MSPSAM800003,status=DeliveredToNetwork
29/04 17:51:04:741 Get status: isdn=84908232013,productId=MSPSAM800003,status=DeliveredToNetwork
29/04 17:51:06:507 Get status: isdn=84907790971,productId=MSPSAM800053,status=DeliveredToNetwork
29/04 17:51:08:349 Get status: isdn=84934367806,productId=MSPSAM800002,status=DeliveredToNetwork
29/04 17:51:10:157 Get status: isdn=84904910166,productId=MSPSAM800053,status=DeliveredToNetwork
29/04 17:51:11:898 Get status: isdn=84904568598,productId=MSPSAM800003,status=DeliveredToNetwork
29/04 17:51:13:632 Get status: isdn=84909864565,productId=MSPSAM800003,status=DeliveredToNetwork
29/04 17:51:15:432 Get status: isdn=84909864565,productId=MSPSAM800003,status=DeliveredToNetwork
29/04 17:51:17:266 Get status: isdn=84908294964,productId=MSPSAM800003,status=DeliveredToNetwork
29/04 17:51:19:074 Get status: isdn=84908294964,productId=MSPSAM800003,status=DeliveredToNetwork
29/04 17:51:20:973 Get status: isdn=84903687209,productId=MSPSAM800002,status=DeliveredToNetwork
29/04 17:51:22:748 Get status: isdn=841266989211,productId=MSPSAM800002,status=DeliveryImpossible
29/04 17:51:25:023 Get status: isdn=84903969438,productId=MSPSAM800002,status=DeliveredToNetwork
29/04 17:51:27:139 Get status: isdn=84903023867,productId=MSPSAM800002,status=DeliveredToNetwork
29/04 17:51:29:256 Get status: isdn=84905333361,productId=MSPSAM800002,status=DeliveryImpossible
29/04 17:51:31:049 Get status: isdn=841267782751,productId=MSPSAM800002,status=DeliveryImpossible
29/04 17:51:32:815 Get status: isdn=84933709596,productId=MSPSAM800002,status=DeliveryImpossible
29/04 17:51:34:559 Get status: isdn=84934226626,productId=MSPSAM800003,status=DeliveredToNetwork
29/04 17:51:36:398 Get status: isdn=84934226626,productId=MSPSAM800003,status=DeliveredToNetwork
29/04 17:51:38:198 Get status: isdn=84905391344,productId=MSPSAM800003,status=DeliveredToNetwork
29/04 17:51:39:973 Get status: isdn=841222697990,productId=MSPSAM800002,status=DeliveredToNetwork
29/04 17:51:41:689 Get status: isdn=841224044539,productId=MSPSAM800003,status=DeliveredToNetwork
29/04 17:51:43:423 Get status: isdn=841224044539,productId=MSPSAM800003,status=DeliveredToNetwork
29/04 17:51:45:272 Get status: isdn=84903238865,productId=MSPSAM800002,status=DeliveredToNetwork
29/04 17:51:47:098 Get status: isdn=84903520292,productId=MSPSAM800003,status=DeliveredToNetwork
29/04 17:51:48:914 Get status: isdn=841222629497,productId=MSPSAM800002,status=DeliveredToNetwork
29/04 17:51:50:681 Get status: isdn=84938262189,productId=MSPSAM800002,status=DeliveryImpossible
29/04 17:51:52:439 Get status: isdn=841212836952,productId=MSPSAM800003,status=DeliveredToNetwork
29/04 17:51:54:272 Get status: isdn=841212836952,productId=MSPSAM800003,status=DeliveredToNetwork
29/04 17:51:56:035 Get status: isdn=84934662939,productId=MSPSAM800003,status=DeliveryImpossible
29/04 17:51:57:814 Get status: isdn=84934776886,productId=MSPSAM800002,status=DeliveredToNetwork
29/04 17:51:59:547 Get status: isdn=84908154274,productId=MSPSAM800002,status=DeliveredToNetwork
29/04 17:52:01:305 Get status: isdn=841203314381,productId=MSPSAM800002,status=DeliveredToNetwork
29/04 17:52:03:013 Get status: isdn=841224046933,productId=MSPSAM800002,status=DeliveredToNetwork
29/04 17:52:04:838 Get status: isdn=84939387772,productId=MSPSAM800002,status=DeliveredToNetwork
29/04 17:52:06:772 Get status: isdn=841285982011,productId=MSPSAM800002,status=DeliveredToNetwork
29/04 17:52:08:893 Get status: isdn=841222622468,productId=MSPSAM800002,status=DeliveredToNetwork
29/04 17:52:10:680 Get status: isdn=84905721829,productId=MSPSAM800003,status=DeliveryImpossible
29/04 17:52:12:530 Get status: isdn=841225029486,productId=MSPSAM800002,status=DeliveredToNetwork
29/04 17:52:14:305 Get status: isdn=84905190662,productId=MSPSAM800002,status=DeliveryImpossible
29/04 17:52:16:080 Get status: isdn=84903935899,productId=MSPSAM800003,status=DeliveredToNetwork
29/04 17:52:17:874 Get status: isdn=84903295612,productId=MSPSAM800002,status=DeliveryImpossible
29/04 17:52:19:646 Get status: isdn=84909915368,productId=MSPSAM800003,status=DeliveredToNetwork
29/04 17:52:21:430 Get status: isdn=84909915368,productId=MSPSAM800003,status=DeliveredToNetwork
29/04 17:52:23:822 Get status: isdn=84934410728,productId=MSPSAM800002,status=DeliveredToNetwork
29/04 17:52:25:613 Get status: isdn=84907520565,productId=MSPSAM800003,status=DeliveredToNetwork
29/04 17:52:27:380 Get status: isdn=84907520565,productId=MSPSAM800003,status=DeliveredToNetwork
29/04 17:52:29:130 Get status: isdn=84904682341,productId=MSPSAM800003,status=DeliveredToNetwork
29/04 17:52:30:863 Get status: isdn=841218990678,productId=MSPSAM800003,status=DeliveredToNetwork
29/04 17:52:32:671 Get status: isdn=841218990678,productId=MSPSAM800003,status=DeliveredToNetwork
29/04 17:52:34:471 Get status: isdn=84938105566,productId=MSPSAM800003,status=DeliveredToNetwork
29/04 17:52:36:312 Get status: isdn=84938105566,productId=MSPSAM800003,status=DeliveredToNetwork
29/04 17:52:38:112 Get status: isdn=84906248376,productId=MSPSAM800003,status=DeliveredToNetwork
29/04 17:52:39:845 Get status: isdn=84906248376,productId=MSPSAM800003,status=DeliveredToNetwork
29/04 17:52:41:746 Get status: isdn=84939903932,productId=MSPSAM800003,status=DeliveryImpossible
29/04 17:52:43:513 Get status: isdn=84939903932,productId=MSPSAM800003,status=DeliveryImpossible
29/04 17:52:45:262 Get status: isdn=841267223344,productId=MSPSAM800001,status=DeliveredToNetwork
29/04 17:52:47:037 Get status: isdn=841267223344,productId=MSPSAM800001,status=DeliveredToNetwork
29/04 17:52:48:802 Get status: isdn=84904250638,productId=MSPSAM800003,status=DeliveredToNetwork
29/04 17:52:50:607 Get status: isdn=84904250638,productId=MSPSAM800003,status=DeliveredToNetwork
29/04 17:52:52:437 Get status: isdn=84902492209,productId=MSPSAM800003,status=DeliveredToNetwork
29/04 17:52:52:471 Creating CDR file ACOM_20140428 completely. Located: D://cdr_sub
29/04 17:52:54:070 End of process session
29/04 17:52:55:082 Starting process session
29/04 17:53:04:595 Get status: isdn=84934637152,productId=MSPSAM800002,status=DeliveredToNetwork
29/04 17:53:06:336 Get status: isdn=84909831345,productId=MSPSAM800002,status=DeliveredToNetwork
29/04 17:53:08:207 Get status: isdn=84936245808,productId=MSPSAM800003,status=DeliveredToNetwork
29/04 17:53:09:996 Get status: isdn=84936245808,productId=MSPSAM800003,status=DeliveredToNetwork
29/04 17:53:11:772 Get status: isdn=841266407355,productId=MSPSAM800003,status=DeliveredToNetwork
29/04 17:53:13:564 Get status: isdn=841266407355,productId=MSPSAM800003,status=DeliveredToNetwork
29/04 17:53:15:282 Get status: isdn=84905086609,productId=MSPSAM800002,status=DeliveredToNetwork
29/04 17:53:17:114 Get status: isdn=841212357397,productId=MSPSAM800003,status=DeliveryImpossible
29/04 17:53:18:919 Get status: isdn=841212357397,productId=MSPSAM800003,status=DeliveryImpossible
29/04 17:53:20:695 Get status: isdn=84939838964,productId=MSPSAM800002,status=DeliveredToNetwork
29/04 17:53:22:486 Get status: isdn=84933965695,productId=MSPSAM800002,status=DeliveryImpossible
29/04 17:53:24:344 Get status: isdn=841203704746,productId=MSPSAM800002,status=DeliveryImpossible
29/04 17:53:26:127 Get status: isdn=84904742181,productId=MSPSAM800002,status=DeliveredToNetwork
29/04 17:53:27:918 Get status: isdn=84902681959,productId=MSPSAM800002,status=DeliveredToNetwork
29/04 17:53:29:710 Get status: isdn=84908877346,productId=MSPSAM800002,status=DeliveredToNetwork
29/04 17:53:31:493 Get status: isdn=84903587251,productId=MSPSAM800003,status=DeliveryImpossible
29/04 17:53:33:311 Get status: isdn=84903587251,productId=MSPSAM800003,status=DeliveryImpossible
29/04 17:53:35:044 Get status: isdn=84936406409,productId=MSPSAM800002,status=DeliveredToNetwork
29/04 17:53:36:852 Get status: isdn=841286964929,productId=MSPSAM800001,status=DeliveryImpossible
29/04 17:53:38:635 Get status: isdn=841286964929,productId=MSPSAM800001,status=DeliveryImpossible
29/04 17:53:40:410 Get status: isdn=84908699640,productId=MSPSAM800002,status=DeliveredToNetwork
29/04 17:53:42:151 Get status: isdn=84907262722,productId=MSPSAM800003,status=DeliveryImpossible
29/04 17:53:43:926 Get status: isdn=84907262722,productId=MSPSAM800003,status=DeliveryImpossible
29/04 17:53:45:659 Get status: isdn=84932387212,productId=MSPSAM800002,status=DeliveryImpossible
29/04 17:53:47:484 Get status: isdn=841214850255,productId=MSPSAM800001,status=DeliveryImpossible
29/04 17:53:49:284 Get status: isdn=841214850255,productId=MSPSAM800001,status=DeliveryImpossible
29/04 17:53:51:094 Get status: isdn=841204644487,productId=MSPSAM800002,status=DeliveredToNetwork
29/04 17:53:52:877 Get status: isdn=841288016884,productId=MSPSAM800003,status=DeliveredToNetwork
29/04 17:53:54:601 Get status: isdn=841288016884,productId=MSPSAM800003,status=DeliveredToNetwork
29/04 17:53:56:401 Get status: isdn=84909002233,productId=MSPSAM800003,status=DeliveredToNetwork
29/04 17:53:58:176 Get status: isdn=84909002233,productId=MSPSAM800003,status=DeliveredToNetwork
29/04 17:53:59:934 Get status: isdn=84932172729,productId=MSPSAM800002,status=DeliveryImpossible
29/04 17:54:01:668 Get status: isdn=841214255605,productId=MSPSAM800002,status=DeliveredToNetwork
29/04 17:54:03:451 Get status: isdn=84933437378,productId=MSPSAM800003,status=DeliveredToNetwork
29/04 17:54:05:234 Get status: isdn=84933437378,productId=MSPSAM800003,status=DeliveredToNetwork
29/04 17:54:07:026 Get status: isdn=84907041841,productId=MSPSAM800003,status=DeliveredToNetwork
29/04 17:54:08:801 Get status: isdn=84907041841,productId=MSPSAM800003,status=DeliveredToNetwork
29/04 17:54:10:601 Get status: isdn=84933752078,productId=MSPSAM800003,status=DeliveryImpossible
29/04 17:54:12:359 Get status: isdn=84933752078,productId=MSPSAM800003,status=DeliveryImpossible
29/04 17:54:14:159 Get status: isdn=841223644054,productId=MSPSAM800003,status=DeliveredToNetwork
29/04 17:54:15:943 Get status: isdn=841223644054,productId=MSPSAM800003,status=DeliveredToNetwork
29/04 17:54:17:717 Get status: isdn=84905887186,productId=MSPSAM800003,status=DeliveredToNetwork
29/04 17:54:19:440 Get status: isdn=84905887186,productId=MSPSAM800003,status=DeliveredToNetwork
29/04 17:54:21:242 Get status: isdn=84936131259,productId=MSPSAM800003,status=DeliveredToNetwork
29/04 17:54:23:016 Get status: isdn=84907649975,productId=MSPSAM800002,status=DeliveredToNetwork
29/04 17:54:24:986 Get status: isdn=84907196980,productId=MSPSAM800002,status=DeliveredToNetwork
29/04 17:54:26:876 Get status: isdn=841225714171,productId=MSPSAM800003,status=DeliveryImpossible
29/04 17:54:28:608 Get status: isdn=841202048725,productId=MSPSAM800002,status=DeliveryImpossible
29/04 17:54:30:342 Get status: isdn=841204420995,productId=MSPSAM800003,status=DeliveredToNetwork
29/04 17:54:32:083 Get status: isdn=84906999088,productId=MSPSAM800002,status=DeliveredToNetwork
29/04 17:54:33:859 Get status: isdn=841263024100,productId=MSPSAM800003,status=DeliveredToNetwork
29/04 17:54:35:625 Get status: isdn=84908404000,productId=MSPSAM800002,status=DeliveredToNetwork
29/04 17:54:37:400 Get status: isdn=841263024100,productId=MSPSAM800003,status=DeliveredToNetwork
29/04 17:54:39:142 Get status: isdn=841228937656,productId=MSPSAM800002,status=DeliveredToNetwork
29/04 17:54:40:858 Get status: isdn=84905994006,productId=MSPSAM800002,status=DeliveredToNetwork
29/04 17:54:42:633 Get status: isdn=841202582119,productId=MSPSAM800002,status=DeliveredToNetwork
29/04 17:54:44:459 Get status: isdn=84936697663,productId=MSPSAM800002,status=DeliveredToNetwork
29/04 17:54:46:233 Get status: isdn=84903062369,productId=MSPSAM800002,status=DeliveredToNetwork
29/04 17:54:47:991 Get status: isdn=84909522290,productId=MSPSAM800003,status=DeliveredToNetwork
29/04 17:54:49:724 Get status: isdn=841265161970,productId=MSPSAM800003,status=DeliveryImpossible
29/04 17:54:51:566 Get status: isdn=84907817406,productId=MSPSAM800002,status=DeliveredToNetwork
29/04 17:54:53:366 Get status: isdn=84908582581,productId=MSPSAM800003,status=DeliveredToNetwork
29/04 17:54:55:182 Get status: isdn=84908582581,productId=MSPSAM800003,status=DeliveredToNetwork
29/04 17:54:56:982 Get status: isdn=84902361419,productId=MSPSAM800053,status=DeliveryImpossible
29/04 17:54:58:757 Get status: isdn=84933802932,productId=MSPSAM800002,status=DeliveryImpossible
29/04 17:55:00:491 Get status: isdn=841267111327,productId=MSPSAM800003,status=DeliveredToNetwork
29/04 17:55:02:278 Get status: isdn=841267111327,productId=MSPSAM800003,status=DeliveredToNetwork
29/04 17:55:04:075 Get status: isdn=841215333483,productId=MSPSAM800001,status=DeliveryImpossible
29/04 17:55:05:802 Get status: isdn=841215333483,productId=MSPSAM800001,status=DeliveryImpossible
29/04 17:55:07:592 Get status: isdn=84909350102,productId=MSPSAM800003,status=DeliveredToNetwork
29/04 17:55:09:334 Get status: isdn=84909350102,productId=MSPSAM800003,status=DeliveredToNetwork
29/04 17:55:11:132 Get status: isdn=84903589367,productId=MSPSAM800003,status=DeliveredToNetwork
29/04 17:55:12:998 Get status: isdn=84903589367,productId=MSPSAM800003,status=DeliveredToNetwork
29/04 17:55:14:973 Get status: isdn=84933445061,productId=MSPSAM800002,status=DeliveredToNetwork
29/04 17:55:16:716 Get status: isdn=84906978811,productId=MSPSAM800003,status=DeliveryImpossible
29/04 17:55:18:481 Get status: isdn=84938039040,productId=MSPSAM800002,status=DeliveryImpossible
29/04 17:55:20:290 Get status: isdn=841223514739,productId=MSPSAM800003,status=DeliveredToNetwork
29/04 17:55:22:065 Get status: isdn=841223514739,productId=MSPSAM800003,status=DeliveredToNetwork
29/04 17:55:23:882 Get status: isdn=84903653586,productId=MSPSAM800003,status=DeliveredToNetwork
29/04 17:55:25:657 Get status: isdn=84908424234,productId=MSPSAM800003,status=DeliveredToNetwork
29/04 17:55:27:423 Get status: isdn=84908424234,productId=MSPSAM800003,status=DeliveredToNetwork
29/04 17:55:29:240 Get status: isdn=84905169413,productId=MSPSAM800003,status=DeliveryImpossible
29/04 17:55:31:023 Get status: isdn=84902016126,productId=MSPSAM800003,status=DeliveredToNetwork
29/04 17:55:32:863 Get status: isdn=84908016148,productId=MSPSAM800002,status=DeliveredToNetwork
29/04 17:55:34:743 Get status: isdn=84932637865,productId=MSPSAM800003,status=DeliveredToNetwork
29/04 17:55:36:523 Get status: isdn=84932637865,productId=MSPSAM800003,status=DeliveredToNetwork
29/04 17:55:38:306 Get status: isdn=84902923246,productId=MSPSAM800003,status=DeliveredToNetwork
29/04 17:55:40:097 Get status: isdn=841205431806,productId=MSPSAM800002,status=DeliveryImpossible
29/04 17:55:41:848 Get status: isdn=84906440297,productId=MSPSAM800002,status=DeliveredToNetwork
29/04 17:55:43:606 Get status: isdn=84909155426,productId=MSPSAM800002,status=DeliveredToNetwork
29/04 17:55:45:339 Get status: isdn=84934714143,productId=MSPSAM800003,status=DeliveredToNetwork
29/04 17:55:47:139 Get status: isdn=84934714143,productId=MSPSAM800003,status=DeliveredToNetwork
29/04 17:55:48:917 Get status: isdn=84909307679,productId=MSPSAM800003,status=DeliveredToNetwork
29/04 17:55:50:689 Get status: isdn=84909307679,productId=MSPSAM800003,status=DeliveredToNetwork
29/04 17:55:52:465 Get status: isdn=841267334455,productId=MSPSAM800003,status=DeliveredToNetwork
29/04 17:55:54:264 Get status: isdn=841267334455,productId=MSPSAM800003,status=DeliveredToNetwork
29/04 17:55:56:039 Get status: isdn=84936381699,productId=MSPSAM800002,status=DeliveredToNetwork
29/04 17:55:57:834 Get status: isdn=84902564897,productId=MSPSAM800002,status=DeliveredToNetwork
29/04 17:55:59:555 Get status: isdn=84909524490,productId=MSPSAM800003,status=DeliveryImpossible
29/04 17:56:01:307 Get status: isdn=84909524490,productId=MSPSAM800003,status=DeliveryImpossible
29/04 17:56:03:016 Get status: isdn=84904202860,productId=MSPSAM800002,status=DeliveryImpossible
29/04 17:56:04:748 Get status: isdn=84939734959,productId=MSPSAM800002,status=DeliveredToNetwork
29/04 17:56:06:521 Get status: isdn=84936717616,productId=MSPSAM800003,status=DeliveredToNetwork
29/04 17:56:08:321 Get status: isdn=84904013674,productId=MSPSAM800003,status=DeliveredToNetwork
29/04 17:56:10:080 Get status: isdn=84904013674,productId=MSPSAM800003,status=DeliveredToNetwork
29/04 17:56:11:797 Get status: isdn=841214131666,productId=MSPSAM800003,status=DeliveredToNetwork
29/04 17:56:13:563 Get status: isdn=841287058417,productId=MSPSAM800003,status=DeliveryImpossible
29/04 17:56:15:356 Get status: isdn=84933077778,productId=MSPSAM800003,status=DeliveredToNetwork
29/04 17:56:17:130 Get status: isdn=84933077778,productId=MSPSAM800003,status=DeliveredToNetwork
29/04 17:56:18:887 Get status: isdn=84938446371,productId=MSPSAM800003,status=DeliveryImpossible
29/04 17:56:20:736 Get status: isdn=84938446371,productId=MSPSAM800003,status=DeliveryImpossible
29/04 17:56:22:456 Get status: isdn=84902841727,productId=MSPSAM800003,status=DeliveredToNetwork
29/04 17:56:24:237 Get status: isdn=84903222024,productId=MSPSAM800002,status=DeliveredToNetwork
29/04 17:56:26:102 Get status: isdn=84904691899,productId=MSPSAM800002,status=DeliveredToNetwork
29/04 17:56:28:038 Get status: isdn=841263915953,productId=MSPSAM800002,status=DeliveryImpossible
29/04 17:56:29:996 Get status: isdn=84909672777,productId=MSPSAM800002,status=DeliveredToNetwork
29/04 17:56:31:887 Get status: isdn=84934355550,productId=MSPSAM800002,status=DeliveredToNetwork
29/04 17:56:33:704 Get status: isdn=84905293171,productId=MSPSAM800003,status=DeliveryImpossible
29/04 17:56:35:616 Get status: isdn=84909407282,productId=MSPSAM800003,status=DeliveredToNetwork
29/04 17:56:37:420 Get status: isdn=84909407282,productId=MSPSAM800003,status=DeliveredToNetwork
