03/01 13:09:13:732 Value of 'DelayTime' ('') must be a number
Context: ManageableThread.loadInteger
Additional info: DelayTime : ManageableThread.loadInteger
03/01 13:09:13:736 Value of 'DelayTime' ('') must be a number
Context: ManageableThread.loadInteger
Additional info: DelayTime : ManageableThread.loadInteger
03/01 13:09:19:898 Value of 'logClass' can not be null
Context: ManageableThread.loadMandatory
Additional info: logClass : ManageableThread.loadMandatory
03/01 13:09:19:902 Value of 'logClass' can not be null
Context: ManageableThread.loadMandatory
Additional info: logClass : ManageableThread.loadMandatory
03/01 13:09:19:907 Value of 'logClass' can not be null
Context: ManageableThread.loadMandatory
Additional info: logClass : ManageableThread.loadMandatory
03/01 13:11:17:110 Viettel 8x26 started
03/01 13:11:17:527 Testing connection ...
03/01 13:11:17:533 Created provisioning instance for VT8X26
03/01 13:11:17:539 Testing connection are success
03/01 13:11:17:544 Starting process session
03/01 13:11:17:672 Total 0 instances are started
03/01 13:11:17:676 Total 1 instances are added
03/01 13:14:30:357 Close pool
03/01 13:14:30:465 End of process session
03/01 13:14:30:472 Viettel 8x26 stopped
03/01 13:14:32:328 Viettel 8x26 started
03/01 13:14:32:379 Close pool
03/01 13:14:32:383 Close pool
03/01 13:14:32:388 Testing connection ...
03/01 13:14:32:393 Created provisioning instance for VT8X26
03/01 13:14:32:397 Testing connection are success
03/01 13:14:32:400 Starting process session
03/01 13:14:32:505 Total 0 instances are started
03/01 13:14:32:510 Total 1 instances are added
03/01 13:15:53:683 Value of 'queueMode' can not be null
Context: ManageableThread.loadMandatory
Additional info: queueMode : ManageableThread.loadMandatory
03/01 13:15:53:691 Value of 'queueMode' can not be null
Context: ManageableThread.loadMandatory
Additional info: queueMode : ManageableThread.loadMandatory
03/01 13:15:53:699 Value of 'queueMode' can not be null
Context: ManageableThread.loadMandatory
Additional info: queueMode : ManageableThread.loadMandatory
03/01 13:16:17:510 Close pool
03/01 13:16:17:617 End of process session
03/01 13:16:17:626 Viettel 8x26 stopped
03/01 13:16:19:437 Viettel 8x26 started
03/01 13:16:19:465 Close pool
03/01 13:16:19:470 Close pool
03/01 13:16:19:476 Testing connection ...
03/01 13:16:19:481 Created provisioning instance for VT8X26
03/01 13:16:19:485 Testing connection are success
03/01 13:16:19:489 Starting process session
03/01 13:16:19:593 Total 0 instances are started
03/01 13:16:19:597 Total 1 instances are added
03/01 13:38:19:734 Viettel 8x26 started
03/01 13:38:20:664 Testing connection ...
03/01 13:38:20:669 Created provisioning instance for VT8X26
03/01 13:38:20:674 Testing connection are success
03/01 13:38:20:678 Starting process session
03/01 13:38:20:784 Total 0 instances are started
03/01 13:38:20:791 Total 1 instances are added
03/01 13:38:20:798 queue-not-found
Context: test/VT8X26 : test/VT8X26
03/01 13:38:20:998 Total 0 instances are started
03/01 13:38:21:010 queue-not-found
Context: test/VT8X26 : test/VT8X26
03/01 13:38:21:013 Total 1 instances are added
03/01 13:38:21:236 Total 0 instances are started
03/01 13:38:21:318 Total 1 instances are added
03/01 13:38:21:319 queue-not-found
Context: test/VT8X26 : test/VT8X26
03/01 13:38:21:524 Total 0 instances are started
03/01 13:38:21:537 queue-not-found
Context: test/VT8X26 : test/VT8X26
03/01 13:38:21:541 Total 1 instances are added
03/01 13:38:21:753 Total 0 instances are started
03/01 13:38:21:766 queue-not-found
Context: test/VT8X26 : test/VT8X26
03/01 13:38:21:767 Total 1 instances are added
03/01 13:38:21:982 Total 0 instances are started
03/01 13:38:21:988 queue-not-found
Context: test/VT8X26 : test/VT8X26
03/01 13:38:21:988 Total 1 instances are added
03/01 13:38:22:199 Total 0 instances are started
03/01 13:38:22:210 queue-not-found
Context: test/VT8X26 : test/VT8X26
03/01 13:38:22:210 Total 1 instances are added
03/01 13:38:22:421 Total 0 instances are started
03/01 13:38:22:426 Total 1 instances are added
03/01 13:38:22:427 queue-not-found
Context: test/VT8X26 : test/VT8X26
03/01 13:38:22:632 Total 0 instances are started
03/01 13:38:22:642 queue-not-found
Context: test/VT8X26 : test/VT8X26
03/01 13:38:22:643 Total 1 instances are added
03/01 13:38:22:856 Total 0 instances are started
03/01 13:38:22:864 Total 1 instances are added
03/01 13:38:22:865 queue-not-found
Context: test/VT8X26 : test/VT8X26
03/01 13:38:23:072 Total 0 instances are started
03/01 13:38:23:080 Total 1 instances are added
03/01 13:38:23:081 queue-not-found
Context: test/VT8X26 : test/VT8X26
03/01 13:38:23:289 Total 0 instances are started
03/01 13:38:23:298 Total 1 instances are added
03/01 13:38:23:299 queue-not-found
Context: test/VT8X26 : test/VT8X26
03/01 13:38:23:506 Total 0 instances are started
03/01 13:38:23:516 Total 1 instances are added
03/01 13:38:23:517 queue-not-found
Context: test/VT8X26 : test/VT8X26
03/01 13:38:23:725 Total 0 instances are started
03/01 13:38:23:732 Total 1 instances are added
03/01 13:38:23:734 queue-not-found
Context: test/VT8X26 : test/VT8X26
03/01 13:38:23:938 Total 0 instances are started
03/01 13:38:23:945 queue-not-found
Context: test/VT8X26 : test/VT8X26
03/01 13:38:23:946 Total 1 instances are added
03/01 13:38:24:155 Total 0 instances are started
03/01 13:38:24:165 Total 1 instances are added
03/01 13:38:24:166 queue-not-found
Context: test/VT8X26 : test/VT8X26
03/01 13:38:24:375 Total 0 instances are started
03/01 13:38:24:385 queue-not-found
Context: test/VT8X26 : test/VT8X26
03/01 13:38:24:385 Total 1 instances are added
03/01 13:38:24:599 Total 0 instances are started
03/01 13:38:24:609 queue-not-found
Context: test/VT8X26 : test/VT8X26
03/01 13:38:24:610 Total 1 instances are added
03/01 13:38:24:827 Total 0 instances are started
03/01 13:38:24:834 queue-not-found
Context: test/VT8X26 : test/VT8X26
03/01 13:38:24:834 Total 1 instances are added
03/01 13:38:25:044 Total 0 instances are started
03/01 13:38:25:050 Total 1 instances are added
03/01 13:38:25:051 queue-not-found
Context: test/VT8X26 : test/VT8X26
03/01 13:38:25:255 Total 0 instances are started
03/01 13:38:25:265 queue-not-found
Context: test/VT8X26 : test/VT8X26
03/01 13:38:25:267 Total 1 instances are added
03/01 13:38:25:482 Total 0 instances are started
03/01 13:38:25:491 Total 1 instances are added
03/01 13:38:25:491 queue-not-found
Context: test/VT8X26 : test/VT8X26
03/01 13:38:25:699 Total 0 instances are started
03/01 13:38:25:704 Total 1 instances are added
03/01 13:38:25:705 queue-not-found
Context: test/VT8X26 : test/VT8X26
03/01 13:38:25:909 Total 0 instances are started
03/01 13:38:25:919 Total 1 instances are added
t/VT8X26 : test/VT8X26
03/01 13:38:26:126 Total 0 instances are started
03/01 13:38:26:136 Total 1 instances are added
03/01 13:38:26:136 queue-not-found
Context: test/VT8X26 : test/VT8X26
03/01 13:38:26:344 Total 0 instances are started
03/01 13:38:26:353 Total 1 instances are added
03/01 13:38:26:353 queue-not-found
Context: test/VT8X26 : test/VT8X26
03/01 13:38:26:562 Total 0 instances are started
03/01 13:38:26:571 queue-not-found
Context: test/VT8X26 : test/VT8X26
03/01 13:38:26:571 Total 1 instances are added
03/01 13:38:26:785 Total 0 instances are started
03/01 13:38:26:795 queue-not-found
Context: test/VT8X26 : test/VT8X26
03/01 13:38:26:797 Total 1 instances are added
03/01 13:38:27:006 Total 0 instances are started
03/01 13:38:27:015 queue-not-found
Context: test/VT8X26 : test/VT8X26
03/01 13:38:27:015 Total 1 instances are added
03/01 13:38:27:233 Total 0 instances are started
03/01 13:38:27:243 queue-not-found
Context: test/VT8X26 : test/VT8X26
03/01 13:38:27:244 Total 1 instances are added
03/01 13:38:27:464 Total 0 instances are started
03/01 13:38:27:469 Total 1 instances are added
03/01 13:38:27:469 queue-not-found
Context: test/VT8X26 : test/VT8X26
03/01 13:38:27:674 Total 0 instances are started
03/01 13:38:27:683 queue-not-found
Context: test/VT8X26 : test/VT8X26
03/01 13:38:27:684 Total 1 instances are added
03/01 13:38:27:900 Total 0 instances are started
03/01 13:38:27:911 Total 1 instances are added
03/01 13:38:27:911 queue-not-found
Context: test/VT8X26 : test/VT8X26
03/01 13:38:28:120 Total 0 instances are started
03/01 13:38:28:125 Total 1 instances are added
03/01 13:38:28:125 queue-not-found
Context: test/VT8X26 : test/VT8X26
03/01 13:38:28:330 Total 0 instances are started
03/01 13:38:28:335 Total 1 instances are added
t/VT8X26 : test/VT8X26
03/01 13:38:28:541 Total 0 instances are started
03/01 13:38:28:547 queue-not-found
Context: test/VT8X26 : test/VT8X26
03/01 13:38:28:547 Total 1 instances are added
03/01 13:38:28:760 Total 0 instances are started
03/01 13:38:28:770 queue-not-found
Context: test/VT8X26 : test/VT8X26
03/01 13:38:28:773 Total 1 instances are added
03/01 13:38:29:188 Total 0 instances are started
03/01 13:38:29:195 queue-not-found
Context: test/VT8X26 : test/VT8X26
03/01 13:38:29:195 Total 1 instances are added
03/01 13:38:29:404 Total 0 instances are started
03/01 13:38:29:414 Total 1 instances are added
03/01 13:38:29:414 queue-not-found
Context: test/VT8X26 : test/VT8X26
03/01 13:38:29:623 Total 0 instances are started
03/01 13:38:29:632 queue-not-found
Context: test/VT8X26 : test/VT8X26
03/01 13:38:29:632 Total 1 instances are added
03/01 13:38:29:848 Total 0 instances are started
03/01 13:38:29:854 Total 1 instances are added
03/01 13:38:29:854 queue-not-found
Context: test/VT8X26 : test/VT8X26
03/01 13:38:30:058 Total 0 instances are started
03/01 13:38:30:064 Total 1 instances are added
03/01 13:38:30:065 queue-not-found
Context: test/VT8X26 : test/VT8X26
03/01 13:38:30:269 Total 0 instances are started
03/01 13:38:30:276 Total 1 instances are added
03/01 13:38:30:276 queue-not-found
Context: test/VT8X26 : test/VT8X26
03/01 13:38:30:480 Total 0 instances are started
03/01 13:38:30:486 queue-not-found
Context: test/VT8X26 : test/VT8X26
03/01 13:38:30:486 Total 1 instances are added
03/01 13:38:30:696 Total 0 instances are started
03/01 13:38:30:702 Total 1 instances are added
03/01 13:38:30:702 queue-not-found
Context: test/VT8X26 : test/VT8X26
03/01 13:38:30:907 Total 0 instances are started
03/01 13:38:30:917 queue-not-found
Context: test/VT8X26 : test/VT8X26
03/01 13:38:30:918 Total 1 instances are added
03/01 13:38:31:133 Total 0 instances are started
03/01 13:38:31:143 Total 1 instances are added
03/01 13:38:31:144 queue-not-found
Context: test/VT8X26 : test/VT8X26
03/01 13:38:31:352 Total 0 instances are started
03/01 13:38:31:359 Total 1 instances are added
03/01 13:38:31:359 queue-not-found
Context: test/VT8X26 : test/VT8X26
03/01 13:38:31:565 Total 0 instances are started
03/01 13:38:31:572 queue-not-found
Context: test/VT8X26 : test/VT8X26
03/01 13:38:31:572 Total 1 instances are added
03/01 13:38:31:782 Total 0 instances are started
03/01 13:38:31:788 Total 1 instances are added
03/01 13:38:31:788 queue-not-found
Context: test/VT8X26 : test/VT8X26
03/01 13:38:31:993 Total 0 instances are started
03/01 13:38:31:999 queue-not-found
Context: test/VT8X26 : test/VT8X26
03/01 13:38:31:999 Total 1 instances are added
03/01 13:38:32:208 Total 0 instances are started
03/01 13:38:32:214 Total 1 instances are added
03/01 13:38:32:214 queue-not-found
Context: test/VT8X26 : test/VT8X26
03/01 13:38:32:419 Total 0 instances are started
03/01 13:38:32:429 Total 1 instances are added
03/01 13:38:32:437 queue-not-found
Context: test/VT8X26 : test/VT8X26
03/01 13:38:32:640 Total 0 instances are started
03/01 13:38:32:645 Total 1 instances are added
03/01 13:38:32:647 queue-not-found
Context: test/VT8X26 : test/VT8X26
03/01 13:38:32:852 Total 0 instances are started
03/01 13:38:32:858 Total 1 instances are added
03/01 13:38:32:859 queue-not-found
Context: test/VT8X26 : test/VT8X26
03/01 13:38:33:063 Total 0 instances are started
03/01 13:38:33:068 Total 1 instances are added
03/01 13:38:33:068 queue-not-found
Context: test/VT8X26 : test/VT8X26
03/01 13:38:33:274 Total 0 instances are started
03/01 13:38:33:279 queue-not-found
Context: test/VT8X26 : test/VT8X26
03/01 13:38:33:281 Total 1 instances are added
03/01 13:38:33:487 Total 0 instances are started
03/01 13:38:33:497 queue-not-found
Context: test/VT8X26 : test/VT8X26
03/01 13:38:33:499 Total 1 instances are added
03/01 13:38:33:714 Total 0 instances are started
03/01 13:38:33:724 Total 1 instances are added
03/01 13:38:33:724 queue-not-found
Context: test/VT8X26 : test/VT8X26
03/01 13:38:33:933 Total 0 instances are started
03/01 13:38:33:939 queue-not-found
Context: test/VT8X26 : test/VT8X26
03/01 13:38:33:939 Total 1 instances are added
03/01 13:38:34:148 Total 0 instances are started
03/01 13:38:34:154 Total 1 instances are added
03/01 13:38:34:154 queue-not-found
Context: test/VT8X26 : test/VT8X26
03/01 13:38:34:360 Total 0 instances are started
03/01 13:38:34:369 Total 1 instances are added
03/01 13:38:34:369 queue-not-found
Context: test/VT8X26 : test/VT8X26
03/01 13:38:34:578 Total 0 instances are started
03/01 13:38:34:584 Total 1 instances are added
03/01 13:38:34:584 queue-not-found
Context: test/VT8X26 : test/VT8X26
03/01 13:38:34:789 Total 0 instances are started
03/01 13:38:34:798 Total 1 instances are added
03/01 13:38:34:864 queue-not-found
Context: test/CommandRoute : test/CommandRoute
03/01 13:38:35:008 Total 0 instances are started
03/01 13:38:35:016 queue-not-found
Context: test/CommandRoute : test/CommandRoute
03/01 13:38:35:016 Total 1 instances are added
03/01 13:38:35:227 Total 0 instances are started
03/01 13:38:35:236 queue-not-found
Context: test/CommandRoute : test/CommandRoute
03/01 13:38:35:244 Total 1 instances are added
03/01 13:38:35:454 Total 0 instances are started
03/01 13:38:35:462 queue-not-found
Context: test/CommandRoute : test/CommandRoute
03/01 13:38:35:466 Total 1 instances are added
03/01 13:38:35:675 Total 0 instances are started
03/01 13:38:35:681 queue-not-found
Context: test/CommandRoute : test/CommandRoute
03/01 13:38:35:684 Total 1 instances are added
03/01 13:38:35:892 Total 0 instances are started
03/01 13:38:35:905 queue-not-found
Context: test/CommandRoute : test/CommandRoute
03/01 13:38:35:908 Total 1 instances are added
03/01 13:38:36:113 Total 0 instances are started
03/01 13:38:36:119 queue-not-found
Context: test/CommandRoute : test/CommandRoute
03/01 13:38:36:119 Total 1 instances are added
03/01 13:38:36:327 Total 0 instances are started
03/01 13:38:36:338 queue-not-found
Context: test/CommandRoute : test/CommandRoute
03/01 13:38:36:340 Total 1 instances are added
03/01 13:38:36:552 Total 0 instances are started
03/01 13:38:36:563 queue-not-found
Context: test/CommandRoute : test/CommandRoute
03/01 13:38:36:564 Total 1 instances are added
03/01 13:38:36:779 Total 0 instances are started
03/01 13:38:36:784 Total 1 instances are added
03/01 13:38:36:785 queue-not-found
Context: test/CommandRoute : test/CommandRoute
03/01 13:38:36:989 Total 0 instances are started
03/01 13:38:37:002 queue-not-found
Context: test/CommandRoute : test/CommandRoute
03/01 13:38:37:004 Total 1 instances are added
03/01 13:38:37:218 Total 0 instances are started
03/01 13:38:37:227 Total 1 instances are added
03/01 13:38:37:227 queue-not-found
Context: test/CommandRoute : test/CommandRoute
03/01 13:38:37:437 Total 0 instances are started
03/01 13:38:37:445 queue-not-found
Context: test/CommandRoute : test/CommandRoute
03/01 13:38:37:446 Total 1 instances are added
03/01 13:38:37:661 Total 0 instances are started
03/01 13:38:37:668 queue-not-found
Context: test/CommandRoute : test/CommandRoute
03/01 13:38:37:669 Total 1 instances are added
03/01 13:38:37:877 Total 0 instances are started
03/01 13:38:37:883 queue-not-found
Context: test/CommandRoute : test/CommandRoute
03/01 13:38:37:885 Total 1 instances are added
03/01 13:38:38:094 Total 0 instances are started
03/01 13:38:38:099 Total 1 instances are added
03/01 13:38:38:099 queue-not-found
Context: test/CommandRoute : test/CommandRoute
03/01 13:38:38:303 Total 0 instances are started
03/01 13:38:38:312 queue-not-found
Context: test/CommandRoute : test/CommandRoute
03/01 13:38:38:314 Total 1 instances are added
03/01 13:38:38:530 Total 0 instances are started
03/01 13:38:38:537 queue-not-found
Context: test/CommandRoute : test/CommandRoute
03/01 13:38:38:539 Total 1 instances are added
03/01 13:38:38:754 Total 0 instances are started
03/01 13:38:38:762 queue-not-found
Context: test/CommandRoute : test/CommandRoute
03/01 13:38:38:765 Total 1 instances are added
03/01 13:38:38:979 Total 0 instances are started
03/01 13:38:38:990 queue-not-found
Context: test/CommandRoute : test/CommandRoute
03/01 13:38:38:992 Total 1 instances are added
03/01 13:38:39:203 Total 0 instances are started
03/01 13:38:39:211 queue-not-found
Context: test/CommandRoute : test/CommandRoute
03/01 13:38:39:212 Total 1 instances are added
03/01 13:38:39:422 Total 0 instances are started
03/01 13:38:39:427 queue-not-found
Context: test/CommandRoute : test/CommandRoute
03/01 13:38:39:428 Total 1 instances are added
03/01 13:38:39:636 Total 0 instances are started
03/01 13:38:39:642 queue-not-found
Context: test/CommandRoute : test/CommandRoute
03/01 13:38:39:643 Total 1 instances are added
03/01 13:38:39:853 Total 0 instances are started
03/01 13:38:39:862 queue-not-found
Context: test/CommandRoute : test/CommandRoute
03/01 13:38:39:865 Total 1 instances are added
03/01 13:38:40:078 Total 0 instances are started
03/01 13:38:40:085 queue-not-found
Context: test/CommandRoute : test/CommandRoute
03/01 13:38:40:085 Total 1 instances are added
03/01 13:38:40:296 Total 0 instances are started
03/01 13:38:40:302 queue-not-found
Context: test/CommandRoute : test/CommandRoute
03/01 13:38:40:302 Total 1 instances are added
03/01 13:38:40:515 Total 0 instances are started
03/01 13:38:40:524 queue-not-found
Context: test/CommandRoute : test/CommandRoute
03/01 13:38:40:527 Total 1 instances are added
03/01 13:38:40:742 Total 0 instances are started
03/01 13:38:40:751 queue-not-found
Context: test/CommandRoute : test/CommandRoute
03/01 13:38:40:752 Total 1 instances are added
03/01 13:38:40:968 Total 0 instances are started
03/01 13:38:40:974 queue-not-found
Context: test/CommandRoute : test/CommandRoute
03/01 13:38:40:974 Total 1 instances are added
03/01 13:38:41:184 Total 0 instances are started
03/01 13:38:41:192 queue-not-found
Context: test/CommandRoute : test/CommandRoute
03/01 13:38:41:194 Total 1 instances are added
03/01 13:38:41:409 Total 0 instances are started
03/01 13:38:41:417 queue-not-found
Context: test/CommandRoute : test/CommandRoute
03/01 13:38:41:420 Total 1 instances are added
03/01 13:38:41:634 Total 0 instances are started
03/01 13:38:41:642 queue-not-found
Context: test/CommandRoute : test/CommandRoute
03/01 13:38:41:644 Total 1 instances are added
03/01 13:38:41:857 Total 0 instances are started
03/01 13:38:41:864 queue-not-found
Context: test/CommandRoute : test/CommandRoute
03/01 13:38:41:866 Total 1 instances are added
03/01 13:38:42:080 Total 0 instances are started
03/01 13:38:42:085 queue-not-found
Context: test/CommandRoute : test/CommandRoute
03/01 13:38:42:085 Total 1 instances are added
03/01 13:38:42:293 Total 0 instances are started
03/01 13:38:42:308 queue-not-found
Context: test/CommandRoute : test/CommandRoute
03/01 13:38:42:313 Total 1 instances are added
03/01 13:38:42:520 Total 0 instances are started
03/01 13:38:42:530 queue-not-found
Context: test/CommandRoute : test/CommandRoute
03/01 13:38:42:534 Total 1 instances are added
03/01 13:38:42:751 Total 0 instances are started
03/01 13:38:42:758 queue-not-found
Context: test/CommandRoute : test/CommandRoute
03/01 13:38:42:759 Total 1 instances are added
03/01 13:38:42:967 Total 0 instances are started
03/01 13:38:42:972 queue-not-found
Context: test/CommandRoute : test/CommandRoute
03/01 13:38:42:972 Total 1 instances are added
03/01 13:38:43:181 Total 0 instances are started
03/01 13:38:43:188 queue-not-found
Context: test/CommandRoute : test/CommandRoute
03/01 13:38:43:189 Total 1 instances are added
03/01 13:38:43:400 Total 0 instances are started
03/01 13:38:43:405 queue-not-found
Context: test/CommandRoute : test/CommandRoute
03/01 13:38:43:406 Total 1 instances are added
03/01 13:38:43:613 Total 0 instances are started
03/01 13:38:43:621 queue-not-found
Context: test/CommandRoute : test/CommandRoute
03/01 13:38:43:624 Total 1 instances are added
03/01 13:38:43:841 Total 0 instances are started
03/01 13:38:43:848 queue-not-found
Context: test/CommandRoute : test/CommandRoute
03/01 13:38:43:848 Total 1 instances are added
03/01 13:38:44:059 Total 0 instances are started
03/01 13:38:44:064 queue-not-found
Context: test/CommandRoute : test/CommandRoute
03/01 13:38:44:064 Total 1 instances are added
03/01 13:38:44:273 Total 0 instances are started
03/01 13:38:44:278 Total 1 instances are added
03/01 13:38:44:278 queue-not-found
Context: test/CommandRoute : test/CommandRoute
03/01 13:38:44:484 Total 0 instances are started
03/01 13:38:44:489 queue-not-found
Context: test/CommandRoute : test/CommandRoute
03/01 13:38:44:489 Total 1 instances are added
03/01 13:38:44:696 Total 0 instances are started
03/01 13:38:44:701 queue-not-found
Context: test/CommandRoute : test/CommandRoute
03/01 13:38:44:702 Total 1 instances are added
03/01 13:38:44:909 Total 0 instances are started
03/01 13:38:44:918 queue-not-found
Context: test/CommandRoute : test/CommandRoute
03/01 13:38:44:921 Total 1 instances are added
03/01 13:38:45:136 Total 0 instances are started
03/01 13:38:45:141 queue-not-found
Context: test/CommandRoute : test/CommandRoute
03/01 13:38:45:142 Total 1 instances are added
03/01 13:38:45:351 Total 0 instances are started
03/01 13:38:45:356 queue-not-found
Context: test/CommandRoute : test/CommandRoute
03/01 13:38:45:359 Total 1 instances are added
03/01 13:38:45:568 Total 0 instances are started
03/01 13:38:45:577 queue-not-found
Context: test/CommandRoute : test/CommandRoute
03/01 13:38:45:582 Total 1 instances are added
03/01 13:38:45:790 Total 0 instances are started
03/01 13:38:45:795 queue-not-found
Context: test/CommandRoute : test/CommandRoute
03/01 13:38:45:796 Total 1 instances are added
03/01 13:38:46:003 Total 0 instances are started
03/01 13:38:46:011 queue-not-found
Context: test/CommandRoute : test/CommandRoute
03/01 13:38:46:015 Total 1 instances are added
03/01 13:38:46:231 Total 0 instances are started
03/01 13:38:46:237 queue-not-found
Context: test/CommandRoute : test/CommandRoute
03/01 13:38:46:238 Total 1 instances are added
03/01 13:38:46:447 Total 0 instances are started
03/01 13:38:46:452 queue-not-found
Context: test/CommandRoute : test/CommandRoute
03/01 13:38:46:453 Total 1 instances are added
03/01 13:38:46:662 Total 0 instances are started
03/01 13:38:46:671 Total 1 instances are added
03/01 13:38:46:670 queue-not-found
Context: test/CommandRoute : test/CommandRoute
03/01 13:38:46:878 Total 0 instances are started
03/01 13:38:46:886 queue-not-found
Context: test/CommandRoute : test/CommandRoute
03/01 13:38:46:888 Total 1 instances are added
03/01 13:38:47:101 Total 0 instances are started
03/01 13:38:47:109 queue-not-found
Context: test/CommandRoute : test/CommandRoute
03/01 13:38:47:111 Total 1 instances are added
03/01 13:38:47:324 Total 0 instances are started
03/01 13:38:47:332 queue-not-found
Context: test/CommandRoute : test/CommandRoute
03/01 13:38:47:335 Total 1 instances are added
03/01 13:38:47:550 Total 0 instances are started
03/01 13:38:47:558 queue-not-found
Context: test/CommandRoute : test/CommandRoute
03/01 13:38:47:562 Total 1 instances are added
03/01 13:38:47:781 Total 0 instances are started
03/01 13:38:47:789 queue-not-found
Context: test/CommandRoute : test/CommandRoute
03/01 13:38:47:797 Total 1 instances are added
03/01 13:38:48:008 Total 0 instances are started
03/01 13:38:48:018 queue-not-found
Context: test/CommandRoute : test/CommandRoute
03/01 13:38:48:019 Total 1 instances are added
03/01 13:38:48:234 Total 0 instances are started
03/01 13:38:48:241 queue-not-found
Context: test/CommandRoute : test/CommandRoute
03/01 13:38:48:243 Total 1 instances are added
03/01 13:38:48:450 Total 0 instances are started
03/01 13:38:48:457 queue-not-found
Context: test/CommandRoute : test/CommandRoute
03/01 13:38:48:459 Total 1 instances are added
03/01 13:38:48:672 Total 0 instances are started
03/01 13:38:48:681 queue-not-found
Context: test/CommandRoute : test/CommandRoute
03/01 13:38:48:686 Total 1 instances are added
03/01 13:38:48:900 Total 0 instances are started
03/01 13:38:48:909 queue-not-found
Context: test/CommandRoute : test/CommandRoute
03/01 13:38:48:912 Total 1 instances are added
03/01 13:38:49:127 Total 0 instances are started
03/01 13:38:49:135 queue-not-found
Context: test/CommandRoute : test/CommandRoute
03/01 13:38:49:138 Total 1 instances are added
03/01 13:38:49:353 Total 0 instances are started
03/01 13:38:49:359 queue-not-found
Context: test/CommandRoute : test/CommandRoute
03/01 13:38:49:360 Total 1 instances are added
03/01 13:38:49:572 Total 0 instances are started
03/01 13:38:49:578 queue-not-found
Context: test/CommandRoute : test/CommandRoute
03/01 13:38:49:579 Total 1 instances are added
03/01 13:38:49:788 Total 0 instances are started
03/01 13:38:49:794 queue-not-found
Context: test/CommandRoute : test/CommandRoute
03/01 13:38:49:796 Total 1 instances are added
03/01 13:38:50:009 Total 0 instances are started
03/01 13:38:50:015 queue-not-found
Context: test/CommandRoute : test/CommandRoute
03/01 13:38:50:017 Total 1 instances are added
03/01 13:38:50:230 Total 0 instances are started
03/01 13:38:50:236 queue-not-found
Context: test/CommandRoute : test/CommandRoute
03/01 13:38:50:238 Total 1 instances are added
03/01 13:38:50:447 Total 0 instances are started
03/01 13:38:50:457 queue-not-found
Context: test/CommandRoute : test/CommandRoute
03/01 13:38:50:504 Total 1 instances are added
03/01 13:38:50:727 Total 0 instances are started
03/01 13:38:50:733 queue-not-found
Context: test/CommandRoute : test/CommandRoute
03/01 13:38:50:735 Total 1 instances are added
03/01 13:38:50:945 Total 0 instances are started
03/01 13:38:50:949 queue-not-found
Context: test/CommandRoute : test/CommandRoute
03/01 13:38:50:950 Total 1 instances are added
03/01 13:38:51:158 Total 0 instances are started
03/01 13:38:51:164 queue-not-found
Context: test/CommandRoute : test/CommandRoute
03/01 13:38:51:167 Total 1 instances are added
03/01 13:38:51:381 Total 0 instances are started
03/01 13:38:51:390 queue-not-found
Context: test/CommandRoute : test/CommandRoute
03/01 13:38:51:393 Total 1 instances are added
03/01 13:38:51:603 Total 0 instances are started
03/01 13:38:51:611 queue-not-found
Context: test/CommandRoute : test/CommandRoute
03/01 13:38:51:612 Total 1 instances are added
03/01 13:38:51:825 Total 0 instances are started
03/01 13:38:51:829 queue-not-found
Context: test/CommandRoute : test/CommandRoute
03/01 13:38:51:830 Total 1 instances are added
03/01 13:38:52:039 Total 0 instances are started
03/01 13:38:52:045 queue-not-found
Context: test/CommandRoute : test/CommandRoute
03/01 13:38:52:048 Total 1 instances are added
03/01 13:38:52:263 Total 0 instances are started
03/01 13:38:52:270 queue-not-found
Context: test/CommandRoute : test/CommandRoute
03/01 13:38:52:273 Total 1 instances are added
03/01 13:38:52:482 Total 0 instances are started
03/01 13:38:52:489 queue-not-found
Context: test/CommandRoute : test/CommandRoute
03/01 13:38:52:491 Total 1 instances are added
03/01 13:38:52:705 Total 0 instances are started
03/01 13:38:52:713 queue-not-found
Context: test/CommandRoute : test/CommandRoute
03/01 13:38:52:713 Total 1 instances are added
03/01 13:38:52:924 Total 0 instances are started
03/01 13:38:52:932 queue-not-found
Context: test/CommandRoute : test/CommandRoute
03/01 13:38:52:934 Total 1 instances are added
03/01 13:38:53:150 Total 0 instances are started
03/01 13:38:53:156 queue-not-found
Context: test/CommandRoute : test/CommandRoute
03/01 13:38:53:158 Total 1 instances are added
03/01 13:38:53:373 Total 0 instances are started
03/01 13:38:53:378 queue-not-found
Context: test/CommandRoute : test/CommandRoute
03/01 13:38:53:378 Total 1 instances are added
03/01 13:38:53:585 Total 0 instances are started
03/01 13:38:53:593 queue-not-found
Context: test/CommandRoute : test/CommandRoute
03/01 13:38:53:596 Total 1 instances are added
03/01 13:38:53:809 Total 0 instances are started
03/01 13:38:53:817 queue-not-found
Context: test/CommandRoute : test/CommandRoute
03/01 13:38:53:819 Total 1 instances are added
03/01 13:38:54:033 Total 0 instances are started
03/01 13:38:54:040 queue-not-found
Context: test/CommandRoute : test/CommandRoute
03/01 13:38:54:043 Total 1 instances are added
03/01 13:38:54:257 Total 0 instances are started
03/01 13:38:54:265 queue-not-found
Context: test/CommandRoute : test/CommandRoute
03/01 13:38:54:268 Total 1 instances are added
03/01 13:38:54:482 Total 0 instances are started
03/01 13:38:54:490 queue-not-found
Context: test/CommandRoute : test/CommandRoute
03/01 13:38:54:492 Total 1 instances are added
03/01 13:38:54:706 Total 0 instances are started
03/01 13:38:54:711 queue-not-found
Context: test/CommandRoute : test/CommandRoute
03/01 13:38:54:711 Total 1 instances are added
03/01 13:38:54:920 Total 0 instances are started
03/01 13:38:54:926 queue-not-found
Context: test/CommandRoute : test/CommandRoute
03/01 13:38:54:928 Total 1 instances are added
03/01 13:38:55:141 Total 0 instances are started
03/01 13:38:55:148 queue-not-found
Context: test/CommandRoute : test/CommandRoute
03/01 13:38:55:151 Total 1 instances are added
03/01 13:38:55:360 Total 0 instances are started
03/01 13:38:55:366 queue-not-found
Context: test/CommandRoute : test/CommandRoute
03/01 13:38:55:368 Total 1 instances are added
03/01 13:38:55:583 Total 0 instances are started
03/01 13:38:55:590 queue-not-found
Context: test/CommandRoute : test/CommandRoute
03/01 13:38:55:594 Total 1 instances are added
03/01 13:38:55:808 Total 0 instances are started
03/01 13:38:55:815 queue-not-found
Context: test/CommandRoute : test/CommandRoute
03/01 13:38:55:817 Total 1 instances are added
03/01 13:38:56:031 Total 0 instances are started
03/01 13:38:56:035 queue-not-found
Context: test/CommandRoute : test/CommandRoute
03/01 13:38:56:036 Total 1 instances are added
03/01 13:38:56:244 Total 0 instances are started
03/01 13:38:56:251 queue-not-found
Context: test/CommandRoute : test/CommandRoute
03/01 13:38:56:254 Total 1 instances are added
03/01 13:38:56:468 Total 0 instances are started
03/01 13:38:56:475 queue-not-found
Context: test/CommandRoute : test/CommandRoute
03/01 13:38:56:478 Total 1 instances are added
03/01 13:38:56:687 Total 0 instances are started
03/01 13:38:56:694 queue-not-found
Context: test/CommandRoute : test/CommandRoute
03/01 13:38:56:697 Total 1 instances are added
03/01 13:38:56:911 Total 0 instances are started
03/01 13:38:56:919 queue-not-found
Context: test/CommandRoute : test/CommandRoute
03/01 13:38:56:922 Total 1 instances are added
03/01 13:38:57:135 Total 0 instances are started
03/01 13:38:57:158 queue-not-found
Context: test/CommandRoute : test/CommandRoute
03/01 13:38:57:161 Total 1 instances are added
03/01 13:38:57:368 Total 0 instances are started
03/01 13:38:57:374 queue-not-found
Context: test/CommandRoute : test/CommandRoute
03/01 13:38:57:377 Total 1 instances are added
03/01 13:38:57:587 Total 0 instances are started
03/01 13:38:57:594 queue-not-found
Context: test/CommandRoute : test/CommandRoute
03/01 13:38:57:596 Total 1 instances are added
03/01 13:38:57:808 Total 0 instances are started
03/01 13:38:57:814 queue-not-found
Context: test/CommandRoute : test/CommandRoute
03/01 13:38:57:815 Total 1 instances are added
03/01 13:38:58:024 Total 0 instances are started
03/01 13:38:58:029 queue-not-found
Context: test/CommandRoute : test/CommandRoute
03/01 13:38:58:030 Total 1 instances are added
03/01 13:38:58:236 Total 0 instances are started
03/01 13:38:58:240 queue-not-found
Context: test/CommandRoute : test/CommandRoute
03/01 13:38:58:241 Total 1 instances are added
03/01 13:38:58:449 Total 0 instances are started
03/01 13:38:58:455 queue-not-found
Context: test/CommandRoute : test/CommandRoute
03/01 13:38:58:458 Total 1 instances are added
03/01 13:38:58:671 Total 0 instances are started
03/01 13:38:58:677 queue-not-found
Context: test/CommandRoute : test/CommandRoute
03/01 13:38:58:680 Total 1 instances are added
03/01 13:38:58:892 Total 0 instances are started
03/01 13:38:58:901 queue-not-found
Context: test/CommandRoute : test/CommandRoute
03/01 13:38:58:905 Total 1 instances are added
03/01 13:38:59:124 Total 0 instances are started
03/01 13:38:59:131 queue-not-found
Context: test/CommandRoute : test/CommandRoute
03/01 13:38:59:133 Total 1 instances are added
03/01 13:38:59:347 Total 0 instances are started
03/01 13:38:59:354 queue-not-found
Context: test/CommandRoute : test/CommandRoute
03/01 13:38:59:357 Total 1 instances are added
03/01 13:38:59:564 Total 0 instances are started
03/01 13:38:59:571 queue-not-found
Context: test/CommandRoute : test/CommandRoute
03/01 13:38:59:575 Total 1 instances are added
03/01 13:38:59:787 Total 0 instances are started
03/01 13:38:59:794 queue-not-found
Context: test/CommandRoute : test/CommandRoute
03/01 13:38:59:797 Total 1 instances are added
03/01 13:39:00:012 Total 0 instances are started
03/01 13:39:00:017 queue-not-found
Context: test/CommandRoute : test/CommandRoute
03/01 13:39:00:018 Total 1 instances are added
03/01 13:39:00:226 Total 0 instances are started
03/01 13:39:00:233 queue-not-found
Context: test/CommandRoute : test/CommandRoute
03/01 13:39:00:235 Total 1 instances are added
03/01 13:39:00:448 Total 0 instances are started
03/01 13:39:00:456 queue-not-found
Context: test/CommandRoute : test/CommandRoute
03/01 13:39:00:458 Total 1 instances are added
03/01 13:39:00:674 Total 0 instances are started
03/01 13:39:00:681 queue-not-found
Context: test/CommandRoute : test/CommandRoute
03/01 13:39:00:684 Total 1 instances are added
03/01 13:39:00:898 Total 0 instances are started
03/01 13:39:00:905 queue-not-found
Context: test/CommandRoute : test/CommandRoute
03/01 13:39:00:908 Total 1 instances are added
03/01 13:39:01:122 Total 0 instances are started
03/01 13:39:01:128 queue-not-found
Context: test/CommandRoute : test/CommandRoute
03/01 13:39:01:130 Total 1 instances are added
03/01 13:39:01:345 Total 0 instances are started
03/01 13:39:01:351 queue-not-found
Context: test/CommandRoute : test/CommandRoute
03/01 13:39:01:352 Total 1 instances are added
03/01 13:39:01:561 Total 0 instances are started
03/01 13:39:01:568 queue-not-found
Context: test/CommandRoute : test/CommandRoute
03/01 13:39:01:571 Total 1 instances are added
03/01 13:39:01:784 Total 0 instances are started
03/01 13:39:01:792 queue-not-found
Context: test/CommandRoute : test/CommandRoute
03/01 13:39:01:796 Total 1 instances are added
03/01 13:39:02:010 Total 0 instances are started
03/01 13:39:02:018 queue-not-found
Context: test/CommandRoute : test/CommandRoute
03/01 13:39:02:021 Total 1 instances are added
03/01 13:39:02:237 Total 0 instances are started
03/01 13:39:02:244 queue-not-found
Context: test/CommandRoute : test/CommandRoute
03/01 13:39:02:248 Total 1 instances are added
03/01 13:39:02:462 Total 0 instances are started
03/01 13:39:02:468 queue-not-found
Context: test/CommandRoute : test/CommandRoute
03/01 13:39:02:469 Total 1 instances are added
03/01 13:39:02:681 Total 0 instances are started
03/01 13:39:02:689 queue-not-found
Context: test/CommandRoute : test/CommandRoute
03/01 13:39:02:691 Total 1 instances are added
03/01 13:39:02:907 Total 0 instances are started
03/01 13:39:02:926 queue-not-found
Context: test/CommandRoute : test/CommandRoute
03/01 13:39:02:933 Total 1 instances are added
03/01 13:39:03:140 Total 0 instances are started
03/01 13:39:03:161 Total 1 instances are added
03/01 13:39:03:153 queue-not-found
Context: test/CommandRoute : test/CommandRoute
03/01 13:39:03:374 Total 0 instances are started
03/01 13:39:03:386 Total 1 instances are added
03/01 13:39:03:394 queue-not-found
Context: test/CommandRoute : test/CommandRoute
03/01 13:39:03:597 Total 0 instances are started
03/01 13:39:03:603 queue-not-found
Context: test/CommandRoute : test/CommandRoute
03/01 13:39:03:610 Total 1 instances are added
03/01 13:39:03:817 Total 0 instances are started
03/01 13:39:03:823 queue-not-found
Context: test/CommandRoute : test/CommandRoute
03/01 13:39:03:826 Total 1 instances are added
03/01 13:39:04:035 Total 0 instances are started
03/01 13:39:04:041 queue-not-found
Context: test/CommandRoute : test/CommandRoute
03/01 13:39:04:043 Total 1 instances are added
03/01 13:39:04:251 Total 0 instances are started
03/01 13:39:04:264 queue-not-found
Context: test/CommandRoute : test/CommandRoute
03/01 13:39:04:265 Total 1 instances are added
03/01 13:39:04:476 Total 0 instances are started
03/01 13:39:04:481 queue-not-found
Context: test/CommandRoute : test/CommandRoute
03/01 13:39:04:484 Total 1 instances are added
03/01 13:39:04:688 Total 0 instances are started
03/01 13:39:04:695 queue-not-found
Context: test/CommandRoute : test/CommandRoute
03/01 13:39:04:699 Total 1 instances are added
03/01 13:39:04:906 Total 0 instances are started
03/01 13:39:04:913 queue-not-found
Context: test/CommandRoute : test/CommandRoute
03/01 13:39:04:915 Total 1 instances are added
03/01 13:39:05:122 Total 0 instances are started
03/01 13:39:05:129 queue-not-found
Context: test/CommandRoute : test/CommandRoute
03/01 13:39:05:131 Total 1 instances are added
03/01 13:39:05:346 Total 0 instances are started
03/01 13:39:05:354 queue-not-found
Context: test/CommandRoute : test/CommandRoute
03/01 13:39:05:357 Total 1 instances are added
03/01 13:39:05:573 Total 0 instances are started
03/01 13:39:05:581 queue-not-found
Context: test/CommandRoute : test/CommandRoute
03/01 13:39:05:583 Total 1 instances are added
03/01 13:39:05:798 Total 0 instances are started
03/01 13:39:05:805 queue-not-found
Context: test/CommandRoute : test/CommandRoute
03/01 13:39:05:808 Total 1 instances are added
03/01 13:39:06:021 Total 0 instances are started
03/01 13:39:06:028 queue-not-found
Context: test/CommandRoute : test/CommandRoute
03/01 13:39:06:031 Total 1 instances are added
03/01 13:39:06:244 Total 0 instances are started
03/01 13:39:06:251 queue-not-found
Context: test/CommandRoute : test/CommandRoute
03/01 13:39:06:255 Total 1 instances are added
03/01 13:39:06:464 Total 0 instances are started
03/01 13:39:06:471 queue-not-found
Context: test/CommandRoute : test/CommandRoute
03/01 13:39:06:473 Total 1 instances are added
03/01 13:39:06:687 Total 0 instances are started
03/01 13:39:06:692 queue-not-found
Context: test/CommandRoute : test/CommandRoute
03/01 13:39:06:693 Total 1 instances are added
03/01 13:39:06:901 Total 0 instances are started
03/01 13:39:06:907 queue-not-found
Context: test/CommandRoute : test/CommandRoute
03/01 13:39:06:909 Total 1 instances are added
03/01 13:39:07:117 Total 0 instances are started
03/01 13:39:07:122 queue-not-found
Context: test/CommandRoute : test/CommandRoute
03/01 13:39:07:124 Total 1 instances are added
03/01 13:39:07:332 Total 0 instances are started
03/01 13:39:07:337 queue-not-found
Context: test/CommandRoute : test/CommandRoute
03/01 13:39:07:339 Total 1 instances are added
03/01 13:39:07:547 Total 0 instances are started
03/01 13:39:07:552 queue-not-found
Context: test/CommandRoute : test/CommandRoute
03/01 13:39:07:553 Total 1 instances are added
03/01 13:39:07:763 Total 0 instances are started
03/01 13:39:07:767 queue-not-found
Context: test/CommandRoute : test/CommandRoute
03/01 13:39:07:768 Total 1 instances are added
03/01 13:39:07:984 Total 0 instances are started
03/01 13:39:07:991 queue-not-found
Context: test/CommandRoute : test/CommandRoute
03/01 13:39:07:991 Total 1 instances are added
03/01 13:39:08:200 Total 0 instances are started
03/01 13:39:08:204 queue-not-found
Context: test/CommandRoute : test/CommandRoute
03/01 13:39:08:205 Total 1 instances are added
03/01 13:39:08:412 Total 0 instances are started
03/01 13:39:08:420 queue-not-found
Context: test/CommandRoute : test/CommandRoute
03/01 13:39:08:424 Total 1 instances are added
03/01 13:39:08:637 Total 0 instances are started
03/01 13:39:08:645 queue-not-found
Context: test/CommandRoute : test/CommandRoute
03/01 13:39:08:649 Total 1 instances are added
03/01 13:39:08:863 Total 0 instances are started
03/01 13:39:08:867 queue-not-found
Context: test/CommandRoute : test/CommandRoute
03/01 13:39:08:869 Total 1 instances are added
03/01 13:39:09:077 Total 0 instances are started
03/01 13:39:09:082 queue-not-found
Context: test/CommandRoute : test/CommandRoute
03/01 13:39:09:083 Total 1 instances are added
03/01 13:39:09:291 Total 0 instances are started
03/01 13:39:09:296 queue-not-found
Context: test/CommandRoute : test/CommandRoute
03/01 13:39:09:297 Total 1 instances are added
03/01 13:39:09:505 Total 0 instances are started
03/01 13:39:09:510 queue-not-found
Context: test/CommandRoute : test/CommandRoute
03/01 13:39:09:512 Total 1 instances are added
03/01 13:39:09:721 Total 0 instances are started
03/01 13:39:09:726 queue-not-found
Context: test/CommandRoute : test/CommandRoute
03/01 13:39:09:727 Total 1 instances are added
03/01 13:39:09:936 Total 0 instances are started
03/01 13:39:09:943 queue-not-found
Context: test/CommandRoute : test/CommandRoute
03/01 13:39:09:945 Total 1 instances are added
03/01 13:39:10:160 Total 0 instances are started
03/01 13:39:10:167 queue-not-found
Context: test/CommandRoute : test/CommandRoute
03/01 13:39:10:172 Total 1 instances are added
03/01 13:39:10:384 Total 0 instances are started
03/01 13:39:10:389 queue-not-found
Context: test/CommandRoute : test/CommandRoute
03/01 13:39:10:390 Total 1 instances are added
03/01 13:39:10:598 Total 0 instances are started
03/01 13:39:10:605 queue-not-found
Context: test/CommandRoute : test/CommandRoute
03/01 13:39:10:609 Total 1 instances are added
03/01 13:39:10:822 Total 0 instances are started
03/01 13:39:10:829 queue-not-found
Context: test/CommandRoute : test/CommandRoute
03/01 13:39:10:831 Total 1 instances are added
03/01 13:39:11:045 Total 0 instances are started
03/01 13:39:11:052 queue-not-found
Context: test/CommandRoute : test/CommandRoute
03/01 13:39:11:054 Total 1 instances are added
03/01 13:39:11:268 Total 0 instances are started
03/01 13:39:11:276 queue-not-found
Context: test/CommandRoute : test/CommandRoute
03/01 13:39:11:279 Total 1 instances are added
03/01 13:39:11:486 Total 0 instances are started
03/01 13:39:11:493 queue-not-found
Context: test/CommandRoute : test/CommandRoute
03/01 13:39:11:495 Total 1 instances are added
03/01 13:39:11:709 Total 0 instances are started
03/01 13:39:11:716 queue-not-found
Context: test/CommandRoute : test/CommandRoute
03/01 13:39:11:718 Total 1 instances are added
03/01 13:39:11:932 Total 0 instances are started
03/01 13:39:11:938 queue-not-found
Context: test/CommandRoute : test/CommandRoute
03/01 13:39:11:941 Total 1 instances are added
03/01 13:39:12:156 Total 0 instances are started
03/01 13:39:12:163 queue-not-found
Context: test/CommandRoute : test/CommandRoute
03/01 13:39:12:167 Total 1 instances are added
03/01 13:39:12:381 Total 0 instances are started
03/01 13:39:12:390 queue-not-found
Context: test/CommandRoute : test/CommandRoute
03/01 13:39:12:394 Total 1 instances are added
03/01 13:39:12:607 Total 0 instances are started
03/01 13:39:12:614 queue-not-found
Context: test/CommandRoute : test/CommandRoute
03/01 13:39:12:616 Total 1 instances are added
03/01 13:39:12:830 Total 0 instances are started
03/01 13:39:12:836 Total 1 instances are added
03/01 13:39:12:835 queue-not-found
Context: test/CommandRoute : test/CommandRoute
03/01 13:39:13:040 Total 0 instances are started
03/01 13:39:13:045 queue-not-found
Context: test/CommandRoute : test/CommandRoute
03/01 13:39:13:046 Total 1 instances are added
03/01 13:39:13:254 Total 0 instances are started
03/01 13:39:13:269 Total 1 instances are added
03/01 13:39:13:263 queue-not-found
Context: test/CommandRoute : test/CommandRoute
03/01 13:39:13:476 Total 0 instances are started
03/01 13:39:13:483 queue-not-found
Context: test/CommandRoute : test/CommandRoute
03/01 13:39:13:491 Total 1 instances are added
03/01 13:39:13:702 Total 0 instances are started
03/01 13:39:13:710 queue-not-found
Context: test/CommandRoute : test/CommandRoute
03/01 13:39:13:712 Total 1 instances are added
03/01 13:39:13:917 Total 0 instances are started
03/01 13:39:13:923 queue-not-found
Context: test/CommandRoute : test/CommandRoute
03/01 13:39:13:929 Total 1 instances are added
03/01 13:39:14:138 Total 0 instances are started
03/01 13:39:14:147 queue-not-found
Context: test/CommandRoute : test/CommandRoute
03/01 13:39:14:153 Total 1 instances are added
03/01 13:39:14:386 Total 0 instances are started
03/01 13:39:14:391 queue-not-found
Context: test/CommandRoute : test/CommandRoute
03/01 13:39:14:393 Total 1 instances are added
03/01 13:39:14:600 Total 0 instances are started
03/01 13:39:14:606 queue-not-found
Context: test/CommandRoute : test/CommandRoute
03/01 13:39:14:609 Total 1 instances are added
03/01 13:39:14:818 Total 0 instances are started
03/01 13:39:14:825 queue-not-found
Context: test/CommandRoute : test/CommandRoute
03/01 13:39:14:827 Total 1 instances are added
03/01 13:39:15:034 Total 0 instances are started
03/01 13:39:15:041 queue-not-found
Context: test/CommandRoute : test/CommandRoute
03/01 13:39:15:045 Total 1 instances are added
03/01 13:39:15:259 Total 0 instances are started
03/01 13:39:15:266 queue-not-found
Context: test/CommandRoute : test/CommandRoute
03/01 13:39:15:269 Total 1 instances are added
03/01 13:39:15:485 Total 0 instances are started
03/01 13:39:15:490 queue-not-found
Context: test/CommandRoute : test/CommandRoute
03/01 13:39:15:492 Total 1 instances are added
03/01 13:39:15:699 Total 0 instances are started
03/01 13:39:15:705 queue-not-found
Context: test/CommandRoute : test/CommandRoute
03/01 13:39:15:708 Total 1 instances are added
03/01 13:39:15:921 Total 0 instances are started
03/01 13:39:15:928 queue-not-found
Context: test/CommandRoute : test/CommandRoute
03/01 13:39:15:932 Total 1 instances are added
03/01 13:39:16:145 Total 0 instances are started
03/01 13:39:16:152 queue-not-found
Context: test/CommandRoute : test/CommandRoute
03/01 13:39:16:155 Total 1 instances are added
03/01 13:39:16:368 Total 0 instances are started
03/01 13:39:16:375 queue-not-found
Context: test/CommandRoute : test/CommandRoute
03/01 13:39:16:380 Total 1 instances are added
03/01 13:39:16:589 Total 0 instances are started
03/01 13:39:16:595 queue-not-found
Context: test/CommandRoute : test/CommandRoute
03/01 13:39:16:598 Total 1 instances are added
03/01 13:39:16:811 Total 0 instances are started
03/01 13:39:16:817 queue-not-found
Context: test/CommandRoute : test/CommandRoute
03/01 13:39:16:820 Total 1 instances are added
03/01 13:39:17:033 Total 0 instances are started
03/01 13:39:17:039 queue-not-found
Context: test/CommandRoute : test/CommandRoute
03/01 13:39:17:043 Total 1 instances are added
03/01 13:39:17:259 Total 0 instances are started
03/01 13:39:17:267 queue-not-found
Context: test/CommandRoute : test/CommandRoute
03/01 13:39:17:269 Total 1 instances are added
03/01 13:39:17:483 Total 0 instances are started
03/01 13:39:17:490 queue-not-found
Context: test/CommandRoute : test/CommandRoute
03/01 13:39:17:493 Total 1 instances are added
03/01 13:39:17:708 Total 0 instances are started
03/01 13:39:17:713 queue-not-found
Context: test/CommandRoute : test/CommandRoute
03/01 13:39:17:715 Total 1 instances are added
03/01 13:39:17:923 Total 0 instances are started
03/01 13:39:17:929 queue-not-found
Context: test/CommandRoute : test/CommandRoute
03/01 13:39:17:933 Total 1 instances are added
03/01 13:39:18:149 Total 0 instances are started
03/01 13:39:18:155 Total 1 instances are added
03/01 13:39:18:154 queue-not-found
Context: test/CommandRoute : test/CommandRoute
03/01 13:39:18:359 Total 0 instances are started
03/01 13:39:18:371 queue-not-found
Context: test/CommandRoute : test/CommandRoute
03/01 13:39:18:376 Total 1 instances are added
03/01 13:39:18:592 Total 0 instances are started
03/01 13:39:18:598 queue-not-found
Context: test/CommandRoute : test/CommandRoute
03/01 13:39:18:601 Total 1 instances are added
03/01 13:39:18:815 Total 0 instances are started
03/01 13:39:18:821 queue-not-found
Context: test/CommandRoute : test/CommandRoute
03/01 13:39:18:825 Total 1 instances are added
03/01 13:39:19:038 Total 0 instances are started
03/01 13:39:19:045 queue-not-found
Context: test/CommandRoute : test/CommandRoute
03/01 13:39:19:048 Total 1 instances are added
03/01 13:39:19:261 Total 0 instances are started
03/01 13:39:19:268 queue-not-found
Context: test/CommandRoute : test/CommandRoute
03/01 13:39:19:270 Total 1 instances are added
03/01 13:39:19:484 Total 0 instances are started
03/01 13:39:19:492 queue-not-found
Context: test/CommandRoute : test/CommandRoute
03/01 13:39:19:497 Total 1 instances are added
03/01 13:39:19:719 Total 0 instances are started
03/01 13:39:19:731 queue-not-found
Context: test/CommandRoute : test/CommandRoute
03/01 13:39:19:732 Total 1 instances are added
03/01 13:39:19:940 Total 0 instances are started
03/01 13:39:19:945 queue-not-found
Context: test/CommandRoute : test/CommandRoute
03/01 13:39:19:945 Total 1 instances are added
03/01 13:39:20:153 Total 0 instances are started
03/01 13:39:20:157 queue-not-found
Context: test/CommandRoute : test/CommandRoute
03/01 13:39:20:158 Total 1 instances are added
03/01 13:39:20:366 Total 0 instances are started
03/01 13:39:20:371 queue-not-found
Context: test/CommandRoute : test/CommandRoute
03/01 13:39:20:372 Total 1 instances are added
03/01 13:39:20:579 Total 0 instances are started
03/01 13:39:20:585 queue-not-found
Context: test/CommandRoute : test/CommandRoute
03/01 13:39:20:587 Total 1 instances are added
03/01 13:39:20:801 Total 0 instances are started
03/01 13:39:20:808 queue-not-found
Context: test/CommandRoute : test/CommandRoute
03/01 13:39:20:810 Total 1 instances are added
03/01 13:39:21:026 Total 0 instances are started
03/01 13:39:21:033 queue-not-found
Context: test/CommandRoute : test/CommandRoute
03/01 13:39:21:036 Total 1 instances are added
03/01 13:39:21:251 Total 0 instances are started
03/01 13:39:21:258 queue-not-found
Context: test/CommandRoute : test/CommandRoute
03/01 13:39:21:267 Total 1 instances are added
03/01 13:39:21:477 Total 0 instances are started
03/01 13:39:21:483 queue-not-found
Context: test/CommandRoute : test/CommandRoute
03/01 13:39:21:483 Total 1 instances are added
03/01 13:39:21:692 Total 0 instances are started
03/01 13:39:21:699 queue-not-found
Context: test/CommandRoute : test/CommandRoute
03/01 13:39:21:702 Total 1 instances are added
03/01 13:39:21:911 Total 0 instances are started
03/01 13:39:21:916 queue-not-found
Context: test/CommandRoute : test/CommandRoute
03/01 13:39:21:918 Total 1 instances are added
03/01 13:39:22:126 Total 0 instances are started
03/01 13:39:22:133 queue-not-found
Context: test/CommandRoute : test/CommandRoute
03/01 13:39:22:138 Total 1 instances are added
03/01 13:39:22:352 Total 0 instances are started
03/01 13:39:22:360 queue-not-found
Context: test/CommandRoute : test/CommandRoute
03/01 13:39:22:364 Total 1 instances are added
03/01 13:39:22:577 Total 0 instances are started
03/01 13:39:22:581 queue-not-found
Context: test/CommandRoute : test/CommandRoute
03/01 13:39:22:584 Total 1 instances are added
03/01 13:39:22:791 Total 0 instances are started
03/01 13:39:22:799 queue-not-found
Context: test/CommandRoute : test/CommandRoute
03/01 13:39:22:802 Total 1 instances are added
03/01 13:39:23:014 Total 0 instances are started
03/01 13:39:23:020 queue-not-found
Context: test/CommandRoute : test/CommandRoute
03/01 13:39:23:022 Total 1 instances are added
03/01 13:39:23:237 Total 0 instances are started
03/01 13:39:23:241 queue-not-found
Context: test/CommandRoute : test/CommandRoute
03/01 13:39:23:243 Total 1 instances are added
03/01 13:39:23:451 Total 0 instances are started
03/01 13:39:23:456 queue-not-found
Context: test/CommandRoute : test/CommandRoute
03/01 13:39:23:458 Total 1 instances are added
03/01 13:39:23:663 Total 0 instances are started
03/01 13:39:23:668 queue-not-found
Context: test/CommandRoute : test/CommandRoute
03/01 13:39:23:669 Total 1 instances are added
03/01 13:39:23:875 Total 0 instances are started
03/01 13:39:23:882 queue-not-found
Context: test/CommandRoute : test/CommandRoute
03/01 13:39:23:885 Total 1 instances are added
03/01 13:39:24:091 Total 0 instances are started
03/01 13:39:24:096 queue-not-found
Context: test/CommandRoute : test/CommandRoute
03/01 13:39:24:097 Total 1 instances are added
03/01 13:39:24:304 Total 0 instances are started
03/01 13:39:24:309 queue-not-found
Context: test/CommandRoute : test/CommandRoute
03/01 13:39:24:314 Total 1 instances are added
03/01 13:39:24:523 Total 0 instances are started
03/01 13:39:24:531 queue-not-found
Context: test/CommandRoute : test/CommandRoute
03/01 13:39:24:534 Total 1 instances are added
03/01 13:39:24:750 Total 0 instances are started
03/01 13:39:24:757 queue-not-found
Context: test/CommandRoute : test/CommandRoute
03/01 13:39:24:761 Total 1 instances are added
03/01 13:39:24:992 Total 0 instances are started
03/01 13:39:24:998 queue-not-found
Context: test/CommandRoute : test/CommandRoute
03/01 13:39:24:999 Total 1 instances are added
03/01 13:39:25:208 Total 0 instances are started
03/01 13:39:25:214 queue-not-found
Context: test/CommandRoute : test/CommandRoute
03/01 13:39:25:214 Total 1 instances are added
03/01 13:39:25:422 Total 0 instances are started
03/01 13:39:25:425 queue-not-found
Context: test/CommandRoute : test/CommandRoute
03/01 13:39:25:426 Total 1 instances are added
03/01 13:39:25:634 Total 0 instances are started
03/01 13:39:25:641 queue-not-found
Context: test/CommandRoute : test/CommandRoute
03/01 13:39:25:644 Total 1 instances are added
03/01 13:39:25:858 Total 0 instances are started
03/01 13:39:25:864 queue-not-found
Context: test/CommandRoute : test/CommandRoute
03/01 13:39:25:867 Total 1 instances are added
03/01 13:39:26:080 Total 0 instances are started
03/01 13:39:26:087 queue-not-found
Context: test/CommandRoute : test/CommandRoute
03/01 13:39:26:091 Total 1 instances are added
03/01 13:39:26:306 Total 0 instances are started
03/01 13:39:26:315 queue-not-found
Context: test/CommandRoute : test/CommandRoute
03/01 13:39:26:316 Total 1 instances are added
03/01 13:39:26:528 Total 0 instances are started
03/01 13:39:26:534 queue-not-found
Context: test/CommandRoute : test/CommandRoute
03/01 13:39:26:536 Total 1 instances are added
03/01 13:39:26:748 Total 0 instances are started
03/01 13:39:26:754 queue-not-found
Context: test/CommandRoute : test/CommandRoute
03/01 13:39:26:756 Total 1 instances are added
03/01 13:39:26:966 Total 0 instances are started
03/01 13:39:26:972 queue-not-found
Context: test/CommandRoute : test/CommandRoute
03/01 13:39:26:975 Total 1 instances are added
03/01 13:39:27:185 Total 0 instances are started
03/01 13:39:27:199 queue-not-found
Context: test/CommandRoute : test/CommandRoute
03/01 13:39:27:199 Total 1 instances are added
03/01 13:39:27:409 Total 0 instances are started
03/01 13:39:27:419 queue-not-found
Context: test/CommandRoute : test/CommandRoute
03/01 13:39:27:421 Total 1 instances are added
03/01 13:39:27:629 Total 0 instances are started
03/01 13:39:27:639 queue-not-found
Context: test/CommandRoute : test/CommandRoute
03/01 13:39:27:645 Total 1 instances are added
03/01 13:39:27:857 Total 0 instances are started
03/01 13:39:27:863 queue-not-found
Context: test/CommandRoute : test/CommandRoute
03/01 13:39:27:864 Total 1 instances are added
03/01 13:39:28:072 Total 0 instances are started
03/01 13:39:28:080 queue-not-found
Context: test/CommandRoute : test/CommandRoute
03/01 13:39:28:083 Total 1 instances are added
03/01 13:39:28:297 Total 0 instances are started
03/01 13:39:28:302 queue-not-found
Context: test/CommandRoute : test/CommandRoute
03/01 13:39:28:303 Total 1 instances are added
03/01 13:39:28:511 Total 0 instances are started
03/01 13:39:28:518 queue-not-found
Context: test/CommandRoute : test/CommandRoute
03/01 13:39:28:521 Total 1 instances are added
03/01 13:39:28:735 Total 0 instances are started
03/01 13:39:28:741 queue-not-found
Context: test/CommandRoute : test/CommandRoute
03/01 13:39:28:746 Total 1 instances are added
03/01 13:39:28:963 Total 0 instances are started
03/01 13:39:28:970 queue-not-found
Context: test/CommandRoute : test/CommandRoute
03/01 13:39:28:972 Total 1 instances are added
03/01 13:39:29:189 Total 0 instances are started
03/01 13:39:29:196 queue-not-found
Context: test/CommandRoute : test/CommandRoute
03/01 13:39:29:200 Total 1 instances are added
03/01 13:39:29:413 Total 0 instances are started
03/01 13:39:29:420 queue-not-found
Context: test/CommandRoute : test/CommandRoute
03/01 13:39:29:422 Total 1 instances are added
03/01 13:39:29:635 Total 0 instances are started
03/01 13:39:29:643 queue-not-found
Context: test/CommandRoute : test/CommandRoute
03/01 13:39:29:647 Total 1 instances are added
03/01 13:39:29:858 Total 0 instances are started
03/01 13:39:29:865 queue-not-found
Context: test/CommandRoute : test/CommandRoute
03/01 13:39:29:868 Total 1 instances are added
03/01 13:39:30:083 Total 0 instances are started
03/01 13:39:30:090 queue-not-found
Context: test/CommandRoute : test/CommandRoute
03/01 13:39:30:093 Total 1 instances are added
03/01 13:39:30:307 Total 0 instances are started
03/01 13:39:30:312 queue-not-found
Context: test/CommandRoute : test/CommandRoute
03/01 13:39:30:313 Total 1 instances are added
03/01 13:39:30:521 Total 0 instances are started
03/01 13:39:30:526 queue-not-found
Context: test/CommandRoute : test/CommandRoute
03/01 13:39:30:527 Total 1 instances are added
03/01 13:39:30:735 Total 0 instances are started
03/01 13:39:30:740 queue-not-found
Context: test/CommandRoute : test/CommandRoute
03/01 13:39:30:740 Total 1 instances are added
03/01 13:39:30:948 Total 0 instances are started
03/01 13:39:30:954 queue-not-found
Context: test/CommandRoute : test/CommandRoute
03/01 13:39:30:955 Total 1 instances are added
03/01 13:39:31:164 Total 0 instances are started
03/01 13:39:31:169 queue-not-found
Context: test/CommandRoute : test/CommandRoute
03/01 13:39:31:170 Total 1 instances are added
03/01 13:39:31:376 Total 0 instances are started
03/01 13:39:31:381 queue-not-found
Context: test/CommandRoute : test/CommandRoute
03/01 13:39:31:381 Total 1 instances are added
03/01 13:39:31:589 Total 0 instances are started
03/01 13:39:31:593 queue-not-found
Context: test/CommandRoute : test/CommandRoute
03/01 13:39:31:594 Total 1 instances are added
03/01 13:39:31:802 Total 0 instances are started
03/01 13:39:31:806 queue-not-found
Context: test/CommandRoute : test/CommandRoute
03/01 13:39:31:808 Total 1 instances are added
03/01 13:39:32:017 Total 0 instances are started
03/01 13:39:32:023 queue-not-found
Context: test/CommandRoute : test/CommandRoute
03/01 13:39:32:026 Total 1 instances are added
03/01 13:39:32:243 Total 0 instances are started
03/01 13:39:32:249 Total 1 instances are added
03/01 13:39:32:795 queue-not-found
Context: test/CommandRoute : test/CommandRoute
03/01 13:39:32:953 Total 0 instances are started
03/01 13:39:32:957 queue-not-found
Context: test/CommandRoute : test/CommandRoute
03/01 13:39:32:959 Total 1 instances are added
03/01 13:39:33:169 Total 0 instances are started
03/01 13:39:33:172 queue-not-found
Context: test/CommandRoute : test/CommandRoute
03/01 13:39:33:174 Total 1 instances are added
03/01 13:39:33:382 Total 0 instances are started
03/01 13:39:33:387 queue-not-found
Context: test/CommandRoute : test/CommandRoute
03/01 13:39:33:388 Total 1 instances are added
03/01 13:39:33:594 Total 0 instances are started
03/01 13:39:33:601 queue-not-found
Context: test/CommandRoute : test/CommandRoute
03/01 13:39:33:603 Total 1 instances are added
03/01 13:39:33:813 Total 0 instances are started
03/01 13:39:33:820 queue-not-found
Context: test/CommandRoute : test/CommandRoute
03/01 13:39:33:825 Total 1 instances are added
03/01 13:39:34:039 Total 0 instances are started
03/01 13:39:34:046 queue-not-found
Context: test/CommandRoute : test/CommandRoute
03/01 13:39:34:048 Total 1 instances are added
03/01 13:39:34:264 Total 0 instances are started
03/01 13:39:34:271 queue-not-found
Context: test/CommandRoute : test/CommandRoute
03/01 13:39:34:275 Total 1 instances are added
03/01 13:39:34:485 Total 0 instances are started
03/01 13:39:34:489 queue-not-found
Context: test/CommandRoute : test/CommandRoute
03/01 13:39:34:491 Total 1 instances are added
03/01 13:39:34:696 Total 0 instances are started
03/01 13:39:34:701 queue-not-found
Context: test/CommandRoute : test/CommandRoute
03/01 13:39:34:702 Total 1 instances are added
03/01 13:39:34:908 Total 0 instances are started
03/01 13:39:34:914 Total 1 instances are added
03/01 13:39:34:912 queue-not-found
Context: test/CommandRoute : test/CommandRoute
03/01 13:39:35:117 Total 0 instances are started
03/01 13:39:35:121 queue-not-found
Context: test/CommandRoute : test/CommandRoute
03/01 13:39:35:122 Total 1 instances are added
03/01 13:39:35:330 Total 0 instances are started
03/01 13:39:35:335 queue-not-found
Context: test/CommandRoute : test/CommandRoute
03/01 13:39:35:336 Total 1 instances are added
03/01 13:39:35:544 Total 0 instances are started
03/01 13:39:35:548 queue-not-found
Context: test/CommandRoute : test/CommandRoute
03/01 13:39:35:550 Total 1 instances are added
03/01 13:39:35:758 Total 0 instances are started
03/01 13:39:35:768 queue-not-found
Context: test/CommandRoute : test/CommandRoute
03/01 13:39:35:773 Total 1 instances are added
03/01 13:39:35:985 Total 0 instances are started
03/01 13:39:35:991 queue-not-found
Context: test/CommandRoute : test/CommandRoute
03/01 13:39:35:994 Total 1 instances are added
03/01 13:39:36:206 Total 0 instances are started
03/01 13:39:36:212 queue-not-found
Context: test/CommandRoute : test/CommandRoute
03/01 13:39:36:217 Total 1 instances are added
03/01 13:39:36:432 Total 0 instances are started
03/01 13:39:36:437 queue-not-found
Context: test/CommandRoute : test/CommandRoute
03/01 13:39:36:438 Total 1 instances are added
03/01 13:39:36:646 Total 0 instances are started
03/01 13:39:36:654 queue-not-found
Context: test/CommandRoute : test/CommandRoute
03/01 13:39:36:657 Total 1 instances are added
03/01 13:39:36:871 Total 0 instances are started
03/01 13:39:36:875 queue-not-found
Context: test/CommandRoute : test/CommandRoute
03/01 13:39:36:877 Total 1 instances are added
03/01 13:39:37:087 Total 0 instances are started
03/01 13:39:37:128 Total 1 instances are added
03/01 13:39:37:155 queue-not-found
Context: test/CommandStatistic : test/CommandStatistic
03/01 13:39:37:379 Total 0 instances are started
03/01 13:39:37:393 Total 1 instances are added
03/01 13:39:37:411 queue-not-found
Context: test/CommandStatistic : test/CommandStatistic
03/01 13:39:37:605 Total 0 instances are started
03/01 13:39:37:619 queue-not-found
Context: test/CommandStatistic : test/CommandStatistic
03/01 13:39:37:621 Total 1 instances are added
03/01 13:39:37:842 Total 0 instances are started
03/01 13:39:37:847 queue-not-found
Context: test/CommandStatistic : test/CommandStatistic
03/01 13:39:37:849 Total 1 instances are added
03/01 13:39:38:058 Total 0 instances are started
03/01 13:39:38:064 queue-not-found
Context: test/CommandStatistic : test/CommandStatistic
03/01 13:39:38:068 Total 1 instances are added
03/01 13:39:38:273 Total 0 instances are started
03/01 13:39:38:278 queue-not-found
Context: test/CommandStatistic : test/CommandStatistic
03/01 13:39:38:280 Total 1 instances are added
03/01 13:39:38:489 Total 0 instances are started
03/01 13:39:38:495 queue-not-found
Context: test/CommandStatistic : test/CommandStatistic
03/01 13:39:38:496 Total 1 instances are added
03/01 13:39:38:704 Total 0 instances are started
03/01 13:39:38:709 queue-not-found
Context: test/CommandStatistic : test/CommandStatistic
03/01 13:39:38:710 Total 1 instances are added
03/01 13:39:38:919 Total 0 instances are started
03/01 13:39:38:926 queue-not-found
Context: test/CommandStatistic : test/CommandStatistic
03/01 13:39:38:929 Total 1 instances are added
03/01 13:39:39:142 Total 0 instances are started
03/01 13:39:39:147 queue-not-found
Context: test/CommandStatistic : test/CommandStatistic
03/01 13:39:39:148 Total 1 instances are added
03/01 13:39:39:357 Total 0 instances are started
03/01 13:39:39:362 queue-not-found
Context: test/CommandStatistic : test/CommandStatistic
03/01 13:39:39:363 Total 1 instances are added
03/01 13:39:39:572 Total 0 instances are started
03/01 13:39:39:580 queue-not-found
Context: test/CommandStatistic : test/CommandStatistic
03/01 13:39:39:584 Total 1 instances are added
03/01 13:39:39:797 Total 0 instances are started
03/01 13:39:39:804 queue-not-found
Context: test/CommandStatistic : test/CommandStatistic
03/01 13:39:39:807 Total 1 instances are added
03/01 13:39:40:023 Total 0 instances are started
03/01 13:39:40:030 queue-not-found
Context: test/CommandStatistic : test/CommandStatistic
03/01 13:39:40:032 Total 1 instances are added
03/01 13:39:40:246 Total 0 instances are started
03/01 13:39:40:252 queue-not-found
Context: test/CommandStatistic : test/CommandStatistic
03/01 13:39:40:254 Total 1 instances are added
03/01 13:39:40:468 Total 0 instances are started
03/01 13:39:40:475 queue-not-found
Context: test/CommandStatistic : test/CommandStatistic
03/01 13:39:40:478 Total 1 instances are added
03/01 13:39:40:694 Total 0 instances are started
03/01 13:39:40:702 queue-not-found
Context: test/CommandStatistic : test/CommandStatistic
03/01 13:39:40:705 Total 1 instances are added
03/01 13:39:40:918 Total 0 instances are started
03/01 13:39:40:922 queue-not-found
Context: test/CommandStatistic : test/CommandStatistic
03/01 13:39:40:923 Total 1 instances are added
03/01 13:39:41:132 Total 0 instances are started
03/01 13:39:41:140 queue-not-found
Context: test/CommandStatistic : test/CommandStatistic
03/01 13:39:41:143 Total 1 instances are added
03/01 13:39:41:357 Total 0 instances are started
03/01 13:39:41:364 queue-not-found
Context: test/CommandStatistic : test/CommandStatistic
03/01 13:39:41:367 Total 1 instances are added
03/01 13:39:41:582 Total 0 instances are started
03/01 13:39:41:586 queue-not-found
Context: test/CommandStatistic : test/CommandStatistic
03/01 13:39:41:587 Total 1 instances are added
03/01 13:39:41:795 Total 0 instances are started
03/01 13:39:41:799 queue-not-found
Context: test/CommandStatistic : test/CommandStatistic
03/01 13:39:41:801 Total 1 instances are added
03/01 13:39:42:009 Total 0 instances are started
03/01 13:39:42:014 queue-not-found
Context: test/CommandStatistic : test/CommandStatistic
03/01 13:39:42:015 Total 1 instances are added
03/01 13:39:42:225 Total 0 instances are started
03/01 13:39:42:230 queue-not-found
Context: test/CommandStatistic : test/CommandStatistic
03/01 13:39:42:231 Total 1 instances are added
03/01 13:39:42:438 Total 0 instances are started
03/01 13:39:42:444 queue-not-found
Context: test/CommandStatistic : test/CommandStatistic
03/01 13:39:42:448 Total 1 instances are added
03/01 13:39:42:662 Total 0 instances are started
03/01 13:39:42:670 queue-not-found
Context: test/CommandStatistic : test/CommandStatistic
03/01 13:39:42:674 Total 1 instances are added
03/01 13:39:42:900 Total 0 instances are started
03/01 13:39:42:907 queue-not-found
Context: test/CommandStatistic : test/CommandStatistic
03/01 13:39:42:910 Total 1 instances are added
03/01 13:39:43:125 Total 0 instances are started
03/01 13:39:43:132 queue-not-found
Context: test/CommandStatistic : test/CommandStatistic
03/01 13:39:43:135 Total 1 instances are added
03/01 13:39:43:353 Total 0 instances are started
03/01 13:39:43:360 queue-not-found
Context: test/CommandStatistic : test/CommandStatistic
03/01 13:39:43:362 Total 1 instances are added
03/01 13:39:43:576 Total 0 instances are started
03/01 13:39:43:581 queue-not-found
Context: test/CommandStatistic : test/CommandStatistic
03/01 13:39:43:582 Total 1 instances are added
03/01 13:39:43:791 Total 0 instances are started
03/01 13:39:43:795 queue-not-found
Context: test/CommandStatistic : test/CommandStatistic
03/01 13:39:43:797 Total 1 instances are added
03/01 13:39:44:003 Total 0 instances are started
03/01 13:39:44:007 queue-not-found
Context: test/CommandStatistic : test/CommandStatistic
03/01 13:39:44:008 Total 1 instances are added
03/01 13:39:44:215 Total 0 instances are started
03/01 13:39:44:219 queue-not-found
Context: test/CommandStatistic : test/CommandStatistic
03/01 13:39:44:220 Total 1 instances are added
03/01 13:39:44:428 Total 0 instances are started
03/01 13:39:44:435 queue-not-found
Context: test/CommandStatistic : test/CommandStatistic
03/01 13:39:44:439 Total 1 instances are added
03/01 13:39:44:652 Total 0 instances are started
03/01 13:39:44:658 queue-not-found
Context: test/CommandStatistic : test/CommandStatistic
03/01 13:39:44:660 Total 1 instances are added
03/01 13:39:44:874 Total 0 instances are started
03/01 13:39:44:880 queue-not-found
Context: test/CommandStatistic : test/CommandStatistic
03/01 13:39:44:884 Total 1 instances are added
03/01 13:39:45:099 Total 0 instances are started
03/01 13:39:45:103 queue-not-found
Context: test/CommandStatistic : test/CommandStatistic
03/01 13:39:45:104 Total 1 instances are added
03/01 13:39:45:313 Total 0 instances are started
03/01 13:39:45:319 queue-not-found
Context: test/CommandStatistic : test/CommandStatistic
03/01 13:39:45:323 Total 1 instances are added
03/01 13:39:45:537 Total 0 instances are started
03/01 13:39:45:545 queue-not-found
Context: test/CommandStatistic : test/CommandStatistic
03/01 13:39:45:549 Total 1 instances are added
03/01 13:39:45:763 Total 0 instances are started
03/01 13:39:45:768 queue-not-found
Context: test/CommandStatistic : test/CommandStatistic
03/01 13:39:45:769 Total 1 instances are added
03/01 13:39:45:979 Total 0 instances are started
03/01 13:39:45:985 queue-not-found
Context: test/CommandStatistic : test/CommandStatistic
03/01 13:39:45:988 Total 1 instances are added
03/01 13:39:46:203 Total 0 instances are started
03/01 13:39:46:208 queue-not-found
Context: test/CommandStatistic : test/CommandStatistic
03/01 13:39:46:210 Total 1 instances are added
03/01 13:39:46:419 Total 0 instances are started
03/01 13:39:46:426 queue-not-found
Context: test/CommandStatistic : test/CommandStatistic
03/01 13:39:46:429 Total 1 instances are added
03/01 13:39:46:644 Total 0 instances are started
03/01 13:39:46:648 queue-not-found
Context: test/CommandStatistic : test/CommandStatistic
03/01 13:39:46:650 Total 1 instances are added
03/01 13:39:46:859 Total 0 instances are started
03/01 13:39:46:863 queue-not-found
Context: test/CommandStatistic : test/CommandStatistic
03/01 13:39:46:865 Total 1 instances are added
03/01 13:39:47:073 Total 0 instances are started
03/01 13:39:47:077 queue-not-found
Context: test/CommandStatistic : test/CommandStatistic
03/01 13:39:47:078 Total 1 instances are added
03/01 13:39:47:285 Total 0 instances are started
03/01 13:39:47:292 queue-not-found
Context: test/CommandStatistic : test/CommandStatistic
03/01 13:39:47:298 Total 1 instances are added
03/01 13:39:47:513 Total 0 instances are started
03/01 13:39:47:521 queue-not-found
Context: test/CommandStatistic : test/CommandStatistic
03/01 13:39:47:524 Total 1 instances are added
03/01 13:39:47:739 Total 0 instances are started
03/01 13:39:47:749 queue-not-found
Context: test/CommandStatistic : test/CommandStatistic
03/01 13:39:47:755 Total 1 instances are added
03/01 13:39:47:973 Total 0 instances are started
03/01 13:39:47:978 queue-not-found
Context: test/CommandStatistic : test/CommandStatistic
03/01 13:39:47:980 Total 1 instances are added
03/01 13:39:48:188 Total 0 instances are started
03/01 13:39:48:195 queue-not-found
Context: test/CommandStatistic : test/CommandStatistic
03/01 13:39:48:199 Total 1 instances are added
03/01 13:39:48:412 Total 0 instances are started
03/01 13:39:48:417 queue-not-found
Context: test/CommandStatistic : test/CommandStatistic
03/01 13:39:48:419 Total 1 instances are added
03/01 13:39:48:627 Total 0 instances are started
03/01 13:39:48:632 Total 1 instances are added
03/01 13:39:48:631 queue-not-found
Context: test/CommandStatistic : test/CommandStatistic
03/01 13:39:48:837 Total 0 instances are started
03/01 13:39:48:844 queue-not-found
Context: test/CommandStatistic : test/CommandStatistic
03/01 13:39:48:847 Total 1 instances are added
03/01 13:39:49:062 Total 0 instances are started
03/01 13:39:49:068 queue-not-found
Context: test/CommandStatistic : test/CommandStatistic
03/01 13:39:49:070 Total 1 instances are added
03/01 13:39:49:284 Total 0 instances are started
03/01 13:39:49:290 queue-not-found
Context: test/CommandStatistic : test/CommandStatistic
03/01 13:39:49:293 Total 1 instances are added
03/01 13:39:49:510 Total 0 instances are started
03/01 13:39:49:517 queue-not-found
Context: test/CommandStatistic : test/CommandStatistic
03/01 13:39:49:522 Total 1 instances are added
03/01 13:39:49:736 Total 0 instances are started
03/01 13:39:49:742 queue-not-found
Context: test/CommandStatistic : test/CommandStatistic
03/01 13:39:49:748 Total 1 instances are added
03/01 13:39:49:862 Close pool
03/01 13:39:49:967 Close queue connection pool.
03/01 13:39:49:976 End of process session
03/01 13:39:49:985 Viettel 8x26 stopped
03/01 13:40:03:887 Viettel 8x26 started
03/01 13:40:03:924 Close pool
03/01 13:40:03:929 Close pool
03/01 13:40:03:933 Testing connection ...
03/01 13:40:03:937 Created provisioning instance for VT8X26
03/01 13:40:03:941 Testing connection are success
03/01 13:40:03:945 Starting process session
03/01 13:40:04:050 Total 0 instances are started
03/01 13:40:04:060 Total 1 instances are added
03/01 14:44:48:663 Viettel 8x26 started
03/01 14:44:48:693 Testing connection ...
03/01 14:44:48:698 Created provisioning instance for VT8X26
03/01 14:44:48:704 Testing connection are success
03/01 14:44:48:708 Starting process session
03/01 14:44:48:815 Total 0 instances are started
03/01 14:44:48:826 Total 1 instances are added
03/01 14:47:02:842 Close pool
03/01 14:47:02:956 Close queue connection pool.
03/01 14:47:02:968 End of process session
03/01 14:47:02:975 Viettel 8x26 stopped
03/01 15:29:23:458 Viettel 8x26 started
03/01 15:29:23:590 Testing connection ...
03/01 15:29:23:598 Created provisioning instance for VT8X26
03/01 15:29:23:606 Testing connection are success
03/01 15:29:23:614 Starting process session
03/01 15:29:23:782 Total 0 instances are started
03/01 15:29:23:795 Total 1 instances are added
03/01 15:39:40:832 Viettel 8x26 started
03/01 15:39:40:905 Testing connection ...
03/01 15:39:40:912 Created provisioning instance for VT8X26
03/01 15:39:40:918 Testing connection are success
03/01 15:39:40:926 Starting process session
03/01 15:39:41:035 Total 0 instances are started
03/01 15:39:41:048 Total 1 instances are added
03/01 15:39:41:857 Close pool
03/01 15:39:41:966 Close queue connection pool.
03/01 15:39:41:979 End of process session
03/01 15:39:41:984 Viettel 8x26 stopped
03/01 15:39:43:862 Viettel 8x26 started
03/01 15:39:43:914 Close pool
03/01 15:39:43:922 Close pool
03/01 15:39:43:930 Testing connection ...
03/01 15:39:43:938 Created provisioning instance for VT8X26
03/01 15:39:43:946 Testing connection are success
03/01 15:39:43:954 Starting process session
03/01 15:39:44:062 Total 0 instances are started
03/01 15:39:44:075 Total 1 instances are added
03/01 16:00:45:662 Viettel 8x26 started
03/01 16:00:45:717 Testing connection ...
03/01 16:00:45:725 Created provisioning instance for VT8X26
03/01 16:00:45:735 Testing connection are success
03/01 16:00:45:743 Starting process session
03/01 16:00:45:855 Total 0 instances are started
03/01 16:00:45:868 Total 1 instances are added
03/01 16:01:06:556 java.lang.ClassCastException: com.crm.provisioning.cache.ProvisioningConnection cannot be cast to com.crm.provisioning.impl.quizquestion.Viettel8x26Connection
03/01 16:01:06:701 Total 0 instances are started
03/01 16:01:06:708 Total 1 instances are added
03/01 16:01:07:008 Created provisioning instance for VT8X26
03/01 16:01:07:098 java.lang.ClassCastException: com.crm.provisioning.cache.ProvisioningConnection cannot be cast to com.crm.provisioning.impl.quizquestion.Viettel8x26Connection
03/01 16:01:07:214 Total 0 instances are started
03/01 16:01:07:220 Total 1 instances are added
03/01 16:01:07:523 Created provisioning instance for VT8X26
03/01 16:01:07:590 java.lang.ClassCastException: com.crm.provisioning.cache.ProvisioningConnection cannot be cast to com.crm.provisioning.impl.quizquestion.Viettel8x26Connection
03/01 16:01:07:725 Total 0 instances are started
03/01 16:01:07:733 Total 1 instances are added
03/01 16:06:29:128 Viettel 8x26 started
03/01 16:06:29:702 Testing connection ...
03/01 16:06:29:714 Created provisioning instance for VT8X26
03/01 16:06:29:724 Testing connection are success
03/01 16:06:29:732 Starting process session
03/01 16:06:29:865 Total 0 instances are started
03/01 16:06:29:875 Total 1 instances are added
03/01 16:07:02:868 submit request (RequestId: 0) (MoId: 0) (SrcNum: 8626) (DstNum: 84968918527?) (MsgContent: Ban da yeu cau dich vu ACOMVT_GET, tin nhan se duoc gui trong giay lat.)
03/01 16:07:05:101 response received (MTResult: Error: CmdCode)
03/01 16:07:05:110 submit request (RequestId: 0) (MoId: 0) (SrcNum: 8626) (DstNum: 84968918527?) (MsgContent: Link dich vu: : http://goo.gl/OQYcBr)
03/01 16:07:05:186 response received (MTResult: Error: CmdCode)
03/01 16:07:05:195 submit request (RequestId: 0) (MoId: 0) (SrcNum: 8626) (DstNum: 84968918527?) (MsgContent: Stephen Wozniak - Nguoi dong sang lap hang Apple cung tung la mot hacker?A-Dung, B-Sai.Gui GET A hoac GET B den 6619)
03/01 16:07:05:284 response received (MTResult: Error: CmdCode)
03/01 16:10:24:809 submit request (RequestId: 0) (MoId: 0) (SrcNum: 8626) (DstNum: 84968918527?) (MsgContent: Ban da yeu cau dich vu ACOMVT_GET, tin nhan se duoc gui trong giay lat.)
03/01 16:10:25:407 org.apache.axis2.AxisFault: com.ctc.wstx.exc.WstxUnexpectedCharException: Unexpected character '"' (code 34) in DOCTYPE declaration; expected a space between public and system identifiers
 at [row,col {unknown-source}]: [1,62]
03/01 16:10:25:607 Total 0 instances are started
03/01 16:10:25:614 submit request (RequestId: 0) (MoId: 0) (SrcNum: 8626) (DstNum: 84968918527?) (MsgContent: Link dich vu: : http://goo.gl/OQYcBr)
03/01 16:10:25:618 Total 1 instances are added
03/01 16:10:25:757 response received (MTResult: Ok)
03/01 16:10:25:770 submit request (RequestId: 0) (MoId: 0) (SrcNum: 8626) (DstNum: 84968918527?) (MsgContent: Rat nhieu "Trojan horse" chua dung cac phan mem gian diep? A-Dung, B-Sai.Gui GET A hoac GET B den 6619)
03/01 16:10:25:847 response received (MTResult: Ok)
03/01 16:23:23:308 Viettel 8x26 started
03/01 16:23:23:366 Testing connection ...
03/01 16:23:23:373 Created provisioning instance for VT8X26
03/01 16:23:23:378 Testing connection are success
03/01 16:23:23:383 Starting process session
03/01 16:23:23:505 Total 0 instances are started
03/01 16:23:23:519 Total 1 instances are added
03/01 16:26:49:504 submit request (RequestId: 0) (MoId: 0) (SrcNum: 8626) (DstNum: 84968918527?) (MsgContent: Ban da yeu cau dich vu ACOMVT_GET, tin nhan se duoc gui trong giay lat.)
03/01 16:26:50:284 response received (MTResult: Ok)
03/01 16:26:50:291 submit request (RequestId: 0) (MoId: 0) (SrcNum: 8626) (DstNum: 84968918527?) (MsgContent: Softpedia la mot website cung cap phan mem da kiem duyet va co phan hoi cua nguoi dung? A-Dung, B-Sai.Gui GET A hoac GET B den 6619)
03/01 16:26:50:403 response received (MTResult: Ok)
03/01 16:33:32:297 submit request (RequestId: 0) (MoId: 0) (SrcNum: 8626) (DstNum: 84968918527?) (MsgContent: Xin loi, he thong dang ban. Xin quy khach vui long nhan tin lai sau.)
03/01 16:33:32:389 response received (MTResult: Ok)
03/01 16:33:33:401 submit request (RequestId: 0) (MoId: 0) (SrcNum: 8626) (DstNum: 84968918527?) (MsgContent: Softpedia la mot website cung cap phan mem da kiem duyet va co phan hoi cua nguoi dung? A-Dung, B-Sai.Gui GET A hoac GET B den 6619)
03/01 16:33:33:526 response received (MTResult: Ok)
03/01 16:39:25:387 submit request (RequestId: 0) (MoId: 1235) (SrcNum: 8626) (DstNum: 84968918527?) (MsgContent: Ban da yeu cau dich vu ACOMVT_GET, tin nhan se duoc gui trong giay lat.)
03/01 16:39:25:757 org.apache.axis2.AxisFault: com.ctc.wstx.exc.WstxUnexpectedCharException: Unexpected character '"' (code 34) in DOCTYPE declaration; expected a space between public and system identifiers
 at [row,col {unknown-source}]: [1,62]
03/01 16:39:25:885 Total 0 instances are started
03/01 16:39:25:890 submit request (RequestId: 0) (MoId: 1235) (SrcNum: 8626) (DstNum: 84968918527?) (MsgContent: Link dich vu: : http://goo.gl/OQYcBr)
03/01 16:39:25:894 Total 1 instances are added
03/01 16:39:25:982 response received (MTResult: Ok)
03/01 16:39:26:394 submit request (RequestId: 0) (MoId: 1235) (SrcNum: 8626) (DstNum: 84968918527?) (MsgContent: Softpedia la mot website cung cap phan mem da kiem duyet va co phan hoi cua nguoi dung? A-Dung, B-Sai.Gui GET A hoac GET B den 6619)
03/01 16:39:26:495 response received (MTResult: Ok)
