03/01 14:47:32:377 VNM Send SMS started
03/01 14:47:32:431 Testing connection ...
03/01 14:47:32:436 Testing connection are success
03/01 14:47:32:440 Starting process session
03/01 14:47:40:184 queue-not-found
Context: test/VNM : test/VNM
03/01 14:47:40:764 queue-not-found
Context: test/VNM : test/VNM
03/01 14:47:41:092 queue-not-found
Context: test/VNM : test/VNM
03/01 14:47:41:612 queue-not-found
Context: test/VNM : test/VNM
03/01 14:47:41:756 queue-not-found
Context: test/VNM : test/VNM
03/01 14:47:41:890 queue-not-found
Context: test/VNM : test/VNM
03/01 14:47:42:034 queue-not-found
Context: test/VNM : test/VNM
03/01 14:47:42:150 queue-not-found
Context: test/VNM : test/VNM
03/01 14:47:42:271 queue-not-found
Context: test/VNM : test/VNM
03/01 14:47:42:387 queue-not-found
Context: test/VNM : test/VNM
03/01 14:47:42:500 queue-not-found
Context: test/VNM : test/VNM
03/01 14:47:42:611 queue-not-found
Context: test/VNM : test/VNM
03/01 14:47:42:722 queue-not-found
Context: test/VNM : test/VNM
03/01 14:47:42:835 queue-not-found
Context: test/VNM : test/VNM
03/01 14:47:42:944 queue-not-found
Context: test/VNM : test/VNM
03/01 14:47:43:055 queue-not-found
Context: test/VNM : test/VNM
03/01 14:47:43:171 queue-not-found
Context: test/VNM : test/VNM
03/01 14:47:43:284 queue-not-found
Context: test/VNM : test/VNM
03/01 14:47:43:399 queue-not-found
Context: test/VNM : test/VNM
03/01 14:47:43:514 queue-not-found
Context: test/VNM : test/VNM
03/01 14:47:43:624 queue-not-found
Context: test/VNM : test/VNM
03/01 14:47:43:738 queue-not-found
Context: test/VNM : test/VNM
03/01 14:47:43:860 queue-not-found
Context: test/VNM : test/VNM
03/01 14:47:43:977 queue-not-found
Context: test/VNM : test/VNM
03/01 14:47:44:090 queue-not-found
Context: test/VNM : test/VNM
03/01 14:47:44:200 queue-not-found
Context: test/VNM : test/VNM
03/01 14:47:44:311 queue-not-found
Context: test/VNM : test/VNM
03/01 14:47:44:422 queue-not-found
Context: test/VNM : test/VNM
03/01 14:47:44:532 queue-not-found
Context: test/VNM : test/VNM
03/01 14:47:44:653 queue-not-found
Context: test/VNM : test/VNM
03/01 14:47:44:771 queue-not-found
Context: test/VNM : test/VNM
03/01 14:47:44:882 queue-not-found
Context: test/VNM : test/VNM
03/01 14:47:45:002 queue-not-found
Context: test/VNM : test/VNM
03/01 14:47:45:113 queue-not-found
Context: test/VNM : test/VNM
03/01 14:47:45:223 queue-not-found
Context: test/VNM : test/VNM
03/01 14:47:45:334 queue-not-found
Context: test/VNM : test/VNM
03/01 14:47:45:464 queue-not-found
Context: test/VNM : test/VNM
03/01 14:47:45:577 queue-not-found
Context: test/VNM : test/VNM
03/01 14:47:45:690 queue-not-found
Context: test/VNM : test/VNM
03/01 14:47:45:801 queue-not-found
Context: test/VNM : test/VNM
03/01 14:47:45:918 queue-not-found
Context: test/VNM : test/VNM
03/01 14:47:46:032 queue-not-found
Context: test/VNM : test/VNM
03/01 14:47:46:144 queue-not-found
Context: test/VNM : test/VNM
03/01 14:47:46:255 queue-not-found
Context: test/VNM : test/VNM
03/01 14:47:46:367 queue-not-found
Context: test/VNM : test/VNM
03/01 14:47:46:480 queue-not-found
Context: test/VNM : test/VNM
03/01 14:47:46:599 queue-not-found
Context: test/VNM : test/VNM
03/01 14:47:46:710 queue-not-found
Context: test/VNM : test/VNM
03/01 14:47:46:821 queue-not-found
Context: test/VNM : test/VNM
03/01 14:47:46:939 queue-not-found
Context: test/VNM : test/VNM
03/01 14:47:47:059 queue-not-found
Context: test/VNM : test/VNM
03/01 14:47:47:171 queue-not-found
Context: test/VNM : test/VNM
03/01 14:47:47:282 queue-not-found
Context: test/VNM : test/VNM
03/01 14:47:47:395 queue-not-found
Context: test/VNM : test/VNM
03/01 14:47:47:509 queue-not-found
Context: test/VNM : test/VNM
03/01 14:47:47:621 queue-not-found
Context: test/VNM : test/VNM
03/01 14:47:47:736 queue-not-found
Context: test/VNM : test/VNM
03/01 14:47:47:865 queue-not-found
Context: test/VNM : test/VNM
03/01 14:47:47:985 queue-not-found
Context: test/VNM : test/VNM
03/01 14:47:48:131 queue-not-found
Context: test/VNM : test/VNM
03/01 14:47:48:241 queue-not-found
Context: test/VNM : test/VNM
03/01 14:47:48:354 queue-not-found
Context: test/VNM : test/VNM
03/01 14:47:48:465 queue-not-found
Context: test/VNM : test/VNM
03/01 14:47:48:576 queue-not-found
Context: test/VNM : test/VNM
03/01 14:47:48:688 queue-not-found
Context: test/VNM : test/VNM
03/01 14:47:48:810 queue-not-found
Context: test/VNM : test/VNM
03/01 14:47:48:933 queue-not-found
Context: test/VNM : test/VNM
03/01 14:47:49:054 queue-not-found
Context: test/VNM : test/VNM
03/01 14:47:49:168 queue-not-found
Context: test/VNM : test/VNM
03/01 14:47:49:278 queue-not-found
Context: test/VNM : test/VNM
03/01 14:47:49:393 queue-not-found
Context: test/VNM : test/VNM
03/01 14:47:49:505 queue-not-found
Context: test/VNM : test/VNM
03/01 14:47:49:615 queue-not-found
Context: test/VNM : test/VNM
03/01 14:47:49:726 queue-not-found
Context: test/VNM : test/VNM
03/01 14:47:49:840 queue-not-found
Context: test/VNM : test/VNM
03/01 14:47:49:955 queue-not-found
Context: test/VNM : test/VNM
03/01 14:47:50:069 queue-not-found
Context: test/VNM : test/VNM
03/01 14:47:50:181 queue-not-found
Context: test/VNM : test/VNM
03/01 14:47:50:293 queue-not-found
Context: test/VNM : test/VNM
03/01 14:47:50:408 queue-not-found
Context: test/VNM : test/VNM
03/01 14:47:50:519 queue-not-found
Context: test/VNM : test/VNM
03/01 14:47:50:631 queue-not-found
Context: test/VNM : test/VNM
03/01 14:47:50:741 queue-not-found
Context: test/VNM : test/VNM
03/01 14:47:50:853 queue-not-found
Context: test/VNM : test/VNM
03/01 14:47:50:969 queue-not-found
Context: test/VNM : test/VNM
03/01 14:47:51:088 queue-not-found
Context: test/VNM : test/VNM
03/01 14:47:51:199 queue-not-found
Context: test/VNM : test/VNM
03/01 14:47:51:309 queue-not-found
Context: test/VNM : test/VNM
03/01 14:47:51:419 queue-not-found
Context: test/VNM : test/VNM
03/01 14:47:51:531 queue-not-found
Context: test/VNM : test/VNM
03/01 14:47:51:642 queue-not-found
Context: test/VNM : test/VNM
03/01 14:47:51:753 queue-not-found
Context: test/VNM : test/VNM
03/01 14:47:51:862 queue-not-found
Context: test/VNM : test/VNM
03/01 14:47:51:974 queue-not-found
Context: test/VNM : test/VNM
03/01 14:47:52:085 queue-not-found
Context: test/VNM : test/VNM
03/01 14:47:52:198 queue-not-found
Context: test/VNM : test/VNM
03/01 14:47:52:312 queue-not-found
Context: test/VNM : test/VNM
03/01 14:47:52:421 queue-not-found
Context: test/VNM : test/VNM
03/01 14:47:52:531 queue-not-found
Context: test/VNM : test/VNM
03/01 14:47:52:642 queue-not-found
Context: test/VNM : test/VNM
03/01 14:47:52:755 queue-not-found
Context: test/VNM : test/VNM
03/01 14:47:52:864 queue-not-found
Context: test/VNM : test/VNM
03/01 14:47:52:978 queue-not-found
Context: test/VNM : test/VNM
03/01 14:47:53:090 queue-not-found
Context: test/VNM : test/VNM
03/01 14:47:53:201 queue-not-found
Context: test/VNM : test/VNM
03/01 14:47:53:313 queue-not-found
Context: test/VNM : test/VNM
03/01 14:47:53:424 queue-not-found
Context: test/VNM : test/VNM
03/01 14:47:53:534 queue-not-found
Context: test/VNM : test/VNM
03/01 14:47:53:646 queue-not-found
Context: test/VNM : test/VNM
03/01 14:47:53:759 queue-not-found
Context: test/VNM : test/VNM
03/01 14:47:53:878 queue-not-found
Context: test/VNM : test/VNM
03/01 14:47:53:990 queue-not-found
Context: test/VNM : test/VNM
03/01 14:47:54:111 queue-not-found
Context: test/VNM : test/VNM
03/01 14:47:54:224 queue-not-found
Context: test/VNM : test/VNM
03/01 14:47:54:339 queue-not-found
Context: test/VNM : test/VNM
03/01 14:47:54:450 queue-not-found
Context: test/VNM : test/VNM
03/01 14:47:54:566 queue-not-found
Context: test/VNM : test/VNM
03/01 14:47:54:682 queue-not-found
Context: test/VNM : test/VNM
03/01 14:47:54:793 queue-not-found
Context: test/VNM : test/VNM
03/01 14:47:54:906 queue-not-found
Context: test/VNM : test/VNM
03/01 14:47:55:021 queue-not-found
Context: test/VNM : test/VNM
03/01 14:47:55:136 queue-not-found
Context: test/VNM : test/VNM
03/01 14:47:55:248 queue-not-found
Context: test/VNM : test/VNM
03/01 14:47:55:358 queue-not-found
Context: test/VNM : test/VNM
03/01 14:47:55:468 queue-not-found
Context: test/VNM : test/VNM
03/01 14:47:55:584 queue-not-found
Context: test/VNM : test/VNM
03/01 14:47:55:704 queue-not-found
Context: test/VNM : test/VNM
03/01 14:47:55:826 queue-not-found
Context: test/VNM : test/VNM
03/01 14:47:55:938 queue-not-found
Context: test/VNM : test/VNM
03/01 14:47:56:049 queue-not-found
Context: test/VNM : test/VNM
03/01 14:47:56:162 queue-not-found
Context: test/VNM : test/VNM
03/01 14:47:56:273 queue-not-found
Context: test/VNM : test/VNM
03/01 14:47:56:384 queue-not-found
Context: test/VNM : test/VNM
03/01 14:47:56:495 queue-not-found
Context: test/VNM : test/VNM
03/01 14:47:56:623 queue-not-found
Context: test/VNM : test/VNM
03/01 14:47:56:739 queue-not-found
Context: test/VNM : test/VNM
03/01 14:47:56:856 queue-not-found
Context: test/VNM : test/VNM
03/01 14:47:56:967 queue-not-found
Context: test/VNM : test/VNM
03/01 14:47:57:079 queue-not-found
Context: test/VNM : test/VNM
03/01 14:47:57:201 queue-not-found
Context: test/VNM : test/VNM
03/01 14:47:57:312 queue-not-found
Context: test/VNM : test/VNM
03/01 14:47:57:423 queue-not-found
Context: test/VNM : test/VNM
03/01 14:47:57:534 queue-not-found
Context: test/VNM : test/VNM
03/01 14:47:57:646 queue-not-found
Context: test/VNM : test/VNM
03/01 14:47:57:776 queue-not-found
Context: test/VNM : test/VNM
03/01 14:47:57:890 queue-not-found
Context: test/VNM : test/VNM
03/01 14:47:58:005 queue-not-found
Context: test/VNM : test/VNM
03/01 14:47:58:117 queue-not-found
Context: test/VNM : test/VNM
03/01 14:47:58:228 queue-not-found
Context: test/VNM : test/VNM
03/01 14:47:58:340 queue-not-found
Context: test/VNM : test/VNM
03/01 14:47:58:452 queue-not-found
Context: test/VNM : test/VNM
03/01 14:47:58:564 queue-not-found
Context: test/VNM : test/VNM
03/01 14:47:58:675 queue-not-found
Context: test/VNM : test/VNM
03/01 14:47:58:793 queue-not-found
Context: test/VNM : test/VNM
03/01 14:47:58:911 queue-not-found
Context: test/VNM : test/VNM
03/01 14:47:59:022 queue-not-found
Context: test/VNM : test/VNM
03/01 14:47:59:136 queue-not-found
Context: test/VNM : test/VNM
03/01 14:47:59:247 queue-not-found
Context: test/VNM : test/VNM
03/01 14:47:59:360 queue-not-found
Context: test/VNM : test/VNM
03/01 14:47:59:481 queue-not-found
Context: test/VNM : test/VNM
03/01 14:47:59:600 queue-not-found
Context: test/VNM : test/VNM
03/01 14:47:59:715 queue-not-found
Context: test/VNM : test/VNM
03/01 14:47:59:830 queue-not-found
Context: test/VNM : test/VNM
03/01 14:47:59:945 queue-not-found
Context: test/VNM : test/VNM
03/01 14:48:00:076 queue-not-found
Context: test/VNM : test/VNM
03/01 14:48:00:189 queue-not-found
Context: test/VNM : test/VNM
03/01 14:48:00:302 queue-not-found
Context: test/VNM : test/VNM
03/01 14:48:00:413 queue-not-found
Context: test/VNM : test/VNM
03/01 14:48:00:524 queue-not-found
Context: test/VNM : test/VNM
03/01 14:48:00:641 queue-not-found
Context: test/VNM : test/VNM
03/01 14:48:00:755 queue-not-found
Context: test/VNM : test/VNM
03/01 14:48:00:867 queue-not-found
Context: test/VNM : test/VNM
03/01 14:48:00:988 queue-not-found
Context: test/VNM : test/VNM
03/01 14:48:01:104 queue-not-found
Context: test/VNM : test/VNM
03/01 14:48:01:220 queue-not-found
Context: test/VNM : test/VNM
03/01 14:48:01:344 queue-not-found
Context: test/VNM : test/VNM
03/01 14:48:01:458 queue-not-found
Context: test/VNM : test/VNM
03/01 14:48:01:578 queue-not-found
Context: test/VNM : test/VNM
03/01 14:48:01:693 queue-not-found
Context: test/VNM : test/VNM
03/01 14:48:01:804 queue-not-found
Context: test/VNM : test/VNM
03/01 14:48:01:919 queue-not-found
Context: test/VNM : test/VNM
03/01 14:48:02:028 queue-not-found
Context: test/VNM : test/VNM
03/01 14:48:02:141 queue-not-found
Context: test/VNM : test/VNM
03/01 14:48:02:256 queue-not-found
Context: test/VNM : test/VNM
03/01 14:48:02:375 queue-not-found
Context: test/VNM : test/VNM
03/01 14:48:02:485 queue-not-found
Context: test/VNM : test/VNM
03/01 14:48:02:601 queue-not-found
Context: test/VNM : test/VNM
03/01 14:48:02:717 queue-not-found
Context: test/VNM : test/VNM
03/01 14:48:02:828 queue-not-found
Context: test/VNM : test/VNM
03/01 14:48:02:938 queue-not-found
Context: test/VNM : test/VNM
03/01 14:48:03:050 queue-not-found
Context: test/VNM : test/VNM
03/01 14:48:03:162 queue-not-found
Context: test/VNM : test/VNM
03/01 14:48:03:277 queue-not-found
Context: test/VNM : test/VNM
03/01 14:48:03:388 queue-not-found
Context: test/VNM : test/VNM
03/01 14:48:03:501 queue-not-found
Context: test/VNM : test/VNM
03/01 14:48:03:616 queue-not-found
Context: test/VNM : test/VNM
03/01 14:48:03:736 queue-not-found
Context: test/VNM : test/VNM
03/01 14:48:03:847 queue-not-found
Context: test/VNM : test/VNM
03/01 14:48:03:960 queue-not-found
Context: test/VNM : test/VNM
03/01 14:48:04:069 queue-not-found
Context: test/VNM : test/VNM
03/01 14:48:04:183 queue-not-found
Context: test/VNM : test/VNM
03/01 14:48:04:302 queue-not-found
Context: test/VNM : test/VNM
03/01 14:48:04:414 queue-not-found
Context: test/VNM : test/VNM
03/01 14:48:04:531 queue-not-found
Context: test/VNM : test/VNM
03/01 14:48:04:642 queue-not-found
Context: test/VNM : test/VNM
03/01 14:48:04:887 queue-not-found
Context: test/VNM : test/VNM
03/01 14:48:05:003 queue-not-found
Context: test/VNM : test/VNM
03/01 14:48:05:121 queue-not-found
Context: test/VNM : test/VNM
03/01 14:48:05:269 queue-not-found
Context: test/VNM : test/VNM
03/01 14:48:05:437 queue-not-found
Context: test/VNM : test/VNM
03/01 14:48:05:554 queue-not-found
Context: test/VNM : test/VNM
03/01 14:48:05:671 queue-not-found
Context: test/VNM : test/VNM
03/01 14:48:05:788 queue-not-found
Context: test/VNM : test/VNM
03/01 14:48:05:901 queue-not-found
Context: test/VNM : test/VNM
03/01 14:48:06:021 queue-not-found
Context: test/VNM : test/VNM
03/01 14:48:06:144 queue-not-found
Context: test/VNM : test/VNM
03/01 14:48:06:329 queue-not-found
Context: test/VNM : test/VNM
03/01 14:48:06:445 queue-not-found
Context: test/VNM : test/VNM
03/01 14:48:06:556 queue-not-found
Context: test/VNM : test/VNM
03/01 14:48:06:669 queue-not-found
Context: test/VNM : test/VNM
03/01 14:48:06:790 queue-not-found
Context: test/VNM : test/VNM
03/01 14:48:06:912 queue-not-found
Context: test/VNM : test/VNM
03/01 14:48:07:029 queue-not-found
Context: test/VNM : test/VNM
03/01 14:48:07:153 queue-not-found
Context: test/VNM : test/VNM
03/01 14:48:07:328 queue-not-found
Context: test/VNM : test/VNM
03/01 14:48:07:449 queue-not-found
Context: test/VNM : test/VNM
03/01 14:48:07:567 queue-not-found
Context: test/VNM : test/VNM
03/01 14:48:07:678 queue-not-found
Context: test/VNM : test/VNM
03/01 14:48:07:775 End of process session
03/01 14:48:07:783 VNM Send SMS stopped
03/01 14:50:06:793 VNM Send SMS started
03/01 14:50:10:192 Testing connection ...
03/01 14:50:10:201 Testing connection are success
03/01 14:50:10:221 Starting process session
03/01 14:50:21:819 queue-not-found
Context: test/VNM : test/VNM
03/01 14:50:22:280 queue-not-found
Context: test/VNM : test/VNM
03/01 14:50:22:475 queue-not-found
Context: test/VNM : test/VNM
03/01 14:50:22:943 queue-not-found
Context: test/VNM : test/VNM
03/01 14:50:23:135 queue-not-found
Context: test/VNM : test/VNM
03/01 14:50:23:340 queue-not-found
Context: test/VNM : test/VNM
03/01 14:50:23:492 queue-not-found
Context: test/VNM : test/VNM
03/01 14:50:23:752 queue-not-found
Context: test/VNM : test/VNM
03/01 14:50:23:832 queue-not-found
Context: test/VNM : test/VNM
03/01 14:50:24:001 queue-not-found
Context: test/VNM : test/VNM
03/01 14:50:24:127 queue-not-found
Context: test/VNM : test/VNM
03/01 14:50:24:254 queue-not-found
Context: test/VNM : test/VNM
03/01 14:50:24:374 queue-not-found
Context: test/VNM : test/VNM
03/01 14:50:24:494 queue-not-found
Context: test/VNM : test/VNM
03/01 14:50:24:623 queue-not-found
Context: test/VNM : test/VNM
03/01 14:50:24:753 queue-not-found
Context: test/VNM : test/VNM
03/01 14:50:24:888 queue-not-found
Context: test/VNM : test/VNM
03/01 14:50:25:012 queue-not-found
Context: test/VNM : test/VNM
03/01 14:50:25:132 queue-not-found
Context: test/VNM : test/VNM
03/01 14:50:25:269 queue-not-found
Context: test/VNM : test/VNM
03/01 14:50:25:443 queue-not-found
Context: test/VNM : test/VNM
03/01 14:50:25:577 queue-not-found
Context: test/VNM : test/VNM
03/01 14:50:25:736 queue-not-found
Context: test/VNM : test/VNM
03/01 14:50:25:867 queue-not-found
Context: test/VNM : test/VNM
03/01 14:50:25:962 queue-not-found
Context: test/VNM : test/VNM
03/01 14:50:26:085 queue-not-found
Context: test/VNM : test/VNM
03/01 14:50:26:205 queue-not-found
Context: test/VNM : test/VNM
03/01 14:50:26:327 queue-not-found
Context: test/VNM : test/VNM
03/01 14:50:26:448 queue-not-found
Context: test/VNM : test/VNM
03/01 14:50:26:567 queue-not-found
Context: test/VNM : test/VNM
03/01 14:50:26:681 queue-not-found
Context: test/VNM : test/VNM
03/01 14:50:26:796 queue-not-found
Context: test/VNM : test/VNM
03/01 14:50:26:911 queue-not-found
Context: test/VNM : test/VNM
03/01 14:50:27:024 queue-not-found
Context: test/VNM : test/VNM
03/01 14:50:27:139 queue-not-found
Context: test/VNM : test/VNM
03/01 14:50:27:254 queue-not-found
Context: test/VNM : test/VNM
03/01 14:50:27:372 queue-not-found
Context: test/VNM : test/VNM
03/01 14:50:27:489 queue-not-found
Context: test/VNM : test/VNM
03/01 14:50:27:614 queue-not-found
Context: test/VNM : test/VNM
03/01 14:50:27:736 queue-not-found
Context: test/VNM : test/VNM
03/01 14:50:27:857 queue-not-found
Context: test/VNM : test/VNM
03/01 14:50:27:971 queue-not-found
Context: test/VNM : test/VNM
03/01 14:50:28:082 queue-not-found
Context: test/VNM : test/VNM
03/01 14:50:28:199 queue-not-found
Context: test/VNM : test/VNM
03/01 14:50:28:314 queue-not-found
Context: test/VNM : test/VNM
03/01 14:50:28:432 queue-not-found
Context: test/VNM : test/VNM
03/01 14:50:28:550 queue-not-found
Context: test/VNM : test/VNM
03/01 14:50:28:671 queue-not-found
Context: test/VNM : test/VNM
03/01 14:50:28:786 queue-not-found
Context: test/VNM : test/VNM
03/01 14:50:28:898 queue-not-found
Context: test/VNM : test/VNM
03/01 14:50:29:015 queue-not-found
Context: test/VNM : test/VNM
03/01 14:50:29:131 queue-not-found
Context: test/VNM : test/VNM
03/01 14:50:29:242 queue-not-found
Context: test/VNM : test/VNM
03/01 14:50:29:353 queue-not-found
Context: test/VNM : test/VNM
03/01 14:50:29:468 queue-not-found
Context: test/VNM : test/VNM
03/01 14:50:29:585 queue-not-found
Context: test/VNM : test/VNM
03/01 14:50:29:700 queue-not-found
Context: test/VNM : test/VNM
03/01 14:50:29:814 queue-not-found
Context: test/VNM : test/VNM
03/01 14:50:29:927 queue-not-found
Context: test/VNM : test/VNM
03/01 14:50:30:042 queue-not-found
Context: test/VNM : test/VNM
03/01 14:50:30:157 queue-not-found
Context: test/VNM : test/VNM
03/01 14:50:30:269 queue-not-found
Context: test/VNM : test/VNM
03/01 14:50:30:392 queue-not-found
Context: test/VNM : test/VNM
03/01 14:50:30:503 queue-not-found
Context: test/VNM : test/VNM
03/01 14:50:30:621 queue-not-found
Context: test/VNM : test/VNM
03/01 14:50:30:734 queue-not-found
Context: test/VNM : test/VNM
03/01 14:50:30:852 queue-not-found
Context: test/VNM : test/VNM
03/01 14:50:30:965 queue-not-found
Context: test/VNM : test/VNM
03/01 14:50:31:078 queue-not-found
Context: test/VNM : test/VNM
03/01 14:50:31:191 queue-not-found
Context: test/VNM : test/VNM
03/01 14:50:31:304 queue-not-found
Context: test/VNM : test/VNM
03/01 14:50:31:787 queue-not-found
Context: test/VNM : test/VNM
03/01 14:50:31:902 queue-not-found
Context: test/VNM : test/VNM
03/01 14:50:32:017 queue-not-found
Context: test/VNM : test/VNM
03/01 14:50:32:131 queue-not-found
Context: test/VNM : test/VNM
03/01 14:50:32:245 queue-not-found
Context: test/VNM : test/VNM
03/01 14:50:32:359 queue-not-found
Context: test/VNM : test/VNM
03/01 14:50:32:478 queue-not-found
Context: test/VNM : test/VNM
03/01 14:50:32:600 queue-not-found
Context: test/VNM : test/VNM
03/01 14:50:32:731 queue-not-found
Context: test/VNM : test/VNM
03/01 14:50:32:848 queue-not-found
Context: test/VNM : test/VNM
03/01 14:50:32:970 queue-not-found
Context: test/VNM : test/VNM
03/01 14:50:33:084 queue-not-found
Context: test/VNM : test/VNM
03/01 14:50:33:200 queue-not-found
Context: test/VNM : test/VNM
03/01 14:50:33:313 queue-not-found
Context: test/VNM : test/VNM
03/01 14:50:33:424 queue-not-found
Context: test/VNM : test/VNM
03/01 14:50:33:544 queue-not-found
Context: test/VNM : test/VNM
03/01 14:50:33:660 queue-not-found
Context: test/VNM : test/VNM
03/01 14:50:33:782 queue-not-found
Context: test/VNM : test/VNM
03/01 14:50:33:900 queue-not-found
Context: test/VNM : test/VNM
03/01 14:50:34:016 queue-not-found
Context: test/VNM : test/VNM
03/01 14:50:34:135 queue-not-found
Context: test/VNM : test/VNM
03/01 14:50:34:248 queue-not-found
Context: test/VNM : test/VNM
03/01 14:50:34:368 queue-not-found
Context: test/VNM : test/VNM
03/01 14:50:34:493 queue-not-found
Context: test/VNM : test/VNM
03/01 14:50:34:609 queue-not-found
Context: test/VNM : test/VNM
03/01 14:50:34:722 queue-not-found
Context: test/VNM : test/VNM
03/01 14:50:34:836 queue-not-found
Context: test/VNM : test/VNM
03/01 14:50:34:948 queue-not-found
Context: test/VNM : test/VNM
03/01 14:50:35:068 queue-not-found
Context: test/VNM : test/VNM
03/01 14:50:35:189 queue-not-found
Context: test/VNM : test/VNM
03/01 14:50:35:308 queue-not-found
Context: test/VNM : test/VNM
03/01 14:50:35:427 queue-not-found
Context: test/VNM : test/VNM
03/01 14:50:35:547 queue-not-found
Context: test/VNM : test/VNM
03/01 14:50:35:665 queue-not-found
Context: test/VNM : test/VNM
03/01 14:50:35:785 queue-not-found
Context: test/VNM : test/VNM
03/01 14:50:35:901 queue-not-found
Context: test/VNM : test/VNM
03/01 14:50:36:017 queue-not-found
Context: test/VNM : test/VNM
03/01 14:50:36:129 queue-not-found
Context: test/VNM : test/VNM
03/01 14:50:36:247 queue-not-found
Context: test/VNM : test/VNM
03/01 14:50:36:363 queue-not-found
Context: test/VNM : test/VNM
03/01 14:50:36:494 queue-not-found
Context: test/VNM : test/VNM
03/01 14:50:36:626 queue-not-found
Context: test/VNM : test/VNM
03/01 14:50:36:742 queue-not-found
Context: test/VNM : test/VNM
03/01 14:50:36:859 queue-not-found
Context: test/VNM : test/VNM
03/01 14:50:36:976 queue-not-found
Context: test/VNM : test/VNM
03/01 14:50:37:092 queue-not-found
Context: test/VNM : test/VNM
03/01 14:50:37:211 queue-not-found
Context: test/VNM : test/VNM
03/01 14:50:37:344 queue-not-found
Context: test/VNM : test/VNM
03/01 14:50:37:466 queue-not-found
Context: test/VNM : test/VNM
03/01 14:50:37:582 queue-not-found
Context: test/VNM : test/VNM
03/01 14:50:37:703 queue-not-found
Context: test/VNM : test/VNM
03/01 14:50:37:817 queue-not-found
Context: test/VNM : test/VNM
03/01 14:50:37:933 queue-not-found
Context: test/VNM : test/VNM
03/01 14:50:38:054 queue-not-found
Context: test/VNM : test/VNM
03/01 14:50:38:178 queue-not-found
Context: test/VNM : test/VNM
03/01 14:50:38:298 queue-not-found
Context: test/VNM : test/VNM
03/01 14:50:38:416 queue-not-found
Context: test/VNM : test/VNM
03/01 14:50:38:537 queue-not-found
Context: test/VNM : test/VNM
03/01 14:50:38:654 queue-not-found
Context: test/VNM : test/VNM
03/01 14:50:38:769 queue-not-found
Context: test/VNM : test/VNM
03/01 14:50:38:880 queue-not-found
Context: test/VNM : test/VNM
03/01 14:50:38:993 queue-not-found
Context: test/VNM : test/VNM
03/01 14:50:39:110 queue-not-found
Context: test/VNM : test/VNM
03/01 14:50:39:229 queue-not-found
Context: test/VNM : test/VNM
03/01 14:50:39:344 queue-not-found
Context: test/VNM : test/VNM
03/01 14:50:39:459 queue-not-found
Context: test/VNM : test/VNM
03/01 14:50:39:570 queue-not-found
Context: test/VNM : test/VNM
03/01 14:50:39:681 queue-not-found
Context: test/VNM : test/VNM
03/01 14:50:39:799 queue-not-found
Context: test/VNM : test/VNM
03/01 14:50:39:913 queue-not-found
Context: test/VNM : test/VNM
03/01 14:50:40:031 queue-not-found
Context: test/VNM : test/VNM
03/01 14:50:40:147 queue-not-found
Context: test/VNM : test/VNM
03/01 14:50:40:265 queue-not-found
Context: test/VNM : test/VNM
03/01 14:50:40:379 queue-not-found
Context: test/VNM : test/VNM
03/01 14:50:40:493 queue-not-found
Context: test/VNM : test/VNM
03/01 14:50:40:611 queue-not-found
Context: test/VNM : test/VNM
03/01 14:50:40:724 queue-not-found
Context: test/VNM : test/VNM
03/01 14:50:40:843 queue-not-found
Context: test/VNM : test/VNM
03/01 14:50:40:960 queue-not-found
Context: test/VNM : test/VNM
03/01 14:50:41:097 queue-not-found
Context: test/VNM : test/VNM
03/01 14:50:41:215 queue-not-found
Context: test/VNM : test/VNM
03/01 14:50:41:329 queue-not-found
Context: test/VNM : test/VNM
03/01 14:50:41:439 queue-not-found
Context: test/VNM : test/VNM
03/01 14:50:41:552 queue-not-found
Context: test/VNM : test/VNM
03/01 14:50:41:666 queue-not-found
Context: test/VNM : test/VNM
03/01 14:50:41:783 queue-not-found
Context: test/VNM : test/VNM
03/01 14:50:41:893 queue-not-found
Context: test/VNM : test/VNM
