03/01 13:40:08:932 Order Routing started
03/01 13:40:08:974 Testing connection ...
03/01 13:40:09:869 Created provisioning instance for CCWS
03/01 13:40:09:873 Testing connection are success
03/01 13:40:09:876 Starting process session
03/01 13:40:13:269 Total 0 instances are started
03/01 13:40:13:278 Total 1 instances are added
03/01 14:05:45:124 unknow-keyword
03/01 14:05:45:128 orderId = 0 | orderDate = 2014/01/03 13:53:00 | merchantId = 0 | agentId = 0 | userName = vt8x26 | subProductId = 0 | channel = web | serviceAddress = 8626 | keyword =  | isdn = 84967289990 | subscriberType = -1 | shipTo =  | contentCode = 0 | contentType = 0 | actionType =  | productId = 0 | amount = 0.0 | provisioningType =  | commandId = 0 | cause = unknow-keyword | status = 4 | description = null
03/01 14:06:02:683 Create order(84967289990) cost time: 61ms
03/01 14:06:02:769 84967289990: ACOMVT00001 - CP.SYNCMO
03/01 14:06:02:778 orderId = 156322 | orderDate = 2014/01/03 14:06:02 | merchantId = 3001 | agentId = 0 | userName = vt8x26 | subProductId = 0 | channel = web | serviceAddress = 8626 | keyword = VTREG_GET | isdn = 84967289990 | subscriberType = 1 | shipTo =  | contentCode = 102 | contentType = 2 | actionType = register | productId = 920 | amount = 0.0 | provisioningType = CP | commandId = 103 | cause =  | status = 1 | description = 
03/01 14:21:20:973 Close pool
03/01 14:21:21:100 Close queue connection pool.
03/01 14:23:32:772 Thread destroyed
03/01 14:23:36:113 Order Routing started
03/01 14:23:36:145 Close pool
03/01 14:23:36:148 Close pool
03/01 14:23:36:152 Testing connection ...
03/01 14:23:36:161 Created provisioning instance for CCWS
03/01 14:23:36:166 Testing connection are success
03/01 14:23:36:170 Starting process session
03/01 14:23:38:133 Total 0 instances are started
03/01 14:23:38:139 Total 1 instances are added
03/01 14:43:18:818 Order Routing started
03/01 14:43:20:087 Testing connection ...
03/01 14:43:20:674 Created provisioning instance for CCWS
03/01 14:43:20:680 Testing connection are success
03/01 14:43:20:684 Starting process session
03/01 14:43:22:380 Total 0 instances are started
03/01 14:43:22:389 Total 1 instances are added
03/01 14:43:39:093 Create order(84967289990) cost time: 34ms
03/01 14:43:39:238 84967289990: ACOMVT00001 - QUEST.SENDFIRSTCONTENT
03/01 14:43:39:249 orderId = 156542 | orderDate = 2014/01/03 14:43:39 | merchantId = 3001 | agentId = 0 | userName = vt8x26 | subProductId = 0 | channel = web | serviceAddress = 8626 | keyword = VTREG_GET | isdn = 84967289990 | subscriberType = 1 | shipTo =  | contentCode = 102 | contentType = 2 | actionType = register | productId = 920 | amount = 0.0 | provisioningType = QUEST | commandId = 702 | cause =  | status = 1 | description = 
03/01 14:43:39:301 Create order(84967289990) cost time: 24ms
03/01 14:43:39:348 84967289990: ACOMVT00001 - QUEST.SENDFIRSTCONTENT
03/01 14:43:39:355 orderId = 156543 | orderDate = 2014/01/03 14:43:39 | merchantId = 3001 | agentId = 0 | userName = vt8x26 | subProductId = 0 | channel = web | serviceAddress = 8626 | keyword = VTREG_GET | isdn = 84967289990 | subscriberType = 1 | shipTo =  | contentCode = 102 | contentType = 2 | actionType = register | productId = 920 | amount = 0.0 | provisioningType = QUEST | commandId = 702 | cause =  | status = 1 | description = 
03/01 14:43:39:400 Create order(84967289990) cost time: 15ms
03/01 14:43:39:440 84967289990: ACOMVT00001 - QUEST.SENDFIRSTCONTENT
03/01 14:43:39:446 orderId = 156544 | orderDate = 2014/01/03 14:43:39 | merchantId = 3001 | agentId = 0 | userName = vt8x26 | subProductId = 0 | channel = web | serviceAddress = 8626 | keyword = VTREG_GET | isdn = 84967289990 | subscriberType = 1 | shipTo =  | contentCode = 102 | contentType = 2 | actionType = register | productId = 920 | amount = 0.0 | provisioningType = QUEST | commandId = 702 | cause =  | status = 1 | description = 
03/01 14:45:05:917 Create order(84967289990) cost time: 17ms
03/01 14:45:06:471 84967289990: ACOMVT00001 - QUEST.SENDFIRSTCONTENT
03/01 14:45:06:478 orderId = 156552 | orderDate = 2014/01/03 14:45:05 | merchantId = 3001 | agentId = 0 | userName = vt8x26 | subProductId = 0 | channel = web | serviceAddress = 8626 | keyword = VTREG_GET | isdn = 84967289990 | subscriberType = 1 | shipTo =  | contentCode = 102 | contentType = 2 | actionType = register | productId = 920 | amount = 0.0 | provisioningType = QUEST | commandId = 702 | cause =  | status = 1 | description = 
03/01 14:47:30:210 Order Routing started
03/01 14:47:30:918 Testing connection ...
03/01 14:47:32:153 Created provisioning instance for CCWS
03/01 14:47:32:161 Testing connection are success
03/01 14:47:32:169 Starting process session
03/01 14:47:33:321 Total 0 instances are started
03/01 14:47:33:326 Total 1 instances are added
03/01 14:50:09:223 Order Routing started
03/01 14:50:10:176 Testing connection ...
03/01 14:50:12:318 Created provisioning instance for CCWS
03/01 14:50:12:324 Testing connection are success
03/01 14:50:12:330 Starting process session
03/01 14:50:13:427 Total 0 instances are started
03/01 14:50:13:434 Total 1 instances are added
03/01 14:50:13:581 Total 0 instances are started
03/01 14:50:13:589 Total 1 instances are added
03/01 14:50:23:823 Total 0 instances are started
03/01 14:50:23:831 Total 1 instances are added
03/01 14:50:23:989 Create order(8492396) cost time: 88ms
03/01 14:50:24:024 8492396: MSPSAM800009 - CP.SYNCMO
03/01 14:50:24:034 orderId = 156576 | orderDate = 2014/01/03 14:50:23 | merchantId = 3001 | agentId = 0 | userName = system | subProductId = 0 | channel = web | serviceAddress = 8926 | keyword = VNMREQ_TV | isdn = 8492396 | subscriberType = 1 | shipTo =  | contentCode = 102 | contentType = 2 | actionType = register | productId = 502 | amount = 0.0 | provisioningType = CP | commandId = 103 | cause =  | status = 1 | description = 
03/01 14:51:28:669 Order Routing started
03/01 14:51:31:047 Testing connection ...
03/01 14:51:32:014 Created provisioning instance for CCWS
03/01 14:51:32:020 Testing connection are success
03/01 14:51:32:027 Starting process session
03/01 14:51:33:226 Total 0 instances are started
03/01 14:51:33:230 Total 1 instances are added
03/01 14:52:25:595 Create order(84967289990) cost time: 23ms
03/01 14:52:25:616 84967289990: ACOMVT00001 - QUEST.SENDFIRSTCONTENT
03/01 14:52:25:623 orderId = 156589 | orderDate = 2014/01/03 14:52:25 | merchantId = 3001 | agentId = 0 | userName = vt8x26 | subProductId = 0 | channel = web | serviceAddress = 8626 | keyword = VTREG_GET | isdn = 84967289990 | subscriberType = 1 | shipTo =  | contentCode = 102 | contentType = 2 | actionType = register | productId = 920 | amount = 0.0 | provisioningType = QUEST | commandId = 702 | cause =  | status = 1 | description = 
03/01 14:53:17:088 Create order(84967289990) cost time: 20ms
03/01 14:53:17:103 84967289990: ACOMVT00001 - QUEST.SENDFIRSTCONTENT
03/01 14:53:17:112 orderId = 156597 | orderDate = 2014/01/03 14:53:17 | merchantId = 3001 | agentId = 0 | userName = vt8x26 | subProductId = 0 | channel = web | serviceAddress = 8626 | keyword = VTREG_GET | isdn = 84967289990 | subscriberType = 1 | shipTo =  | contentCode = 102 | contentType = 2 | actionType = register | productId = 920 | amount = 0.0 | provisioningType = QUEST | commandId = 702 | cause =  | status = 1 | description = 
03/01 14:58:10:260 Order Routing started
03/01 14:58:12:123 Testing connection ...
03/01 14:58:13:049 Created provisioning instance for CCWS
03/01 14:58:13:055 Testing connection are success
03/01 14:58:13:061 Starting process session
03/01 14:58:17:620 Total 0 instances are started
03/01 14:58:17:629 Total 1 instances are added
03/01 14:58:53:089 Create order(84967289990) cost time: 24ms
03/01 14:58:53:145 84967289990: ACOMVT00001 - QUEST.SENDFIRSTCONTENT
03/01 14:58:53:152 orderId = 156640 | orderDate = 2014/01/03 14:58:53 | merchantId = 3001 | agentId = 0 | userName = vt8x26 | subProductId = 0 | channel = web | serviceAddress = 8626 | keyword = VTREG_GET | isdn = 84967289990 | subscriberType = 1 | shipTo =  | contentCode = 102 | contentType = 2 | actionType = register | productId = 920 | amount = 0.0 | provisioningType = QUEST | commandId = 702 | cause =  | status = 1 | description = 
03/01 14:59:48:230 Create order(84967289990) cost time: 19ms
03/01 14:59:48:243 84967289990: ACOMVT00001 - QUEST.SENDFIRSTCONTENT
03/01 14:59:48:250 orderId = 156643 | orderDate = 2014/01/03 14:59:48 | merchantId = 3001 | agentId = 0 | userName = vt8x26 | subProductId = 0 | channel = web | serviceAddress = 8626 | keyword = VTREG_GET | isdn = 84967289990 | subscriberType = 1 | shipTo =  | contentCode = 102 | contentType = 2 | actionType = register | productId = 920 | amount = 0.0 | provisioningType = QUEST | commandId = 702 | cause =  | status = 1 | description = 
03/01 15:28:04:158 Order Routing started
03/01 15:28:06:503 Testing connection ...
03/01 15:28:07:770 Created provisioning instance for CCWS
03/01 15:28:07:793 Testing connection are success
03/01 15:28:07:799 Starting process session
03/01 15:28:10:762 Total 0 instances are started
03/01 15:28:10:774 Total 1 instances are added
03/01 15:28:24:516 Create order(84968918527?) cost time: 98ms
03/01 15:28:24:641 84968918527?: ACOMVT00001 - QUEST.SENDFIRSTCONTENT
03/01 15:28:24:656 orderId = 156778 | orderDate = 2014/01/03 15:28:24 | merchantId = 3001 | agentId = 0 | userName = vt8x26 | subProductId = 0 | channel = web | serviceAddress = 8626 | keyword = VTREG_GET | isdn = 84968918527? | subscriberType = 1 | shipTo =  | contentCode = 102 | contentType = 2 | actionType = register | productId = 920 | amount = 0.0 | provisioningType = QUEST | commandId = 702 | cause =  | status = 1 | description = 
03/01 15:34:12:836 Close pool
03/01 15:34:12:944 Close queue connection pool.
03/01 15:34:12:957 End of process session
03/01 15:34:12:967 Order Routing stopped
03/01 15:34:14:852 Order Routing started
03/01 15:34:14:903 Close pool
03/01 15:34:14:912 Close pool
03/01 15:34:14:919 Testing connection ...
03/01 15:34:14:938 Created provisioning instance for CCWS
03/01 15:34:14:948 Testing connection are success
03/01 15:34:14:957 Starting process session
03/01 15:34:15:958 Total 0 instances are started
03/01 15:34:15:973 Total 1 instances are added
03/01 15:35:02:617 Create order(84968918527?) cost time: 27ms
03/01 15:35:02:631 84968918527?: ACOMVT00001 - QUEST.SENDFIRSTCONTENT
03/01 15:35:02:637 orderId = 156808 | orderDate = 2014/01/03 15:35:02 | merchantId = 3001 | agentId = 0 | userName = vt8x26 | subProductId = 0 | channel = web | serviceAddress = 8626 | keyword = VTREG_GET | isdn = 84968918527? | subscriberType = 1 | shipTo =  | contentCode = 102 | contentType = 2 | actionType = register | productId = 920 | amount = 0.0 | provisioningType = QUEST | commandId = 702 | cause =  | status = 1 | description = 
03/01 15:35:38:916 Create order(84968918527?) cost time: 16ms
03/01 15:35:38:934 84968918527?: ACOMVT00001 - QUEST.SENDFIRSTCONTENT
03/01 15:35:38:946 orderId = 156813 | orderDate = 2014/01/03 15:35:38 | merchantId = 3001 | agentId = 0 | userName = vt8x26 | subProductId = 0 | channel = web | serviceAddress = 8626 | keyword = VTREG_GET | isdn = 84968918527? | subscriberType = 1 | shipTo =  | contentCode = 102 | contentType = 2 | actionType = register | productId = 920 | amount = 0.0 | provisioningType = QUEST | commandId = 702 | cause =  | status = 1 | description = 
03/01 15:36:05:318 Create order(84968918527?) cost time: 24ms
03/01 15:36:05:333 84968918527?: ACOMVT00001 - QUEST.SENDFIRSTCONTENT
03/01 15:36:05:342 orderId = 156817 | orderDate = 2014/01/03 15:36:05 | merchantId = 3001 | agentId = 0 | userName = vt8x26 | subProductId = 0 | channel = web | serviceAddress = 8626 | keyword = VTREG_GET | isdn = 84968918527? | subscriberType = 1 | shipTo =  | contentCode = 102 | contentType = 2 | actionType = register | productId = 920 | amount = 0.0 | provisioningType = QUEST | commandId = 702 | cause =  | status = 1 | description = 
03/01 15:39:12:592 Order Routing started
03/01 15:39:13:819 Testing connection ...
03/01 15:39:14:439 Created provisioning instance for CCWS
03/01 15:39:14:445 Testing connection are success
03/01 15:39:14:450 Starting process session
03/01 15:39:15:680 Total 0 instances are started
03/01 15:39:15:692 Total 1 instances are added
03/01 15:40:42:357 Create order(84968918527?) cost time: 22ms
03/01 15:40:42:413 84968918527?: ACOMVT00001 - QUEST.SENDFIRSTCONTENT
03/01 15:40:42:422 orderId = 156856 | orderDate = 2014/01/03 15:40:42 | merchantId = 3001 | agentId = 0 | userName = vt8x26 | subProductId = 0 | channel = web | serviceAddress = 8626 | keyword = VTREG_GET | isdn = 84968918527? | subscriberType = 1 | shipTo =  | contentCode = 102 | contentType = 2 | actionType = register | productId = 920 | amount = 0.0 | provisioningType = QUEST | commandId = 702 | cause =  | status = 1 | description = 
03/01 15:55:55:904 Close pool
03/01 15:55:56:012 Close queue connection pool.
03/01 15:55:56:020 End of process session
03/01 15:55:56:025 Order Routing stopped
03/01 15:55:57:924 Order Routing started
03/01 15:55:57:973 Close pool
03/01 15:55:57:980 Close pool
03/01 15:55:57:988 Testing connection ...
03/01 15:55:58:004 Created provisioning instance for CCWS
03/01 15:55:58:012 Testing connection are success
03/01 15:55:58:020 Starting process session
03/01 15:55:59:085 Total 0 instances are started
03/01 15:55:59:098 Total 1 instances are added
03/01 15:56:09:051 Create order(84968918527?) cost time: 18ms
03/01 15:56:09:068 84968918527?: ACOMVT00001 - QUEST.SENDFIRSTCONTENT
03/01 15:56:09:080 orderId = 156948 | orderDate = 2014/01/03 15:56:09 | merchantId = 3001 | agentId = 0 | userName = vt8x26 | subProductId = 0 | channel = web | serviceAddress = 8626 | keyword = VTREG_GET | isdn = 84968918527? | subscriberType = 1 | shipTo =  | contentCode = 102 | contentType = 2 | actionType = register | productId = 920 | amount = 0.0 | provisioningType = QUEST | commandId = 702 | cause =  | status = 1 | description = 
03/01 15:56:48:711 Create order(84968918527?) cost time: 20ms
03/01 15:56:48:729 84968918527?: ACOMVT00001 - QUEST.SENDFIRSTCONTENT
03/01 15:56:48:739 orderId = 156952 | orderDate = 2014/01/03 15:56:48 | merchantId = 3001 | agentId = 0 | userName = vt8x26 | subProductId = 0 | channel = web | serviceAddress = 8626 | keyword = VTREG_GET | isdn = 84968918527? | subscriberType = 1 | shipTo =  | contentCode = 102 | contentType = 2 | actionType = register | productId = 920 | amount = 0.0 | provisioningType = QUEST | commandId = 702 | cause =  | status = 1 | description = 
03/01 16:00:22:331 Order Routing started
03/01 16:00:23:626 Testing connection ...
03/01 16:00:24:304 Created provisioning instance for CCWS
03/01 16:00:24:310 Testing connection are success
03/01 16:00:24:315 Starting process session
03/01 16:00:25:281 Total 0 instances are started
03/01 16:00:25:292 Total 1 instances are added
03/01 16:00:58:524 Create order(84968918527?) cost time: 25ms
03/01 16:00:58:545 84968918527?: ACOMVT00001 - QUEST.SENDFIRSTCONTENT
03/01 16:00:58:554 orderId = 156965 | orderDate = 2014/01/03 16:00:58 | merchantId = 3001 | agentId = 0 | userName = vt8x26 | subProductId = 0 | channel = web | serviceAddress = 8626 | keyword = VTREG_GET | isdn = 84968918527? | subscriberType = 1 | shipTo =  | contentCode = 102 | contentType = 2 | actionType = register | productId = 920 | amount = 0.0 | provisioningType = QUEST | commandId = 702 | cause =  | status = 1 | description = 
03/01 16:06:32:163 Order Routing started
03/01 16:06:32:218 Testing connection ...
03/01 16:06:33:217 Created provisioning instance for CCWS
03/01 16:06:33:226 Testing connection are success
03/01 16:06:33:235 Starting process session
03/01 16:06:37:201 Total 0 instances are started
03/01 16:06:37:211 Total 1 instances are added
03/01 16:06:56:427 Create order(84968918527?) cost time: 28ms
03/01 16:06:56:506 84968918527?: ACOMVT00001 - QUEST.SENDFIRSTCONTENT
03/01 16:06:56:511 orderId = 156984 | orderDate = 2014/01/03 16:06:56 | merchantId = 3001 | agentId = 0 | userName = vt8x26 | subProductId = 0 | channel = web | serviceAddress = 8626 | keyword = VTREG_GET | isdn = 84968918527? | subscriberType = 1 | shipTo =  | contentCode = 102 | contentType = 2 | actionType = register | productId = 920 | amount = 0.0 | provisioningType = QUEST | commandId = 702 | cause =  | status = 1 | description = 
03/01 16:08:56:555 Close pool
03/01 16:08:56:664 Close queue connection pool.
03/01 16:08:56:678 End of process session
03/01 16:08:56:686 Order Routing stopped
03/01 16:08:58:579 Order Routing started
03/01 16:08:58:631 Close pool
03/01 16:08:58:640 Close pool
03/01 16:08:58:649 Testing connection ...
03/01 16:08:58:667 Created provisioning instance for CCWS
03/01 16:08:58:675 Testing connection are success
03/01 16:08:58:684 Starting process session
03/01 16:09:00:002 Total 0 instances are started
03/01 16:09:00:010 Total 1 instances are added
03/01 16:09:50:626 Close pool
03/01 16:09:50:734 Close queue connection pool.
03/01 16:09:50:746 End of process session
03/01 16:09:50:754 Order Routing stopped
03/01 16:09:52:648 Order Routing started
03/01 16:09:52:697 Close pool
03/01 16:09:52:705 Close pool
03/01 16:09:52:713 Testing connection ...
03/01 16:09:52:728 Created provisioning instance for CCWS
03/01 16:09:52:735 Testing connection are success
03/01 16:09:52:743 Starting process session
03/01 16:09:53:559 Total 0 instances are started
03/01 16:09:53:569 Total 1 instances are added
03/01 16:10:15:212 Create order(84968918527?) cost time: 17ms
03/01 16:10:15:224 84968918527?: ACOMVT00001 - QUEST.SENDFIRSTCONTENT
03/01 16:10:15:232 orderId = 157000 | orderDate = 2014/01/03 16:10:15 | merchantId = 3001 | agentId = 0 | userName = vt8x26 | subProductId = 0 | channel = web | serviceAddress = 8626 | keyword = VTREG_GET | isdn = 84968918527? | subscriberType = 1 | shipTo =  | contentCode = 102 | contentType = 2 | actionType = register | productId = 920 | amount = 0.0 | provisioningType = QUEST | commandId = 702 | cause =  | status = 1 | description = 
03/01 16:23:20:263 Order Routing started
03/01 16:23:22:032 Testing connection ...
03/01 16:23:22:952 Created provisioning instance for CCWS
03/01 16:23:22:959 Testing connection are success
03/01 16:23:22:966 Starting process session
03/01 16:23:28:990 Total 0 instances are started
03/01 16:23:28:999 Total 1 instances are added
03/01 16:23:29:120 Total 0 instances are started
03/01 16:23:29:135 Total 1 instances are added
03/01 16:23:35:276 Total 0 instances are started
03/01 16:23:35:410 Total 1 instances are added
03/01 16:26:34:763 Create order(84968918527?) cost time: 25ms
03/01 16:26:34:822 84968918527?: ACOMVT00001 - QUEST.SENDFIRSTCONTENT
03/01 16:26:34:833 orderId = 157080 | orderDate = 2014/01/03 16:26:34 | merchantId = 3001 | agentId = 0 | userName = vt8x26 | subProductId = 0 | channel = web | serviceAddress = 8626 | keyword = VTREG_GET | isdn = 84968918527? | subscriberType = 1 | shipTo =  | contentCode = 102 | contentType = 2 | actionType = register | productId = 920 | amount = 0.0 | provisioningType = QUEST | commandId = 702 | cause =  | status = 1 | description = 
03/01 16:30:53:468 Create order(84968918527?) cost time: 16ms
03/01 16:30:53:481 84968918527?: ACOMVT00001 - QUEST.SENDFIRSTCONTENT
03/01 16:30:53:487 orderId = 157094 | orderDate = 2014/01/03 16:30:53 | merchantId = 3001 | agentId = 0 | userName = vt8x26 | subProductId = 0 | channel = web | serviceAddress = 8626 | keyword = VTREG_GET | isdn = 84968918527? | subscriberType = 1 | shipTo =  | contentCode = 102 | contentType = 2 | actionType = register | productId = 920 | amount = 0.0 | provisioningType = QUEST | commandId = 702 | cause =  | status = 1 | description = 
03/01 16:39:18:092 Create order(84968918527?) cost time: 18ms
03/01 16:39:18:111 84968918527?: ACOMVT00001 - QUEST.SENDFIRSTCONTENT
03/01 16:39:18:115 orderId = 157123 | orderDate = 2014/01/03 16:39:18 | merchantId = 3001 | agentId = 0 | userName = vt8x26 | subProductId = 0 | channel = web | serviceAddress = 8626 | keyword = VTREG_GET | isdn = 84968918527? | subscriberType = 1 | shipTo =  | contentCode = 102 | contentType = 2 | actionType = register | productId = 920 | amount = 0.0 | provisioningType = QUEST | commandId = 702 | cause =  | status = 1 | description = 
03/01 17:02:59:912 Order Routing started
03/01 17:03:02:276 Testing connection ...
03/01 17:03:03:247 Created provisioning instance for CCWS
03/01 17:03:03:254 Testing connection are success
03/01 17:03:03:259 Starting process session
03/01 17:03:07:817 Total 0 instances are started
03/01 17:03:07:827 Total 1 instances are added
03/01 17:04:14:701 Create order(84968918527?) cost time: 26ms
03/01 17:04:14:871 84968918527?: ACOMVT00001 - QUEST.SENDFIRSTCONTENT
03/01 17:04:14:882 orderId = 157219 | orderDate = 2014/01/03 17:04:14 | merchantId = 3001 | agentId = 0 | userName = vt8x26 | subProductId = 0 | channel = web | serviceAddress = 8626 | keyword = VTREG_GET | isdn = 84968918527? | subscriberType = 1 | shipTo =  | contentCode = 102 | contentType = 2 | actionType = register | productId = 920 | amount = 0.0 | provisioningType = QUEST | commandId = 702 | cause =  | status = 1 | description = 
03/01 17:15:27:786 Close pool
03/01 17:15:27:901 Close queue connection pool.
03/01 17:15:27:915 End of process session
03/01 17:15:27:924 Order Routing stopped
03/01 17:15:29:814 Order Routing started
03/01 17:15:29:851 Close pool
03/01 17:15:29:856 Close pool
03/01 17:15:29:861 Testing connection ...
03/01 17:15:29:872 Created provisioning instance for CCWS
03/01 17:15:29:876 Testing connection are success
03/01 17:15:29:880 Starting process session
03/01 17:15:39:393 Total 0 instances are started
03/01 17:15:39:401 Total 1 instances are added
03/01 17:16:38:739 Create order(84968918527?) cost time: 231ms
03/01 17:16:38:753 84968918527?: ACOMVT00001 - QUEST.SENDFIRSTCONTENT
03/01 17:16:38:762 orderId = 157288 | orderDate = 2014/01/03 17:16:38 | merchantId = 3001 | agentId = 0 | userName = vt8x26 | subProductId = 0 | channel = web | serviceAddress = 8626 | keyword = VTREG_GET | isdn = 84968918527? | subscriberType = 1 | shipTo =  | contentCode = 102 | contentType = 2 | actionType = register | productId = 920 | amount = 0.0 | provisioningType = QUEST | commandId = 702 | cause =  | status = 1 | description = 
