14/05 09:55:41:593 Order Routing started
14/05 09:55:47:683 Testing connection ...
14/05 09:55:53:959 Created provisioning instance for CCWS
14/05 09:55:53:967 Testing connection are success
14/05 09:55:53:976 Starting process session
14/05 09:55:55:333 unknow-product
14/05 09:55:55:343 Close pool
14/05 09:55:55:353 End of process session
14/05 09:56:05:885 Close pool
14/05 09:56:05:893 Close pool
14/05 09:56:05:902 Testing connection ...
14/05 09:56:05:913 Created provisioning instance for CCWS
14/05 09:56:05:921 Testing connection are success
14/05 09:56:05:928 Starting process session
14/05 09:56:09:984 unknow-product
14/05 09:56:09:996 Close pool
14/05 09:56:10:009 End of process session
14/05 09:56:20:070 Close pool
14/05 09:56:20:078 Close pool
14/05 09:56:20:086 Testing connection ...
14/05 09:56:20:097 Created provisioning instance for CCWS
14/05 09:56:20:109 Testing connection are success
14/05 09:56:20:125 Starting process session
14/05 09:56:22:163 unknow-product
14/05 09:56:22:164 Close pool
14/05 09:56:22:172 End of process session
14/05 09:56:32:218 Close pool
14/05 09:56:32:230 Close pool
14/05 09:56:32:241 Testing connection ...
14/05 09:56:32:276 Created provisioning instance for CCWS
14/05 09:56:32:287 Testing connection are success
14/05 09:56:32:298 Starting process session
14/05 09:56:33:606 unknow-product
14/05 09:56:33:615 Close pool
14/05 09:56:33:623 End of process session
14/05 09:56:43:643 Close pool
14/05 09:56:43:653 Close pool
14/05 09:56:43:665 Testing connection ...
14/05 09:56:43:675 Created provisioning instance for CCWS
14/05 09:56:43:685 Testing connection are success
14/05 09:56:43:700 Starting process session
14/05 09:56:48:136 unknow-product
14/05 09:56:48:147 Close pool
14/05 09:56:48:157 End of process session
14/05 09:56:58:179 Close pool
14/05 09:56:58:192 Close pool
14/05 09:56:58:206 Testing connection ...
14/05 09:56:58:223 Created provisioning instance for CCWS
14/05 09:56:58:234 Testing connection are success
14/05 09:56:58:244 Starting process session
14/05 09:56:59:512 unknow-product
14/05 09:56:59:520 Close pool
14/05 09:56:59:529 End of process session
14/05 09:57:09:573 Close pool
14/05 09:57:09:583 Close pool
14/05 09:57:09:596 Testing connection ...
14/05 09:57:09:611 Created provisioning instance for CCWS
14/05 09:57:09:621 Testing connection are success
14/05 09:57:09:632 Starting process session
14/05 10:11:46:697 Order Routing started
14/05 10:11:47:547 Testing connection ...
14/05 10:11:49:536 Created provisioning instance for CCWS
14/05 10:11:49:548 Testing connection are success
14/05 10:11:49:577 Starting process session
14/05 10:13:01:492 unknow-product
14/05 10:13:01:494 Close pool
14/05 10:13:01:506 End of process session
14/05 10:13:11:560 Close pool
14/05 10:13:11:572 Close pool
14/05 10:13:11:583 Testing connection ...
14/05 10:13:11:595 Created provisioning instance for CCWS
14/05 10:13:11:608 Testing connection are success
14/05 10:13:11:622 Starting process session
14/05 10:14:06:961 unknow-product
14/05 10:14:06:969 Close pool
14/05 10:14:06:976 End of process session
14/05 10:14:17:278 Order Routing started
14/05 10:14:18:141 Testing connection ...
14/05 10:14:19:703 Created provisioning instance for CCWS
14/05 10:14:19:714 Testing connection are success
14/05 10:14:19:725 Starting process session
14/05 10:17:18:813 unknow-product
14/05 10:17:18:814 Close pool
14/05 10:17:18:827 End of process session
