16/07 16:02:04:840 Order Routing started
16/07 16:02:08:408 Testing connection ...
16/07 16:02:10:634 Created provisioning instance for CCWS
16/07 16:02:10:636 Testing connection are success
16/07 16:02:10:641 Starting process session
16/07 16:06:44:496 unknow-product
16/07 16:06:44:562 Close pool
16/07 16:06:44:569 End of process session
16/07 16:06:54:979 Close pool
16/07 16:06:54:982 Close pool
16/07 16:06:54:984 Testing connection ...
16/07 16:06:54:988 Created provisioning instance for CCWS
16/07 16:06:54:990 Testing connection are success
16/07 16:06:55:029 Starting process session
16/07 16:09:14:025 Order Routing started
16/07 16:09:14:265 Testing connection ...
16/07 16:09:16:706 Created provisioning instance for CCWS
16/07 16:09:16:786 Testing connection are success
16/07 16:09:16:796 Starting process session
16/07 16:10:00:486 unknow-product
16/07 16:10:00:569 Close pool
16/07 16:10:00:623 End of process session
16/07 16:10:10:944 Close pool
16/07 16:10:10:946 Close pool
16/07 16:10:10:948 Testing connection ...
16/07 16:10:10:952 Created provisioning instance for CCWS
16/07 16:10:10:954 Testing connection are success
16/07 16:10:10:967 Starting process session
16/07 16:10:13:145 unknow-product
16/07 16:10:13:254 Close pool
16/07 16:10:13:256 End of process session
16/07 16:10:23:588 Close pool
16/07 16:10:23:607 Close pool
16/07 16:10:23:650 Testing connection ...
16/07 16:10:23:675 Created provisioning instance for CCWS
16/07 16:10:23:711 Testing connection are success
16/07 16:10:23:714 Starting process session
16/07 16:10:57:025 unknow-product
16/07 16:10:57:027 Close pool
16/07 16:10:57:034 End of process session
16/07 16:11:07:129 Close pool
16/07 16:11:07:149 Close pool
16/07 16:11:07:167 Testing connection ...
16/07 16:11:07:171 Created provisioning instance for CCWS
16/07 16:11:07:177 Testing connection are success
16/07 16:11:07:183 Starting process session
16/07 16:11:12:952 unknow-product
16/07 16:11:12:976 Close pool
16/07 16:11:13:025 End of process session
16/07 16:11:23:427 Close pool
16/07 16:11:23:429 Close pool
16/07 16:11:23:431 Testing connection ...
16/07 16:11:23:435 Created provisioning instance for CCWS
16/07 16:11:23:437 Testing connection are success
16/07 16:11:23:438 Starting process session
16/07 16:11:47:988 unknow-product
16/07 16:11:47:990 Close pool
16/07 16:11:47:993 End of process session
16/07 16:11:58:159 Close pool
16/07 16:11:58:162 Close pool
16/07 16:11:58:164 Testing connection ...
16/07 16:11:58:169 Created provisioning instance for CCWS
16/07 16:11:58:172 Testing connection are success
16/07 16:11:58:174 Starting process session
16/07 16:11:59:019 unknow-product
16/07 16:11:59:022 Close pool
16/07 16:11:59:024 End of process session
16/07 16:12:09:249 Close pool
16/07 16:12:09:273 Close pool
16/07 16:12:09:294 Testing connection ...
16/07 16:12:09:302 Created provisioning instance for CCWS
16/07 16:12:09:311 Testing connection are success
16/07 16:12:09:328 Starting process session
16/07 16:13:47:710 Order Routing started
16/07 16:13:48:117 Testing connection ...
16/07 16:13:49:399 Created provisioning instance for CCWS
16/07 16:13:49:416 Testing connection are success
16/07 16:13:49:425 Starting process session
