15/11 06:37:28:154 CRM started
15/11 06:37:31:882 Testing connection ...
15/11 06:37:31:930 Testing connection are success
15/11 06:37:32:014 Starting process session
15/11 06:37:55:823 queue-not-found
Context: test/CRM : test/CRM
15/11 06:37:56:225 queue-not-found
Context: test/CRM : test/CRM
15/11 06:37:56:590 queue-not-found
Context: test/CRM : test/CRM
15/11 06:37:56:832 queue-not-found
Context: test/CRM : test/CRM
15/11 06:37:57:049 queue-not-found
Context: test/CRM : test/CRM
15/11 06:37:57:225 queue-not-found
Context: test/CRM : test/CRM
15/11 06:37:57:435 queue-not-found
Context: test/CRM : test/CRM
15/11 06:37:57:653 queue-not-found
Context: test/CRM : test/CRM
15/11 06:37:57:834 queue-not-found
Context: test/CRM : test/CRM
15/11 06:37:58:043 queue-not-found
Context: test/CRM : test/CRM
15/11 06:37:58:280 queue-not-found
Context: test/CRM : test/CRM
15/11 06:37:58:495 queue-not-found
Context: test/CRM : test/CRM
15/11 06:37:58:706 queue-not-found
Context: test/CRM : test/CRM
15/11 06:37:58:935 queue-not-found
Context: test/CRM : test/CRM
15/11 06:37:59:167 queue-not-found
Context: test/CRM : test/CRM
15/11 06:37:59:387 queue-not-found
Context: test/CRM : test/CRM
15/11 06:37:59:614 queue-not-found
Context: test/CRM : test/CRM
15/11 06:37:59:800 queue-not-found
Context: test/CRM : test/CRM
15/11 06:37:59:998 queue-not-found
Context: test/CRM : test/CRM
15/11 06:38:00:293 queue-not-found
Context: test/CRM : test/CRM
15/11 06:38:00:511 queue-not-found
Context: test/CRM : test/CRM
15/11 06:38:00:735 queue-not-found
Context: test/CRM : test/CRM
15/11 06:38:00:919 queue-not-found
Context: test/CRM : test/CRM
15/11 06:38:01:127 queue-not-found
Context: test/CRM : test/CRM
15/11 06:38:01:332 queue-not-found
Context: test/CRM : test/CRM
15/11 06:38:01:532 queue-not-found
Context: test/CRM : test/CRM
15/11 06:38:01:742 queue-not-found
Context: test/CRM : test/CRM
15/11 06:38:01:934 queue-not-found
Context: test/CRM : test/CRM
15/11 06:38:02:141 queue-not-found
Context: test/CRM : test/CRM
15/11 06:38:02:341 queue-not-found
Context: test/CRM : test/CRM
15/11 06:38:02:580 queue-not-found
Context: test/CRM : test/CRM
15/11 06:38:02:763 queue-not-found
Context: test/CRM : test/CRM
15/11 06:38:02:981 queue-not-found
Context: test/CRM : test/CRM
15/11 06:38:03:181 queue-not-found
Context: test/CRM : test/CRM
15/11 06:38:03:388 queue-not-found
Context: test/CRM : test/CRM
15/11 06:38:03:602 queue-not-found
Context: test/CRM : test/CRM
15/11 06:38:03:817 queue-not-found
Context: test/CRM : test/CRM
15/11 06:38:04:001 queue-not-found
Context: test/CRM : test/CRM
15/11 06:38:04:212 queue-not-found
Context: test/CRM : test/CRM
15/11 06:38:04:442 queue-not-found
Context: test/CRM : test/CRM
15/11 06:38:04:623 queue-not-found
Context: test/CRM : test/CRM
15/11 06:38:04:819 queue-not-found
Context: test/CRM : test/CRM
15/11 06:38:05:031 queue-not-found
Context: test/CRM : test/CRM
15/11 06:38:05:231 queue-not-found
Context: test/CRM : test/CRM
15/11 06:38:05:430 queue-not-found
Context: test/CRM : test/CRM
15/11 06:38:05:632 queue-not-found
Context: test/CRM : test/CRM
15/11 06:38:05:841 queue-not-found
Context: test/CRM : test/CRM
15/11 06:38:06:036 queue-not-found
Context: test/CRM : test/CRM
15/11 06:38:06:240 queue-not-found
Context: test/CRM : test/CRM
15/11 06:38:06:468 queue-not-found
Context: test/CRM : test/CRM
15/11 06:38:06:638 queue-not-found
Context: test/CRM : test/CRM
15/11 06:38:06:850 queue-not-found
Context: test/CRM : test/CRM
15/11 06:38:07:053 queue-not-found
Context: test/CRM : test/CRM
15/11 06:38:07:262 queue-not-found
Context: test/CRM : test/CRM
15/11 06:38:07:469 queue-not-found
Context: test/CRM : test/CRM
15/11 06:38:07:666 queue-not-found
Context: test/CRM : test/CRM
15/11 06:38:07:864 queue-not-found
Context: test/CRM : test/CRM
15/11 06:38:08:073 queue-not-found
Context: test/CRM : test/CRM
15/11 06:38:08:289 queue-not-found
Context: test/CRM : test/CRM
15/11 06:38:08:466 queue-not-found
Context: test/CRM : test/CRM
15/11 06:38:08:683 queue-not-found
Context: test/CRM : test/CRM
15/11 06:38:08:885 queue-not-found
Context: test/CRM : test/CRM
15/11 06:38:09:098 queue-not-found
Context: test/CRM : test/CRM
15/11 06:38:09:298 queue-not-found
Context: test/CRM : test/CRM
15/11 06:38:09:494 queue-not-found
Context: test/CRM : test/CRM
15/11 06:38:09:698 queue-not-found
Context: test/CRM : test/CRM
15/11 06:38:09:898 queue-not-found
Context: test/CRM : test/CRM
15/11 06:38:10:096 queue-not-found
Context: test/CRM : test/CRM
15/11 06:38:10:308 queue-not-found
Context: test/CRM : test/CRM
15/11 06:38:10:506 queue-not-found
Context: test/CRM : test/CRM
15/11 06:38:10:728 queue-not-found
Context: test/CRM : test/CRM
15/11 06:38:10:917 queue-not-found
Context: test/CRM : test/CRM
15/11 06:38:11:118 queue-not-found
Context: test/CRM : test/CRM
15/11 06:38:11:319 queue-not-found
Context: test/CRM : test/CRM
15/11 06:38:11:517 queue-not-found
Context: test/CRM : test/CRM
15/11 06:38:11:726 queue-not-found
Context: test/CRM : test/CRM
15/11 06:38:11:922 queue-not-found
Context: test/CRM : test/CRM
15/11 06:38:12:131 queue-not-found
Context: test/CRM : test/CRM
15/11 06:38:12:339 queue-not-found
Context: test/CRM : test/CRM
15/11 06:38:12:559 queue-not-found
Context: test/CRM : test/CRM
15/11 06:38:12:742 queue-not-found
Context: test/CRM : test/CRM
15/11 06:38:12:949 queue-not-found
Context: test/CRM : test/CRM
15/11 06:38:13:159 queue-not-found
Context: test/CRM : test/CRM
15/11 06:38:13:375 queue-not-found
Context: test/CRM : test/CRM
15/11 06:38:13:565 queue-not-found
Context: test/CRM : test/CRM
15/11 06:38:13:816 queue-not-found
Context: test/CRM : test/CRM
15/11 06:38:14:008 queue-not-found
Context: test/CRM : test/CRM
15/11 06:38:14:196 queue-not-found
Context: test/CRM : test/CRM
15/11 06:38:14:444 queue-not-found
Context: test/CRM : test/CRM
15/11 06:38:14:691 queue-not-found
Context: test/CRM : test/CRM
15/11 06:38:14:886 queue-not-found
Context: test/CRM : test/CRM
15/11 06:38:15:147 queue-not-found
Context: test/CRM : test/CRM
15/11 06:38:15:621 queue-not-found
Context: test/CRM : test/CRM
15/11 06:38:15:861 queue-not-found
Context: test/CRM : test/CRM
15/11 06:38:16:052 queue-not-found
Context: test/CRM : test/CRM
15/11 06:38:16:262 queue-not-found
Context: test/CRM : test/CRM
15/11 06:38:16:483 queue-not-found
Context: test/CRM : test/CRM
15/11 06:38:16:665 queue-not-found
Context: test/CRM : test/CRM
15/11 06:38:16:883 queue-not-found
Context: test/CRM : test/CRM
15/11 06:38:17:087 queue-not-found
Context: test/CRM : test/CRM
15/11 06:38:17:344 queue-not-found
Context: test/CRM : test/CRM
15/11 06:38:17:536 queue-not-found
Context: test/CRM : test/CRM
15/11 06:38:17:733 queue-not-found
Context: test/CRM : test/CRM
15/11 06:38:17:940 queue-not-found
Context: test/CRM : test/CRM
15/11 06:38:18:149 queue-not-found
Context: test/CRM : test/CRM
15/11 06:38:18:354 queue-not-found
Context: test/CRM : test/CRM
15/11 06:38:18:548 queue-not-found
Context: test/CRM : test/CRM
15/11 06:38:18:765 queue-not-found
Context: test/CRM : test/CRM
15/11 06:38:18:973 queue-not-found
Context: test/CRM : test/CRM
15/11 06:38:19:200 queue-not-found
Context: test/CRM : test/CRM
15/11 06:38:19:413 queue-not-found
Context: test/CRM : test/CRM
15/11 06:38:19:608 queue-not-found
Context: test/CRM : test/CRM
15/11 06:38:19:813 queue-not-found
Context: test/CRM : test/CRM
15/11 06:38:20:012 queue-not-found
Context: test/CRM : test/CRM
15/11 06:38:20:210 queue-not-found
Context: test/CRM : test/CRM
15/11 06:38:20:484 queue-not-found
Context: test/CRM : test/CRM
15/11 06:38:20:754 queue-not-found
Context: test/CRM : test/CRM
15/11 06:38:20:969 queue-not-found
Context: test/CRM : test/CRM
15/11 06:38:21:156 queue-not-found
Context: test/CRM : test/CRM
15/11 06:38:21:355 queue-not-found
Context: test/CRM : test/CRM
15/11 06:38:21:560 queue-not-found
Context: test/CRM : test/CRM
15/11 06:38:21:785 queue-not-found
Context: test/CRM : test/CRM
15/11 06:38:21:958 queue-not-found
Context: test/CRM : test/CRM
15/11 06:38:22:162 queue-not-found
Context: test/CRM : test/CRM
15/11 06:38:22:360 queue-not-found
Context: test/CRM : test/CRM
15/11 06:38:22:576 queue-not-found
Context: test/CRM : test/CRM
15/11 06:38:22:772 queue-not-found
Context: test/CRM : test/CRM
15/11 06:38:22:975 queue-not-found
Context: test/CRM : test/CRM
15/11 06:38:23:177 queue-not-found
Context: test/CRM : test/CRM
15/11 06:38:23:384 queue-not-found
Context: test/CRM : test/CRM
15/11 06:38:23:607 queue-not-found
Context: test/CRM : test/CRM
15/11 06:38:23:801 queue-not-found
Context: test/CRM : test/CRM
15/11 06:38:24:085 queue-not-found
Context: test/CRM : test/CRM
15/11 06:38:24:238 queue-not-found
Context: test/CRM : test/CRM
15/11 06:38:24:458 queue-not-found
Context: test/CRM : test/CRM
15/11 06:38:24:652 queue-not-found
Context: test/CRM : test/CRM
15/11 06:38:24:855 queue-not-found
Context: test/CRM : test/CRM
15/11 06:38:25:076 queue-not-found
Context: test/CRM : test/CRM
15/11 06:38:25:270 queue-not-found
Context: test/CRM : test/CRM
15/11 06:38:25:526 queue-not-found
Context: test/CRM : test/CRM
15/11 06:38:25:674 queue-not-found
Context: test/CRM : test/CRM
15/11 06:38:25:876 queue-not-found
Context: test/CRM : test/CRM
15/11 06:38:26:109 queue-not-found
Context: test/CRM : test/CRM
15/11 06:38:26:290 queue-not-found
Context: test/CRM : test/CRM
15/11 06:38:26:499 queue-not-found
Context: test/CRM : test/CRM
15/11 06:38:26:707 queue-not-found
Context: test/CRM : test/CRM
15/11 06:38:26:906 queue-not-found
Context: test/CRM : test/CRM
15/11 06:38:27:117 queue-not-found
Context: test/CRM : test/CRM
15/11 06:38:27:303 queue-not-found
Context: test/CRM : test/CRM
15/11 06:38:27:523 queue-not-found
Context: test/CRM : test/CRM
15/11 06:38:27:709 queue-not-found
Context: test/CRM : test/CRM
15/11 06:38:27:922 queue-not-found
Context: test/CRM : test/CRM
15/11 06:38:28:110 queue-not-found
Context: test/CRM : test/CRM
15/11 06:38:28:322 queue-not-found
Context: test/CRM : test/CRM
15/11 06:38:28:598 queue-not-found
Context: test/CRM : test/CRM
15/11 06:38:28:838 queue-not-found
Context: test/CRM : test/CRM
15/11 06:38:29:042 queue-not-found
Context: test/CRM : test/CRM
15/11 06:38:29:268 queue-not-found
Context: test/CRM : test/CRM
15/11 06:38:29:448 queue-not-found
Context: test/CRM : test/CRM
15/11 06:38:29:638 queue-not-found
Context: test/CRM : test/CRM
15/11 06:38:29:851 queue-not-found
Context: test/CRM : test/CRM
15/11 06:38:30:041 queue-not-found
Context: test/CRM : test/CRM
15/11 06:38:30:275 queue-not-found
Context: test/CRM : test/CRM
15/11 06:38:30:479 queue-not-found
Context: test/CRM : test/CRM
15/11 06:38:30:688 queue-not-found
Context: test/CRM : test/CRM
15/11 06:38:30:905 queue-not-found
Context: test/CRM : test/CRM
15/11 06:38:31:105 queue-not-found
Context: test/CRM : test/CRM
15/11 06:38:31:316 queue-not-found
Context: test/CRM : test/CRM
15/11 06:38:31:520 queue-not-found
Context: test/CRM : test/CRM
15/11 06:38:31:712 queue-not-found
Context: test/CRM : test/CRM
15/11 06:38:31:940 queue-not-found
Context: test/CRM : test/CRM
15/11 06:38:32:152 queue-not-found
Context: test/CRM : test/CRM
15/11 06:38:32:354 queue-not-found
Context: test/CRM : test/CRM
15/11 06:38:32:579 queue-not-found
Context: test/CRM : test/CRM
15/11 06:38:32:776 queue-not-found
Context: test/CRM : test/CRM
15/11 06:38:33:028 queue-not-found
Context: test/CRM : test/CRM
15/11 06:38:33:263 queue-not-found
Context: test/CRM : test/CRM
15/11 06:38:33:432 queue-not-found
Context: test/CRM : test/CRM
15/11 06:38:33:764 queue-not-found
Context: test/CRM : test/CRM
15/11 06:38:33:939 queue-not-found
Context: test/CRM : test/CRM
15/11 06:38:34:133 queue-not-found
Context: test/CRM : test/CRM
15/11 06:38:34:321 queue-not-found
Context: test/CRM : test/CRM
15/11 06:38:34:527 queue-not-found
Context: test/CRM : test/CRM
15/11 06:38:34:757 queue-not-found
Context: test/CRM : test/CRM
15/11 06:38:35:014 queue-not-found
Context: test/CRM : test/CRM
15/11 06:38:35:218 queue-not-found
Context: test/CRM : test/CRM
15/11 06:38:35:411 queue-not-found
Context: test/CRM : test/CRM
15/11 06:38:35:617 queue-not-found
Context: test/CRM : test/CRM
15/11 06:38:35:854 queue-not-found
Context: test/CRM : test/CRM
15/11 06:38:36:060 queue-not-found
Context: test/CRM : test/CRM
15/11 06:38:36:246 queue-not-found
Context: test/CRM : test/CRM
15/11 06:38:36:455 queue-not-found
Context: test/CRM : test/CRM
15/11 06:38:36:664 queue-not-found
Context: test/CRM : test/CRM
15/11 06:38:36:855 queue-not-found
Context: test/CRM : test/CRM
15/11 06:38:37:098 queue-not-found
Context: test/CRM : test/CRM
15/11 06:38:37:260 queue-not-found
Context: test/CRM : test/CRM
15/11 06:38:37:507 queue-not-found
Context: test/CRM : test/CRM
15/11 06:38:37:680 queue-not-found
Context: test/CRM : test/CRM
15/11 06:38:37:874 queue-not-found
Context: test/CRM : test/CRM
15/11 06:38:38:071 queue-not-found
Context: test/CRM : test/CRM
15/11 06:38:38:344 queue-not-found
Context: test/CRM : test/CRM
15/11 06:38:38:558 queue-not-found
Context: test/CRM : test/CRM
15/11 06:38:38:753 queue-not-found
Context: test/CRM : test/CRM
15/11 06:38:38:954 queue-not-found
Context: test/CRM : test/CRM
15/11 06:38:39:164 queue-not-found
Context: test/CRM : test/CRM
15/11 06:38:39:455 queue-not-found
Context: test/CRM : test/CRM
15/11 06:38:39:623 queue-not-found
Context: test/CRM : test/CRM
15/11 06:38:39:826 queue-not-found
Context: test/CRM : test/CRM
15/11 06:38:40:044 queue-not-found
Context: test/CRM : test/CRM
15/11 06:38:40:263 queue-not-found
Context: test/CRM : test/CRM
15/11 06:38:40:470 queue-not-found
Context: test/CRM : test/CRM
15/11 06:38:40:689 queue-not-found
Context: test/CRM : test/CRM
15/11 06:38:40:871 queue-not-found
Context: test/CRM : test/CRM
15/11 06:38:41:075 queue-not-found
Context: test/CRM : test/CRM
15/11 06:38:41:287 queue-not-found
Context: test/CRM : test/CRM
15/11 06:38:41:480 queue-not-found
Context: test/CRM : test/CRM
15/11 06:38:41:709 queue-not-found
Context: test/CRM : test/CRM
15/11 06:38:41:916 queue-not-found
Context: test/CRM : test/CRM
15/11 06:38:42:115 queue-not-found
Context: test/CRM : test/CRM
15/11 06:38:42:317 queue-not-found
Context: test/CRM : test/CRM
15/11 06:38:42:517 queue-not-found
Context: test/CRM : test/CRM
15/11 06:38:42:749 queue-not-found
Context: test/CRM : test/CRM
15/11 06:38:42:989 queue-not-found
Context: test/CRM : test/CRM
15/11 06:38:43:153 queue-not-found
Context: test/CRM : test/CRM
15/11 06:38:43:353 queue-not-found
Context: test/CRM : test/CRM
15/11 06:38:43:595 queue-not-found
Context: test/CRM : test/CRM
15/11 06:38:43:826 queue-not-found
Context: test/CRM : test/CRM
15/11 06:38:44:125 queue-not-found
Context: test/CRM : test/CRM
15/11 06:38:44:357 queue-not-found
Context: test/CRM : test/CRM
15/11 06:38:44:559 queue-not-found
Context: test/CRM : test/CRM
15/11 06:38:44:760 queue-not-found
Context: test/CRM : test/CRM
15/11 06:38:44:986 queue-not-found
Context: test/CRM : test/CRM
15/11 06:38:45:233 queue-not-found
Context: test/CRM : test/CRM
15/11 06:38:45:418 queue-not-found
Context: test/CRM : test/CRM
15/11 06:38:45:601 queue-not-found
Context: test/CRM : test/CRM
15/11 06:38:45:810 queue-not-found
Context: test/CRM : test/CRM
15/11 06:38:46:006 queue-not-found
Context: test/CRM : test/CRM
15/11 06:38:46:259 queue-not-found
Context: test/CRM : test/CRM
15/11 06:38:46:432 queue-not-found
Context: test/CRM : test/CRM
15/11 06:38:46:665 queue-not-found
Context: test/CRM : test/CRM
15/11 06:38:46:844 queue-not-found
Context: test/CRM : test/CRM
15/11 06:38:47:035 queue-not-found
Context: test/CRM : test/CRM
15/11 06:38:47:236 queue-not-found
Context: test/CRM : test/CRM
15/11 06:38:47:437 queue-not-found
Context: test/CRM : test/CRM
15/11 06:38:47:636 queue-not-found
Context: test/CRM : test/CRM
15/11 06:38:47:834 queue-not-found
Context: test/CRM : test/CRM
15/11 06:38:48:121 queue-not-found
Context: test/CRM : test/CRM
15/11 06:38:48:311 queue-not-found
Context: test/CRM : test/CRM
15/11 06:38:48:538 queue-not-found
Context: test/CRM : test/CRM
15/11 06:38:48:757 queue-not-found
Context: test/CRM : test/CRM
15/11 06:38:48:997 queue-not-found
Context: test/CRM : test/CRM
15/11 06:38:49:163 queue-not-found
Context: test/CRM : test/CRM
15/11 06:38:49:378 queue-not-found
Context: test/CRM : test/CRM
15/11 06:38:49:621 queue-not-found
Context: test/CRM : test/CRM
15/11 06:38:49:807 queue-not-found
Context: test/CRM : test/CRM
15/11 06:38:50:035 queue-not-found
Context: test/CRM : test/CRM
15/11 06:38:50:231 queue-not-found
Context: test/CRM : test/CRM
15/11 06:38:50:433 queue-not-found
Context: test/CRM : test/CRM
15/11 06:38:50:640 queue-not-found
Context: test/CRM : test/CRM
15/11 06:38:50:956 queue-not-found
Context: test/CRM : test/CRM
15/11 06:38:51:116 queue-not-found
Context: test/CRM : test/CRM
15/11 06:38:51:313 queue-not-found
Context: test/CRM : test/CRM
15/11 06:38:51:521 queue-not-found
Context: test/CRM : test/CRM
15/11 06:38:51:736 queue-not-found
Context: test/CRM : test/CRM
15/11 06:38:51:968 queue-not-found
Context: test/CRM : test/CRM
15/11 06:38:52:141 queue-not-found
Context: test/CRM : test/CRM
15/11 06:38:52:448 queue-not-found
Context: test/CRM : test/CRM
15/11 06:38:52:702 queue-not-found
Context: test/CRM : test/CRM
15/11 06:38:52:943 queue-not-found
Context: test/CRM : test/CRM
15/11 06:38:53:293 queue-not-found
Context: test/CRM : test/CRM
15/11 06:38:53:428 queue-not-found
Context: test/CRM : test/CRM
15/11 06:38:53:786 queue-not-found
Context: test/CRM : test/CRM
15/11 06:38:54:043 queue-not-found
Context: test/CRM : test/CRM
15/11 06:38:54:285 queue-not-found
Context: test/CRM : test/CRM
15/11 06:38:54:604 queue-not-found
Context: test/CRM : test/CRM
15/11 06:38:54:805 queue-not-found
Context: test/CRM : test/CRM
15/11 06:38:54:965 queue-not-found
Context: test/CRM : test/CRM
15/11 06:38:55:171 queue-not-found
Context: test/CRM : test/CRM
15/11 06:38:55:415 queue-not-found
Context: test/CRM : test/CRM
15/11 06:38:55:585 queue-not-found
Context: test/CRM : test/CRM
15/11 06:38:55:809 queue-not-found
Context: test/CRM : test/CRM
15/11 06:38:56:046 queue-not-found
Context: test/CRM : test/CRM
15/11 06:38:56:249 queue-not-found
Context: test/CRM : test/CRM
15/11 06:38:56:451 queue-not-found
Context: test/CRM : test/CRM
15/11 06:38:56:653 queue-not-found
Context: test/CRM : test/CRM
15/11 06:38:56:851 queue-not-found
Context: test/CRM : test/CRM
15/11 06:38:57:106 queue-not-found
Context: test/CRM : test/CRM
15/11 06:38:57:290 queue-not-found
Context: test/CRM : test/CRM
15/11 06:38:57:488 queue-not-found
Context: test/CRM : test/CRM
15/11 06:38:57:712 queue-not-found
Context: test/CRM : test/CRM
15/11 06:38:57:939 queue-not-found
Context: test/CRM : test/CRM
15/11 06:38:58:128 queue-not-found
Context: test/CRM : test/CRM
15/11 06:38:58:419 queue-not-found
Context: test/CRM : test/CRM
15/11 06:38:58:639 queue-not-found
Context: test/CRM : test/CRM
15/11 06:38:58:854 queue-not-found
Context: test/CRM : test/CRM
15/11 06:38:59:141 queue-not-found
Context: test/CRM : test/CRM
15/11 06:38:59:267 queue-not-found
Context: test/CRM : test/CRM
15/11 06:38:59:607 queue-not-found
Context: test/CRM : test/CRM
15/11 06:38:59:984 queue-not-found
Context: test/CRM : test/CRM
15/11 06:39:00:198 queue-not-found
Context: test/CRM : test/CRM
15/11 06:39:00:416 queue-not-found
Context: test/CRM : test/CRM
15/11 06:39:01:008 queue-not-found
Context: test/CRM : test/CRM
15/11 06:39:01:369 queue-not-found
Context: test/CRM : test/CRM
15/11 06:39:01:665 queue-not-found
Context: test/CRM : test/CRM
15/11 06:39:01:911 queue-not-found
Context: test/CRM : test/CRM
15/11 06:39:02:126 queue-not-found
Context: test/CRM : test/CRM
15/11 06:39:02:340 queue-not-found
Context: test/CRM : test/CRM
15/11 06:39:02:597 queue-not-found
Context: test/CRM : test/CRM
15/11 06:39:02:841 queue-not-found
Context: test/CRM : test/CRM
15/11 06:39:03:085 queue-not-found
Context: test/CRM : test/CRM
15/11 06:39:03:256 queue-not-found
Context: test/CRM : test/CRM
15/11 06:39:03:465 queue-not-found
Context: test/CRM : test/CRM
15/11 06:39:03:664 queue-not-found
Context: test/CRM : test/CRM
15/11 06:39:03:876 queue-not-found
Context: test/CRM : test/CRM
15/11 06:39:04:076 queue-not-found
Context: test/CRM : test/CRM
15/11 06:39:04:292 queue-not-found
Context: test/CRM : test/CRM
15/11 06:39:04:531 queue-not-found
Context: test/CRM : test/CRM
15/11 06:39:04:756 queue-not-found
Context: test/CRM : test/CRM
15/11 06:39:04:925 queue-not-found
Context: test/CRM : test/CRM
15/11 06:39:05:233 queue-not-found
Context: test/CRM : test/CRM
15/11 06:39:05:645 queue-not-found
Context: test/CRM : test/CRM
15/11 06:39:05:845 queue-not-found
Context: test/CRM : test/CRM
15/11 06:39:06:161 queue-not-found
Context: test/CRM : test/CRM
15/11 06:39:06:345 queue-not-found
Context: test/CRM : test/CRM
15/11 06:39:06:538 queue-not-found
Context: test/CRM : test/CRM
15/11 06:39:06:757 queue-not-found
Context: test/CRM : test/CRM
15/11 06:39:06:938 queue-not-found
Context: test/CRM : test/CRM
15/11 06:39:07:162 queue-not-found
Context: test/CRM : test/CRM
15/11 06:39:07:385 queue-not-found
Context: test/CRM : test/CRM
15/11 06:39:07:622 queue-not-found
Context: test/CRM : test/CRM
15/11 06:39:07:793 queue-not-found
Context: test/CRM : test/CRM
15/11 06:39:08:020 queue-not-found
Context: test/CRM : test/CRM
15/11 06:39:08:219 queue-not-found
Context: test/CRM : test/CRM
15/11 06:39:08:648 queue-not-found
Context: test/CRM : test/CRM
15/11 06:39:08:751 queue-not-found
Context: test/CRM : test/CRM
15/11 06:39:08:958 queue-not-found
Context: test/CRM : test/CRM
15/11 06:39:09:369 queue-not-found
Context: test/CRM : test/CRM
15/11 06:39:09:455 queue-not-found
Context: test/CRM : test/CRM
15/11 06:39:09:637 queue-not-found
Context: test/CRM : test/CRM
15/11 06:39:09:933 queue-not-found
Context: test/CRM : test/CRM
15/11 06:39:10:156 queue-not-found
Context: test/CRM : test/CRM
15/11 06:39:10:448 queue-not-found
Context: test/CRM : test/CRM
15/11 06:39:10:621 queue-not-found
Context: test/CRM : test/CRM
15/11 06:39:10:819 queue-not-found
Context: test/CRM : test/CRM
15/11 06:39:11:034 queue-not-found
Context: test/CRM : test/CRM
15/11 06:39:11:259 queue-not-found
Context: test/CRM : test/CRM
15/11 06:39:11:448 queue-not-found
Context: test/CRM : test/CRM
15/11 06:39:11:744 queue-not-found
Context: test/CRM : test/CRM
15/11 06:39:12:010 queue-not-found
Context: test/CRM : test/CRM
15/11 06:39:12:210 queue-not-found
Context: test/CRM : test/CRM
15/11 06:39:12:393 queue-not-found
Context: test/CRM : test/CRM
15/11 06:39:12:608 queue-not-found
Context: test/CRM : test/CRM
15/11 06:39:12:831 queue-not-found
Context: test/CRM : test/CRM
15/11 06:39:13:087 queue-not-found
Context: test/CRM : test/CRM
15/11 06:39:13:299 queue-not-found
Context: test/CRM : test/CRM
15/11 06:39:13:503 queue-not-found
Context: test/CRM : test/CRM
15/11 06:39:13:763 queue-not-found
Context: test/CRM : test/CRM
15/11 06:39:13:935 queue-not-found
Context: test/CRM : test/CRM
15/11 06:39:14:216 queue-not-found
Context: test/CRM : test/CRM
15/11 06:39:14:382 queue-not-found
Context: test/CRM : test/CRM
15/11 06:39:14:603 queue-not-found
Context: test/CRM : test/CRM
15/11 06:39:14:791 queue-not-found
Context: test/CRM : test/CRM
15/11 06:39:14:992 queue-not-found
Context: test/CRM : test/CRM
15/11 06:39:15:220 queue-not-found
Context: test/CRM : test/CRM
15/11 06:39:15:498 queue-not-found
Context: test/CRM : test/CRM
15/11 06:39:15:678 queue-not-found
Context: test/CRM : test/CRM
15/11 06:39:15:881 queue-not-found
Context: test/CRM : test/CRM
15/11 06:39:16:084 queue-not-found
Context: test/CRM : test/CRM
15/11 06:39:16:305 queue-not-found
Context: test/CRM : test/CRM
15/11 06:39:16:510 queue-not-found
Context: test/CRM : test/CRM
15/11 06:39:16:767 queue-not-found
Context: test/CRM : test/CRM
15/11 06:39:16:957 queue-not-found
Context: test/CRM : test/CRM
15/11 06:39:17:194 queue-not-found
Context: test/CRM : test/CRM
15/11 06:39:17:948 queue-not-found
Context: test/CRM : test/CRM
15/11 06:39:18:100 queue-not-found
Context: test/CRM : test/CRM
15/11 06:39:18:417 queue-not-found
Context: test/CRM : test/CRM
15/11 06:39:18:711 queue-not-found
Context: test/CRM : test/CRM
15/11 06:39:18:961 queue-not-found
Context: test/CRM : test/CRM
15/11 06:39:19:208 queue-not-found
Context: test/CRM : test/CRM
15/11 06:39:19:424 queue-not-found
Context: test/CRM : test/CRM
15/11 06:39:19:624 queue-not-found
Context: test/CRM : test/CRM
15/11 06:39:19:883 queue-not-found
Context: test/CRM : test/CRM
15/11 06:39:20:066 queue-not-found
Context: test/CRM : test/CRM
15/11 06:39:20:270 queue-not-found
Context: test/CRM : test/CRM
15/11 06:39:20:529 queue-not-found
Context: test/CRM : test/CRM
15/11 06:39:20:902 queue-not-found
Context: test/CRM : test/CRM
15/11 06:39:21:360 queue-not-found
Context: test/CRM : test/CRM
15/11 06:39:21:514 queue-not-found
Context: test/CRM : test/CRM
15/11 06:39:21:823 queue-not-found
Context: test/CRM : test/CRM
15/11 06:39:22:091 queue-not-found
Context: test/CRM : test/CRM
15/11 06:39:22:550 queue-not-found
Context: test/CRM : test/CRM
15/11 06:39:22:749 queue-not-found
Context: test/CRM : test/CRM
15/11 06:39:22:930 queue-not-found
Context: test/CRM : test/CRM
15/11 06:39:23:154 queue-not-found
Context: test/CRM : test/CRM
15/11 06:39:23:344 queue-not-found
Context: test/CRM : test/CRM
15/11 06:39:23:551 queue-not-found
Context: test/CRM : test/CRM
15/11 06:39:23:767 queue-not-found
Context: test/CRM : test/CRM
15/11 06:39:23:990 queue-not-found
Context: test/CRM : test/CRM
15/11 06:39:24:246 queue-not-found
Context: test/CRM : test/CRM
15/11 06:39:24:431 queue-not-found
Context: test/CRM : test/CRM
15/11 06:39:24:670 queue-not-found
Context: test/CRM : test/CRM
15/11 06:39:24:881 queue-not-found
Context: test/CRM : test/CRM
15/11 06:39:25:070 queue-not-found
Context: test/CRM : test/CRM
15/11 06:39:25:271 queue-not-found
Context: test/CRM : test/CRM
15/11 06:39:25:566 queue-not-found
Context: test/CRM : test/CRM
15/11 06:39:25:716 queue-not-found
Context: test/CRM : test/CRM
15/11 06:39:25:920 queue-not-found
Context: test/CRM : test/CRM
15/11 06:39:26:140 queue-not-found
Context: test/CRM : test/CRM
15/11 06:39:26:338 queue-not-found
Context: test/CRM : test/CRM
15/11 06:39:26:535 queue-not-found
Context: test/CRM : test/CRM
15/11 06:39:26:745 queue-not-found
Context: test/CRM : test/CRM
15/11 06:39:26:972 queue-not-found
Context: test/CRM : test/CRM
15/11 06:39:27:212 queue-not-found
Context: test/CRM : test/CRM
15/11 06:39:27:409 queue-not-found
Context: test/CRM : test/CRM
15/11 06:39:27:589 queue-not-found
Context: test/CRM : test/CRM
15/11 06:39:27:805 queue-not-found
Context: test/CRM : test/CRM
15/11 06:39:28:042 queue-not-found
Context: test/CRM : test/CRM
15/11 06:39:28:259 queue-not-found
Context: test/CRM : test/CRM
15/11 06:39:28:449 queue-not-found
Context: test/CRM : test/CRM
15/11 06:39:28:664 queue-not-found
Context: test/CRM : test/CRM
15/11 06:39:28:858 queue-not-found
Context: test/CRM : test/CRM
15/11 06:39:29:054 queue-not-found
Context: test/CRM : test/CRM
15/11 06:39:29:265 queue-not-found
Context: test/CRM : test/CRM
15/11 06:39:29:505 queue-not-found
Context: test/CRM : test/CRM
15/11 06:39:29:681 queue-not-found
Context: test/CRM : test/CRM
15/11 06:39:29:896 queue-not-found
Context: test/CRM : test/CRM
15/11 06:39:30:094 queue-not-found
Context: test/CRM : test/CRM
15/11 06:39:30:290 queue-not-found
Context: test/CRM : test/CRM
15/11 06:39:30:488 queue-not-found
Context: test/CRM : test/CRM
15/11 06:39:30:779 queue-not-found
Context: test/CRM : test/CRM
15/11 06:39:30:992 queue-not-found
Context: test/CRM : test/CRM
15/11 06:39:31:179 queue-not-found
Context: test/CRM : test/CRM
15/11 06:39:31:379 queue-not-found
Context: test/CRM : test/CRM
15/11 06:39:31:582 queue-not-found
Context: test/CRM : test/CRM
15/11 06:39:31:778 queue-not-found
Context: test/CRM : test/CRM
15/11 06:39:32:038 queue-not-found
Context: test/CRM : test/CRM
15/11 06:39:32:234 queue-not-found
Context: test/CRM : test/CRM
15/11 06:39:32:421 queue-not-found
Context: test/CRM : test/CRM
15/11 06:39:32:627 queue-not-found
Context: test/CRM : test/CRM
15/11 06:39:32:879 queue-not-found
Context: test/CRM : test/CRM
15/11 06:39:33:049 queue-not-found
Context: test/CRM : test/CRM
15/11 06:39:33:280 queue-not-found
Context: test/CRM : test/CRM
15/11 06:39:33:453 queue-not-found
Context: test/CRM : test/CRM
15/11 06:39:33:685 queue-not-found
Context: test/CRM : test/CRM
15/11 06:39:33:855 queue-not-found
Context: test/CRM : test/CRM
15/11 06:39:34:060 queue-not-found
Context: test/CRM : test/CRM
15/11 06:39:34:261 queue-not-found
Context: test/CRM : test/CRM
15/11 06:39:34:472 queue-not-found
Context: test/CRM : test/CRM
15/11 06:39:34:676 queue-not-found
Context: test/CRM : test/CRM
15/11 06:39:34:878 queue-not-found
Context: test/CRM : test/CRM
15/11 06:39:35:079 queue-not-found
Context: test/CRM : test/CRM
15/11 06:39:35:290 queue-not-found
Context: test/CRM : test/CRM
15/11 06:39:35:622 queue-not-found
Context: test/CRM : test/CRM
15/11 06:39:35:797 queue-not-found
Context: test/CRM : test/CRM
15/11 06:39:35:991 queue-not-found
Context: test/CRM : test/CRM
15/11 06:39:36:198 queue-not-found
Context: test/CRM : test/CRM
15/11 06:39:36:424 queue-not-found
Context: test/CRM : test/CRM
15/11 06:39:36:633 queue-not-found
Context: test/CRM : test/CRM
15/11 06:39:36:840 queue-not-found
Context: test/CRM : test/CRM
15/11 06:39:37:106 queue-not-found
Context: test/CRM : test/CRM
15/11 06:39:37:408 queue-not-found
Context: test/CRM : test/CRM
15/11 06:39:37:589 queue-not-found
Context: test/CRM : test/CRM
15/11 06:39:37:786 queue-not-found
Context: test/CRM : test/CRM
15/11 06:39:38:001 queue-not-found
Context: test/CRM : test/CRM
15/11 06:39:38:221 queue-not-found
Context: test/CRM : test/CRM
15/11 06:39:38:451 queue-not-found
Context: test/CRM : test/CRM
15/11 06:39:38:646 queue-not-found
Context: test/CRM : test/CRM
15/11 06:39:38:850 queue-not-found
Context: test/CRM : test/CRM
15/11 06:39:39:073 queue-not-found
Context: test/CRM : test/CRM
15/11 06:39:39:250 queue-not-found
Context: test/CRM : test/CRM
15/11 06:39:39:561 queue-not-found
Context: test/CRM : test/CRM
15/11 06:39:39:701 queue-not-found
Context: test/CRM : test/CRM
15/11 06:39:39:961 queue-not-found
Context: test/CRM : test/CRM
15/11 06:39:40:358 queue-not-found
Context: test/CRM : test/CRM
15/11 06:39:40:582 queue-not-found
Context: test/CRM : test/CRM
15/11 06:39:40:866 queue-not-found
Context: test/CRM : test/CRM
15/11 06:39:41:089 queue-not-found
Context: test/CRM : test/CRM
15/11 06:39:41:328 queue-not-found
Context: test/CRM : test/CRM
15/11 06:39:41:541 queue-not-found
Context: test/CRM : test/CRM
15/11 06:39:41:784 queue-not-found
Context: test/CRM : test/CRM
15/11 06:39:41:984 queue-not-found
Context: test/CRM : test/CRM
15/11 06:39:42:206 queue-not-found
Context: test/CRM : test/CRM
15/11 06:39:42:400 queue-not-found
Context: test/CRM : test/CRM
15/11 06:39:42:646 queue-not-found
Context: test/CRM : test/CRM
15/11 06:39:42:824 queue-not-found
Context: test/CRM : test/CRM
15/11 06:39:43:022 queue-not-found
Context: test/CRM : test/CRM
15/11 06:39:43:233 queue-not-found
Context: test/CRM : test/CRM
15/11 06:39:43:435 queue-not-found
Context: test/CRM : test/CRM
15/11 06:39:43:657 queue-not-found
Context: test/CRM : test/CRM
15/11 06:39:43:844 queue-not-found
Context: test/CRM : test/CRM
15/11 06:39:44:063 queue-not-found
Context: test/CRM : test/CRM
15/11 06:39:44:294 queue-not-found
Context: test/CRM : test/CRM
15/11 06:39:44:568 queue-not-found
Context: test/CRM : test/CRM
15/11 06:39:44:925 queue-not-found
Context: test/CRM : test/CRM
15/11 06:39:45:209 queue-not-found
Context: test/CRM : test/CRM
15/11 06:39:45:409 queue-not-found
Context: test/CRM : test/CRM
15/11 06:39:45:591 queue-not-found
Context: test/CRM : test/CRM
15/11 06:39:46:019 queue-not-found
Context: test/CRM : test/CRM
15/11 06:39:46:625 queue-not-found
Context: test/CRM : test/CRM
15/11 06:39:46:951 queue-not-found
Context: test/CRM : test/CRM
15/11 06:39:47:124 queue-not-found
Context: test/CRM : test/CRM
15/11 06:39:47:344 queue-not-found
Context: test/CRM : test/CRM
15/11 06:39:47:667 queue-not-found
Context: test/CRM : test/CRM
15/11 06:39:47:824 queue-not-found
Context: test/CRM : test/CRM
15/11 06:39:48:144 queue-not-found
Context: test/CRM : test/CRM
15/11 06:39:48:405 queue-not-found
Context: test/CRM : test/CRM
15/11 06:39:48:683 queue-not-found
Context: test/CRM : test/CRM
15/11 06:39:48:895 queue-not-found
Context: test/CRM : test/CRM
15/11 06:39:49:111 queue-not-found
Context: test/CRM : test/CRM
15/11 06:39:49:386 queue-not-found
Context: test/CRM : test/CRM
15/11 06:39:49:570 queue-not-found
Context: test/CRM : test/CRM
15/11 06:39:49:935 queue-not-found
Context: test/CRM : test/CRM
15/11 06:39:50:108 queue-not-found
Context: test/CRM : test/CRM
15/11 06:39:50:478 queue-not-found
Context: test/CRM : test/CRM
15/11 06:39:50:678 queue-not-found
Context: test/CRM : test/CRM
15/11 06:39:50:895 queue-not-found
Context: test/CRM : test/CRM
15/11 06:39:51:106 queue-not-found
Context: test/CRM : test/CRM
15/11 06:39:51:403 queue-not-found
Context: test/CRM : test/CRM
15/11 06:39:51:719 queue-not-found
Context: test/CRM : test/CRM
15/11 06:39:51:909 queue-not-found
Context: test/CRM : test/CRM
15/11 06:39:52:254 queue-not-found
Context: test/CRM : test/CRM
15/11 06:39:52:472 queue-not-found
Context: test/CRM : test/CRM
15/11 06:39:52:688 queue-not-found
Context: test/CRM : test/CRM
15/11 06:39:52:937 queue-not-found
Context: test/CRM : test/CRM
15/11 06:39:53:198 queue-not-found
Context: test/CRM : test/CRM
15/11 06:39:53:381 queue-not-found
Context: test/CRM : test/CRM
15/11 06:39:53:597 queue-not-found
Context: test/CRM : test/CRM
15/11 06:39:53:809 queue-not-found
Context: test/CRM : test/CRM
15/11 06:39:54:013 queue-not-found
Context: test/CRM : test/CRM
15/11 06:39:54:226 queue-not-found
Context: test/CRM : test/CRM
15/11 06:39:54:442 queue-not-found
Context: test/CRM : test/CRM
15/11 06:39:54:645 queue-not-found
Context: test/CRM : test/CRM
15/11 06:39:54:892 queue-not-found
Context: test/CRM : test/CRM
15/11 06:39:55:087 queue-not-found
Context: test/CRM : test/CRM
15/11 06:39:55:309 queue-not-found
Context: test/CRM : test/CRM
15/11 06:39:55:511 queue-not-found
Context: test/CRM : test/CRM
15/11 06:39:55:726 queue-not-found
Context: test/CRM : test/CRM
15/11 06:39:55:923 queue-not-found
Context: test/CRM : test/CRM
15/11 06:39:56:124 queue-not-found
Context: test/CRM : test/CRM
15/11 06:39:56:326 queue-not-found
Context: test/CRM : test/CRM
15/11 06:39:56:534 queue-not-found
Context: test/CRM : test/CRM
15/11 06:39:56:750 queue-not-found
Context: test/CRM : test/CRM
15/11 06:39:56:941 queue-not-found
Context: test/CRM : test/CRM
15/11 06:39:57:184 queue-not-found
Context: test/CRM : test/CRM
15/11 06:39:57:354 queue-not-found
Context: test/CRM : test/CRM
15/11 06:39:57:548 queue-not-found
Context: test/CRM : test/CRM
15/11 06:39:57:769 queue-not-found
Context: test/CRM : test/CRM
15/11 06:39:57:972 queue-not-found
Context: test/CRM : test/CRM
15/11 06:39:58:168 queue-not-found
Context: test/CRM : test/CRM
15/11 06:39:58:380 queue-not-found
Context: test/CRM : test/CRM
15/11 06:39:58:570 queue-not-found
Context: test/CRM : test/CRM
15/11 06:39:58:787 queue-not-found
Context: test/CRM : test/CRM
15/11 06:39:58:975 queue-not-found
Context: test/CRM : test/CRM
15/11 06:39:59:213 queue-not-found
Context: test/CRM : test/CRM
15/11 06:39:59:388 queue-not-found
Context: test/CRM : test/CRM
15/11 06:39:59:595 queue-not-found
Context: test/CRM : test/CRM
15/11 06:39:59:855 queue-not-found
Context: test/CRM : test/CRM
15/11 06:40:00:011 queue-not-found
Context: test/CRM : test/CRM
15/11 06:40:00:227 queue-not-found
Context: test/CRM : test/CRM
15/11 06:40:00:426 queue-not-found
Context: test/CRM : test/CRM
15/11 06:40:00:629 queue-not-found
Context: test/CRM : test/CRM
15/11 06:40:00:858 queue-not-found
Context: test/CRM : test/CRM
15/11 06:40:01:046 queue-not-found
Context: test/CRM : test/CRM
15/11 06:40:01:243 queue-not-found
Context: test/CRM : test/CRM
15/11 06:40:01:457 queue-not-found
Context: test/CRM : test/CRM
15/11 06:40:01:656 queue-not-found
Context: test/CRM : test/CRM
15/11 06:40:01:882 queue-not-found
Context: test/CRM : test/CRM
15/11 06:40:02:058 queue-not-found
Context: test/CRM : test/CRM
15/11 06:40:02:261 queue-not-found
Context: test/CRM : test/CRM
15/11 06:40:02:484 queue-not-found
Context: test/CRM : test/CRM
15/11 06:40:02:673 queue-not-found
Context: test/CRM : test/CRM
15/11 06:40:02:883 queue-not-found
Context: test/CRM : test/CRM
15/11 06:40:03:087 queue-not-found
Context: test/CRM : test/CRM
15/11 06:40:03:283 queue-not-found
Context: test/CRM : test/CRM
15/11 06:40:03:525 queue-not-found
Context: test/CRM : test/CRM
15/11 06:40:03:709 queue-not-found
Context: test/CRM : test/CRM
15/11 06:40:03:910 queue-not-found
Context: test/CRM : test/CRM
15/11 06:40:04:100 queue-not-found
Context: test/CRM : test/CRM
15/11 06:40:04:301 queue-not-found
Context: test/CRM : test/CRM
15/11 06:40:04:504 queue-not-found
Context: test/CRM : test/CRM
15/11 06:40:04:722 queue-not-found
Context: test/CRM : test/CRM
15/11 06:40:04:919 queue-not-found
Context: test/CRM : test/CRM
15/11 06:40:05:130 queue-not-found
Context: test/CRM : test/CRM
15/11 06:40:05:336 queue-not-found
Context: test/CRM : test/CRM
15/11 06:40:05:540 queue-not-found
Context: test/CRM : test/CRM
15/11 06:40:05:796 queue-not-found
Context: test/CRM : test/CRM
15/11 06:40:05:963 queue-not-found
Context: test/CRM : test/CRM
15/11 06:40:06:141 queue-not-found
Context: test/CRM : test/CRM
15/11 06:40:06:350 queue-not-found
Context: test/CRM : test/CRM
15/11 06:40:06:554 queue-not-found
Context: test/CRM : test/CRM
15/11 06:40:06:747 queue-not-found
Context: test/CRM : test/CRM
15/11 06:40:06:957 queue-not-found
Context: test/CRM : test/CRM
15/11 06:40:07:187 queue-not-found
Context: test/CRM : test/CRM
15/11 06:40:07:372 queue-not-found
Context: test/CRM : test/CRM
15/11 06:40:07:573 queue-not-found
Context: test/CRM : test/CRM
15/11 06:40:07:810 queue-not-found
Context: test/CRM : test/CRM
15/11 06:40:07:998 queue-not-found
Context: test/CRM : test/CRM
15/11 06:40:08:192 queue-not-found
Context: test/CRM : test/CRM
15/11 06:40:08:381 queue-not-found
Context: test/CRM : test/CRM
15/11 06:40:08:587 queue-not-found
Context: test/CRM : test/CRM
15/11 06:40:08:789 queue-not-found
Context: test/CRM : test/CRM
15/11 06:40:08:994 queue-not-found
Context: test/CRM : test/CRM
15/11 06:40:09:191 queue-not-found
Context: test/CRM : test/CRM
15/11 06:40:09:407 queue-not-found
Context: test/CRM : test/CRM
15/11 06:40:09:613 queue-not-found
Context: test/CRM : test/CRM
15/11 06:40:09:810 queue-not-found
Context: test/CRM : test/CRM
15/11 06:40:10:018 queue-not-found
Context: test/CRM : test/CRM
15/11 06:40:10:235 queue-not-found
Context: test/CRM : test/CRM
15/11 06:40:10:431 queue-not-found
Context: test/CRM : test/CRM
15/11 06:40:10:635 queue-not-found
Context: test/CRM : test/CRM
15/11 06:40:10:842 queue-not-found
Context: test/CRM : test/CRM
15/11 06:40:11:074 queue-not-found
Context: test/CRM : test/CRM
15/11 06:40:11:285 queue-not-found
Context: test/CRM : test/CRM
15/11 06:40:11:523 queue-not-found
Context: test/CRM : test/CRM
15/11 06:40:12:482 queue-not-found
Context: test/CRM : test/CRM
15/11 06:40:12:831 queue-not-found
Context: test/CRM : test/CRM
15/11 06:40:13:074 queue-not-found
Context: test/CRM : test/CRM
15/11 06:40:13:266 queue-not-found
Context: test/CRM : test/CRM
15/11 06:40:13:626 queue-not-found
Context: test/CRM : test/CRM
15/11 06:40:13:815 queue-not-found
Context: test/CRM : test/CRM
15/11 06:40:14:025 queue-not-found
Context: test/CRM : test/CRM
15/11 06:40:14:232 queue-not-found
Context: test/CRM : test/CRM
15/11 06:40:14:438 queue-not-found
Context: test/CRM : test/CRM
15/11 06:40:14:630 queue-not-found
Context: test/CRM : test/CRM
15/11 06:40:15:048 queue-not-found
Context: test/CRM : test/CRM
15/11 06:40:15:245 queue-not-found
Context: test/CRM : test/CRM
15/11 06:40:15:445 queue-not-found
Context: test/CRM : test/CRM
15/11 06:40:15:660 queue-not-found
Context: test/CRM : test/CRM
15/11 06:40:15:860 queue-not-found
Context: test/CRM : test/CRM
15/11 06:40:16:120 queue-not-found
Context: test/CRM : test/CRM
15/11 06:40:16:373 queue-not-found
Context: test/CRM : test/CRM
15/11 06:40:16:567 queue-not-found
Context: test/CRM : test/CRM
15/11 06:40:16:777 queue-not-found
Context: test/CRM : test/CRM
15/11 06:40:17:389 queue-not-found
Context: test/CRM : test/CRM
15/11 06:40:17:752 queue-not-found
Context: test/CRM : test/CRM
15/11 06:40:17:928 queue-not-found
Context: test/CRM : test/CRM
15/11 06:40:18:258 queue-not-found
Context: test/CRM : test/CRM
15/11 06:40:18:471 queue-not-found
Context: test/CRM : test/CRM
15/11 06:40:18:709 queue-not-found
Context: test/CRM : test/CRM
15/11 06:40:18:885 queue-not-found
Context: test/CRM : test/CRM
15/11 06:40:19:114 queue-not-found
Context: test/CRM : test/CRM
15/11 06:40:19:315 queue-not-found
Context: test/CRM : test/CRM
15/11 06:40:19:554 queue-not-found
Context: test/CRM : test/CRM
15/11 06:40:19:761 queue-not-found
Context: test/CRM : test/CRM
15/11 06:40:19:969 queue-not-found
Context: test/CRM : test/CRM
15/11 06:40:20:168 queue-not-found
Context: test/CRM : test/CRM
15/11 06:40:20:368 queue-not-found
Context: test/CRM : test/CRM
15/11 06:40:20:591 queue-not-found
Context: test/CRM : test/CRM
15/11 06:40:20:813 queue-not-found
Context: test/CRM : test/CRM
15/11 06:40:21:005 queue-not-found
Context: test/CRM : test/CRM
15/11 06:40:21:219 queue-not-found
Context: test/CRM : test/CRM
15/11 06:40:21:462 queue-not-found
Context: test/CRM : test/CRM
15/11 06:40:21:748 queue-not-found
Context: test/CRM : test/CRM
15/11 06:40:21:977 queue-not-found
Context: test/CRM : test/CRM
15/11 06:40:22:215 queue-not-found
Context: test/CRM : test/CRM
15/11 06:40:22:391 queue-not-found
Context: test/CRM : test/CRM
15/11 06:40:22:597 queue-not-found
Context: test/CRM : test/CRM
15/11 06:40:22:801 queue-not-found
Context: test/CRM : test/CRM
15/11 06:40:23:022 queue-not-found
Context: test/CRM : test/CRM
15/11 06:40:23:212 queue-not-found
Context: test/CRM : test/CRM
15/11 06:40:23:412 queue-not-found
Context: test/CRM : test/CRM
15/11 06:40:23:632 queue-not-found
Context: test/CRM : test/CRM
15/11 06:40:23:815 queue-not-found
Context: test/CRM : test/CRM
15/11 06:40:24:028 queue-not-found
Context: test/CRM : test/CRM
15/11 06:40:24:221 queue-not-found
Context: test/CRM : test/CRM
15/11 06:40:24:428 queue-not-found
Context: test/CRM : test/CRM
15/11 06:40:24:628 queue-not-found
Context: test/CRM : test/CRM
15/11 06:40:24:832 queue-not-found
Context: test/CRM : test/CRM
15/11 06:40:25:041 queue-not-found
Context: test/CRM : test/CRM
15/11 06:40:25:253 queue-not-found
Context: test/CRM : test/CRM
15/11 06:40:25:459 queue-not-found
Context: test/CRM : test/CRM
15/11 06:40:25:658 queue-not-found
Context: test/CRM : test/CRM
15/11 06:40:25:856 queue-not-found
Context: test/CRM : test/CRM
15/11 06:40:26:057 queue-not-found
Context: test/CRM : test/CRM
15/11 06:40:26:269 queue-not-found
Context: test/CRM : test/CRM
15/11 06:40:26:457 queue-not-found
Context: test/CRM : test/CRM
15/11 06:40:26:658 queue-not-found
Context: test/CRM : test/CRM
15/11 06:40:26:859 queue-not-found
Context: test/CRM : test/CRM
15/11 06:40:27:058 queue-not-found
Context: test/CRM : test/CRM
15/11 06:40:27:263 queue-not-found
Context: test/CRM : test/CRM
15/11 06:40:27:461 queue-not-found
Context: test/CRM : test/CRM
15/11 06:40:27:679 queue-not-found
Context: test/CRM : test/CRM
15/11 06:40:27:900 queue-not-found
Context: test/CRM : test/CRM
15/11 06:40:28:412 queue-not-found
Context: test/CRM : test/CRM
15/11 06:40:28:664 queue-not-found
Context: test/CRM : test/CRM
15/11 06:40:28:858 queue-not-found
Context: test/CRM : test/CRM
15/11 06:40:29:055 queue-not-found
Context: test/CRM : test/CRM
15/11 06:40:29:265 queue-not-found
Context: test/CRM : test/CRM
15/11 06:40:29:580 queue-not-found
Context: test/CRM : test/CRM
15/11 06:40:29:723 queue-not-found
Context: test/CRM : test/CRM
15/11 06:40:29:947 queue-not-found
Context: test/CRM : test/CRM
15/11 06:40:30:188 queue-not-found
Context: test/CRM : test/CRM
15/11 06:40:30:408 queue-not-found
Context: test/CRM : test/CRM
15/11 06:40:30:627 queue-not-found
Context: test/CRM : test/CRM
15/11 06:40:30:957 queue-not-found
Context: test/CRM : test/CRM
15/11 06:40:31:149 queue-not-found
Context: test/CRM : test/CRM
15/11 06:40:31:381 queue-not-found
Context: test/CRM : test/CRM
15/11 06:40:31:678 queue-not-found
Context: test/CRM : test/CRM
15/11 06:40:32:055 queue-not-found
Context: test/CRM : test/CRM
15/11 06:40:32:962 queue-not-found
Context: test/CRM : test/CRM
15/11 06:40:33:221 queue-not-found
Context: test/CRM : test/CRM
15/11 06:40:33:490 queue-not-found
Context: test/CRM : test/CRM
15/11 06:40:33:796 queue-not-found
Context: test/CRM : test/CRM
15/11 06:40:34:127 queue-not-found
Context: test/CRM : test/CRM
15/11 06:40:34:343 queue-not-found
Context: test/CRM : test/CRM
15/11 06:40:34:560 queue-not-found
Context: test/CRM : test/CRM
15/11 06:40:34:757 queue-not-found
Context: test/CRM : test/CRM
15/11 06:40:34:994 queue-not-found
Context: test/CRM : test/CRM
15/11 06:40:35:181 queue-not-found
Context: test/CRM : test/CRM
15/11 06:40:35:389 queue-not-found
Context: test/CRM : test/CRM
15/11 06:40:35:620 queue-not-found
Context: test/CRM : test/CRM
15/11 06:40:35:802 queue-not-found
Context: test/CRM : test/CRM
15/11 06:40:36:016 queue-not-found
Context: test/CRM : test/CRM
15/11 06:40:36:212 queue-not-found
Context: test/CRM : test/CRM
15/11 06:40:36:449 queue-not-found
Context: test/CRM : test/CRM
15/11 06:40:36:633 queue-not-found
Context: test/CRM : test/CRM
15/11 06:40:36:829 queue-not-found
Context: test/CRM : test/CRM
15/11 06:40:37:029 queue-not-found
Context: test/CRM : test/CRM
15/11 06:40:37:229 queue-not-found
Context: test/CRM : test/CRM
15/11 06:40:37:427 queue-not-found
Context: test/CRM : test/CRM
15/11 06:40:37:632 queue-not-found
Context: test/CRM : test/CRM
15/11 06:40:37:831 queue-not-found
Context: test/CRM : test/CRM
15/11 06:40:38:034 queue-not-found
Context: test/CRM : test/CRM
15/11 06:40:38:236 queue-not-found
Context: test/CRM : test/CRM
15/11 06:40:38:446 queue-not-found
Context: test/CRM : test/CRM
15/11 06:40:38:637 queue-not-found
Context: test/CRM : test/CRM
15/11 06:40:38:846 queue-not-found
Context: test/CRM : test/CRM
15/11 06:40:39:046 queue-not-found
Context: test/CRM : test/CRM
15/11 06:40:39:271 queue-not-found
Context: test/CRM : test/CRM
15/11 06:40:39:464 queue-not-found
Context: test/CRM : test/CRM
15/11 06:40:39:665 queue-not-found
Context: test/CRM : test/CRM
15/11 06:40:39:864 queue-not-found
Context: test/CRM : test/CRM
15/11 06:40:40:067 queue-not-found
Context: test/CRM : test/CRM
15/11 06:40:40:275 queue-not-found
Context: test/CRM : test/CRM
15/11 06:40:40:469 queue-not-found
Context: test/CRM : test/CRM
15/11 06:40:40:667 queue-not-found
Context: test/CRM : test/CRM
15/11 06:40:40:880 queue-not-found
Context: test/CRM : test/CRM
15/11 06:40:41:071 queue-not-found
Context: test/CRM : test/CRM
15/11 06:40:41:312 queue-not-found
Context: test/CRM : test/CRM
15/11 06:40:41:489 queue-not-found
Context: test/CRM : test/CRM
15/11 06:40:41:709 queue-not-found
Context: test/CRM : test/CRM
15/11 06:40:41:903 queue-not-found
Context: test/CRM : test/CRM
15/11 06:40:42:111 queue-not-found
Context: test/CRM : test/CRM
15/11 06:40:42:304 queue-not-found
Context: test/CRM : test/CRM
15/11 06:40:42:506 queue-not-found
Context: test/CRM : test/CRM
15/11 06:40:42:717 queue-not-found
Context: test/CRM : test/CRM
15/11 06:40:42:915 queue-not-found
Context: test/CRM : test/CRM
15/11 06:40:43:131 queue-not-found
Context: test/CRM : test/CRM
15/11 06:40:43:334 queue-not-found
Context: test/CRM : test/CRM
15/11 06:40:43:529 queue-not-found
Context: test/CRM : test/CRM
15/11 06:40:43:759 queue-not-found
Context: test/CRM : test/CRM
15/11 06:40:43:971 queue-not-found
Context: test/CRM : test/CRM
15/11 06:40:44:182 queue-not-found
Context: test/CRM : test/CRM
15/11 06:40:44:397 queue-not-found
Context: test/CRM : test/CRM
15/11 06:40:44:598 queue-not-found
Context: test/CRM : test/CRM
15/11 06:40:44:830 queue-not-found
Context: test/CRM : test/CRM
15/11 06:40:45:039 queue-not-found
Context: test/CRM : test/CRM
15/11 06:40:45:238 queue-not-found
Context: test/CRM : test/CRM
15/11 06:40:45:440 queue-not-found
Context: test/CRM : test/CRM
15/11 06:40:45:645 queue-not-found
Context: test/CRM : test/CRM
15/11 06:40:45:874 queue-not-found
Context: test/CRM : test/CRM
15/11 06:40:46:068 queue-not-found
Context: test/CRM : test/CRM
15/11 06:40:46:271 queue-not-found
Context: test/CRM : test/CRM
15/11 06:40:46:466 queue-not-found
Context: test/CRM : test/CRM
15/11 06:40:46:668 queue-not-found
Context: test/CRM : test/CRM
15/11 06:40:46:891 queue-not-found
Context: test/CRM : test/CRM
15/11 06:40:47:076 queue-not-found
Context: test/CRM : test/CRM
15/11 06:40:47:276 queue-not-found
Context: test/CRM : test/CRM
15/11 06:40:47:482 queue-not-found
Context: test/CRM : test/CRM
15/11 06:40:47:675 queue-not-found
Context: test/CRM : test/CRM
15/11 06:40:47:880 queue-not-found
Context: test/CRM : test/CRM
15/11 06:40:48:109 queue-not-found
Context: test/CRM : test/CRM
15/11 06:40:48:321 queue-not-found
Context: test/CRM : test/CRM
15/11 06:40:48:546 queue-not-found
Context: test/CRM : test/CRM
15/11 06:40:48:709 queue-not-found
Context: test/CRM : test/CRM
15/11 06:40:48:909 queue-not-found
Context: test/CRM : test/CRM
15/11 06:40:49:137 queue-not-found
Context: test/CRM : test/CRM
15/11 06:40:49:332 queue-not-found
Context: test/CRM : test/CRM
15/11 06:40:49:542 queue-not-found
Context: test/CRM : test/CRM
15/11 06:40:49:784 queue-not-found
Context: test/CRM : test/CRM
15/11 06:40:49:956 queue-not-found
Context: test/CRM : test/CRM
15/11 06:40:50:222 queue-not-found
Context: test/CRM : test/CRM
15/11 06:40:50:432 queue-not-found
Context: test/CRM : test/CRM
15/11 06:40:50:640 queue-not-found
Context: test/CRM : test/CRM
15/11 06:40:50:985 queue-not-found
Context: test/CRM : test/CRM
15/11 06:40:51:157 queue-not-found
Context: test/CRM : test/CRM
15/11 06:40:51:358 queue-not-found
Context: test/CRM : test/CRM
15/11 06:40:51:598 queue-not-found
Context: test/CRM : test/CRM
15/11 06:40:51:821 queue-not-found
Context: test/CRM : test/CRM
15/11 06:40:52:018 queue-not-found
Context: test/CRM : test/CRM
15/11 06:40:52:232 queue-not-found
Context: test/CRM : test/CRM
15/11 06:40:52:433 queue-not-found
Context: test/CRM : test/CRM
15/11 06:40:52:645 queue-not-found
Context: test/CRM : test/CRM
15/11 06:40:52:881 queue-not-found
Context: test/CRM : test/CRM
15/11 06:40:53:077 queue-not-found
Context: test/CRM : test/CRM
15/11 06:40:53:276 queue-not-found
Context: test/CRM : test/CRM
15/11 06:40:53:489 queue-not-found
Context: test/CRM : test/CRM
15/11 06:40:53:685 queue-not-found
Context: test/CRM : test/CRM
15/11 06:40:53:940 queue-not-found
Context: test/CRM : test/CRM
15/11 06:40:54:230 queue-not-found
Context: test/CRM : test/CRM
15/11 06:40:54:464 queue-not-found
Context: test/CRM : test/CRM
15/11 06:40:54:697 queue-not-found
Context: test/CRM : test/CRM
15/11 06:40:54:908 queue-not-found
Context: test/CRM : test/CRM
15/11 06:40:55:116 queue-not-found
Context: test/CRM : test/CRM
15/11 06:40:55:324 queue-not-found
Context: test/CRM : test/CRM
15/11 06:40:55:522 queue-not-found
Context: test/CRM : test/CRM
15/11 06:40:55:749 queue-not-found
Context: test/CRM : test/CRM
15/11 06:40:55:970 queue-not-found
Context: test/CRM : test/CRM
15/11 06:40:56:211 queue-not-found
Context: test/CRM : test/CRM
15/11 06:40:56:396 queue-not-found
Context: test/CRM : test/CRM
15/11 06:40:56:625 queue-not-found
Context: test/CRM : test/CRM
15/11 06:40:56:799 queue-not-found
Context: test/CRM : test/CRM
15/11 06:40:57:002 queue-not-found
Context: test/CRM : test/CRM
15/11 06:40:57:203 queue-not-found
Context: test/CRM : test/CRM
15/11 06:40:57:408 queue-not-found
Context: test/CRM : test/CRM
15/11 06:40:57:609 queue-not-found
Context: test/CRM : test/CRM
15/11 06:40:57:812 queue-not-found
Context: test/CRM : test/CRM
15/11 06:40:58:012 queue-not-found
Context: test/CRM : test/CRM
15/11 06:40:58:223 queue-not-found
Context: test/CRM : test/CRM
15/11 06:40:58:422 queue-not-found
Context: test/CRM : test/CRM
15/11 06:40:58:622 queue-not-found
Context: test/CRM : test/CRM
15/11 06:40:58:821 queue-not-found
Context: test/CRM : test/CRM
15/11 06:40:59:030 queue-not-found
Context: test/CRM : test/CRM
15/11 06:40:59:227 queue-not-found
Context: test/CRM : test/CRM
15/11 06:40:59:473 queue-not-found
Context: test/CRM : test/CRM
15/11 06:40:59:658 queue-not-found
Context: test/CRM : test/CRM
15/11 06:40:59:876 queue-not-found
Context: test/CRM : test/CRM
15/11 06:41:00:072 queue-not-found
Context: test/CRM : test/CRM
15/11 06:41:00:280 queue-not-found
Context: test/CRM : test/CRM
15/11 06:41:00:480 queue-not-found
Context: test/CRM : test/CRM
15/11 06:41:00:685 queue-not-found
Context: test/CRM : test/CRM
15/11 06:41:00:886 queue-not-found
Context: test/CRM : test/CRM
15/11 06:41:01:085 queue-not-found
Context: test/CRM : test/CRM
15/11 06:41:01:281 queue-not-found
Context: test/CRM : test/CRM
15/11 06:41:01:491 queue-not-found
Context: test/CRM : test/CRM
15/11 06:41:01:684 queue-not-found
Context: test/CRM : test/CRM
15/11 06:41:01:883 queue-not-found
Context: test/CRM : test/CRM
15/11 06:41:02:088 queue-not-found
Context: test/CRM : test/CRM
15/11 06:41:02:286 queue-not-found
Context: test/CRM : test/CRM
15/11 06:41:02:488 queue-not-found
Context: test/CRM : test/CRM
15/11 06:41:02:723 queue-not-found
Context: test/CRM : test/CRM
15/11 06:41:02:905 queue-not-found
Context: test/CRM : test/CRM
15/11 06:41:03:108 queue-not-found
Context: test/CRM : test/CRM
15/11 06:41:03:325 queue-not-found
Context: test/CRM : test/CRM
15/11 06:41:03:511 queue-not-found
Context: test/CRM : test/CRM
15/11 06:41:03:714 queue-not-found
Context: test/CRM : test/CRM
15/11 06:41:03:914 queue-not-found
Context: test/CRM : test/CRM
15/11 06:41:04:127 queue-not-found
Context: test/CRM : test/CRM
15/11 06:41:04:334 queue-not-found
Context: test/CRM : test/CRM
15/11 06:41:04:526 queue-not-found
Context: test/CRM : test/CRM
15/11 06:41:04:738 queue-not-found
Context: test/CRM : test/CRM
15/11 06:41:04:930 queue-not-found
Context: test/CRM : test/CRM
15/11 06:41:05:132 queue-not-found
Context: test/CRM : test/CRM
15/11 06:41:05:335 queue-not-found
Context: test/CRM : test/CRM
15/11 06:41:05:532 queue-not-found
Context: test/CRM : test/CRM
15/11 06:41:05:730 queue-not-found
Context: test/CRM : test/CRM
15/11 06:41:05:940 queue-not-found
Context: test/CRM : test/CRM
15/11 06:41:06:140 queue-not-found
Context: test/CRM : test/CRM
15/11 06:41:06:335 queue-not-found
Context: test/CRM : test/CRM
15/11 06:41:06:550 queue-not-found
Context: test/CRM : test/CRM
15/11 06:41:06:737 queue-not-found
Context: test/CRM : test/CRM
15/11 06:41:06:962 queue-not-found
Context: test/CRM : test/CRM
15/11 06:41:07:161 queue-not-found
Context: test/CRM : test/CRM
15/11 06:41:07:360 queue-not-found
Context: test/CRM : test/CRM
15/11 06:41:07:586 queue-not-found
Context: test/CRM : test/CRM
15/11 06:41:07:787 queue-not-found
Context: test/CRM : test/CRM
15/11 06:41:07:992 queue-not-found
Context: test/CRM : test/CRM
15/11 06:41:08:213 queue-not-found
Context: test/CRM : test/CRM
15/11 06:41:08:414 queue-not-found
Context: test/CRM : test/CRM
15/11 06:41:08:617 queue-not-found
Context: test/CRM : test/CRM
15/11 06:41:08:825 queue-not-found
Context: test/CRM : test/CRM
15/11 06:41:09:019 queue-not-found
Context: test/CRM : test/CRM
15/11 06:41:09:245 queue-not-found
Context: test/CRM : test/CRM
15/11 06:41:09:433 queue-not-found
Context: test/CRM : test/CRM
15/11 06:41:09:636 queue-not-found
Context: test/CRM : test/CRM
15/11 06:41:09:853 queue-not-found
Context: test/CRM : test/CRM
15/11 06:41:10:047 queue-not-found
Context: test/CRM : test/CRM
15/11 06:41:10:325 queue-not-found
Context: test/CRM : test/CRM
15/11 06:41:10:492 queue-not-found
Context: test/CRM : test/CRM
15/11 06:41:10:701 queue-not-found
Context: test/CRM : test/CRM
15/11 06:41:10:893 queue-not-found
Context: test/CRM : test/CRM
15/11 06:41:11:101 queue-not-found
Context: test/CRM : test/CRM
15/11 06:41:11:408 queue-not-found
Context: test/CRM : test/CRM
15/11 06:41:11:615 queue-not-found
Context: test/CRM : test/CRM
15/11 06:41:11:835 queue-not-found
Context: test/CRM : test/CRM
15/11 06:41:12:031 queue-not-found
Context: test/CRM : test/CRM
15/11 06:41:12:237 queue-not-found
Context: test/CRM : test/CRM
15/11 06:41:12:442 queue-not-found
Context: test/CRM : test/CRM
15/11 06:41:12:646 queue-not-found
Context: test/CRM : test/CRM
15/11 06:41:12:847 queue-not-found
Context: test/CRM : test/CRM
15/11 06:41:13:044 queue-not-found
Context: test/CRM : test/CRM
15/11 06:41:13:253 queue-not-found
Context: test/CRM : test/CRM
15/11 06:41:13:447 queue-not-found
Context: test/CRM : test/CRM
15/11 06:41:13:672 queue-not-found
Context: test/CRM : test/CRM
15/11 06:41:13:864 queue-not-found
Context: test/CRM : test/CRM
15/11 06:41:14:065 queue-not-found
Context: test/CRM : test/CRM
15/11 06:41:14:275 queue-not-found
Context: test/CRM : test/CRM
15/11 06:41:14:479 queue-not-found
Context: test/CRM : test/CRM
15/11 06:41:14:671 queue-not-found
Context: test/CRM : test/CRM
15/11 06:41:14:887 queue-not-found
Context: test/CRM : test/CRM
15/11 06:41:15:088 queue-not-found
Context: test/CRM : test/CRM
15/11 06:41:15:292 queue-not-found
Context: test/CRM : test/CRM
15/11 06:41:15:487 queue-not-found
Context: test/CRM : test/CRM
15/11 06:41:15:725 queue-not-found
Context: test/CRM : test/CRM
15/11 06:41:15:959 queue-not-found
Context: test/CRM : test/CRM
15/11 06:41:16:139 queue-not-found
Context: test/CRM : test/CRM
15/11 06:41:16:346 queue-not-found
Context: test/CRM : test/CRM
15/11 06:41:16:540 queue-not-found
Context: test/CRM : test/CRM
15/11 06:41:16:750 queue-not-found
Context: test/CRM : test/CRM
15/11 06:41:16:947 queue-not-found
Context: test/CRM : test/CRM
15/11 06:41:17:168 queue-not-found
Context: test/CRM : test/CRM
15/11 06:41:17:376 queue-not-found
Context: test/CRM : test/CRM
15/11 06:41:17:575 queue-not-found
Context: test/CRM : test/CRM
15/11 06:41:17:779 queue-not-found
Context: test/CRM : test/CRM
15/11 06:41:17:989 queue-not-found
Context: test/CRM : test/CRM
15/11 06:41:18:228 queue-not-found
Context: test/CRM : test/CRM
15/11 06:41:18:408 queue-not-found
Context: test/CRM : test/CRM
15/11 06:41:18:611 queue-not-found
Context: test/CRM : test/CRM
15/11 06:41:18:802 queue-not-found
Context: test/CRM : test/CRM
15/11 06:41:19:009 queue-not-found
Context: test/CRM : test/CRM
15/11 06:41:19:233 queue-not-found
Context: test/CRM : test/CRM
15/11 06:41:19:408 queue-not-found
Context: test/CRM : test/CRM
15/11 06:41:19:619 queue-not-found
Context: test/CRM : test/CRM
15/11 06:41:19:833 queue-not-found
Context: test/CRM : test/CRM
15/11 06:41:20:024 queue-not-found
Context: test/CRM : test/CRM
15/11 06:41:20:241 queue-not-found
Context: test/CRM : test/CRM
15/11 06:41:20:436 queue-not-found
Context: test/CRM : test/CRM
15/11 06:41:20:632 queue-not-found
Context: test/CRM : test/CRM
15/11 06:41:20:842 queue-not-found
Context: test/CRM : test/CRM
15/11 06:41:21:051 queue-not-found
Context: test/CRM : test/CRM
15/11 06:41:21:244 queue-not-found
Context: test/CRM : test/CRM
15/11 06:41:21:453 queue-not-found
Context: test/CRM : test/CRM
15/11 06:41:21:855 queue-not-found
Context: test/CRM : test/CRM
15/11 06:41:22:004 queue-not-found
Context: test/CRM : test/CRM
15/11 06:41:22:227 queue-not-found
Context: test/CRM : test/CRM
15/11 06:41:22:409 queue-not-found
Context: test/CRM : test/CRM
15/11 06:41:22:609 queue-not-found
Context: test/CRM : test/CRM
15/11 06:41:22:834 queue-not-found
Context: test/CRM : test/CRM
15/11 06:41:23:034 queue-not-found
Context: test/CRM : test/CRM
15/11 06:41:23:281 queue-not-found
Context: test/CRM : test/CRM
15/11 06:41:23:465 queue-not-found
Context: test/CRM : test/CRM
15/11 06:41:23:680 queue-not-found
Context: test/CRM : test/CRM
15/11 06:41:23:922 queue-not-found
Context: test/CRM : test/CRM
15/11 06:41:24:082 queue-not-found
Context: test/CRM : test/CRM
15/11 06:41:24:286 queue-not-found
Context: test/CRM : test/CRM
15/11 06:41:24:487 queue-not-found
Context: test/CRM : test/CRM
15/11 06:41:24:697 queue-not-found
Context: test/CRM : test/CRM
15/11 06:41:24:886 queue-not-found
Context: test/CRM : test/CRM
15/11 06:41:25:107 queue-not-found
Context: test/CRM : test/CRM
15/11 06:41:25:357 queue-not-found
Context: test/CRM : test/CRM
15/11 06:41:25:539 queue-not-found
Context: test/CRM : test/CRM
15/11 06:41:25:732 queue-not-found
Context: test/CRM : test/CRM
15/11 06:41:25:935 queue-not-found
Context: test/CRM : test/CRM
15/11 06:41:26:135 queue-not-found
Context: test/CRM : test/CRM
15/11 06:41:26:335 queue-not-found
Context: test/CRM : test/CRM
15/11 06:41:26:560 queue-not-found
Context: test/CRM : test/CRM
15/11 06:41:26:740 queue-not-found
Context: test/CRM : test/CRM
15/11 06:41:26:951 queue-not-found
Context: test/CRM : test/CRM
15/11 06:41:27:176 queue-not-found
Context: test/CRM : test/CRM
15/11 06:41:27:367 queue-not-found
Context: test/CRM : test/CRM
15/11 06:41:27:590 queue-not-found
Context: test/CRM : test/CRM
15/11 06:41:27:767 queue-not-found
Context: test/CRM : test/CRM
15/11 06:41:27:968 queue-not-found
Context: test/CRM : test/CRM
15/11 06:41:28:180 queue-not-found
Context: test/CRM : test/CRM
15/11 06:41:28:371 queue-not-found
Context: test/CRM : test/CRM
15/11 06:41:28:571 queue-not-found
Context: test/CRM : test/CRM
15/11 06:41:28:784 queue-not-found
Context: test/CRM : test/CRM
15/11 06:41:29:021 queue-not-found
Context: test/CRM : test/CRM
15/11 06:41:29:193 queue-not-found
Context: test/CRM : test/CRM
15/11 06:41:29:391 queue-not-found
Context: test/CRM : test/CRM
15/11 06:41:29:603 queue-not-found
Context: test/CRM : test/CRM
15/11 06:41:29:795 queue-not-found
Context: test/CRM : test/CRM
15/11 06:41:29:997 queue-not-found
Context: test/CRM : test/CRM
15/11 06:41:30:215 queue-not-found
Context: test/CRM : test/CRM
15/11 06:41:30:445 queue-not-found
Context: test/CRM : test/CRM
15/11 06:41:30:646 queue-not-found
Context: test/CRM : test/CRM
15/11 06:41:30:864 queue-not-found
Context: test/CRM : test/CRM
15/11 06:41:31:042 queue-not-found
Context: test/CRM : test/CRM
15/11 06:41:31:243 queue-not-found
Context: test/CRM : test/CRM
15/11 06:41:31:443 queue-not-found
Context: test/CRM : test/CRM
15/11 06:41:31:684 queue-not-found
Context: test/CRM : test/CRM
15/11 06:41:31:866 queue-not-found
Context: test/CRM : test/CRM
15/11 06:41:32:076 queue-not-found
Context: test/CRM : test/CRM
15/11 06:41:32:266 queue-not-found
Context: test/CRM : test/CRM
15/11 06:41:32:470 queue-not-found
Context: test/CRM : test/CRM
15/11 06:41:32:697 queue-not-found
Context: test/CRM : test/CRM
15/11 06:41:32:894 queue-not-found
Context: test/CRM : test/CRM
15/11 06:41:33:119 queue-not-found
Context: test/CRM : test/CRM
15/11 06:41:33:296 queue-not-found
Context: test/CRM : test/CRM
15/11 06:41:33:504 queue-not-found
Context: test/CRM : test/CRM
15/11 06:41:33:764 queue-not-found
Context: test/CRM : test/CRM
15/11 06:41:33:956 queue-not-found
Context: test/CRM : test/CRM
15/11 06:41:34:161 queue-not-found
Context: test/CRM : test/CRM
15/11 06:41:34:356 queue-not-found
Context: test/CRM : test/CRM
15/11 06:41:34:553 queue-not-found
Context: test/CRM : test/CRM
15/11 06:41:34:759 queue-not-found
Context: test/CRM : test/CRM
15/11 06:41:34:996 queue-not-found
Context: test/CRM : test/CRM
15/11 06:41:35:200 queue-not-found
Context: test/CRM : test/CRM
15/11 06:41:35:396 queue-not-found
Context: test/CRM : test/CRM
15/11 06:41:35:600 queue-not-found
Context: test/CRM : test/CRM
15/11 06:41:35:796 queue-not-found
Context: test/CRM : test/CRM
15/11 06:41:35:999 queue-not-found
Context: test/CRM : test/CRM
15/11 06:41:36:203 queue-not-found
Context: test/CRM : test/CRM
15/11 06:41:36:397 queue-not-found
Context: test/CRM : test/CRM
15/11 06:41:36:598 queue-not-found
Context: test/CRM : test/CRM
15/11 06:41:36:813 queue-not-found
Context: test/CRM : test/CRM
15/11 06:41:37:005 queue-not-found
Context: test/CRM : test/CRM
15/11 06:41:37:207 queue-not-found
Context: test/CRM : test/CRM
15/11 06:41:37:416 queue-not-found
Context: test/CRM : test/CRM
15/11 06:41:37:603 queue-not-found
Context: test/CRM : test/CRM
15/11 06:41:37:822 queue-not-found
Context: test/CRM : test/CRM
15/11 06:41:38:005 queue-not-found
Context: test/CRM : test/CRM
15/11 06:41:38:256 queue-not-found
Context: test/CRM : test/CRM
15/11 06:41:38:426 queue-not-found
Context: test/CRM : test/CRM
15/11 06:41:38:628 queue-not-found
Context: test/CRM : test/CRM
15/11 06:41:38:891 queue-not-found
Context: test/CRM : test/CRM
15/11 06:41:39:081 queue-not-found
Context: test/CRM : test/CRM
15/11 06:41:39:334 queue-not-found
Context: test/CRM : test/CRM
15/11 06:41:39:514 queue-not-found
Context: test/CRM : test/CRM
15/11 06:41:39:718 queue-not-found
Context: test/CRM : test/CRM
15/11 06:41:39:917 queue-not-found
Context: test/CRM : test/CRM
15/11 06:41:40:126 queue-not-found
Context: test/CRM : test/CRM
15/11 06:41:41:050 queue-not-found
Context: test/CRM : test/CRM
15/11 06:41:41:231 queue-not-found
Context: test/CRM : test/CRM
15/11 06:41:41:434 queue-not-found
Context: test/CRM : test/CRM
15/11 06:41:41:634 queue-not-found
Context: test/CRM : test/CRM
15/11 06:41:41:848 queue-not-found
Context: test/CRM : test/CRM
15/11 06:41:42:045 queue-not-found
Context: test/CRM : test/CRM
15/11 06:41:42:246 queue-not-found
Context: test/CRM : test/CRM
15/11 06:41:42:495 queue-not-found
Context: test/CRM : test/CRM
15/11 06:41:42:678 queue-not-found
Context: test/CRM : test/CRM
15/11 06:41:42:879 queue-not-found
Context: test/CRM : test/CRM
15/11 06:41:43:079 queue-not-found
Context: test/CRM : test/CRM
15/11 06:41:43:280 queue-not-found
Context: test/CRM : test/CRM
15/11 06:41:43:481 queue-not-found
Context: test/CRM : test/CRM
15/11 06:41:43:682 queue-not-found
Context: test/CRM : test/CRM
15/11 06:41:43:881 queue-not-found
Context: test/CRM : test/CRM
15/11 06:41:44:082 queue-not-found
Context: test/CRM : test/CRM
15/11 06:41:44:281 queue-not-found
Context: test/CRM : test/CRM
15/11 06:41:44:486 queue-not-found
Context: test/CRM : test/CRM
15/11 06:41:44:682 queue-not-found
Context: test/CRM : test/CRM
15/11 06:41:44:887 queue-not-found
Context: test/CRM : test/CRM
15/11 06:41:45:083 queue-not-found
Context: test/CRM : test/CRM
15/11 06:41:45:283 queue-not-found
Context: test/CRM : test/CRM
15/11 06:41:45:483 queue-not-found
Context: test/CRM : test/CRM
15/11 06:41:45:782 queue-not-found
Context: test/CRM : test/CRM
15/11 06:41:45:937 queue-not-found
Context: test/CRM : test/CRM
15/11 06:41:46:152 queue-not-found
Context: test/CRM : test/CRM
15/11 06:41:46:358 queue-not-found
Context: test/CRM : test/CRM
15/11 06:41:46:554 queue-not-found
Context: test/CRM : test/CRM
15/11 06:41:46:792 queue-not-found
Context: test/CRM : test/CRM
15/11 06:41:46:959 queue-not-found
Context: test/CRM : test/CRM
15/11 06:41:47:178 queue-not-found
Context: test/CRM : test/CRM
15/11 06:41:47:382 queue-not-found
Context: test/CRM : test/CRM
15/11 06:41:47:579 queue-not-found
Context: test/CRM : test/CRM
15/11 06:41:47:793 queue-not-found
Context: test/CRM : test/CRM
15/11 06:41:47:988 queue-not-found
Context: test/CRM : test/CRM
15/11 06:41:48:192 queue-not-found
Context: test/CRM : test/CRM
15/11 06:41:48:389 queue-not-found
Context: test/CRM : test/CRM
15/11 06:41:48:590 queue-not-found
Context: test/CRM : test/CRM
15/11 06:41:48:789 queue-not-found
Context: test/CRM : test/CRM
15/11 06:41:48:997 queue-not-found
Context: test/CRM : test/CRM
15/11 06:41:49:190 queue-not-found
Context: test/CRM : test/CRM
15/11 06:41:49:391 queue-not-found
Context: test/CRM : test/CRM
15/11 06:41:49:592 queue-not-found
Context: test/CRM : test/CRM
15/11 06:41:49:790 queue-not-found
Context: test/CRM : test/CRM
15/11 06:41:50:005 queue-not-found
Context: test/CRM : test/CRM
15/11 06:41:50:201 queue-not-found
Context: test/CRM : test/CRM
15/11 06:41:50:402 queue-not-found
Context: test/CRM : test/CRM
15/11 06:41:50:603 queue-not-found
Context: test/CRM : test/CRM
15/11 06:41:50:803 queue-not-found
Context: test/CRM : test/CRM
15/11 06:41:51:005 queue-not-found
Context: test/CRM : test/CRM
15/11 06:41:51:204 queue-not-found
Context: test/CRM : test/CRM
15/11 06:41:51:403 queue-not-found
Context: test/CRM : test/CRM
15/11 06:41:51:605 queue-not-found
Context: test/CRM : test/CRM
15/11 06:41:51:843 queue-not-found
Context: test/CRM : test/CRM
15/11 06:41:52:013 queue-not-found
Context: test/CRM : test/CRM
15/11 06:41:52:221 queue-not-found
Context: test/CRM : test/CRM
15/11 06:41:52:416 queue-not-found
Context: test/CRM : test/CRM
15/11 06:41:52:616 queue-not-found
Context: test/CRM : test/CRM
15/11 06:41:52:815 queue-not-found
Context: test/CRM : test/CRM
15/11 06:41:53:025 queue-not-found
Context: test/CRM : test/CRM
15/11 06:41:53:335 queue-not-found
Context: test/CRM : test/CRM
15/11 06:41:53:624 queue-not-found
Context: test/CRM : test/CRM
15/11 06:41:53:825 queue-not-found
Context: test/CRM : test/CRM
15/11 06:41:54:027 queue-not-found
Context: test/CRM : test/CRM
15/11 06:41:54:225 queue-not-found
Context: test/CRM : test/CRM
15/11 06:41:54:425 queue-not-found
Context: test/CRM : test/CRM
15/11 06:41:54:651 queue-not-found
Context: test/CRM : test/CRM
15/11 06:41:54:843 queue-not-found
Context: test/CRM : test/CRM
15/11 06:41:55:035 queue-not-found
Context: test/CRM : test/CRM
15/11 06:41:55:240 queue-not-found
Context: test/CRM : test/CRM
15/11 06:41:55:452 queue-not-found
Context: test/CRM : test/CRM
15/11 06:41:55:650 queue-not-found
Context: test/CRM : test/CRM
15/11 06:41:55:869 queue-not-found
Context: test/CRM : test/CRM
15/11 06:41:56:069 queue-not-found
Context: test/CRM : test/CRM
15/11 06:41:56:277 queue-not-found
Context: test/CRM : test/CRM
15/11 06:41:56:472 queue-not-found
Context: test/CRM : test/CRM
15/11 06:41:56:671 queue-not-found
Context: test/CRM : test/CRM
15/11 06:41:56:869 queue-not-found
Context: test/CRM : test/CRM
15/11 06:41:57:075 queue-not-found
Context: test/CRM : test/CRM
15/11 06:41:57:291 queue-not-found
Context: test/CRM : test/CRM
15/11 06:41:57:521 queue-not-found
Context: test/CRM : test/CRM
15/11 06:41:57:689 queue-not-found
Context: test/CRM : test/CRM
15/11 06:41:57:891 queue-not-found
Context: test/CRM : test/CRM
15/11 06:41:58:092 queue-not-found
Context: test/CRM : test/CRM
15/11 06:41:58:300 queue-not-found
Context: test/CRM : test/CRM
15/11 06:41:58:500 queue-not-found
Context: test/CRM : test/CRM
15/11 06:41:58:704 queue-not-found
Context: test/CRM : test/CRM
15/11 06:41:58:903 queue-not-found
Context: test/CRM : test/CRM
15/11 06:41:59:102 queue-not-found
Context: test/CRM : test/CRM
15/11 06:41:59:303 queue-not-found
Context: test/CRM : test/CRM
15/11 06:41:59:504 queue-not-found
Context: test/CRM : test/CRM
15/11 06:41:59:704 queue-not-found
Context: test/CRM : test/CRM
15/11 06:41:59:909 queue-not-found
Context: test/CRM : test/CRM
15/11 06:42:00:105 queue-not-found
Context: test/CRM : test/CRM
15/11 06:42:00:309 queue-not-found
Context: test/CRM : test/CRM
15/11 06:42:00:506 queue-not-found
Context: test/CRM : test/CRM
15/11 06:42:00:721 queue-not-found
Context: test/CRM : test/CRM
15/11 06:42:00:921 queue-not-found
Context: test/CRM : test/CRM
15/11 06:42:01:114 queue-not-found
Context: test/CRM : test/CRM
15/11 06:42:01:314 queue-not-found
Context: test/CRM : test/CRM
15/11 06:42:01:518 queue-not-found
Context: test/CRM : test/CRM
15/11 06:42:01:716 queue-not-found
Context: test/CRM : test/CRM
15/11 06:42:01:923 queue-not-found
Context: test/CRM : test/CRM
15/11 06:42:02:120 queue-not-found
Context: test/CRM : test/CRM
15/11 06:42:02:322 queue-not-found
Context: test/CRM : test/CRM
15/11 06:42:02:523 queue-not-found
Context: test/CRM : test/CRM
15/11 06:42:02:722 queue-not-found
Context: test/CRM : test/CRM
15/11 06:42:02:942 queue-not-found
Context: test/CRM : test/CRM
15/11 06:42:03:144 queue-not-found
Context: test/CRM : test/CRM
15/11 06:42:03:343 queue-not-found
Context: test/CRM : test/CRM
15/11 06:42:03:543 queue-not-found
Context: test/CRM : test/CRM
15/11 06:42:03:747 queue-not-found
Context: test/CRM : test/CRM
15/11 06:42:03:955 queue-not-found
Context: test/CRM : test/CRM
15/11 06:42:04:150 queue-not-found
Context: test/CRM : test/CRM
15/11 06:42:04:351 queue-not-found
Context: test/CRM : test/CRM
15/11 06:42:04:550 queue-not-found
Context: test/CRM : test/CRM
15/11 06:42:04:751 queue-not-found
Context: test/CRM : test/CRM
15/11 06:42:04:956 queue-not-found
Context: test/CRM : test/CRM
15/11 06:42:05:156 queue-not-found
Context: test/CRM : test/CRM
15/11 06:42:05:359 queue-not-found
Context: test/CRM : test/CRM
15/11 06:42:05:555 queue-not-found
Context: test/CRM : test/CRM
15/11 06:42:05:755 queue-not-found
Context: test/CRM : test/CRM
15/11 06:42:05:963 queue-not-found
Context: test/CRM : test/CRM
15/11 06:42:06:160 queue-not-found
Context: test/CRM : test/CRM
15/11 06:42:06:360 queue-not-found
Context: test/CRM : test/CRM
15/11 06:42:06:560 queue-not-found
Context: test/CRM : test/CRM
15/11 06:42:06:764 queue-not-found
Context: test/CRM : test/CRM
15/11 06:42:07:012 queue-not-found
Context: test/CRM : test/CRM
15/11 06:42:07:229 queue-not-found
Context: test/CRM : test/CRM
15/11 06:42:07:418 queue-not-found
Context: test/CRM : test/CRM
15/11 06:42:07:625 queue-not-found
Context: test/CRM : test/CRM
15/11 06:42:07:845 queue-not-found
Context: test/CRM : test/CRM
15/11 06:42:08:026 queue-not-found
Context: test/CRM : test/CRM
15/11 06:42:08:224 queue-not-found
Context: test/CRM : test/CRM
15/11 06:42:08:425 queue-not-found
Context: test/CRM : test/CRM
15/11 06:42:08:624 queue-not-found
Context: test/CRM : test/CRM
15/11 06:42:08:826 queue-not-found
Context: test/CRM : test/CRM
15/11 06:42:09:047 queue-not-found
Context: test/CRM : test/CRM
15/11 06:42:09:245 queue-not-found
Context: test/CRM : test/CRM
15/11 06:42:09:443 queue-not-found
Context: test/CRM : test/CRM
15/11 06:42:09:643 queue-not-found
Context: test/CRM : test/CRM
15/11 06:42:09:865 queue-not-found
Context: test/CRM : test/CRM
15/11 06:42:10:056 queue-not-found
Context: test/CRM : test/CRM
15/11 06:42:10:276 queue-not-found
Context: test/CRM : test/CRM
15/11 06:42:10:474 queue-not-found
Context: test/CRM : test/CRM
15/11 06:42:10:673 queue-not-found
Context: test/CRM : test/CRM
15/11 06:42:10:869 queue-not-found
Context: test/CRM : test/CRM
15/11 06:42:11:070 queue-not-found
Context: test/CRM : test/CRM
15/11 06:42:11:296 queue-not-found
Context: test/CRM : test/CRM
15/11 06:42:11:475 queue-not-found
Context: test/CRM : test/CRM
15/11 06:42:11:675 queue-not-found
Context: test/CRM : test/CRM
15/11 06:42:11:872 queue-not-found
Context: test/CRM : test/CRM
15/11 06:42:12:071 queue-not-found
Context: test/CRM : test/CRM
15/11 06:42:12:277 queue-not-found
Context: test/CRM : test/CRM
15/11 06:42:12:475 queue-not-found
Context: test/CRM : test/CRM
15/11 06:42:12:674 queue-not-found
Context: test/CRM : test/CRM
15/11 06:42:12:876 queue-not-found
Context: test/CRM : test/CRM
15/11 06:42:13:072 queue-not-found
Context: test/CRM : test/CRM
15/11 06:42:13:275 queue-not-found
Context: test/CRM : test/CRM
15/11 06:42:13:472 queue-not-found
Context: test/CRM : test/CRM
15/11 06:42:13:675 queue-not-found
Context: test/CRM : test/CRM
15/11 06:42:13:873 queue-not-found
Context: test/CRM : test/CRM
15/11 06:42:14:086 queue-not-found
Context: test/CRM : test/CRM
15/11 06:42:14:283 queue-not-found
Context: test/CRM : test/CRM
15/11 06:42:14:480 queue-not-found
Context: test/CRM : test/CRM
15/11 06:42:14:692 queue-not-found
Context: test/CRM : test/CRM
15/11 06:42:14:883 queue-not-found
Context: test/CRM : test/CRM
15/11 06:42:15:083 queue-not-found
Context: test/CRM : test/CRM
15/11 06:42:15:281 queue-not-found
Context: test/CRM : test/CRM
15/11 06:42:15:483 queue-not-found
Context: test/CRM : test/CRM
15/11 06:42:15:682 queue-not-found
Context: test/CRM : test/CRM
15/11 06:42:15:900 queue-not-found
Context: test/CRM : test/CRM
15/11 06:42:16:086 queue-not-found
Context: test/CRM : test/CRM
15/11 06:42:16:284 queue-not-found
Context: test/CRM : test/CRM
15/11 06:42:16:484 queue-not-found
Context: test/CRM : test/CRM
15/11 06:42:16:682 queue-not-found
Context: test/CRM : test/CRM
15/11 06:42:16:885 queue-not-found
Context: test/CRM : test/CRM
15/11 06:42:17:083 queue-not-found
Context: test/CRM : test/CRM
15/11 06:42:17:283 queue-not-found
Context: test/CRM : test/CRM
15/11 06:42:17:505 queue-not-found
Context: test/CRM : test/CRM
15/11 06:42:17:684 queue-not-found
Context: test/CRM : test/CRM
15/11 06:42:17:884 queue-not-found
Context: test/CRM : test/CRM
15/11 06:42:18:084 queue-not-found
Context: test/CRM : test/CRM
15/11 06:42:18:285 queue-not-found
Context: test/CRM : test/CRM
15/11 06:42:18:489 queue-not-found
Context: test/CRM : test/CRM
15/11 06:42:18:686 queue-not-found
Context: test/CRM : test/CRM
15/11 06:42:18:933 queue-not-found
Context: test/CRM : test/CRM
15/11 06:42:19:092 queue-not-found
Context: test/CRM : test/CRM
15/11 06:42:19:300 queue-not-found
Context: test/CRM : test/CRM
15/11 06:42:19:515 queue-not-found
Context: test/CRM : test/CRM
15/11 06:42:19:707 queue-not-found
Context: test/CRM : test/CRM
15/11 06:42:19:902 queue-not-found
Context: test/CRM : test/CRM
15/11 06:42:20:666 queue-not-found
Context: test/CRM : test/CRM
15/11 06:42:20:816 queue-not-found
Context: test/CRM : test/CRM
15/11 06:42:21:009 queue-not-found
Context: test/CRM : test/CRM
15/11 06:42:21:222 queue-not-found
Context: test/CRM : test/CRM
15/11 06:42:21:423 queue-not-found
Context: test/CRM : test/CRM
15/11 06:42:21:613 queue-not-found
Context: test/CRM : test/CRM
15/11 06:42:21:815 queue-not-found
Context: test/CRM : test/CRM
15/11 06:42:22:019 queue-not-found
Context: test/CRM : test/CRM
15/11 06:42:22:214 queue-not-found
Context: test/CRM : test/CRM
15/11 06:42:22:414 queue-not-found
Context: test/CRM : test/CRM
15/11 06:42:22:624 queue-not-found
Context: test/CRM : test/CRM
15/11 06:42:22:821 queue-not-found
Context: test/CRM : test/CRM
15/11 06:42:23:015 queue-not-found
Context: test/CRM : test/CRM
15/11 06:42:23:215 queue-not-found
Context: test/CRM : test/CRM
15/11 06:42:23:416 queue-not-found
Context: test/CRM : test/CRM
15/11 06:42:23:666 queue-not-found
Context: test/CRM : test/CRM
15/11 06:42:23:818 queue-not-found
Context: test/CRM : test/CRM
15/11 06:42:24:016 queue-not-found
Context: test/CRM : test/CRM
15/11 06:42:24:219 queue-not-found
Context: test/CRM : test/CRM
15/11 06:42:24:421 queue-not-found
Context: test/CRM : test/CRM
15/11 06:42:24:619 queue-not-found
Context: test/CRM : test/CRM
15/11 06:42:24:824 queue-not-found
Context: test/CRM : test/CRM
15/11 06:42:25:019 queue-not-found
Context: test/CRM : test/CRM
15/11 06:42:25:220 queue-not-found
Context: test/CRM : test/CRM
15/11 06:42:25:424 queue-not-found
Context: test/CRM : test/CRM
15/11 06:42:25:624 queue-not-found
Context: test/CRM : test/CRM
15/11 06:42:25:830 queue-not-found
Context: test/CRM : test/CRM
15/11 06:42:26:026 queue-not-found
Context: test/CRM : test/CRM
15/11 06:42:26:232 queue-not-found
Context: test/CRM : test/CRM
15/11 06:42:26:426 queue-not-found
Context: test/CRM : test/CRM
15/11 06:42:26:642 queue-not-found
Context: test/CRM : test/CRM
15/11 06:42:26:832 queue-not-found
Context: test/CRM : test/CRM
15/11 06:42:27:033 queue-not-found
Context: test/CRM : test/CRM
15/11 06:42:27:228 queue-not-found
Context: test/CRM : test/CRM
15/11 06:42:27:433 queue-not-found
Context: test/CRM : test/CRM
15/11 06:42:27:627 queue-not-found
Context: test/CRM : test/CRM
15/11 06:42:27:827 queue-not-found
Context: test/CRM : test/CRM
15/11 06:42:28:028 queue-not-found
Context: test/CRM : test/CRM
15/11 06:42:28:233 queue-not-found
Context: test/CRM : test/CRM
15/11 06:42:28:434 queue-not-found
Context: test/CRM : test/CRM
15/11 06:42:28:631 queue-not-found
Context: test/CRM : test/CRM
15/11 06:42:28:832 queue-not-found
Context: test/CRM : test/CRM
15/11 06:42:29:028 queue-not-found
Context: test/CRM : test/CRM
15/11 06:42:29:236 queue-not-found
Context: test/CRM : test/CRM
15/11 06:42:29:438 queue-not-found
Context: test/CRM : test/CRM
15/11 06:42:29:631 queue-not-found
Context: test/CRM : test/CRM
15/11 06:42:29:836 queue-not-found
Context: test/CRM : test/CRM
15/11 06:42:30:029 queue-not-found
Context: test/CRM : test/CRM
15/11 06:42:30:231 queue-not-found
Context: test/CRM : test/CRM
15/11 06:42:30:434 queue-not-found
Context: test/CRM : test/CRM
15/11 06:42:30:632 queue-not-found
Context: test/CRM : test/CRM
15/11 06:42:30:832 queue-not-found
Context: test/CRM : test/CRM
15/11 06:42:31:042 queue-not-found
Context: test/CRM : test/CRM
15/11 06:42:31:235 queue-not-found
Context: test/CRM : test/CRM
15/11 06:42:31:435 queue-not-found
Context: test/CRM : test/CRM
15/11 06:42:31:632 queue-not-found
Context: test/CRM : test/CRM
15/11 06:42:31:832 queue-not-found
Context: test/CRM : test/CRM
15/11 06:42:32:033 queue-not-found
Context: test/CRM : test/CRM
15/11 06:42:32:233 queue-not-found
Context: test/CRM : test/CRM
15/11 06:42:32:479 queue-not-found
Context: test/CRM : test/CRM
15/11 06:42:32:637 queue-not-found
Context: test/CRM : test/CRM
15/11 06:42:32:837 queue-not-found
Context: test/CRM : test/CRM
15/11 06:42:33:039 queue-not-found
Context: test/CRM : test/CRM
15/11 06:42:33:238 queue-not-found
Context: test/CRM : test/CRM
15/11 06:42:33:437 queue-not-found
Context: test/CRM : test/CRM
15/11 06:42:33:639 queue-not-found
Context: test/CRM : test/CRM
15/11 06:42:33:839 queue-not-found
Context: test/CRM : test/CRM
15/11 06:42:34:045 queue-not-found
Context: test/CRM : test/CRM
15/11 06:42:34:244 queue-not-found
Context: test/CRM : test/CRM
15/11 06:42:34:444 queue-not-found
Context: test/CRM : test/CRM
15/11 06:42:34:666 queue-not-found
Context: test/CRM : test/CRM
15/11 06:42:34:845 queue-not-found
Context: test/CRM : test/CRM
15/11 06:42:35:044 queue-not-found
Context: test/CRM : test/CRM
15/11 06:42:35:244 queue-not-found
Context: test/CRM : test/CRM
15/11 06:42:35:452 queue-not-found
Context: test/CRM : test/CRM
15/11 06:42:35:644 queue-not-found
Context: test/CRM : test/CRM
15/11 06:42:35:851 queue-not-found
Context: test/CRM : test/CRM
15/11 06:42:36:046 queue-not-found
Context: test/CRM : test/CRM
15/11 06:42:36:249 queue-not-found
Context: test/CRM : test/CRM
15/11 06:42:36:447 queue-not-found
Context: test/CRM : test/CRM
15/11 06:42:36:646 queue-not-found
Context: test/CRM : test/CRM
15/11 06:42:36:862 queue-not-found
Context: test/CRM : test/CRM
15/11 06:42:37:048 queue-not-found
Context: test/CRM : test/CRM
15/11 06:42:37:249 queue-not-found
Context: test/CRM : test/CRM
15/11 06:42:37:447 queue-not-found
Context: test/CRM : test/CRM
15/11 06:42:37:647 queue-not-found
Context: test/CRM : test/CRM
15/11 06:42:37:850 queue-not-found
Context: test/CRM : test/CRM
15/11 06:42:38:048 queue-not-found
Context: test/CRM : test/CRM
15/11 06:42:38:248 queue-not-found
Context: test/CRM : test/CRM
15/11 06:42:38:452 queue-not-found
Context: test/CRM : test/CRM
15/11 06:42:38:647 queue-not-found
Context: test/CRM : test/CRM
15/11 06:42:38:850 queue-not-found
Context: test/CRM : test/CRM
15/11 06:42:39:050 queue-not-found
Context: test/CRM : test/CRM
15/11 06:42:39:266 queue-not-found
Context: test/CRM : test/CRM
15/11 06:42:39:456 queue-not-found
Context: test/CRM : test/CRM
15/11 06:42:39:648 queue-not-found
Context: test/CRM : test/CRM
15/11 06:42:39:849 queue-not-found
Context: test/CRM : test/CRM
15/11 06:42:40:049 queue-not-found
Context: test/CRM : test/CRM
15/11 06:42:40:252 queue-not-found
Context: test/CRM : test/CRM
15/11 06:42:40:460 queue-not-found
Context: test/CRM : test/CRM
15/11 06:42:40:651 queue-not-found
Context: test/CRM : test/CRM
15/11 06:42:40:868 queue-not-found
Context: test/CRM : test/CRM
15/11 06:42:41:069 queue-not-found
Context: test/CRM : test/CRM
15/11 06:42:41:256 queue-not-found
Context: test/CRM : test/CRM
15/11 06:42:41:454 queue-not-found
Context: test/CRM : test/CRM
15/11 06:42:41:652 queue-not-found
Context: test/CRM : test/CRM
15/11 06:42:41:870 queue-not-found
Context: test/CRM : test/CRM
15/11 06:42:42:058 queue-not-found
Context: test/CRM : test/CRM
15/11 06:42:42:252 queue-not-found
Context: test/CRM : test/CRM
15/11 06:42:42:458 queue-not-found
Context: test/CRM : test/CRM
15/11 06:42:42:652 queue-not-found
Context: test/CRM : test/CRM
15/11 06:42:42:853 queue-not-found
Context: test/CRM : test/CRM
15/11 06:42:43:053 queue-not-found
Context: test/CRM : test/CRM
15/11 06:42:43:256 queue-not-found
Context: test/CRM : test/CRM
15/11 06:42:43:456 queue-not-found
Context: test/CRM : test/CRM
15/11 06:42:43:680 queue-not-found
Context: test/CRM : test/CRM
15/11 06:42:43:854 queue-not-found
Context: test/CRM : test/CRM
15/11 06:42:44:060 queue-not-found
Context: test/CRM : test/CRM
15/11 06:42:44:254 queue-not-found
Context: test/CRM : test/CRM
15/11 06:42:44:454 queue-not-found
Context: test/CRM : test/CRM
15/11 06:42:44:654 queue-not-found
Context: test/CRM : test/CRM
15/11 06:42:44:855 queue-not-found
Context: test/CRM : test/CRM
15/11 06:42:45:055 queue-not-found
Context: test/CRM : test/CRM
15/11 06:42:45:257 queue-not-found
Context: test/CRM : test/CRM
15/11 06:42:45:465 queue-not-found
Context: test/CRM : test/CRM
15/11 06:42:45:655 queue-not-found
Context: test/CRM : test/CRM
15/11 06:42:45:858 queue-not-found
Context: test/CRM : test/CRM
15/11 06:42:46:056 queue-not-found
Context: test/CRM : test/CRM
15/11 06:42:46:256 queue-not-found
Context: test/CRM : test/CRM
15/11 06:42:46:458 queue-not-found
Context: test/CRM : test/CRM
15/11 06:42:46:671 queue-not-found
Context: test/CRM : test/CRM
15/11 06:42:46:866 queue-not-found
Context: test/CRM : test/CRM
15/11 06:42:47:089 queue-not-found
Context: test/CRM : test/CRM
15/11 06:42:47:274 queue-not-found
Context: test/CRM : test/CRM
15/11 06:42:47:536 queue-not-found
Context: test/CRM : test/CRM
15/11 06:42:47:728 queue-not-found
Context: test/CRM : test/CRM
15/11 06:42:47:932 queue-not-found
Context: test/CRM : test/CRM
15/11 06:42:48:147 queue-not-found
Context: test/CRM : test/CRM
15/11 06:42:48:368 queue-not-found
Context: test/CRM : test/CRM
15/11 06:42:48:567 queue-not-found
Context: test/CRM : test/CRM
15/11 06:42:48:783 queue-not-found
Context: test/CRM : test/CRM
15/11 06:42:48:976 queue-not-found
Context: test/CRM : test/CRM
15/11 06:42:49:169 queue-not-found
Context: test/CRM : test/CRM
15/11 06:42:49:371 queue-not-found
Context: test/CRM : test/CRM
15/11 06:42:49:568 queue-not-found
Context: test/CRM : test/CRM
15/11 06:42:49:771 queue-not-found
Context: test/CRM : test/CRM
15/11 06:42:49:971 queue-not-found
Context: test/CRM : test/CRM
15/11 06:42:50:169 queue-not-found
Context: test/CRM : test/CRM
15/11 06:42:50:370 queue-not-found
Context: test/CRM : test/CRM
15/11 06:42:50:569 queue-not-found
Context: test/CRM : test/CRM
15/11 06:42:50:772 queue-not-found
Context: test/CRM : test/CRM
15/11 06:42:50:972 queue-not-found
Context: test/CRM : test/CRM
15/11 06:42:51:170 queue-not-found
Context: test/CRM : test/CRM
15/11 06:42:51:375 queue-not-found
Context: test/CRM : test/CRM
15/11 06:42:51:584 queue-not-found
Context: test/CRM : test/CRM
15/11 06:42:51:772 queue-not-found
Context: test/CRM : test/CRM
15/11 06:42:51:971 queue-not-found
Context: test/CRM : test/CRM
15/11 06:42:52:238 queue-not-found
Context: test/CRM : test/CRM
15/11 06:42:52:415 queue-not-found
Context: test/CRM : test/CRM
15/11 06:42:52:608 queue-not-found
Context: test/CRM : test/CRM
15/11 06:42:52:808 queue-not-found
Context: test/CRM : test/CRM
15/11 06:42:53:009 queue-not-found
Context: test/CRM : test/CRM
15/11 06:42:53:207 queue-not-found
Context: test/CRM : test/CRM
15/11 06:42:53:405 queue-not-found
Context: test/CRM : test/CRM
15/11 06:42:53:605 queue-not-found
Context: test/CRM : test/CRM
15/11 06:42:53:806 queue-not-found
Context: test/CRM : test/CRM
15/11 06:42:54:017 queue-not-found
Context: test/CRM : test/CRM
15/11 06:42:54:205 queue-not-found
Context: test/CRM : test/CRM
15/11 06:42:54:408 queue-not-found
Context: test/CRM : test/CRM
15/11 06:42:54:609 queue-not-found
Context: test/CRM : test/CRM
15/11 06:42:54:808 queue-not-found
Context: test/CRM : test/CRM
15/11 06:42:55:006 queue-not-found
Context: test/CRM : test/CRM
15/11 06:42:55:217 queue-not-found
Context: test/CRM : test/CRM
15/11 06:42:55:405 queue-not-found
Context: test/CRM : test/CRM
15/11 06:42:55:605 queue-not-found
Context: test/CRM : test/CRM
15/11 06:42:55:810 queue-not-found
Context: test/CRM : test/CRM
15/11 06:42:56:008 queue-not-found
Context: test/CRM : test/CRM
15/11 06:42:56:214 queue-not-found
Context: test/CRM : test/CRM
15/11 06:42:56:406 queue-not-found
Context: test/CRM : test/CRM
15/11 06:42:56:606 queue-not-found
Context: test/CRM : test/CRM
15/11 06:42:56:811 queue-not-found
Context: test/CRM : test/CRM
15/11 06:42:57:012 queue-not-found
Context: test/CRM : test/CRM
15/11 06:42:57:207 queue-not-found
Context: test/CRM : test/CRM
15/11 06:42:57:408 queue-not-found
Context: test/CRM : test/CRM
15/11 06:42:57:610 queue-not-found
Context: test/CRM : test/CRM
15/11 06:42:57:824 queue-not-found
Context: test/CRM : test/CRM
15/11 06:42:58:011 queue-not-found
Context: test/CRM : test/CRM
15/11 06:42:58:211 queue-not-found
Context: test/CRM : test/CRM
15/11 06:42:58:411 queue-not-found
Context: test/CRM : test/CRM
15/11 06:42:58:610 queue-not-found
Context: test/CRM : test/CRM
15/11 06:42:58:810 queue-not-found
Context: test/CRM : test/CRM
15/11 06:42:59:010 queue-not-found
Context: test/CRM : test/CRM
15/11 06:42:59:217 queue-not-found
Context: test/CRM : test/CRM
15/11 06:42:59:412 queue-not-found
Context: test/CRM : test/CRM
15/11 06:42:59:612 queue-not-found
Context: test/CRM : test/CRM
15/11 06:42:59:837 queue-not-found
Context: test/CRM : test/CRM
15/11 06:43:00:011 queue-not-found
Context: test/CRM : test/CRM
15/11 06:43:00:220 queue-not-found
Context: test/CRM : test/CRM
15/11 06:43:00:423 queue-not-found
Context: test/CRM : test/CRM
15/11 06:43:00:616 queue-not-found
Context: test/CRM : test/CRM
15/11 06:43:00:813 queue-not-found
Context: test/CRM : test/CRM
15/11 06:43:01:011 queue-not-found
Context: test/CRM : test/CRM
15/11 06:43:01:215 queue-not-found
Context: test/CRM : test/CRM
15/11 06:43:01:413 queue-not-found
Context: test/CRM : test/CRM
15/11 06:43:01:628 queue-not-found
Context: test/CRM : test/CRM
15/11 06:43:01:812 queue-not-found
Context: test/CRM : test/CRM
15/11 06:43:02:011 queue-not-found
Context: test/CRM : test/CRM
15/11 06:43:02:213 queue-not-found
Context: test/CRM : test/CRM
15/11 06:43:02:422 queue-not-found
Context: test/CRM : test/CRM
15/11 06:43:02:614 queue-not-found
Context: test/CRM : test/CRM
15/11 06:43:02:819 queue-not-found
Context: test/CRM : test/CRM
15/11 06:43:03:012 queue-not-found
Context: test/CRM : test/CRM
15/11 06:43:03:215 queue-not-found
Context: test/CRM : test/CRM
15/11 06:43:03:420 queue-not-found
Context: test/CRM : test/CRM
15/11 06:43:03:629 queue-not-found
Context: test/CRM : test/CRM
15/11 06:43:03:814 queue-not-found
Context: test/CRM : test/CRM
15/11 06:43:04:016 queue-not-found
Context: test/CRM : test/CRM
15/11 06:43:04:216 queue-not-found
Context: test/CRM : test/CRM
15/11 06:43:04:414 queue-not-found
Context: test/CRM : test/CRM
15/11 06:43:04:615 queue-not-found
Context: test/CRM : test/CRM
15/11 06:43:04:814 queue-not-found
Context: test/CRM : test/CRM
15/11 06:43:05:020 queue-not-found
Context: test/CRM : test/CRM
15/11 06:43:05:215 queue-not-found
Context: test/CRM : test/CRM
15/11 06:43:05:418 queue-not-found
Context: test/CRM : test/CRM
15/11 06:43:05:617 queue-not-found
Context: test/CRM : test/CRM
15/11 06:43:05:839 queue-not-found
Context: test/CRM : test/CRM
15/11 06:43:06:016 queue-not-found
Context: test/CRM : test/CRM
15/11 06:43:06:216 queue-not-found
Context: test/CRM : test/CRM
15/11 06:43:06:417 queue-not-found
Context: test/CRM : test/CRM
15/11 06:43:06:618 queue-not-found
Context: test/CRM : test/CRM
15/11 06:43:06:816 queue-not-found
Context: test/CRM : test/CRM
15/11 06:43:07:017 queue-not-found
Context: test/CRM : test/CRM
15/11 06:43:07:227 queue-not-found
Context: test/CRM : test/CRM
15/11 06:43:07:416 queue-not-found
Context: test/CRM : test/CRM
15/11 06:43:07:617 queue-not-found
Context: test/CRM : test/CRM
15/11 06:43:07:818 queue-not-found
Context: test/CRM : test/CRM
15/11 06:43:08:026 queue-not-found
Context: test/CRM : test/CRM
15/11 06:43:08:225 queue-not-found
Context: test/CRM : test/CRM
15/11 06:43:08:420 queue-not-found
Context: test/CRM : test/CRM
15/11 06:43:08:626 queue-not-found
Context: test/CRM : test/CRM
15/11 06:43:08:822 queue-not-found
Context: test/CRM : test/CRM
15/11 06:43:45:878 End of process session
15/11 06:43:45:894 CRM stopped
15/11 06:43:47:790 CRM started
15/11 06:43:47:838 Testing connection ...
15/11 06:43:47:848 Testing connection are success
15/11 06:43:47:857 Starting process session
15/11 06:44:17:245 SEND: ID=134001: com.crm.provisioning.impl.mt.ChargingCommandImpl.register {merchantId:3001} {alias:ACOMVT00001}{84967289922}
15/11 06:44:17:293 RECEIVE: ID=134001: success: costTime=37
15/11 07:08:20:470 CRM started
15/11 07:08:22:103 Testing connection ...
15/11 07:08:22:235 Testing connection are success
15/11 07:08:22:264 Starting process session
15/11 07:24:22:056 CRM started
15/11 07:24:23:801 Testing connection ...
15/11 07:24:23:928 Testing connection are success
15/11 07:24:23:947 Starting process session
