07/10 15:24:03:896 Value of 'provisioning' can not be null
Context: ManageableThread.loadMandatory
Additional info: provisioning : ManageableThread.loadMandatory
07/10 15:24:34:467 Value of 'host' can not be null
Context: ManageableThread.loadMandatory
Additional info: host : ManageableThread.loadMandatory
07/10 15:25:02:212 OTP Request started
07/10 15:25:04:857 Testing connection ...
07/10 15:25:04:876 Created provisioning instance for VMSSDP
07/10 15:25:04:888 Testing connection are success
07/10 15:25:04:900 Starting process session
07/10 15:25:05:023 Total 0 instances are started
07/10 15:25:05:032 Total 1 instances are added
07/10 15:25:12:662 queue-not-found
Context: queue/otprequest : queue/otprequest
07/10 15:25:12:791 queue-not-found
Context: queue/otprequest : queue/otprequest
07/10 15:25:12:782 Total 0 instances are started
07/10 15:25:12:794 Total 1 instances are added
07/10 15:25:12:921 queue-not-found
Context: queue/otprequest : queue/otprequest
07/10 15:25:12:915 Total 0 instances are started
07/10 15:25:12:926 Total 1 instances are added
07/10 15:25:13:052 queue-not-found
Context: queue/otprequest : queue/otprequest
07/10 15:25:13:047 Total 0 instances are started
07/10 15:25:13:059 Total 1 instances are added
07/10 15:25:13:185 queue-not-found
Context: queue/otprequest : queue/otprequest
07/10 15:25:13:179 Total 0 instances are started
07/10 15:25:13:190 Total 1 instances are added
07/10 15:25:13:318 queue-not-found
Context: queue/otprequest : queue/otprequest
07/10 15:25:13:313 Total 0 instances are started
07/10 15:25:13:323 Total 1 instances are added
07/10 15:25:13:449 queue-not-found
Context: queue/otprequest : queue/otprequest
07/10 15:25:13:442 Total 0 instances are started
07/10 15:25:13:460 Total 1 instances are added
07/10 15:25:13:594 queue-not-found
Context: queue/otprequest : queue/otprequest
07/10 15:25:13:586 Total 0 instances are started
07/10 15:25:13:599 Total 1 instances are added
07/10 15:25:13:726 queue-not-found
Context: queue/otprequest : queue/otprequest
07/10 15:25:13:721 Total 0 instances are started
07/10 15:25:13:733 Total 1 instances are added
07/10 15:25:13:858 queue-not-found
Context: queue/otprequest : queue/otprequest
07/10 15:25:13:853 Total 0 instances are started
07/10 15:25:13:865 Total 1 instances are added
07/10 15:25:13:991 queue-not-found
Context: queue/otprequest : queue/otprequest
07/10 15:25:13:986 Total 0 instances are started
07/10 15:25:13:997 Total 1 instances are added
07/10 15:25:14:122 queue-not-found
Context: queue/otprequest : queue/otprequest
07/10 15:25:14:117 Total 0 instances are started
07/10 15:25:14:127 Total 1 instances are added
07/10 15:25:14:253 queue-not-found
Context: queue/otprequest : queue/otprequest
07/10 15:25:14:246 Total 0 instances are started
07/10 15:25:14:265 Total 1 instances are added
07/10 15:25:14:395 queue-not-found
Context: queue/otprequest : queue/otprequest
07/10 15:25:14:390 Total 0 instances are started
07/10 15:25:14:442 Total 1 instances are added
07/10 15:25:14:578 queue-not-found
Context: queue/otprequest : queue/otprequest
07/10 15:25:14:569 Total 0 instances are started
07/10 15:25:14:590 Total 1 instances are added
07/10 15:25:14:723 queue-not-found
Context: queue/otprequest : queue/otprequest
07/10 15:25:14:718 Total 0 instances are started
07/10 15:25:14:729 Total 1 instances are added
07/10 15:25:14:857 queue-not-found
Context: queue/otprequest : queue/otprequest
07/10 15:25:14:850 Total 0 instances are started
07/10 15:25:14:868 Total 1 instances are added
07/10 15:25:15:002 queue-not-found
Context: queue/otprequest : queue/otprequest
07/10 15:25:14:994 Total 0 instances are started
07/10 15:25:15:014 Total 1 instances are added
07/10 15:25:15:143 queue-not-found
Context: queue/otprequest : queue/otprequest
07/10 15:25:15:138 Total 0 instances are started
07/10 15:25:15:150 Total 1 instances are added
07/10 15:25:15:278 queue-not-found
Context: queue/otprequest : queue/otprequest
07/10 15:25:15:273 Total 0 instances are started
07/10 15:25:15:283 Total 1 instances are added
07/10 15:25:15:407 queue-not-found
Context: queue/otprequest : queue/otprequest
07/10 15:25:15:403 Total 0 instances are started
07/10 15:25:15:413 Total 1 instances are added
07/10 15:25:15:538 queue-not-found
Context: queue/otprequest : queue/otprequest
07/10 15:25:15:532 Total 0 instances are started
07/10 15:25:15:544 Total 1 instances are added
07/10 15:25:15:668 queue-not-found
Context: queue/otprequest : queue/otprequest
07/10 15:25:15:664 Total 0 instances are started
07/10 15:25:15:674 Total 1 instances are added
07/10 15:25:15:799 queue-not-found
Context: queue/otprequest : queue/otprequest
07/10 15:25:15:793 Total 0 instances are started
07/10 15:25:15:823 Total 1 instances are added
07/10 15:25:15:957 queue-not-found
Context: queue/otprequest : queue/otprequest
07/10 15:25:15:948 Total 0 instances are started
07/10 15:25:15:962 Total 1 instances are added
07/10 15:25:16:092 queue-not-found
Context: queue/otprequest : queue/otprequest
07/10 15:25:16:084 Total 0 instances are started
07/10 15:25:16:101 Total 1 instances are added
07/10 15:25:16:236 queue-not-found
Context: queue/otprequest : queue/otprequest
07/10 15:25:16:228 Total 0 instances are started
07/10 15:25:16:250 Total 1 instances are added
07/10 15:25:16:377 queue-not-found
Context: queue/otprequest : queue/otprequest
07/10 15:25:16:372 Total 0 instances are started
07/10 15:25:16:383 Total 1 instances are added
07/10 15:25:16:507 queue-not-found
Context: queue/otprequest : queue/otprequest
07/10 15:25:16:503 Total 0 instances are started
07/10 15:25:16:513 Total 1 instances are added
07/10 15:25:16:638 queue-not-found
Context: queue/otprequest : queue/otprequest
07/10 15:25:16:633 Total 0 instances are started
07/10 15:25:16:644 Total 1 instances are added
07/10 15:25:16:771 queue-not-found
Context: queue/otprequest : queue/otprequest
07/10 15:25:16:764 Total 0 instances are started
07/10 15:25:16:781 Total 1 instances are added
07/10 15:25:16:911 queue-not-found
Context: queue/otprequest : queue/otprequest
07/10 15:25:16:907 Total 0 instances are started
07/10 15:25:16:918 Total 1 instances are added
07/10 15:25:17:042 queue-not-found
Context: queue/otprequest : queue/otprequest
07/10 15:25:17:037 Total 0 instances are started
07/10 15:25:17:048 Total 1 instances are added
07/10 15:25:17:174 queue-not-found
Context: queue/otprequest : queue/otprequest
07/10 15:25:17:167 Total 0 instances are started
07/10 15:25:17:186 Total 1 instances are added
07/10 15:25:17:320 queue-not-found
Context: queue/otprequest : queue/otprequest
07/10 15:25:17:313 Total 0 instances are started
07/10 15:25:17:331 Total 1 instances are added
07/10 15:25:17:462 queue-not-found
Context: queue/otprequest : queue/otprequest
07/10 15:25:17:454 Total 0 instances are started
07/10 15:25:17:475 Total 1 instances are added
07/10 15:25:17:604 queue-not-found
Context: queue/otprequest : queue/otprequest
07/10 15:25:17:598 Total 0 instances are started
07/10 15:25:17:610 Total 1 instances are added
07/10 15:25:17:735 queue-not-found
Context: queue/otprequest : queue/otprequest
07/10 15:25:17:730 Total 0 instances are started
07/10 15:25:17:741 Total 1 instances are added
07/10 15:25:17:868 queue-not-found
Context: queue/otprequest : queue/otprequest
07/10 15:25:17:861 Total 0 instances are started
07/10 15:25:17:878 Total 1 instances are added
07/10 15:25:18:013 queue-not-found
Context: queue/otprequest : queue/otprequest
07/10 15:25:18:007 Total 0 instances are started
07/10 15:25:18:019 Total 1 instances are added
07/10 15:25:18:144 queue-not-found
Context: queue/otprequest : queue/otprequest
07/10 15:25:18:139 Total 0 instances are started
07/10 15:25:18:150 Total 1 instances are added
07/10 15:25:18:278 queue-not-found
Context: queue/otprequest : queue/otprequest
07/10 15:25:18:271 Total 0 instances are started
07/10 15:25:18:285 Total 1 instances are added
07/10 15:25:18:410 queue-not-found
Context: queue/otprequest : queue/otprequest
07/10 15:25:18:405 Total 0 instances are started
07/10 15:25:18:417 Total 1 instances are added
07/10 15:25:18:542 queue-not-found
Context: queue/otprequest : queue/otprequest
07/10 15:25:18:538 Total 0 instances are started
07/10 15:25:18:551 Total 1 instances are added
07/10 15:25:18:676 queue-not-found
Context: queue/otprequest : queue/otprequest
07/10 15:25:18:671 Total 0 instances are started
07/10 15:25:18:683 Total 1 instances are added
07/10 15:25:18:807 queue-not-found
Context: queue/otprequest : queue/otprequest
07/10 15:25:18:802 Total 0 instances are started
07/10 15:25:18:815 Total 1 instances are added
07/10 15:25:18:939 queue-not-found
Context: queue/otprequest : queue/otprequest
07/10 15:25:18:935 Total 0 instances are started
07/10 15:25:18:946 Total 1 instances are added
07/10 15:25:19:074 queue-not-found
Context: queue/otprequest : queue/otprequest
07/10 15:25:19:067 Total 0 instances are started
07/10 15:25:19:080 Total 1 instances are added
07/10 15:25:19:207 queue-not-found
Context: queue/otprequest : queue/otprequest
07/10 15:25:19:200 Total 0 instances are started
07/10 15:25:19:214 Total 1 instances are added
07/10 15:25:19:343 queue-not-found
Context: queue/otprequest : queue/otprequest
07/10 15:25:19:337 Total 0 instances are started
07/10 15:25:19:352 Total 1 instances are added
07/10 15:25:19:479 queue-not-found
Context: queue/otprequest : queue/otprequest
07/10 15:25:19:474 Total 0 instances are started
07/10 15:25:19:484 Total 1 instances are added
07/10 15:25:19:610 queue-not-found
Context: queue/otprequest : queue/otprequest
07/10 15:25:19:604 Total 0 instances are started
07/10 15:25:19:622 Total 1 instances are added
07/10 15:25:19:751 queue-not-found
Context: queue/otprequest : queue/otprequest
07/10 15:25:19:747 Total 0 instances are started
07/10 15:25:19:757 Total 1 instances are added
07/10 15:25:19:884 queue-not-found
Context: queue/otprequest : queue/otprequest
07/10 15:25:19:876 Total 0 instances are started
07/10 15:25:19:897 Total 1 instances are added
07/10 15:25:20:029 queue-not-found
Context: queue/otprequest : queue/otprequest
07/10 15:25:20:024 Total 0 instances are started
07/10 15:25:20:036 Total 1 instances are added
07/10 15:25:20:164 queue-not-found
Context: queue/otprequest : queue/otprequest
07/10 15:25:20:158 Total 0 instances are started
07/10 15:25:20:174 Total 1 instances are added
07/10 15:25:20:307 queue-not-found
Context: queue/otprequest : queue/otprequest
07/10 15:25:20:301 Total 0 instances are started
07/10 15:25:20:318 Total 1 instances are added
07/10 15:25:20:452 queue-not-found
Context: queue/otprequest : queue/otprequest
07/10 15:25:20:444 Total 0 instances are started
07/10 15:25:20:464 Total 1 instances are added
07/10 15:25:20:597 queue-not-found
Context: queue/otprequest : queue/otprequest
07/10 15:25:20:591 Total 0 instances are started
07/10 15:25:20:610 Total 1 instances are added
07/10 15:25:20:746 queue-not-found
Context: queue/otprequest : queue/otprequest
07/10 15:25:20:741 Total 0 instances are started
07/10 15:25:20:754 Total 1 instances are added
07/10 15:25:20:881 queue-not-found
Context: queue/otprequest : queue/otprequest
07/10 15:25:20:875 Total 0 instances are started
07/10 15:25:20:888 Total 1 instances are added
07/10 15:25:21:018 queue-not-found
Context: queue/otprequest : queue/otprequest
07/10 15:25:21:012 Total 0 instances are started
07/10 15:25:21:026 Total 1 instances are added
07/10 15:25:21:151 queue-not-found
Context: queue/otprequest : queue/otprequest
07/10 15:25:21:146 Total 0 instances are started
07/10 15:25:21:157 Total 1 instances are added
07/10 15:25:21:281 queue-not-found
Context: queue/otprequest : queue/otprequest
07/10 15:25:21:276 Total 0 instances are started
07/10 15:25:21:289 Total 1 instances are added
07/10 15:25:21:417 queue-not-found
Context: queue/otprequest : queue/otprequest
07/10 15:25:21:411 Total 0 instances are started
07/10 15:25:21:427 Total 1 instances are added
07/10 15:25:21:560 queue-not-found
Context: queue/otprequest : queue/otprequest
07/10 15:25:21:554 Total 0 instances are started
07/10 15:25:21:571 Total 1 instances are added
07/10 15:25:21:703 queue-not-found
Context: queue/otprequest : queue/otprequest
07/10 15:25:21:699 Total 0 instances are started
07/10 15:25:21:709 Total 1 instances are added
07/10 15:25:21:835 queue-not-found
Context: queue/otprequest : queue/otprequest
07/10 15:25:21:830 Total 0 instances are started
07/10 15:25:21:847 Total 1 instances are added
07/10 15:25:21:981 queue-not-found
Context: queue/otprequest : queue/otprequest
07/10 15:25:21:974 Total 0 instances are started
07/10 15:25:21:993 Total 1 instances are added
07/10 15:25:22:124 queue-not-found
Context: queue/otprequest : queue/otprequest
07/10 15:25:22:119 Total 0 instances are started
07/10 15:25:22:131 Total 1 instances are added
07/10 15:25:22:257 queue-not-found
Context: queue/otprequest : queue/otprequest
07/10 15:25:22:252 Total 0 instances are started
07/10 15:25:22:264 Total 1 instances are added
07/10 15:25:22:392 queue-not-found
Context: queue/otprequest : queue/otprequest
07/10 15:25:22:385 Total 0 instances are started
07/10 15:25:22:403 Total 1 instances are added
07/10 15:25:22:536 queue-not-found
Context: queue/otprequest : queue/otprequest
07/10 15:25:22:530 Total 0 instances are started
07/10 15:25:22:547 Total 1 instances are added
07/10 15:25:22:676 queue-not-found
Context: queue/otprequest : queue/otprequest
07/10 15:25:22:671 Total 0 instances are started
07/10 15:25:22:683 Total 1 instances are added
07/10 15:25:22:811 queue-not-found
Context: queue/otprequest : queue/otprequest
07/10 15:25:22:804 Total 0 instances are started
07/10 15:25:22:824 Total 1 instances are added
07/10 15:25:22:953 queue-not-found
Context: queue/otprequest : queue/otprequest
07/10 15:25:22:945 Total 0 instances are started
07/10 15:25:22:958 Total 1 instances are added
07/10 15:25:23:087 queue-not-found
Context: queue/otprequest : queue/otprequest
07/10 15:25:23:082 Total 0 instances are started
07/10 15:25:23:094 Total 1 instances are added
07/10 15:25:23:219 queue-not-found
Context: queue/otprequest : queue/otprequest
07/10 15:25:23:215 Total 0 instances are started
07/10 15:25:23:225 Total 1 instances are added
07/10 15:25:23:350 queue-not-found
Context: queue/otprequest : queue/otprequest
07/10 15:25:23:344 Total 0 instances are started
07/10 15:25:23:364 Total 1 instances are added
07/10 15:25:23:495 queue-not-found
Context: queue/otprequest : queue/otprequest
07/10 15:25:23:489 Total 0 instances are started
07/10 15:25:23:508 Total 1 instances are added
07/10 15:25:23:642 queue-not-found
Context: queue/otprequest : queue/otprequest
07/10 15:25:23:635 Total 0 instances are started
07/10 15:25:23:656 Total 1 instances are added
07/10 15:25:23:786 queue-not-found
Context: queue/otprequest : queue/otprequest
07/10 15:25:23:781 Total 0 instances are started
07/10 15:25:23:793 Total 1 instances are added
07/10 15:25:23:918 queue-not-found
Context: queue/otprequest : queue/otprequest
07/10 15:25:23:914 Total 0 instances are started
07/10 15:25:23:925 Total 1 instances are added
07/10 15:25:24:054 queue-not-found
Context: queue/otprequest : queue/otprequest
07/10 15:25:24:046 Total 0 instances are started
07/10 15:25:24:069 Total 1 instances are added
07/10 15:25:24:201 queue-not-found
Context: queue/otprequest : queue/otprequest
07/10 15:25:24:196 Total 0 instances are started
07/10 15:25:24:208 Total 1 instances are added
07/10 15:25:24:335 queue-not-found
Context: queue/otprequest : queue/otprequest
07/10 15:25:24:329 Total 0 instances are started
07/10 15:25:24:345 Total 1 instances are added
07/10 15:25:24:474 queue-not-found
Context: queue/otprequest : queue/otprequest
07/10 15:25:24:468 Total 0 instances are started
07/10 15:25:24:485 Total 1 instances are added
07/10 15:25:24:617 queue-not-found
Context: queue/otprequest : queue/otprequest
07/10 15:25:24:613 Total 0 instances are started
07/10 15:25:24:625 Total 1 instances are added
07/10 15:25:24:750 queue-not-found
Context: queue/otprequest : queue/otprequest
07/10 15:25:24:746 Total 0 instances are started
07/10 15:25:24:756 Total 1 instances are added
07/10 15:25:24:880 queue-not-found
Context: queue/otprequest : queue/otprequest
07/10 15:25:24:875 Total 0 instances are started
07/10 15:25:24:891 Total 1 instances are added
07/10 15:25:25:023 queue-not-found
Context: queue/otprequest : queue/otprequest
07/10 15:25:25:018 Total 0 instances are started
07/10 15:25:25:031 Total 1 instances are added
07/10 15:25:25:160 queue-not-found
Context: queue/otprequest : queue/otprequest
07/10 15:25:25:154 Total 0 instances are started
07/10 15:25:25:173 Total 1 instances are added
07/10 15:25:25:306 queue-not-found
Context: queue/otprequest : queue/otprequest
07/10 15:25:25:301 Total 0 instances are started
07/10 15:25:25:354 Total 1 instances are added
07/10 15:25:25:484 queue-not-found
Context: queue/otprequest : queue/otprequest
07/10 15:25:25:480 Total 0 instances are started
07/10 15:25:25:491 Total 1 instances are added
07/10 15:25:25:619 queue-not-found
Context: queue/otprequest : queue/otprequest
07/10 15:25:25:613 Total 0 instances are started
07/10 15:25:25:629 Total 1 instances are added
07/10 15:25:25:760 queue-not-found
Context: queue/otprequest : queue/otprequest
07/10 15:25:25:754 Total 0 instances are started
07/10 15:25:25:770 Total 1 instances are added
07/10 15:25:25:898 queue-not-found
Context: queue/otprequest : queue/otprequest
07/10 15:25:25:892 Total 0 instances are started
07/10 15:25:25:908 Total 1 instances are added
07/10 15:25:26:041 queue-not-found
Context: queue/otprequest : queue/otprequest
07/10 15:25:26:034 Total 0 instances are started
07/10 15:25:26:052 Total 1 instances are added
07/10 15:25:26:182 queue-not-found
Context: queue/otprequest : queue/otprequest
07/10 15:25:26:177 Total 0 instances are started
07/10 15:25:26:190 Total 1 instances are added
07/10 15:25:26:319 queue-not-found
Context: queue/otprequest : queue/otprequest
07/10 15:25:26:314 Total 0 instances are started
07/10 15:25:26:325 Total 1 instances are added
07/10 15:25:26:450 queue-not-found
Context: queue/otprequest : queue/otprequest
07/10 15:25:26:444 Total 0 instances are started
07/10 15:25:26:461 Total 1 instances are added
07/10 15:25:26:596 queue-not-found
Context: queue/otprequest : queue/otprequest
07/10 15:25:26:587 Total 0 instances are started
07/10 15:25:26:604 Total 1 instances are added
07/10 15:25:26:737 queue-not-found
Context: queue/otprequest : queue/otprequest
07/10 15:25:26:731 Total 0 instances are started
07/10 15:25:26:749 Total 1 instances are added
07/10 15:25:26:881 queue-not-found
Context: queue/otprequest : queue/otprequest
07/10 15:25:26:875 Total 0 instances are started
07/10 15:25:26:891 Total 1 instances are added
07/10 15:25:27:023 queue-not-found
Context: queue/otprequest : queue/otprequest
07/10 15:25:27:017 Total 0 instances are started
07/10 15:25:27:030 Total 1 instances are added
07/10 15:25:27:154 queue-not-found
Context: queue/otprequest : queue/otprequest
07/10 15:25:27:150 Total 0 instances are started
07/10 15:25:27:161 Total 1 instances are added
07/10 15:25:27:285 queue-not-found
Context: queue/otprequest : queue/otprequest
07/10 15:25:27:281 Total 0 instances are started
07/10 15:25:27:292 Total 1 instances are added
07/10 15:25:27:418 queue-not-found
Context: queue/otprequest : queue/otprequest
07/10 15:25:27:414 Total 0 instances are started
07/10 15:25:27:424 Total 1 instances are added
07/10 15:25:27:550 queue-not-found
Context: queue/otprequest : queue/otprequest
07/10 15:25:27:544 Total 0 instances are started
07/10 15:25:27:560 Total 1 instances are added
07/10 15:25:27:687 queue-not-found
Context: queue/otprequest : queue/otprequest
07/10 15:25:27:680 Total 0 instances are started
07/10 15:25:27:702 Total 1 instances are added
07/10 15:25:27:833 queue-not-found
Context: queue/otprequest : queue/otprequest
07/10 15:25:27:828 Total 0 instances are started
07/10 15:25:27:843 Total 1 instances are added
07/10 15:25:27:977 queue-not-found
Context: queue/otprequest : queue/otprequest
07/10 15:25:27:973 Total 0 instances are started
07/10 15:25:27:984 Total 1 instances are added
07/10 15:25:28:108 queue-not-found
Context: queue/otprequest : queue/otprequest
07/10 15:25:28:104 Total 0 instances are started
07/10 15:25:28:115 Total 1 instances are added
07/10 15:25:28:240 queue-not-found
Context: queue/otprequest : queue/otprequest
07/10 15:25:28:236 Total 0 instances are started
07/10 15:25:28:246 Total 1 instances are added
07/10 15:25:28:365 Total 0 instances are started
07/10 15:25:28:379 queue-not-found
Context: queue/otprequest : queue/otprequest
07/10 15:25:28:377 Total 1 instances are added
07/10 15:25:28:501 queue-not-found
Context: queue/otprequest : queue/otprequest
07/10 15:25:28:497 Total 0 instances are started
07/10 15:25:28:507 Total 1 instances are added
07/10 15:25:28:630 queue-not-found
Context: queue/otprequest : queue/otprequest
07/10 15:25:28:626 Total 0 instances are started
07/10 15:25:28:636 Total 1 instances are added
07/10 15:25:28:760 queue-not-found
Context: queue/otprequest : queue/otprequest
07/10 15:25:28:755 Total 0 instances are started
07/10 15:25:28:765 Total 1 instances are added
07/10 15:25:28:888 queue-not-found
Context: queue/otprequest : queue/otprequest
07/10 15:25:28:884 Total 0 instances are started
07/10 15:25:28:894 Total 1 instances are added
07/10 15:25:29:018 queue-not-found
Context: queue/otprequest : queue/otprequest
07/10 15:25:29:014 Total 0 instances are started
07/10 15:25:29:025 Total 1 instances are added
07/10 15:25:29:151 queue-not-found
Context: queue/otprequest : queue/otprequest
07/10 15:25:29:145 Total 0 instances are started
07/10 15:25:29:163 Total 1 instances are added
07/10 15:25:29:294 queue-not-found
Context: queue/otprequest : queue/otprequest
07/10 15:25:29:289 Total 0 instances are started
07/10 15:25:29:301 Total 1 instances are added
07/10 15:25:29:428 queue-not-found
Context: queue/otprequest : queue/otprequest
07/10 15:25:29:423 Total 0 instances are started
07/10 15:25:29:450 Total 1 instances are added
07/10 15:25:29:576 queue-not-found
Context: queue/otprequest : queue/otprequest
07/10 15:25:29:571 Total 0 instances are started
07/10 15:25:29:582 Total 1 instances are added
07/10 15:25:29:708 queue-not-found
Context: queue/otprequest : queue/otprequest
07/10 15:25:29:703 Total 0 instances are started
07/10 15:25:29:715 Total 1 instances are added
07/10 15:25:29:843 queue-not-found
Context: queue/otprequest : queue/otprequest
07/10 15:25:29:837 Total 0 instances are started
07/10 15:25:29:854 Total 1 instances are added
07/10 15:25:29:988 queue-not-found
Context: queue/otprequest : queue/otprequest
07/10 15:25:29:980 Total 0 instances are started
07/10 15:25:29:997 Total 1 instances are added
07/10 15:25:30:128 queue-not-found
Context: queue/otprequest : queue/otprequest
07/10 15:25:30:123 Total 0 instances are started
07/10 15:25:30:139 Total 1 instances are added
07/10 15:25:30:270 queue-not-found
Context: queue/otprequest : queue/otprequest
07/10 15:25:30:266 Total 0 instances are started
07/10 15:25:30:277 Total 1 instances are added
07/10 15:25:30:402 queue-not-found
Context: queue/otprequest : queue/otprequest
07/10 15:25:30:398 Total 0 instances are started
07/10 15:25:30:409 Total 1 instances are added
07/10 15:25:30:534 queue-not-found
Context: queue/otprequest : queue/otprequest
07/10 15:25:30:529 Total 0 instances are started
07/10 15:25:30:546 Total 1 instances are added
07/10 15:25:30:677 queue-not-found
Context: queue/otprequest : queue/otprequest
07/10 15:25:30:672 Total 0 instances are started
07/10 15:25:30:688 Total 1 instances are added
07/10 15:25:30:824 queue-not-found
Context: queue/otprequest : queue/otprequest
07/10 15:25:30:816 Total 0 instances are started
07/10 15:25:30:835 Total 1 instances are added
07/10 15:25:30:959 queue-not-found
Context: queue/otprequest : queue/otprequest
07/10 15:25:30:955 Total 0 instances are started
07/10 15:25:30:965 Total 1 instances are added
07/10 15:25:31:090 queue-not-found
Context: queue/otprequest : queue/otprequest
07/10 15:25:31:084 Total 0 instances are started
07/10 15:25:31:098 Total 1 instances are added
07/10 15:25:31:223 queue-not-found
Context: queue/otprequest : queue/otprequest
07/10 15:25:31:219 Total 0 instances are started
07/10 15:25:31:233 Total 1 instances are added
07/10 15:25:31:366 queue-not-found
Context: queue/otprequest : queue/otprequest
07/10 15:25:31:360 Total 0 instances are started
07/10 15:25:31:377 Total 1 instances are added
07/10 15:25:31:509 queue-not-found
Context: queue/otprequest : queue/otprequest
07/10 15:25:31:503 Total 0 instances are started
07/10 15:25:31:520 Total 1 instances are added
07/10 15:25:31:652 queue-not-found
Context: queue/otprequest : queue/otprequest
07/10 15:25:31:646 Total 0 instances are started
07/10 15:25:31:664 Total 1 instances are added
07/10 15:25:31:795 queue-not-found
Context: queue/otprequest : queue/otprequest
07/10 15:25:31:790 Total 0 instances are started
07/10 15:25:31:802 Total 1 instances are added
07/10 15:25:31:934 queue-not-found
Context: queue/otprequest : queue/otprequest
07/10 15:25:31:924 Total 0 instances are started
07/10 15:25:31:941 Total 1 instances are added
07/10 15:25:32:065 queue-not-found
Context: queue/otprequest : queue/otprequest
07/10 15:25:32:061 Total 0 instances are started
07/10 15:25:32:072 Total 1 instances are added
07/10 15:25:32:197 queue-not-found
Context: queue/otprequest : queue/otprequest
07/10 15:25:32:191 Total 0 instances are started
07/10 15:25:32:209 Total 1 instances are added
07/10 15:25:32:341 queue-not-found
Context: queue/otprequest : queue/otprequest
07/10 15:25:32:335 Total 0 instances are started
07/10 15:25:32:353 Total 1 instances are added
07/10 15:25:32:485 queue-not-found
Context: queue/otprequest : queue/otprequest
07/10 15:25:32:479 Total 0 instances are started
07/10 15:25:32:493 Total 1 instances are added
07/10 15:25:32:619 queue-not-found
Context: queue/otprequest : queue/otprequest
07/10 15:25:32:615 Total 0 instances are started
07/10 15:25:32:627 Total 1 instances are added
07/10 15:25:32:752 queue-not-found
Context: queue/otprequest : queue/otprequest
07/10 15:25:32:748 Total 0 instances are started
07/10 15:25:32:759 Total 1 instances are added
07/10 15:25:32:886 queue-not-found
Context: queue/otprequest : queue/otprequest
07/10 15:25:32:883 Total 0 instances are started
07/10 15:25:32:891 Total 1 instances are added
07/10 15:25:33:017 queue-not-found
Context: queue/otprequest : queue/otprequest
07/10 15:25:33:012 Total 0 instances are started
07/10 15:25:33:024 Total 1 instances are added
07/10 15:25:33:147 queue-not-found
Context: queue/otprequest : queue/otprequest
07/10 15:25:33:143 Total 0 instances are started
07/10 15:25:33:153 Total 1 instances are added
07/10 15:25:33:278 queue-not-found
Context: queue/otprequest : queue/otprequest
07/10 15:25:33:272 Total 0 instances are started
07/10 15:25:33:282 Total 1 instances are added
07/10 15:25:33:405 queue-not-found
Context: queue/otprequest : queue/otprequest
07/10 15:25:33:401 Total 0 instances are started
07/10 15:25:33:411 Total 1 instances are added
07/10 15:25:33:536 queue-not-found
Context: queue/otprequest : queue/otprequest
07/10 15:25:33:532 Total 0 instances are started
07/10 15:25:33:542 Total 1 instances are added
07/10 15:25:33:668 queue-not-found
Context: queue/otprequest : queue/otprequest
07/10 15:25:33:661 Total 0 instances are started
07/10 15:25:33:679 Total 1 instances are added
07/10 15:25:33:809 queue-not-found
Context: queue/otprequest : queue/otprequest
07/10 15:25:33:802 Total 0 instances are started
07/10 15:25:33:821 Total 1 instances are added
07/10 15:25:33:950 queue-not-found
Context: queue/otprequest : queue/otprequest
07/10 15:25:33:946 Total 0 instances are started
07/10 15:25:33:957 Total 1 instances are added
07/10 15:25:34:086 queue-not-found
Context: queue/otprequest : queue/otprequest
07/10 15:25:34:079 Total 0 instances are started
07/10 15:25:34:099 Total 1 instances are added
07/10 15:25:34:226 queue-not-found
Context: queue/otprequest : queue/otprequest
07/10 15:25:34:221 Total 0 instances are started
07/10 15:25:34:237 Total 1 instances are added
07/10 15:25:34:367 queue-not-found
Context: queue/otprequest : queue/otprequest
07/10 15:25:34:362 Total 0 instances are started
07/10 15:25:34:378 Total 1 instances are added
07/10 15:25:34:510 queue-not-found
Context: queue/otprequest : queue/otprequest
07/10 15:25:34:504 Total 0 instances are started
07/10 15:25:34:517 Total 1 instances are added
07/10 15:25:34:642 queue-not-found
Context: queue/otprequest : queue/otprequest
07/10 15:25:34:638 Total 0 instances are started
07/10 15:25:34:650 Total 1 instances are added
07/10 15:25:34:774 queue-not-found
Context: queue/otprequest : queue/otprequest
07/10 15:25:34:770 Total 0 instances are started
07/10 15:25:34:781 Total 1 instances are added
07/10 15:25:34:905 queue-not-found
Context: queue/otprequest : queue/otprequest
07/10 15:25:34:901 Total 0 instances are started
07/10 15:25:34:911 Total 1 instances are added
07/10 15:25:35:034 queue-not-found
Context: queue/otprequest : queue/otprequest
07/10 15:25:35:030 Total 0 instances are started
07/10 15:25:35:040 Total 1 instances are added
07/10 15:25:35:163 queue-not-found
Context: queue/otprequest : queue/otprequest
07/10 15:25:35:159 Total 0 instances are started
07/10 15:25:35:169 Total 1 instances are added
07/10 15:25:35:293 queue-not-found
Context: queue/otprequest : queue/otprequest
07/10 15:25:35:287 Total 0 instances are started
07/10 15:25:35:304 Total 1 instances are added
07/10 15:25:35:435 queue-not-found
Context: queue/otprequest : queue/otprequest
07/10 15:25:35:430 Total 0 instances are started
07/10 15:25:35:447 Total 1 instances are added
07/10 15:25:35:578 queue-not-found
Context: queue/otprequest : queue/otprequest
07/10 15:25:35:571 Total 0 instances are started
07/10 15:25:35:589 Total 1 instances are added
07/10 15:25:35:719 queue-not-found
Context: queue/otprequest : queue/otprequest
07/10 15:25:35:714 Total 0 instances are started
07/10 15:25:35:726 Total 1 instances are added
07/10 15:25:35:850 queue-not-found
Context: queue/otprequest : queue/otprequest
07/10 15:25:35:846 Total 0 instances are started
07/10 15:25:35:857 Total 1 instances are added
07/10 15:25:35:982 queue-not-found
Context: queue/otprequest : queue/otprequest
07/10 15:25:35:976 Total 0 instances are started
07/10 15:25:35:989 Total 1 instances are added
07/10 15:25:36:117 queue-not-found
Context: queue/otprequest : queue/otprequest
07/10 15:25:36:112 Total 0 instances are started
07/10 15:25:36:125 Total 1 instances are added
07/10 15:25:36:259 queue-not-found
Context: queue/otprequest : queue/otprequest
07/10 15:25:36:247 Total 0 instances are started
07/10 15:25:36:267 Total 1 instances are added
07/10 15:25:36:399 queue-not-found
Context: queue/otprequest : queue/otprequest
07/10 15:25:36:393 Total 0 instances are started
07/10 15:25:36:411 Total 1 instances are added
07/10 15:25:36:541 queue-not-found
Context: queue/otprequest : queue/otprequest
07/10 15:25:36:535 Total 0 instances are started
07/10 15:25:36:551 Total 1 instances are added
07/10 15:25:36:680 queue-not-found
Context: queue/otprequest : queue/otprequest
07/10 15:25:36:676 Total 0 instances are started
07/10 15:25:36:687 Total 1 instances are added
07/10 15:25:36:818 queue-not-found
Context: queue/otprequest : queue/otprequest
07/10 15:25:36:814 Total 0 instances are started
07/10 15:25:36:825 Total 1 instances are added
07/10 15:25:36:950 queue-not-found
Context: queue/otprequest : queue/otprequest
07/10 15:25:36:946 Total 0 instances are started
07/10 15:25:36:957 Total 1 instances are added
07/10 15:25:37:081 queue-not-found
Context: queue/otprequest : queue/otprequest
07/10 15:25:37:077 Total 0 instances are started
07/10 15:25:37:087 Total 1 instances are added
07/10 15:25:37:211 queue-not-found
Context: queue/otprequest : queue/otprequest
07/10 15:25:37:207 Total 0 instances are started
07/10 15:25:37:218 Total 1 instances are added
07/10 15:25:37:343 queue-not-found
Context: queue/otprequest : queue/otprequest
07/10 15:25:37:340 Total 0 instances are started
07/10 15:25:37:351 Total 1 instances are added
07/10 15:25:37:475 queue-not-found
Context: queue/otprequest : queue/otprequest
07/10 15:25:37:471 Total 0 instances are started
07/10 15:25:37:483 Total 1 instances are added
07/10 15:25:37:607 queue-not-found
Context: queue/otprequest : queue/otprequest
07/10 15:25:37:603 Total 0 instances are started
07/10 15:25:37:614 Total 1 instances are added
07/10 15:25:37:738 queue-not-found
Context: queue/otprequest : queue/otprequest
07/10 15:25:37:734 Total 0 instances are started
07/10 15:25:37:745 Total 1 instances are added
07/10 15:25:37:869 queue-not-found
Context: queue/otprequest : queue/otprequest
07/10 15:25:37:865 Total 0 instances are started
07/10 15:25:37:875 Total 1 instances are added
07/10 15:25:37:998 queue-not-found
Context: queue/otprequest : queue/otprequest
07/10 15:25:37:994 Total 0 instances are started
07/10 15:25:38:004 Total 1 instances are added
07/10 15:25:38:130 queue-not-found
Context: queue/otprequest : queue/otprequest
07/10 15:25:38:124 Total 0 instances are started
07/10 15:25:38:142 Total 1 instances are added
07/10 15:25:38:272 queue-not-found
Context: queue/otprequest : queue/otprequest
07/10 15:25:38:266 Total 0 instances are started
07/10 15:25:38:283 Total 1 instances are added
07/10 15:25:38:414 queue-not-found
Context: queue/otprequest : queue/otprequest
07/10 15:25:38:408 Total 0 instances are started
07/10 15:25:38:425 Total 1 instances are added
07/10 15:25:38:556 queue-not-found
Context: queue/otprequest : queue/otprequest
07/10 15:25:38:551 Total 0 instances are started
07/10 15:25:38:567 Total 1 instances are added
07/10 15:25:38:700 queue-not-found
Context: queue/otprequest : queue/otprequest
07/10 15:25:38:693 Total 0 instances are started
07/10 15:25:38:713 Total 1 instances are added
07/10 15:25:38:847 queue-not-found
Context: queue/otprequest : queue/otprequest
07/10 15:25:38:842 Total 0 instances are started
07/10 15:25:38:854 Total 1 instances are added
07/10 15:25:38:979 queue-not-found
Context: queue/otprequest : queue/otprequest
07/10 15:25:38:974 Total 0 instances are started
07/10 15:25:38:986 Total 1 instances are added
07/10 15:25:39:110 queue-not-found
Context: queue/otprequest : queue/otprequest
07/10 15:25:39:106 Total 0 instances are started
07/10 15:25:39:117 Total 1 instances are added
07/10 15:25:39:243 queue-not-found
Context: queue/otprequest : queue/otprequest
07/10 15:25:39:236 Total 0 instances are started
07/10 15:25:39:246 Total 1 instances are added
07/10 15:25:39:369 queue-not-found
Context: queue/otprequest : queue/otprequest
07/10 15:25:39:365 Total 0 instances are started
07/10 15:25:39:376 Total 1 instances are added
07/10 15:25:39:500 queue-not-found
Context: queue/otprequest : queue/otprequest
07/10 15:25:39:496 Total 0 instances are started
07/10 15:25:39:505 Total 1 instances are added
07/10 15:25:39:630 queue-not-found
Context: queue/otprequest : queue/otprequest
07/10 15:25:39:625 Total 0 instances are started
07/10 15:25:39:642 Total 1 instances are added
07/10 15:25:39:774 queue-not-found
Context: queue/otprequest : queue/otprequest
07/10 15:25:39:767 Total 0 instances are started
07/10 15:25:39:782 Total 1 instances are added
07/10 15:25:39:907 queue-not-found
Context: queue/otprequest : queue/otprequest
07/10 15:25:39:902 Total 0 instances are started
07/10 15:25:39:913 Total 1 instances are added
07/10 15:25:40:037 queue-not-found
Context: queue/otprequest : queue/otprequest
07/10 15:25:40:033 Total 0 instances are started
07/10 15:25:40:043 Total 1 instances are added
07/10 15:25:40:166 queue-not-found
Context: queue/otprequest : queue/otprequest
07/10 15:25:40:162 Total 0 instances are started
07/10 15:25:40:172 Total 1 instances are added
07/10 15:25:40:295 queue-not-found
Context: queue/otprequest : queue/otprequest
07/10 15:25:40:291 Total 0 instances are started
07/10 15:25:40:301 Total 1 instances are added
07/10 15:25:40:425 queue-not-found
Context: queue/otprequest : queue/otprequest
07/10 15:25:40:421 Total 0 instances are started
07/10 15:25:40:431 Total 1 instances are added
07/10 15:25:40:557 queue-not-found
Context: queue/otprequest : queue/otprequest
07/10 15:25:40:552 Total 0 instances are started
07/10 15:25:40:563 Total 1 instances are added
07/10 15:25:40:686 queue-not-found
Context: queue/otprequest : queue/otprequest
07/10 15:25:40:683 Total 0 instances are started
07/10 15:25:40:692 Total 1 instances are added
07/10 15:25:40:816 queue-not-found
Context: queue/otprequest : queue/otprequest
07/10 15:25:40:812 Total 0 instances are started
07/10 15:25:40:822 Total 1 instances are added
07/10 15:25:40:947 queue-not-found
Context: queue/otprequest : queue/otprequest
07/10 15:25:40:943 Total 0 instances are started
07/10 15:25:40:953 Total 1 instances are added
07/10 15:25:41:077 queue-not-found
Context: queue/otprequest : queue/otprequest
07/10 15:25:41:072 Total 0 instances are started
07/10 15:25:41:088 Total 1 instances are added
07/10 15:25:41:221 queue-not-found
Context: queue/otprequest : queue/otprequest
07/10 15:25:41:215 Total 0 instances are started
07/10 15:25:41:232 Total 1 instances are added
07/10 15:25:41:363 queue-not-found
Context: queue/otprequest : queue/otprequest
07/10 15:25:41:357 Total 0 instances are started
07/10 15:25:41:374 Total 1 instances are added
07/10 15:25:41:505 queue-not-found
Context: queue/otprequest : queue/otprequest
07/10 15:25:41:501 Total 0 instances are started
07/10 15:25:41:512 Total 1 instances are added
07/10 15:25:41:639 queue-not-found
Context: queue/otprequest : queue/otprequest
07/10 15:25:41:633 Total 0 instances are started
07/10 15:25:41:650 Total 1 instances are added
07/10 15:25:41:821 queue-not-found
Context: queue/otprequest : queue/otprequest
07/10 15:25:41:815 Total 0 instances are started
07/10 15:25:41:832 Total 1 instances are added
07/10 15:25:41:964 queue-not-found
Context: queue/otprequest : queue/otprequest
07/10 15:25:41:960 Total 0 instances are started
07/10 15:25:41:970 Total 1 instances are added
07/10 15:25:42:095 queue-not-found
Context: queue/otprequest : queue/otprequest
07/10 15:25:42:089 Total 0 instances are started
07/10 15:25:42:106 Total 1 instances are added
07/10 15:25:42:238 queue-not-found
Context: queue/otprequest : queue/otprequest
07/10 15:25:42:234 Total 0 instances are started
07/10 15:25:42:245 Total 1 instances are added
07/10 15:25:42:370 queue-not-found
Context: queue/otprequest : queue/otprequest
07/10 15:25:42:365 Total 0 instances are started
07/10 15:25:42:382 Total 1 instances are added
07/10 15:25:42:518 queue-not-found
Context: queue/otprequest : queue/otprequest
07/10 15:25:42:510 Total 0 instances are started
07/10 15:25:42:536 Total 1 instances are added
07/10 15:25:42:668 queue-not-found
Context: queue/otprequest : queue/otprequest
07/10 15:25:42:663 Total 0 instances are started
07/10 15:25:42:674 Total 1 instances are added
07/10 15:25:42:798 queue-not-found
Context: queue/otprequest : queue/otprequest
07/10 15:25:42:794 Total 0 instances are started
07/10 15:25:42:805 Total 1 instances are added
07/10 15:25:42:931 queue-not-found
Context: queue/otprequest : queue/otprequest
07/10 15:25:42:927 Total 0 instances are started
07/10 15:25:42:939 Total 1 instances are added
07/10 15:25:43:063 queue-not-found
Context: queue/otprequest : queue/otprequest
07/10 15:25:43:060 Total 0 instances are started
07/10 15:25:43:072 Total 1 instances are added
07/10 15:25:43:197 queue-not-found
Context: queue/otprequest : queue/otprequest
07/10 15:25:43:192 Total 0 instances are started
07/10 15:25:43:202 Total 1 instances are added
07/10 15:25:43:325 queue-not-found
Context: queue/otprequest : queue/otprequest
07/10 15:25:43:321 Total 0 instances are started
07/10 15:25:43:330 Total 1 instances are added
07/10 15:25:43:455 queue-not-found
Context: queue/otprequest : queue/otprequest
07/10 15:25:43:449 Total 0 instances are started
07/10 15:25:43:466 Total 1 instances are added
07/10 15:25:43:599 queue-not-found
Context: queue/otprequest : queue/otprequest
07/10 15:25:43:593 Total 0 instances are started
07/10 15:25:43:612 Total 1 instances are added
07/10 15:25:43:738 queue-not-found
Context: queue/otprequest : queue/otprequest
07/10 15:25:43:733 Total 0 instances are started
07/10 15:25:43:777 Total 1 instances are added
07/10 15:25:43:909 queue-not-found
Context: queue/otprequest : queue/otprequest
07/10 15:25:43:903 Total 0 instances are started
07/10 15:25:43:917 Total 1 instances are added
07/10 15:25:44:046 queue-not-found
Context: queue/otprequest : queue/otprequest
07/10 15:25:44:040 Total 0 instances are started
07/10 15:25:44:057 Total 1 instances are added
07/10 15:25:44:183 queue-not-found
Context: queue/otprequest : queue/otprequest
07/10 15:25:44:179 Total 0 instances are started
07/10 15:25:44:189 Total 1 instances are added
07/10 16:07:20:086 OTP Request started
07/10 16:07:20:166 Value of 'userName' can not be null
Context: ManageableThread.loadMandatory
Additional info: userName : ManageableThread.loadMandatory
07/10 16:07:23:010 Error occured: Value of 'userName' can not be null
Context: ManageableThread.loadMandatory
Additional info: userName
07/10 16:07:33:028 Value of 'userName' can not be null
Context: ManageableThread.loadMandatory
Additional info: userName : ManageableThread.loadMandatory
07/10 16:07:34:024 Error occured: Value of 'userName' can not be null
Context: ManageableThread.loadMandatory
Additional info: userName
07/10 16:07:44:042 Value of 'userName' can not be null
Context: ManageableThread.loadMandatory
Additional info: userName : ManageableThread.loadMandatory
07/10 16:07:45:531 Error occured: Value of 'userName' can not be null
Context: ManageableThread.loadMandatory
Additional info: userName
07/10 16:07:55:549 Value of 'userName' can not be null
Context: ManageableThread.loadMandatory
Additional info: userName : ManageableThread.loadMandatory
07/10 16:07:56:599 Error occured: Value of 'userName' can not be null
Context: ManageableThread.loadMandatory
Additional info: userName
07/10 16:08:04:886 Value of 'userName' can not be null
Context: ManageableThread.loadMandatory
Additional info: userName : ManageableThread.loadMandatory
07/10 16:08:06:617 Value of 'userName' can not be null
Context: ManageableThread.loadMandatory
Additional info: userName : ManageableThread.loadMandatory
07/10 16:08:07:965 Error occured: Value of 'userName' can not be null
Context: ManageableThread.loadMandatory
Additional info: userName
07/10 16:08:16:984 OTP Request stopped
07/10 16:08:19:163 OTP Request started
07/10 16:08:22:955 Testing connection ...
07/10 16:08:22:974 Created provisioning instance for VMSSDP
07/10 16:08:22:984 Testing connection are success
07/10 16:08:22:994 Starting process session
07/10 16:08:23:107 Total 0 instances are started
07/10 16:08:23:122 Total 1 instances are added
07/10 16:08:28:257 Sub Request started
07/10 16:08:28:304 Value of 'userName' can not be null
Context: ManageableThread.loadMandatory
Additional info: userName : ManageableThread.loadMandatory
07/10 16:08:31:542 Error occured: Value of 'userName' can not be null
Context: ManageableThread.loadMandatory
Additional info: userName
07/10 16:08:41:723 Testing connection ...
07/10 16:08:41:740 Created provisioning instance for VMSSDP
07/10 16:08:41:756 Testing connection are success
07/10 16:08:41:767 Starting process session
07/10 16:08:41:887 Total 0 instances are started
07/10 16:08:41:896 Total 1 instances are added
07/10 16:09:00:289 Close pool
07/10 16:09:00:406 Close queue connection pool.
07/10 16:09:00:422 End of process session
07/10 16:09:00:439 Sub Request stopped
07/10 16:09:02:313 Sub Request started
07/10 16:09:02:523 Close pool
07/10 16:09:02:533 Close pool
07/10 16:09:02:544 Testing connection ...
07/10 16:09:02:554 Created provisioning instance for VMSSDP
07/10 16:09:02:564 Testing connection are success
07/10 16:09:02:575 Starting process session
07/10 16:09:02:686 Total 0 instances are started
07/10 16:09:02:703 Total 1 instances are added
07/10 16:09:07:327 Close pool
07/10 16:09:07:443 Close queue connection pool.
07/10 16:09:07:459 End of process session
07/10 16:09:07:477 Sub Request stopped
07/10 16:10:11:032 OTP Request started
07/10 16:10:16:187 Testing connection ...
07/10 16:10:16:201 Created provisioning instance for VMSSDP
07/10 16:10:16:213 Testing connection are success
07/10 16:10:16:223 Starting process session
07/10 16:10:16:338 Total 0 instances are started
07/10 16:10:16:348 Total 1 instances are added
07/10 16:10:19:106 Sub Request started
07/10 16:10:20:352 Testing connection ...
07/10 16:10:20:364 Created provisioning instance for VMSSDP
07/10 16:10:20:375 Testing connection are success
07/10 16:10:20:387 Starting process session
07/10 16:10:20:577 Total 0 instances are started
07/10 16:10:20:589 Total 1 instances are added
07/10 16:10:38:131 Close pool
07/10 16:10:38:251 Close queue connection pool.
07/10 16:10:38:268 End of process session
07/10 16:10:38:283 Sub Request stopped
07/10 16:10:40:146 Sub Request started
07/10 16:10:40:362 Close pool
07/10 16:10:40:374 Close pool
07/10 16:10:40:383 Testing connection ...
07/10 16:10:40:392 Created provisioning instance for VMSSDP
07/10 16:10:40:402 Testing connection are success
07/10 16:10:40:411 Starting process session
07/10 16:10:40:520 Total 0 instances are started
07/10 16:10:40:530 Total 1 instances are added
07/10 16:31:28:873 OTP Request started
07/10 16:31:32:426 Testing connection ...
07/10 16:31:32:445 Created provisioning instance for VMSSDP
07/10 16:31:32:456 Testing connection are success
07/10 16:31:32:465 Starting process session
07/10 16:31:32:580 Total 0 instances are started
07/10 16:31:32:591 Total 1 instances are added
07/10 16:31:39:914 Sub Request started
07/10 16:31:40:120 Testing connection ...
07/10 16:31:40:139 Created provisioning instance for VMSSDP
07/10 16:31:40:149 Testing connection are success
07/10 16:31:40:160 Starting process session
07/10 16:31:40:270 Total 0 instances are started
07/10 16:31:40:280 Total 1 instances are added
07/10 17:13:46:048 OTP Request started
07/10 17:13:46:300 Testing connection ...
07/10 17:13:46:334 Created provisioning instance for VMSSDP
07/10 17:13:46:350 Testing connection are success
07/10 17:13:46:362 Starting process session
07/10 17:13:46:474 Total 0 instances are started
07/10 17:13:46:492 Total 1 instances are added
07/10 17:13:50:055 Close pool
07/10 17:13:50:170 Close queue connection pool.
07/10 17:13:50:188 End of process session
07/10 17:13:50:205 OTP Request stopped
07/10 17:13:52:079 OTP Request started
07/10 17:13:53:890 Close pool
07/10 17:13:53:906 Close pool
07/10 17:13:53:925 Testing connection ...
07/10 17:13:53:939 Created provisioning instance for VMSSDP
07/10 17:13:53:949 Testing connection are success
07/10 17:13:53:960 Starting process session
07/10 17:13:54:070 Total 0 instances are started
07/10 17:13:54:088 Total 1 instances are added
07/10 17:13:55:095 Sub Request started
07/10 17:13:55:299 Testing connection ...
07/10 17:13:55:309 Created provisioning instance for VMSSDP
07/10 17:13:55:318 Testing connection are success
07/10 17:13:55:328 Starting process session
07/10 17:13:55:438 Total 0 instances are started
07/10 17:13:55:448 Total 1 instances are added
