09/10 01:13:52:570 OTP Request started
09/10 01:13:53:569 Sub Request started
09/10 01:13:55:724 Testing connection ...
09/10 01:13:55:744 Created provisioning instance for VMSSDP
09/10 01:13:55:725 Testing connection ...
09/10 01:13:55:748 Created provisioning instance for VMSSDP
09/10 01:13:55:762 Testing connection are success
09/10 01:13:55:755 Testing connection are success
09/10 01:13:55:764 Starting process session
09/10 01:13:55:775 Starting process session
09/10 01:13:55:887 Total 0 instances are started
09/10 01:13:55:887 Total 0 instances are started
09/10 01:13:55:896 Total 1 instances are added
09/10 01:13:55:903 Total 1 instances are added
09/10 16:27:28:396 Sub Request started
09/10 16:27:29:444 OTP Request started
09/10 16:28:09:690 Error occured: Connections could not be acquired from the underlying database!
09/10 16:28:10:414 Error occured: Connections could not be acquired from the underlying database!
09/10 16:28:19:875 Testing connection ...
09/10 16:28:19:887 Created provisioning instance for VMSSDP
09/10 16:28:19:896 Testing connection are success
09/10 16:28:19:905 Starting process session
09/10 16:28:20:596 Testing connection ...
09/10 16:28:20:607 Created provisioning instance for VMSSDP
09/10 16:28:20:616 Testing connection are success
09/10 16:28:20:627 Starting process session
09/10 16:28:20:738 Total 0 instances are started
09/10 16:28:20:748 Total 1 instances are added
09/10 16:28:29:776 Total 0 instances are started
09/10 16:28:29:792 Total 1 instances are added
