28/05 09:45:58:321 OTP Request started
28/05 09:46:04:738 Testing connection ...
28/05 09:46:04:806 Testing connection are success
28/05 09:46:04:820 Starting process session
28/05 09:48:42:066 queue-not-found
Context: test/OTPRequest : test/OTPRequest
28/05 09:48:42:191 queue-not-found
Context: test/OTPRequest : test/OTPRequest
28/05 09:48:42:306 queue-not-found
Context: test/OTPRequest : test/OTPRequest
28/05 09:48:42:441 queue-not-found
Context: test/OTPRequest : test/OTPRequest
28/05 09:48:42:577 queue-not-found
Context: test/OTPRequest : test/OTPRequest
28/05 09:48:42:674 queue-not-found
Context: test/OTPRequest : test/OTPRequest
28/05 09:48:42:892 queue-not-found
Context: test/OTPRequest : test/OTPRequest
28/05 09:48:43:037 queue-not-found
Context: test/OTPRequest : test/OTPRequest
28/05 09:48:43:164 queue-not-found
Context: test/OTPRequest : test/OTPRequest
28/05 09:48:43:291 queue-not-found
Context: test/OTPRequest : test/OTPRequest
28/05 09:48:43:420 queue-not-found
Context: test/OTPRequest : test/OTPRequest
28/05 09:48:43:553 queue-not-found
Context: test/OTPRequest : test/OTPRequest
28/05 09:48:43:675 queue-not-found
Context: test/OTPRequest : test/OTPRequest
28/05 09:48:43:809 queue-not-found
Context: test/OTPRequest : test/OTPRequest
28/05 09:48:43:940 queue-not-found
Context: test/OTPRequest : test/OTPRequest
28/05 09:48:44:078 queue-not-found
Context: test/OTPRequest : test/OTPRequest
28/05 09:48:44:202 queue-not-found
Context: test/OTPRequest : test/OTPRequest
28/05 09:48:44:420 queue-not-found
Context: test/OTPRequest : test/OTPRequest
28/05 09:48:44:490 queue-not-found
Context: test/OTPRequest : test/OTPRequest
28/05 09:48:44:622 queue-not-found
Context: test/OTPRequest : test/OTPRequest
28/05 09:48:44:744 queue-not-found
Context: test/OTPRequest : test/OTPRequest
28/05 09:48:44:884 queue-not-found
Context: test/OTPRequest : test/OTPRequest
28/05 09:48:45:014 queue-not-found
Context: test/OTPRequest : test/OTPRequest
28/05 09:48:45:134 queue-not-found
Context: test/OTPRequest : test/OTPRequest
28/05 09:48:45:259 queue-not-found
Context: test/OTPRequest : test/OTPRequest
28/05 09:48:45:391 queue-not-found
Context: test/OTPRequest : test/OTPRequest
28/05 09:48:45:518 queue-not-found
Context: test/OTPRequest : test/OTPRequest
28/05 09:48:45:643 queue-not-found
Context: test/OTPRequest : test/OTPRequest
28/05 09:48:45:776 queue-not-found
Context: test/OTPRequest : test/OTPRequest
28/05 09:48:45:893 queue-not-found
Context: test/OTPRequest : test/OTPRequest
28/05 09:48:46:016 queue-not-found
Context: test/OTPRequest : test/OTPRequest
28/05 09:48:46:143 queue-not-found
Context: test/OTPRequest : test/OTPRequest
28/05 09:48:46:314 queue-not-found
Context: test/OTPRequest : test/OTPRequest
28/05 09:48:46:482 queue-not-found
Context: test/OTPRequest : test/OTPRequest
28/05 09:48:46:594 queue-not-found
Context: test/OTPRequest : test/OTPRequest
28/05 09:48:46:722 queue-not-found
Context: test/OTPRequest : test/OTPRequest
28/05 09:48:46:869 queue-not-found
Context: test/OTPRequest : test/OTPRequest
28/05 09:48:47:001 queue-not-found
Context: test/OTPRequest : test/OTPRequest
28/05 09:48:47:154 queue-not-found
Context: test/OTPRequest : test/OTPRequest
28/05 09:48:47:285 queue-not-found
Context: test/OTPRequest : test/OTPRequest
28/05 09:48:47:466 queue-not-found
Context: test/OTPRequest : test/OTPRequest
28/05 09:48:47:644 queue-not-found
Context: test/OTPRequest : test/OTPRequest
28/05 09:48:47:811 queue-not-found
Context: test/OTPRequest : test/OTPRequest
28/05 09:48:47:939 queue-not-found
Context: test/OTPRequest : test/OTPRequest
28/05 09:48:48:059 queue-not-found
Context: test/OTPRequest : test/OTPRequest
28/05 09:48:48:180 queue-not-found
Context: test/OTPRequest : test/OTPRequest
28/05 09:48:48:299 queue-not-found
Context: test/OTPRequest : test/OTPRequest
28/05 09:48:48:431 queue-not-found
Context: test/OTPRequest : test/OTPRequest
28/05 09:48:48:565 queue-not-found
Context: test/OTPRequest : test/OTPRequest
28/05 09:48:48:702 queue-not-found
Context: test/OTPRequest : test/OTPRequest
28/05 09:48:48:837 queue-not-found
Context: test/OTPRequest : test/OTPRequest
28/05 09:48:48:960 queue-not-found
Context: test/OTPRequest : test/OTPRequest
28/05 09:48:49:105 queue-not-found
Context: test/OTPRequest : test/OTPRequest
28/05 09:48:49:270 queue-not-found
Context: test/OTPRequest : test/OTPRequest
28/05 09:48:49:421 queue-not-found
Context: test/OTPRequest : test/OTPRequest
28/05 09:48:49:553 queue-not-found
Context: test/OTPRequest : test/OTPRequest
28/05 09:48:49:703 queue-not-found
Context: test/OTPRequest : test/OTPRequest
28/05 09:48:49:869 queue-not-found
Context: test/OTPRequest : test/OTPRequest
28/05 09:48:50:005 queue-not-found
Context: test/OTPRequest : test/OTPRequest
28/05 09:48:50:162 queue-not-found
Context: test/OTPRequest : test/OTPRequest
28/05 09:48:50:356 queue-not-found
Context: test/OTPRequest : test/OTPRequest
28/05 09:48:50:477 queue-not-found
Context: test/OTPRequest : test/OTPRequest
28/05 09:48:50:597 queue-not-found
Context: test/OTPRequest : test/OTPRequest
28/05 09:48:50:716 queue-not-found
Context: test/OTPRequest : test/OTPRequest
28/05 09:48:50:844 queue-not-found
Context: test/OTPRequest : test/OTPRequest
28/05 09:48:50:988 queue-not-found
Context: test/OTPRequest : test/OTPRequest
28/05 09:48:51:115 queue-not-found
Context: test/OTPRequest : test/OTPRequest
28/05 09:48:51:237 queue-not-found
Context: test/OTPRequest : test/OTPRequest
28/05 09:48:51:374 queue-not-found
Context: test/OTPRequest : test/OTPRequest
28/05 09:48:51:497 queue-not-found
Context: test/OTPRequest : test/OTPRequest
28/05 09:48:51:625 queue-not-found
Context: test/OTPRequest : test/OTPRequest
28/05 09:48:51:777 queue-not-found
Context: test/OTPRequest : test/OTPRequest
28/05 09:48:51:878 queue-not-found
Context: test/OTPRequest : test/OTPRequest
28/05 09:48:52:043 queue-not-found
Context: test/OTPRequest : test/OTPRequest
28/05 09:48:52:176 queue-not-found
Context: test/OTPRequest : test/OTPRequest
28/05 09:48:52:302 queue-not-found
Context: test/OTPRequest : test/OTPRequest
28/05 09:48:52:423 queue-not-found
Context: test/OTPRequest : test/OTPRequest
28/05 09:48:52:545 queue-not-found
Context: test/OTPRequest : test/OTPRequest
28/05 09:48:52:663 queue-not-found
Context: test/OTPRequest : test/OTPRequest
28/05 09:48:52:786 queue-not-found
Context: test/OTPRequest : test/OTPRequest
28/05 09:48:52:986 queue-not-found
Context: test/OTPRequest : test/OTPRequest
28/05 09:48:53:083 queue-not-found
Context: test/OTPRequest : test/OTPRequest
28/05 09:48:53:163 queue-not-found
Context: test/OTPRequest : test/OTPRequest
28/05 09:48:53:283 queue-not-found
Context: test/OTPRequest : test/OTPRequest
28/05 09:48:53:425 queue-not-found
Context: test/OTPRequest : test/OTPRequest
28/05 09:48:53:562 queue-not-found
Context: test/OTPRequest : test/OTPRequest
28/05 09:48:53:689 queue-not-found
Context: test/OTPRequest : test/OTPRequest
28/05 09:48:53:812 queue-not-found
Context: test/OTPRequest : test/OTPRequest
28/05 09:48:53:935 queue-not-found
Context: test/OTPRequest : test/OTPRequest
28/05 09:48:54:116 queue-not-found
Context: test/OTPRequest : test/OTPRequest
28/05 09:48:54:216 queue-not-found
Context: test/OTPRequest : test/OTPRequest
28/05 09:48:54:354 queue-not-found
Context: test/OTPRequest : test/OTPRequest
28/05 09:48:54:496 queue-not-found
Context: test/OTPRequest : test/OTPRequest
28/05 09:48:54:631 queue-not-found
Context: test/OTPRequest : test/OTPRequest
28/05 09:48:54:763 queue-not-found
Context: test/OTPRequest : test/OTPRequest
28/05 09:48:54:891 queue-not-found
Context: test/OTPRequest : test/OTPRequest
28/05 09:48:55:047 queue-not-found
Context: test/OTPRequest : test/OTPRequest
28/05 09:48:55:185 queue-not-found
Context: test/OTPRequest : test/OTPRequest
28/05 09:48:55:314 queue-not-found
Context: test/OTPRequest : test/OTPRequest
28/05 09:48:55:450 queue-not-found
Context: test/OTPRequest : test/OTPRequest
28/05 09:48:55:573 queue-not-found
Context: test/OTPRequest : test/OTPRequest
28/05 09:48:55:743 queue-not-found
Context: test/OTPRequest : test/OTPRequest
28/05 09:48:55:867 queue-not-found
Context: test/OTPRequest : test/OTPRequest
28/05 09:48:55:988 queue-not-found
Context: test/OTPRequest : test/OTPRequest
28/05 09:48:56:108 queue-not-found
Context: test/OTPRequest : test/OTPRequest
28/05 09:48:56:257 queue-not-found
Context: test/OTPRequest : test/OTPRequest
28/05 09:48:56:397 queue-not-found
Context: test/OTPRequest : test/OTPRequest
28/05 09:48:56:537 queue-not-found
Context: test/OTPRequest : test/OTPRequest
28/05 09:48:56:656 queue-not-found
Context: test/OTPRequest : test/OTPRequest
28/05 09:48:56:781 queue-not-found
Context: test/OTPRequest : test/OTPRequest
28/05 09:48:56:936 queue-not-found
Context: test/OTPRequest : test/OTPRequest
28/05 09:48:57:070 queue-not-found
Context: test/OTPRequest : test/OTPRequest
28/05 09:48:57:219 queue-not-found
Context: test/OTPRequest : test/OTPRequest
28/05 09:48:57:344 queue-not-found
Context: test/OTPRequest : test/OTPRequest
28/05 09:48:57:466 queue-not-found
Context: test/OTPRequest : test/OTPRequest
28/05 09:48:57:627 queue-not-found
Context: test/OTPRequest : test/OTPRequest
28/05 09:48:57:715 queue-not-found
Context: test/OTPRequest : test/OTPRequest
28/05 09:48:57:849 queue-not-found
Context: test/OTPRequest : test/OTPRequest
28/05 09:48:57:976 queue-not-found
Context: test/OTPRequest : test/OTPRequest
28/05 09:48:58:139 queue-not-found
Context: test/OTPRequest : test/OTPRequest
28/05 09:48:58:290 queue-not-found
Context: test/OTPRequest : test/OTPRequest
28/05 09:48:58:416 queue-not-found
Context: test/OTPRequest : test/OTPRequest
28/05 09:48:58:535 queue-not-found
Context: test/OTPRequest : test/OTPRequest
28/05 09:48:58:661 queue-not-found
Context: test/OTPRequest : test/OTPRequest
28/05 09:48:58:798 queue-not-found
Context: test/OTPRequest : test/OTPRequest
28/05 09:48:58:931 queue-not-found
Context: test/OTPRequest : test/OTPRequest
28/05 09:48:59:074 queue-not-found
Context: test/OTPRequest : test/OTPRequest
28/05 09:48:59:243 queue-not-found
Context: test/OTPRequest : test/OTPRequest
28/05 09:48:59:475 queue-not-found
Context: test/OTPRequest : test/OTPRequest
28/05 09:48:59:803 queue-not-found
Context: test/OTPRequest : test/OTPRequest
28/05 09:48:59:959 queue-not-found
Context: test/OTPRequest : test/OTPRequest
28/05 09:49:00:084 queue-not-found
Context: test/OTPRequest : test/OTPRequest
28/05 09:49:00:316 queue-not-found
Context: test/OTPRequest : test/OTPRequest
28/05 09:49:00:535 queue-not-found
Context: test/OTPRequest : test/OTPRequest
28/05 09:49:00:601 queue-not-found
Context: test/OTPRequest : test/OTPRequest
28/05 09:49:00:820 queue-not-found
Context: test/OTPRequest : test/OTPRequest
28/05 09:49:00:946 queue-not-found
Context: test/OTPRequest : test/OTPRequest
28/05 09:49:01:073 queue-not-found
Context: test/OTPRequest : test/OTPRequest
28/05 09:49:01:204 queue-not-found
Context: test/OTPRequest : test/OTPRequest
28/05 09:49:01:356 queue-not-found
Context: test/OTPRequest : test/OTPRequest
28/05 09:49:01:458 queue-not-found
Context: test/OTPRequest : test/OTPRequest
28/05 09:49:01:602 queue-not-found
Context: test/OTPRequest : test/OTPRequest
28/05 09:49:01:752 queue-not-found
Context: test/OTPRequest : test/OTPRequest
28/05 09:49:01:928 queue-not-found
Context: test/OTPRequest : test/OTPRequest
28/05 09:49:02:029 queue-not-found
Context: test/OTPRequest : test/OTPRequest
28/05 09:49:02:223 queue-not-found
Context: test/OTPRequest : test/OTPRequest
28/05 09:49:02:332 queue-not-found
Context: test/OTPRequest : test/OTPRequest
28/05 09:49:02:406 queue-not-found
Context: test/OTPRequest : test/OTPRequest
28/05 09:49:02:491 queue-not-found
Context: test/OTPRequest : test/OTPRequest
28/05 09:49:02:622 queue-not-found
Context: test/OTPRequest : test/OTPRequest
28/05 09:49:02:749 queue-not-found
Context: test/OTPRequest : test/OTPRequest
28/05 09:49:02:895 queue-not-found
Context: test/OTPRequest : test/OTPRequest
28/05 09:49:03:102 queue-not-found
Context: test/OTPRequest : test/OTPRequest
28/05 09:49:03:295 queue-not-found
Context: test/OTPRequest : test/OTPRequest
28/05 09:49:03:485 queue-not-found
Context: test/OTPRequest : test/OTPRequest
28/05 09:49:03:620 queue-not-found
Context: test/OTPRequest : test/OTPRequest
28/05 09:49:03:812 queue-not-found
Context: test/OTPRequest : test/OTPRequest
28/05 09:49:03:926 queue-not-found
Context: test/OTPRequest : test/OTPRequest
28/05 09:49:05:901 queue-not-found
Context: test/OTPRequest : test/OTPRequest
28/05 09:49:06:242 queue-not-found
Context: test/OTPRequest : test/OTPRequest
28/05 09:49:06:409 queue-not-found
Context: test/OTPRequest : test/OTPRequest
28/05 09:49:06:529 queue-not-found
Context: test/OTPRequest : test/OTPRequest
28/05 09:49:06:672 queue-not-found
Context: test/OTPRequest : test/OTPRequest
28/05 09:49:06:804 queue-not-found
Context: test/OTPRequest : test/OTPRequest
28/05 09:49:06:940 queue-not-found
Context: test/OTPRequest : test/OTPRequest
28/05 09:49:07:074 queue-not-found
Context: test/OTPRequest : test/OTPRequest
28/05 09:49:09:335 queue-not-found
Context: test/OTPRequest : test/OTPRequest
28/05 09:49:09:351 queue-not-found
Context: test/OTPRequest : test/OTPRequest
28/05 09:49:09:406 queue-not-found
Context: test/OTPRequest : test/OTPRequest
28/05 09:49:11:110 queue-not-found
Context: test/OTPRequest : test/OTPRequest
28/05 09:49:11:245 queue-not-found
Context: test/OTPRequest : test/OTPRequest
28/05 09:49:11:287 queue-not-found
Context: test/OTPRequest : test/OTPRequest
28/05 09:49:11:429 queue-not-found
Context: test/OTPRequest : test/OTPRequest
28/05 09:49:11:497 queue-not-found
Context: test/OTPRequest : test/OTPRequest
28/05 09:49:11:620 queue-not-found
Context: test/OTPRequest : test/OTPRequest
28/05 09:49:11:750 queue-not-found
Context: test/OTPRequest : test/OTPRequest
28/05 09:49:11:866 queue-not-found
Context: test/OTPRequest : test/OTPRequest
28/05 09:49:11:990 queue-not-found
Context: test/OTPRequest : test/OTPRequest
28/05 09:49:12:108 queue-not-found
Context: test/OTPRequest : test/OTPRequest
28/05 09:49:12:289 queue-not-found
Context: test/OTPRequest : test/OTPRequest
28/05 09:49:12:386 queue-not-found
Context: test/OTPRequest : test/OTPRequest
28/05 09:49:12:512 queue-not-found
Context: test/OTPRequest : test/OTPRequest
28/05 09:49:12:639 queue-not-found
Context: test/OTPRequest : test/OTPRequest
28/05 09:49:12:825 queue-not-found
Context: test/OTPRequest : test/OTPRequest
28/05 09:49:12:968 queue-not-found
Context: test/OTPRequest : test/OTPRequest
28/05 09:49:13:096 queue-not-found
Context: test/OTPRequest : test/OTPRequest
28/05 09:49:13:243 queue-not-found
Context: test/OTPRequest : test/OTPRequest
28/05 09:49:13:332 queue-not-found
Context: test/OTPRequest : test/OTPRequest
28/05 09:49:13:457 queue-not-found
Context: test/OTPRequest : test/OTPRequest
28/05 09:49:13:595 queue-not-found
Context: test/OTPRequest : test/OTPRequest
28/05 09:49:13:854 queue-not-found
Context: test/OTPRequest : test/OTPRequest
28/05 09:49:14:012 queue-not-found
Context: test/OTPRequest : test/OTPRequest
28/05 09:49:14:140 queue-not-found
Context: test/OTPRequest : test/OTPRequest
28/05 09:49:14:275 queue-not-found
Context: test/OTPRequest : test/OTPRequest
28/05 09:49:14:410 queue-not-found
Context: test/OTPRequest : test/OTPRequest
28/05 09:49:14:534 queue-not-found
Context: test/OTPRequest : test/OTPRequest
28/05 09:49:14:656 queue-not-found
Context: test/OTPRequest : test/OTPRequest
28/05 09:49:14:787 queue-not-found
Context: test/OTPRequest : test/OTPRequest
28/05 09:49:14:915 queue-not-found
Context: test/OTPRequest : test/OTPRequest
28/05 09:49:15:035 queue-not-found
Context: test/OTPRequest : test/OTPRequest
28/05 09:49:15:180 queue-not-found
Context: test/OTPRequest : test/OTPRequest
28/05 09:49:15:310 queue-not-found
Context: test/OTPRequest : test/OTPRequest
28/05 09:49:15:436 queue-not-found
Context: test/OTPRequest : test/OTPRequest
28/05 09:49:15:572 queue-not-found
Context: test/OTPRequest : test/OTPRequest
28/05 09:49:15:691 queue-not-found
Context: test/OTPRequest : test/OTPRequest
28/05 09:49:15:833 queue-not-found
Context: test/OTPRequest : test/OTPRequest
28/05 09:49:15:960 queue-not-found
Context: test/OTPRequest : test/OTPRequest
28/05 09:49:16:100 queue-not-found
Context: test/OTPRequest : test/OTPRequest
28/05 09:49:16:240 queue-not-found
Context: test/OTPRequest : test/OTPRequest
28/05 09:49:16:375 queue-not-found
Context: test/OTPRequest : test/OTPRequest
28/05 09:49:16:514 queue-not-found
Context: test/OTPRequest : test/OTPRequest
28/05 09:49:16:642 queue-not-found
Context: test/OTPRequest : test/OTPRequest
28/05 09:49:16:801 queue-not-found
Context: test/OTPRequest : test/OTPRequest
28/05 09:49:16:988 queue-not-found
Context: test/OTPRequest : test/OTPRequest
28/05 09:49:17:112 queue-not-found
Context: test/OTPRequest : test/OTPRequest
28/05 09:49:17:274 queue-not-found
Context: test/OTPRequest : test/OTPRequest
28/05 09:49:17:454 queue-not-found
Context: test/OTPRequest : test/OTPRequest
28/05 09:49:17:584 queue-not-found
Context: test/OTPRequest : test/OTPRequest
28/05 09:49:17:709 queue-not-found
Context: test/OTPRequest : test/OTPRequest
28/05 09:49:17:876 queue-not-found
Context: test/OTPRequest : test/OTPRequest
28/05 09:49:17:980 queue-not-found
Context: test/OTPRequest : test/OTPRequest
28/05 09:49:18:112 queue-not-found
Context: test/OTPRequest : test/OTPRequest
28/05 09:49:18:238 queue-not-found
Context: test/OTPRequest : test/OTPRequest
28/05 09:49:18:359 queue-not-found
Context: test/OTPRequest : test/OTPRequest
28/05 09:49:18:478 queue-not-found
Context: test/OTPRequest : test/OTPRequest
28/05 09:49:18:599 queue-not-found
Context: test/OTPRequest : test/OTPRequest
28/05 09:49:18:720 queue-not-found
Context: test/OTPRequest : test/OTPRequest
28/05 09:49:18:846 queue-not-found
Context: test/OTPRequest : test/OTPRequest
28/05 09:49:19:004 queue-not-found
Context: test/OTPRequest : test/OTPRequest
28/05 09:49:19:150 queue-not-found
Context: test/OTPRequest : test/OTPRequest
28/05 09:49:19:289 queue-not-found
Context: test/OTPRequest : test/OTPRequest
28/05 09:49:19:434 queue-not-found
Context: test/OTPRequest : test/OTPRequest
28/05 09:49:19:709 queue-not-found
Context: test/OTPRequest : test/OTPRequest
28/05 09:49:19:976 queue-not-found
Context: test/OTPRequest : test/OTPRequest
28/05 09:49:20:153 queue-not-found
Context: test/OTPRequest : test/OTPRequest
28/05 09:49:20:325 queue-not-found
Context: test/OTPRequest : test/OTPRequest
28/05 09:49:20:448 queue-not-found
Context: test/OTPRequest : test/OTPRequest
28/05 09:49:20:754 queue-not-found
Context: test/OTPRequest : test/OTPRequest
28/05 09:49:20:805 queue-not-found
Context: test/OTPRequest : test/OTPRequest
28/05 09:49:20:877 queue-not-found
Context: test/OTPRequest : test/OTPRequest
28/05 09:49:21:012 queue-not-found
Context: test/OTPRequest : test/OTPRequest
28/05 09:49:21:133 queue-not-found
Context: test/OTPRequest : test/OTPRequest
28/05 09:49:21:262 queue-not-found
Context: test/OTPRequest : test/OTPRequest
28/05 09:49:21:394 queue-not-found
Context: test/OTPRequest : test/OTPRequest
28/05 09:49:21:566 queue-not-found
Context: test/OTPRequest : test/OTPRequest
28/05 09:49:21:780 queue-not-found
Context: test/OTPRequest : test/OTPRequest
28/05 09:49:21:971 queue-not-found
Context: test/OTPRequest : test/OTPRequest
28/05 09:49:22:144 queue-not-found
Context: test/OTPRequest : test/OTPRequest
28/05 09:49:22:398 queue-not-found
Context: test/OTPRequest : test/OTPRequest
28/05 09:49:22:546 queue-not-found
Context: test/OTPRequest : test/OTPRequest
28/05 09:49:22:696 queue-not-found
Context: test/OTPRequest : test/OTPRequest
28/05 09:49:22:825 queue-not-found
Context: test/OTPRequest : test/OTPRequest
28/05 09:49:22:951 queue-not-found
Context: test/OTPRequest : test/OTPRequest
28/05 09:49:23:151 queue-not-found
Context: test/OTPRequest : test/OTPRequest
28/05 09:49:23:283 queue-not-found
Context: test/OTPRequest : test/OTPRequest
28/05 09:49:23:432 queue-not-found
Context: test/OTPRequest : test/OTPRequest
28/05 09:49:23:536 queue-not-found
Context: test/OTPRequest : test/OTPRequest
28/05 09:49:23:675 queue-not-found
Context: test/OTPRequest : test/OTPRequest
28/05 09:49:23:925 queue-not-found
Context: test/OTPRequest : test/OTPRequest
28/05 09:49:24:105 queue-not-found
Context: test/OTPRequest : test/OTPRequest
28/05 09:49:24:319 queue-not-found
Context: test/OTPRequest : test/OTPRequest
28/05 09:49:24:536 queue-not-found
Context: test/OTPRequest : test/OTPRequest
28/05 09:49:25:009 queue-not-found
Context: test/OTPRequest : test/OTPRequest
28/05 09:49:25:045 queue-not-found
Context: test/OTPRequest : test/OTPRequest
28/05 09:49:25:299 queue-not-found
Context: test/OTPRequest : test/OTPRequest
28/05 09:49:25:653 queue-not-found
Context: test/OTPRequest : test/OTPRequest
28/05 09:49:26:075 queue-not-found
Context: test/OTPRequest : test/OTPRequest
28/05 09:49:27:265 queue-not-found
Context: test/OTPRequest : test/OTPRequest
28/05 09:49:27:492 queue-not-found
Context: test/OTPRequest : test/OTPRequest
28/05 09:49:27:646 queue-not-found
Context: test/OTPRequest : test/OTPRequest
28/05 09:49:27:771 queue-not-found
Context: test/OTPRequest : test/OTPRequest
28/05 09:49:27:906 queue-not-found
Context: test/OTPRequest : test/OTPRequest
28/05 09:49:28:050 queue-not-found
Context: test/OTPRequest : test/OTPRequest
28/05 09:49:28:170 queue-not-found
Context: test/OTPRequest : test/OTPRequest
28/05 09:49:28:216 queue-not-found
Context: test/OTPRequest : test/OTPRequest
28/05 09:49:28:721 queue-not-found
Context: test/OTPRequest : test/OTPRequest
28/05 09:49:29:103 queue-not-found
Context: test/OTPRequest : test/OTPRequest
28/05 09:49:29:265 queue-not-found
Context: test/OTPRequest : test/OTPRequest
28/05 09:49:29:412 queue-not-found
Context: test/OTPRequest : test/OTPRequest
28/05 09:49:29:569 queue-not-found
Context: test/OTPRequest : test/OTPRequest
28/05 09:49:29:687 queue-not-found
Context: test/OTPRequest : test/OTPRequest
28/05 09:49:29:809 queue-not-found
Context: test/OTPRequest : test/OTPRequest
28/05 09:49:29:970 queue-not-found
Context: test/OTPRequest : test/OTPRequest
28/05 09:49:30:092 queue-not-found
Context: test/OTPRequest : test/OTPRequest
28/05 09:49:30:213 queue-not-found
Context: test/OTPRequest : test/OTPRequest
28/05 09:49:30:350 queue-not-found
Context: test/OTPRequest : test/OTPRequest
28/05 09:49:30:468 queue-not-found
Context: test/OTPRequest : test/OTPRequest
28/05 09:49:30:591 queue-not-found
Context: test/OTPRequest : test/OTPRequest
28/05 09:49:30:711 queue-not-found
Context: test/OTPRequest : test/OTPRequest
28/05 09:49:30:832 queue-not-found
Context: test/OTPRequest : test/OTPRequest
28/05 09:49:30:953 queue-not-found
Context: test/OTPRequest : test/OTPRequest
28/05 09:49:31:075 queue-not-found
Context: test/OTPRequest : test/OTPRequest
28/05 09:49:31:246 queue-not-found
Context: test/OTPRequest : test/OTPRequest
28/05 09:49:31:345 queue-not-found
Context: test/OTPRequest : test/OTPRequest
28/05 09:49:31:485 queue-not-found
Context: test/OTPRequest : test/OTPRequest
28/05 09:49:31:600 queue-not-found
Context: test/OTPRequest : test/OTPRequest
28/05 09:49:31:743 queue-not-found
Context: test/OTPRequest : test/OTPRequest
28/05 09:49:31:866 queue-not-found
Context: test/OTPRequest : test/OTPRequest
28/05 09:49:31:988 queue-not-found
Context: test/OTPRequest : test/OTPRequest
28/05 09:49:32:106 queue-not-found
Context: test/OTPRequest : test/OTPRequest
28/05 09:49:32:275 queue-not-found
Context: test/OTPRequest : test/OTPRequest
28/05 09:49:32:428 queue-not-found
Context: test/OTPRequest : test/OTPRequest
28/05 09:49:32:549 queue-not-found
Context: test/OTPRequest : test/OTPRequest
28/05 09:49:32:670 queue-not-found
Context: test/OTPRequest : test/OTPRequest
28/05 09:49:32:792 queue-not-found
Context: test/OTPRequest : test/OTPRequest
28/05 09:49:32:913 queue-not-found
Context: test/OTPRequest : test/OTPRequest
28/05 09:49:33:043 queue-not-found
Context: test/OTPRequest : test/OTPRequest
28/05 09:49:33:162 queue-not-found
Context: test/OTPRequest : test/OTPRequest
28/05 09:49:33:284 queue-not-found
Context: test/OTPRequest : test/OTPRequest
28/05 09:49:33:402 queue-not-found
Context: test/OTPRequest : test/OTPRequest
28/05 09:49:33:530 queue-not-found
Context: test/OTPRequest : test/OTPRequest
28/05 09:49:33:658 queue-not-found
Context: test/OTPRequest : test/OTPRequest
28/05 09:49:33:783 queue-not-found
Context: test/OTPRequest : test/OTPRequest
28/05 09:49:33:902 queue-not-found
Context: test/OTPRequest : test/OTPRequest
28/05 09:49:34:022 queue-not-found
Context: test/OTPRequest : test/OTPRequest
28/05 09:49:34:143 queue-not-found
Context: test/OTPRequest : test/OTPRequest
28/05 09:49:34:265 queue-not-found
Context: test/OTPRequest : test/OTPRequest
28/05 09:49:34:394 queue-not-found
Context: test/OTPRequest : test/OTPRequest
28/05 09:49:34:516 queue-not-found
Context: test/OTPRequest : test/OTPRequest
28/05 09:49:34:684 queue-not-found
Context: test/OTPRequest : test/OTPRequest
28/05 09:49:34:907 queue-not-found
Context: test/OTPRequest : test/OTPRequest
28/05 09:49:34:951 queue-not-found
Context: test/OTPRequest : test/OTPRequest
28/05 09:49:35:076 queue-not-found
Context: test/OTPRequest : test/OTPRequest
28/05 09:49:35:197 queue-not-found
Context: test/OTPRequest : test/OTPRequest
28/05 09:49:35:317 queue-not-found
Context: test/OTPRequest : test/OTPRequest
28/05 09:49:35:438 queue-not-found
Context: test/OTPRequest : test/OTPRequest
28/05 09:49:35:566 queue-not-found
Context: test/OTPRequest : test/OTPRequest
28/05 09:49:35:691 queue-not-found
Context: test/OTPRequest : test/OTPRequest
28/05 09:49:35:815 queue-not-found
Context: test/OTPRequest : test/OTPRequest
28/05 09:49:35:942 queue-not-found
Context: test/OTPRequest : test/OTPRequest
28/05 09:49:36:074 queue-not-found
Context: test/OTPRequest : test/OTPRequest
28/05 09:49:36:206 queue-not-found
Context: test/OTPRequest : test/OTPRequest
28/05 09:49:36:345 queue-not-found
Context: test/OTPRequest : test/OTPRequest
28/05 09:49:36:475 queue-not-found
Context: test/OTPRequest : test/OTPRequest
28/05 09:49:36:658 queue-not-found
Context: test/OTPRequest : test/OTPRequest
28/05 09:49:36:746 queue-not-found
Context: test/OTPRequest : test/OTPRequest
28/05 09:49:36:835 queue-not-found
Context: test/OTPRequest : test/OTPRequest
28/05 09:49:36:955 queue-not-found
Context: test/OTPRequest : test/OTPRequest
28/05 09:49:37:073 queue-not-found
Context: test/OTPRequest : test/OTPRequest
28/05 09:49:37:194 queue-not-found
Context: test/OTPRequest : test/OTPRequest
28/05 09:49:37:316 queue-not-found
Context: test/OTPRequest : test/OTPRequest
28/05 09:49:37:457 queue-not-found
Context: test/OTPRequest : test/OTPRequest
28/05 09:49:37:581 queue-not-found
Context: test/OTPRequest : test/OTPRequest
28/05 09:49:37:730 queue-not-found
Context: test/OTPRequest : test/OTPRequest
28/05 09:49:37:860 queue-not-found
Context: test/OTPRequest : test/OTPRequest
28/05 09:49:37:999 queue-not-found
Context: test/OTPRequest : test/OTPRequest
28/05 09:49:38:149 queue-not-found
Context: test/OTPRequest : test/OTPRequest
28/05 09:49:38:251 queue-not-found
Context: test/OTPRequest : test/OTPRequest
28/05 09:49:38:398 queue-not-found
Context: test/OTPRequest : test/OTPRequest
28/05 09:49:38:524 queue-not-found
Context: test/OTPRequest : test/OTPRequest
28/05 09:49:38:654 queue-not-found
Context: test/OTPRequest : test/OTPRequest
28/05 09:49:38:795 queue-not-found
Context: test/OTPRequest : test/OTPRequest
28/05 09:49:39:023 queue-not-found
Context: test/OTPRequest : test/OTPRequest
28/05 09:49:39:080 queue-not-found
Context: test/OTPRequest : test/OTPRequest
28/05 09:49:39:213 queue-not-found
Context: test/OTPRequest : test/OTPRequest
28/05 09:49:39:343 queue-not-found
Context: test/OTPRequest : test/OTPRequest
28/05 09:49:39:463 queue-not-found
Context: test/OTPRequest : test/OTPRequest
28/05 09:49:39:590 queue-not-found
Context: test/OTPRequest : test/OTPRequest
28/05 09:49:39:742 queue-not-found
Context: test/OTPRequest : test/OTPRequest
28/05 09:49:39:925 queue-not-found
Context: test/OTPRequest : test/OTPRequest
28/05 09:49:40:124 queue-not-found
Context: test/OTPRequest : test/OTPRequest
28/05 09:49:40:304 queue-not-found
Context: test/OTPRequest : test/OTPRequest
28/05 09:49:40:401 queue-not-found
Context: test/OTPRequest : test/OTPRequest
28/05 09:49:40:527 queue-not-found
Context: test/OTPRequest : test/OTPRequest
28/05 09:49:40:711 queue-not-found
Context: test/OTPRequest : test/OTPRequest
28/05 09:49:40:886 queue-not-found
Context: test/OTPRequest : test/OTPRequest
28/05 09:49:41:020 queue-not-found
Context: test/OTPRequest : test/OTPRequest
28/05 09:49:41:196 queue-not-found
Context: test/OTPRequest : test/OTPRequest
28/05 09:49:41:274 queue-not-found
Context: test/OTPRequest : test/OTPRequest
28/05 09:49:41:415 queue-not-found
Context: test/OTPRequest : test/OTPRequest
28/05 09:49:41:545 queue-not-found
Context: test/OTPRequest : test/OTPRequest
28/05 09:49:41:712 queue-not-found
Context: test/OTPRequest : test/OTPRequest
28/05 09:49:41:782 queue-not-found
Context: test/OTPRequest : test/OTPRequest
28/05 09:49:41:909 queue-not-found
Context: test/OTPRequest : test/OTPRequest
28/05 09:49:42:041 queue-not-found
Context: test/OTPRequest : test/OTPRequest
28/05 09:49:42:240 queue-not-found
Context: test/OTPRequest : test/OTPRequest
28/05 09:49:42:381 queue-not-found
Context: test/OTPRequest : test/OTPRequest
28/05 09:49:42:499 queue-not-found
Context: test/OTPRequest : test/OTPRequest
28/05 09:49:42:619 queue-not-found
Context: test/OTPRequest : test/OTPRequest
28/05 09:49:42:753 queue-not-found
Context: test/OTPRequest : test/OTPRequest
28/05 09:49:42:906 queue-not-found
Context: test/OTPRequest : test/OTPRequest
28/05 09:49:43:026 queue-not-found
Context: test/OTPRequest : test/OTPRequest
28/05 09:49:43:171 queue-not-found
Context: test/OTPRequest : test/OTPRequest
28/05 09:49:43:268 queue-not-found
Context: test/OTPRequest : test/OTPRequest
28/05 09:49:43:387 queue-not-found
Context: test/OTPRequest : test/OTPRequest
28/05 09:49:43:505 queue-not-found
Context: test/OTPRequest : test/OTPRequest
28/05 09:49:43:626 queue-not-found
Context: test/OTPRequest : test/OTPRequest
28/05 09:49:43:748 queue-not-found
Context: test/OTPRequest : test/OTPRequest
28/05 09:49:43:890 queue-not-found
Context: test/OTPRequest : test/OTPRequest
28/05 09:49:44:009 queue-not-found
Context: test/OTPRequest : test/OTPRequest
28/05 09:49:44:146 queue-not-found
Context: test/OTPRequest : test/OTPRequest
28/05 09:49:44:275 queue-not-found
Context: test/OTPRequest : test/OTPRequest
28/05 09:49:44:398 queue-not-found
Context: test/OTPRequest : test/OTPRequest
28/05 09:49:44:549 queue-not-found
Context: test/OTPRequest : test/OTPRequest
28/05 09:49:44:637 queue-not-found
Context: test/OTPRequest : test/OTPRequest
28/05 09:49:44:768 queue-not-found
Context: test/OTPRequest : test/OTPRequest
28/05 09:49:44:901 queue-not-found
Context: test/OTPRequest : test/OTPRequest
28/05 09:49:45:021 queue-not-found
Context: test/OTPRequest : test/OTPRequest
28/05 09:49:45:141 queue-not-found
Context: test/OTPRequest : test/OTPRequest
28/05 09:49:45:262 queue-not-found
Context: test/OTPRequest : test/OTPRequest
28/05 09:49:45:379 queue-not-found
Context: test/OTPRequest : test/OTPRequest
28/05 09:49:45:506 queue-not-found
Context: test/OTPRequest : test/OTPRequest
28/05 09:49:45:638 queue-not-found
Context: test/OTPRequest : test/OTPRequest
28/05 09:49:45:801 queue-not-found
Context: test/OTPRequest : test/OTPRequest
28/05 09:49:45:871 queue-not-found
Context: test/OTPRequest : test/OTPRequest
28/05 09:49:45:990 queue-not-found
Context: test/OTPRequest : test/OTPRequest
28/05 09:49:46:112 queue-not-found
Context: test/OTPRequest : test/OTPRequest
28/05 09:49:46:273 queue-not-found
Context: test/OTPRequest : test/OTPRequest
28/05 09:49:46:440 queue-not-found
Context: test/OTPRequest : test/OTPRequest
28/05 09:49:46:547 queue-not-found
Context: test/OTPRequest : test/OTPRequest
28/05 09:49:46:676 queue-not-found
Context: test/OTPRequest : test/OTPRequest
28/05 09:49:46:795 queue-not-found
Context: test/OTPRequest : test/OTPRequest
28/05 09:49:46:917 queue-not-found
Context: test/OTPRequest : test/OTPRequest
28/05 09:49:47:038 queue-not-found
Context: test/OTPRequest : test/OTPRequest
28/05 09:49:47:177 queue-not-found
Context: test/OTPRequest : test/OTPRequest
28/05 09:49:47:302 queue-not-found
Context: test/OTPRequest : test/OTPRequest
28/05 09:49:47:447 queue-not-found
Context: test/OTPRequest : test/OTPRequest
28/05 09:49:47:588 queue-not-found
Context: test/OTPRequest : test/OTPRequest
28/05 09:49:47:642 queue-not-found
Context: test/OTPRequest : test/OTPRequest
28/05 09:49:47:762 queue-not-found
Context: test/OTPRequest : test/OTPRequest
28/05 09:49:47:882 queue-not-found
Context: test/OTPRequest : test/OTPRequest
28/05 09:49:48:017 queue-not-found
Context: test/OTPRequest : test/OTPRequest
28/05 09:49:48:141 queue-not-found
Context: test/OTPRequest : test/OTPRequest
28/05 09:49:48:265 queue-not-found
Context: test/OTPRequest : test/OTPRequest
28/05 09:49:48:385 queue-not-found
Context: test/OTPRequest : test/OTPRequest
28/05 09:49:48:506 queue-not-found
Context: test/OTPRequest : test/OTPRequest
28/05 09:49:48:671 queue-not-found
Context: test/OTPRequest : test/OTPRequest
28/05 09:49:48:738 queue-not-found
Context: test/OTPRequest : test/OTPRequest
28/05 09:49:48:870 queue-not-found
Context: test/OTPRequest : test/OTPRequest
28/05 09:49:48:995 queue-not-found
Context: test/OTPRequest : test/OTPRequest
28/05 09:49:49:115 queue-not-found
Context: test/OTPRequest : test/OTPRequest
28/05 09:49:49:252 queue-not-found
Context: test/OTPRequest : test/OTPRequest
28/05 09:49:49:386 queue-not-found
Context: test/OTPRequest : test/OTPRequest
28/05 09:49:49:516 queue-not-found
Context: test/OTPRequest : test/OTPRequest
28/05 09:49:49:665 queue-not-found
Context: test/OTPRequest : test/OTPRequest
28/05 09:49:49:751 queue-not-found
Context: test/OTPRequest : test/OTPRequest
28/05 09:49:49:871 queue-not-found
Context: test/OTPRequest : test/OTPRequest
28/05 09:49:49:994 queue-not-found
Context: test/OTPRequest : test/OTPRequest
28/05 09:49:50:112 queue-not-found
Context: test/OTPRequest : test/OTPRequest
28/05 09:49:50:235 queue-not-found
Context: test/OTPRequest : test/OTPRequest
28/05 09:49:50:365 queue-not-found
Context: test/OTPRequest : test/OTPRequest
28/05 09:49:50:522 queue-not-found
Context: test/OTPRequest : test/OTPRequest
28/05 09:49:50:619 queue-not-found
Context: test/OTPRequest : test/OTPRequest
28/05 09:49:50:758 queue-not-found
Context: test/OTPRequest : test/OTPRequest
28/05 09:49:50:884 queue-not-found
Context: test/OTPRequest : test/OTPRequest
28/05 09:49:51:004 queue-not-found
Context: test/OTPRequest : test/OTPRequest
28/05 09:49:51:129 queue-not-found
Context: test/OTPRequest : test/OTPRequest
28/05 09:49:51:256 queue-not-found
Context: test/OTPRequest : test/OTPRequest
28/05 09:49:51:391 queue-not-found
Context: test/OTPRequest : test/OTPRequest
28/05 09:49:51:527 queue-not-found
Context: test/OTPRequest : test/OTPRequest
28/05 09:49:51:620 queue-not-found
Context: test/OTPRequest : test/OTPRequest
28/05 09:49:51:743 queue-not-found
Context: test/OTPRequest : test/OTPRequest
28/05 09:49:51:860 queue-not-found
Context: test/OTPRequest : test/OTPRequest
28/05 09:49:51:987 queue-not-found
Context: test/OTPRequest : test/OTPRequest
28/05 09:49:52:123 queue-not-found
Context: test/OTPRequest : test/OTPRequest
28/05 09:49:52:221 queue-not-found
Context: test/OTPRequest : test/OTPRequest
28/05 09:49:52:351 queue-not-found
Context: test/OTPRequest : test/OTPRequest
28/05 09:49:52:474 queue-not-found
Context: test/OTPRequest : test/OTPRequest
28/05 09:49:52:649 queue-not-found
Context: test/OTPRequest : test/OTPRequest
28/05 09:49:52:710 queue-not-found
Context: test/OTPRequest : test/OTPRequest
28/05 09:49:52:834 queue-not-found
Context: test/OTPRequest : test/OTPRequest
28/05 09:49:52:953 queue-not-found
Context: test/OTPRequest : test/OTPRequest
28/05 09:49:53:073 queue-not-found
Context: test/OTPRequest : test/OTPRequest
28/05 09:49:53:195 queue-not-found
Context: test/OTPRequest : test/OTPRequest
28/05 09:49:53:315 queue-not-found
Context: test/OTPRequest : test/OTPRequest
28/05 09:49:53:411 End of process session
28/05 09:49:53:430 OTP Request stopped
