03/01 14:47:29:051 OTP Request started
03/01 14:47:30:392 Sub Request started
03/01 14:47:30:909 Testing connection ...
03/01 14:47:30:914 Testing connection ...
03/01 14:47:30:917 Testing connection are success
03/01 14:47:30:930 Testing connection are success
03/01 14:47:30:935 Starting process session
03/01 14:47:30:939 Starting process session
03/01 14:47:51:723 End of process session
03/01 14:47:51:728 OTP Request stopped
03/01 14:47:52:721 End of process session
03/01 14:47:52:725 Sub Request stopped
03/01 14:50:06:684 OTP Request started
03/01 14:50:10:193 Testing connection ...
03/01 14:50:10:204 Testing connection are success
03/01 14:50:10:234 Starting process session
03/01 14:50:11:362 Sub Request started
03/01 14:50:11:497 Testing connection ...
03/01 14:50:11:502 Testing connection are success
03/01 14:50:11:507 Starting process session
