16/07 16:02:08:184 OTP Request started
16/07 16:02:08:405 Testing connection ...
16/07 16:02:08:553 Testing connection are success
16/07 16:02:08:557 Starting process session
16/07 16:06:57:615 unknow-product
16/07 16:06:57:720 End of process session
16/07 16:07:08:259 Testing connection ...
16/07 16:07:08:261 Testing connection are success
16/07 16:07:08:263 Starting process session
16/07 16:09:12:769 OTP Request started
16/07 16:09:14:263 Testing connection ...
16/07 16:09:14:321 Testing connection are success
16/07 16:09:14:323 Starting process session
16/07 16:10:02:375 unknow-product
16/07 16:10:02:377 End of process session
16/07 16:10:12:693 Testing connection ...
16/07 16:10:12:702 Testing connection are success
16/07 16:10:12:719 Starting process session
16/07 16:10:14:704 unknow-product
16/07 16:10:14:707 End of process session
16/07 16:10:24:867 Testing connection ...
16/07 16:10:24:895 Testing connection are success
16/07 16:10:24:897 Starting process session
16/07 16:11:02:489 unknow-product
16/07 16:11:02:499 End of process session
16/07 16:11:12:653 Testing connection ...
16/07 16:11:12:655 Testing connection are success
16/07 16:11:12:657 Starting process session
16/07 16:11:16:654 unknow-product
16/07 16:11:16:663 End of process session
16/07 16:11:26:817 Testing connection ...
16/07 16:11:26:819 Testing connection are success
16/07 16:11:26:833 Starting process session
16/07 16:11:48:601 unknow-product
16/07 16:11:48:629 End of process session
16/07 16:11:58:800 Testing connection ...
16/07 16:11:58:815 Testing connection are success
16/07 16:11:58:817 Starting process session
16/07 16:11:59:647 unknow-product
16/07 16:11:59:650 End of process session
16/07 16:12:09:860 Testing connection ...
16/07 16:12:09:863 Testing connection are success
16/07 16:12:09:865 Starting process session
16/07 16:13:45:931 OTP Request started
16/07 16:13:47:734 Testing connection ...
16/07 16:13:47:738 Testing connection are success
16/07 16:13:47:741 Starting process session
