14/05 09:55:40:504 OTP Request started
14/05 09:55:47:733 Testing connection ...
14/05 09:55:47:970 Testing connection are success
14/05 09:55:47:996 Starting process session
14/05 09:55:51:915 unknow-product
14/05 09:55:51:924 End of process session
14/05 09:56:03:070 Testing connection ...
14/05 09:56:03:088 Testing connection are success
14/05 09:56:03:100 Starting process session
14/05 09:56:07:192 unknow-product
14/05 09:56:07:201 End of process session
14/05 09:56:17:223 Testing connection ...
14/05 09:56:17:234 Testing connection are success
14/05 09:56:17:241 Starting process session
14/05 09:56:19:556 unknow-product
14/05 09:56:19:566 End of process session
14/05 09:56:29:606 Testing connection ...
14/05 09:56:29:608 Testing connection are success
14/05 09:56:29:619 Starting process session
14/05 09:56:32:053 unknow-product
14/05 09:56:32:063 End of process session
14/05 09:56:42:096 Testing connection ...
14/05 09:56:42:104 Testing connection are success
14/05 09:56:42:112 Starting process session
14/05 09:56:47:088 unknow-product
14/05 09:56:47:097 End of process session
14/05 09:56:57:131 Testing connection ...
14/05 09:56:57:141 Testing connection are success
14/05 09:56:57:148 Starting process session
14/05 09:56:58:293 unknow-product
14/05 09:56:58:303 End of process session
14/05 09:57:08:322 Testing connection ...
14/05 09:57:08:332 Testing connection are success
14/05 09:57:08:341 Starting process session
14/05 10:11:45:407 OTP Request started
14/05 10:11:47:514 Testing connection ...
14/05 10:11:47:618 Testing connection are success
14/05 10:11:47:630 Starting process session
14/05 10:12:54:919 unknow-product
14/05 10:12:54:920 End of process session
14/05 10:13:04:982 Testing connection ...
14/05 10:13:04:994 Testing connection are success
14/05 10:13:05:002 Starting process session
14/05 10:14:01:835 unknow-product
14/05 10:14:01:846 End of process session
14/05 10:14:16:088 OTP Request started
14/05 10:14:18:113 Testing connection ...
14/05 10:14:18:114 Testing connection are success
14/05 10:14:18:127 Starting process session
14/05 10:16:06:382 unknow-product
14/05 10:16:06:383 End of process session
14/05 10:16:16:416 Testing connection ...
14/05 10:16:16:436 Testing connection are success
14/05 10:16:16:459 Starting process session
