28/05 09:46:00:645 VMS Send Sms started
28/05 09:46:04:659 Testing connection ...
28/05 09:46:04:670 Testing connection are success
28/05 09:46:04:682 Starting process session
28/05 09:46:31:052 queue-not-found
Context: test/vmssms : test/vmssms
28/05 09:46:31:148 queue-not-found
Context: test/vmssms : test/vmssms
28/05 09:46:31:156 queue-not-found
Context: test/vmssms : test/vmssms
28/05 09:46:31:145 queue-not-found
Context: test/vmssms : test/vmssms
28/05 09:46:31:207 queue-not-found
Context: test/vmssms : test/vmssms
28/05 09:46:31:508 queue-not-found
Context: test/vmssms : test/vmssms
28/05 09:46:31:627 queue-not-found
Context: test/vmssms : test/vmssms
28/05 09:46:31:770 queue-not-found
Context: test/vmssms : test/vmssms
28/05 09:46:31:867 queue-not-found
Context: test/vmssms : test/vmssms
28/05 09:46:32:051 queue-not-found
Context: test/vmssms : test/vmssms
28/05 09:46:32:371 queue-not-found
Context: test/vmssms : test/vmssms
28/05 09:46:32:472 queue-not-found
Context: test/vmssms : test/vmssms
28/05 09:46:32:534 queue-not-found
Context: test/vmssms : test/vmssms
28/05 09:46:32:757 queue-not-found
Context: test/vmssms : test/vmssms
28/05 09:46:32:893 queue-not-found
Context: test/vmssms : test/vmssms
28/05 09:46:33:282 queue-not-found
Context: test/vmssms : test/vmssms
28/05 09:46:33:375 queue-not-found
Context: test/vmssms : test/vmssms
28/05 09:46:41:435 queue-not-found
Context: test/vmssms : test/vmssms
28/05 09:46:41:500 queue-not-found
Context: test/vmssms : test/vmssms
28/05 09:46:41:548 queue-not-found
Context: test/vmssms : test/vmssms
28/05 09:46:41:810 queue-not-found
Context: test/vmssms : test/vmssms
28/05 09:46:41:859 queue-not-found
Context: test/vmssms : test/vmssms
28/05 09:46:41:934 queue-not-found
Context: test/vmssms : test/vmssms
28/05 09:46:41:953 queue-not-found
Context: test/vmssms : test/vmssms
28/05 09:46:42:018 queue-not-found
Context: test/vmssms : test/vmssms
28/05 09:46:42:422 queue-not-found
Context: test/vmssms : test/vmssms
28/05 09:46:42:584 queue-not-found
Context: test/vmssms : test/vmssms
28/05 09:46:42:678 queue-not-found
Context: test/vmssms : test/vmssms
28/05 09:46:42:801 queue-not-found
Context: test/vmssms : test/vmssms
28/05 09:46:42:852 queue-not-found
Context: test/vmssms : test/vmssms
28/05 09:46:43:254 queue-not-found
Context: test/vmssms : test/vmssms
28/05 09:46:43:347 queue-not-found
Context: test/vmssms : test/vmssms
28/05 09:46:43:440 queue-not-found
Context: test/vmssms : test/vmssms
28/05 09:46:43:572 queue-not-found
Context: test/vmssms : test/vmssms
28/05 09:46:43:660 queue-not-found
Context: test/vmssms : test/vmssms
28/05 09:46:44:104 queue-not-found
Context: test/vmssms : test/vmssms
28/05 09:46:44:211 queue-not-found
Context: test/vmssms : test/vmssms
28/05 09:46:44:287 queue-not-found
Context: test/vmssms : test/vmssms
28/05 09:46:44:484 queue-not-found
Context: test/vmssms : test/vmssms
28/05 09:46:44:552 queue-not-found
Context: test/vmssms : test/vmssms
28/05 09:46:44:928 queue-not-found
Context: test/vmssms : test/vmssms
28/05 09:46:45:059 queue-not-found
Context: test/vmssms : test/vmssms
28/05 09:46:45:138 queue-not-found
Context: test/vmssms : test/vmssms
28/05 09:46:45:316 queue-not-found
Context: test/vmssms : test/vmssms
28/05 09:46:45:396 queue-not-found
Context: test/vmssms : test/vmssms
28/05 09:46:45:795 queue-not-found
Context: test/vmssms : test/vmssms
28/05 09:46:45:918 queue-not-found
Context: test/vmssms : test/vmssms
28/05 09:46:45:990 queue-not-found
Context: test/vmssms : test/vmssms
28/05 09:46:46:100 queue-not-found
Context: test/vmssms : test/vmssms
28/05 09:46:46:231 queue-not-found
Context: test/vmssms : test/vmssms
28/05 09:46:46:644 queue-not-found
Context: test/vmssms : test/vmssms
28/05 09:46:46:734 queue-not-found
Context: test/vmssms : test/vmssms
28/05 09:46:46:838 queue-not-found
Context: test/vmssms : test/vmssms
28/05 09:46:47:004 queue-not-found
Context: test/vmssms : test/vmssms
28/05 09:46:47:091 queue-not-found
Context: test/vmssms : test/vmssms
28/05 09:46:47:467 queue-not-found
Context: test/vmssms : test/vmssms
28/05 09:46:47:578 queue-not-found
Context: test/vmssms : test/vmssms
28/05 09:46:47:657 queue-not-found
Context: test/vmssms : test/vmssms
28/05 09:46:47:771 queue-not-found
Context: test/vmssms : test/vmssms
28/05 09:46:47:882 queue-not-found
Context: test/vmssms : test/vmssms
28/05 09:46:48:287 queue-not-found
Context: test/vmssms : test/vmssms
28/05 09:46:48:415 queue-not-found
Context: test/vmssms : test/vmssms
28/05 09:46:48:539 queue-not-found
Context: test/vmssms : test/vmssms
28/05 09:46:48:632 queue-not-found
Context: test/vmssms : test/vmssms
28/05 09:46:48:754 queue-not-found
Context: test/vmssms : test/vmssms
28/05 09:46:49:138 queue-not-found
Context: test/vmssms : test/vmssms
28/05 09:46:49:280 queue-not-found
Context: test/vmssms : test/vmssms
28/05 09:46:49:394 queue-not-found
Context: test/vmssms : test/vmssms
28/05 09:46:49:479 queue-not-found
Context: test/vmssms : test/vmssms
28/05 09:46:49:578 queue-not-found
Context: test/vmssms : test/vmssms
28/05 09:46:50:020 queue-not-found
Context: test/vmssms : test/vmssms
28/05 09:46:50:141 queue-not-found
Context: test/vmssms : test/vmssms
28/05 09:46:50:237 queue-not-found
Context: test/vmssms : test/vmssms
28/05 09:46:50:336 queue-not-found
Context: test/vmssms : test/vmssms
28/05 09:46:50:441 queue-not-found
Context: test/vmssms : test/vmssms
28/05 09:46:50:844 queue-not-found
Context: test/vmssms : test/vmssms
28/05 09:46:50:991 queue-not-found
Context: test/vmssms : test/vmssms
28/05 09:46:51:047 queue-not-found
Context: test/vmssms : test/vmssms
28/05 09:46:51:149 queue-not-found
Context: test/vmssms : test/vmssms
28/05 09:46:51:350 queue-not-found
Context: test/vmssms : test/vmssms
28/05 09:46:51:715 queue-not-found
Context: test/vmssms : test/vmssms
28/05 09:46:51:832 queue-not-found
Context: test/vmssms : test/vmssms
28/05 09:46:51:973 queue-not-found
Context: test/vmssms : test/vmssms
28/05 09:46:52:051 queue-not-found
Context: test/vmssms : test/vmssms
28/05 09:46:52:208 queue-not-found
Context: test/vmssms : test/vmssms
28/05 09:46:52:646 queue-not-found
Context: test/vmssms : test/vmssms
28/05 09:46:52:714 queue-not-found
Context: test/vmssms : test/vmssms
28/05 09:46:52:807 queue-not-found
Context: test/vmssms : test/vmssms
28/05 09:46:52:938 queue-not-found
Context: test/vmssms : test/vmssms
28/05 09:46:53:012 queue-not-found
Context: test/vmssms : test/vmssms
28/05 09:46:53:414 queue-not-found
Context: test/vmssms : test/vmssms
28/05 09:46:53:512 queue-not-found
Context: test/vmssms : test/vmssms
28/05 09:46:53:625 queue-not-found
Context: test/vmssms : test/vmssms
28/05 09:46:53:713 queue-not-found
Context: test/vmssms : test/vmssms
28/05 09:46:53:816 queue-not-found
Context: test/vmssms : test/vmssms
28/05 09:46:54:226 queue-not-found
Context: test/vmssms : test/vmssms
28/05 09:46:54:323 queue-not-found
Context: test/vmssms : test/vmssms
28/05 09:46:54:426 queue-not-found
Context: test/vmssms : test/vmssms
28/05 09:46:54:535 queue-not-found
Context: test/vmssms : test/vmssms
28/05 09:46:54:684 queue-not-found
Context: test/vmssms : test/vmssms
28/05 09:46:55:028 queue-not-found
Context: test/vmssms : test/vmssms
28/05 09:46:55:171 queue-not-found
Context: test/vmssms : test/vmssms
28/05 09:46:55:236 queue-not-found
Context: test/vmssms : test/vmssms
28/05 09:46:55:341 queue-not-found
Context: test/vmssms : test/vmssms
28/05 09:46:55:442 queue-not-found
Context: test/vmssms : test/vmssms
28/05 09:46:55:876 queue-not-found
Context: test/vmssms : test/vmssms
28/05 09:46:55:991 queue-not-found
Context: test/vmssms : test/vmssms
28/05 09:46:56:057 queue-not-found
Context: test/vmssms : test/vmssms
28/05 09:46:56:215 queue-not-found
Context: test/vmssms : test/vmssms
28/05 09:46:56:289 queue-not-found
Context: test/vmssms : test/vmssms
28/05 09:46:56:751 queue-not-found
Context: test/vmssms : test/vmssms
28/05 09:46:56:829 queue-not-found
Context: test/vmssms : test/vmssms
28/05 09:46:56:929 queue-not-found
Context: test/vmssms : test/vmssms
28/05 09:46:57:036 queue-not-found
Context: test/vmssms : test/vmssms
28/05 09:46:57:138 queue-not-found
Context: test/vmssms : test/vmssms
28/05 09:46:57:576 queue-not-found
Context: test/vmssms : test/vmssms
28/05 09:46:57:665 queue-not-found
Context: test/vmssms : test/vmssms
28/05 09:46:57:751 queue-not-found
Context: test/vmssms : test/vmssms
28/05 09:46:57:846 queue-not-found
Context: test/vmssms : test/vmssms
28/05 09:46:57:944 queue-not-found
Context: test/vmssms : test/vmssms
28/05 09:46:58:387 queue-not-found
Context: test/vmssms : test/vmssms
28/05 09:46:58:501 queue-not-found
Context: test/vmssms : test/vmssms
28/05 09:46:58:572 queue-not-found
Context: test/vmssms : test/vmssms
28/05 09:46:58:672 queue-not-found
Context: test/vmssms : test/vmssms
28/05 09:46:58:774 queue-not-found
Context: test/vmssms : test/vmssms
28/05 09:46:59:183 queue-not-found
Context: test/vmssms : test/vmssms
28/05 09:46:59:278 queue-not-found
Context: test/vmssms : test/vmssms
28/05 09:46:59:379 queue-not-found
Context: test/vmssms : test/vmssms
28/05 09:46:59:521 queue-not-found
Context: test/vmssms : test/vmssms
28/05 09:46:59:615 queue-not-found
Context: test/vmssms : test/vmssms
28/05 09:47:00:015 queue-not-found
Context: test/vmssms : test/vmssms
28/05 09:47:00:116 queue-not-found
Context: test/vmssms : test/vmssms
28/05 09:47:00:215 queue-not-found
Context: test/vmssms : test/vmssms
28/05 09:47:00:317 queue-not-found
Context: test/vmssms : test/vmssms
28/05 09:47:00:452 queue-not-found
Context: test/vmssms : test/vmssms
28/05 09:47:00:871 queue-not-found
Context: test/vmssms : test/vmssms
28/05 09:47:00:961 queue-not-found
Context: test/vmssms : test/vmssms
28/05 09:47:01:045 queue-not-found
Context: test/vmssms : test/vmssms
28/05 09:47:01:149 queue-not-found
Context: test/vmssms : test/vmssms
28/05 09:47:01:249 queue-not-found
Context: test/vmssms : test/vmssms
28/05 09:47:01:715 queue-not-found
Context: test/vmssms : test/vmssms
28/05 09:47:01:777 queue-not-found
Context: test/vmssms : test/vmssms
28/05 09:47:01:882 queue-not-found
Context: test/vmssms : test/vmssms
28/05 09:47:01:953 queue-not-found
Context: test/vmssms : test/vmssms
28/05 09:47:02:047 queue-not-found
Context: test/vmssms : test/vmssms
28/05 09:47:02:448 queue-not-found
Context: test/vmssms : test/vmssms
28/05 09:47:02:570 queue-not-found
Context: test/vmssms : test/vmssms
28/05 09:47:02:671 queue-not-found
Context: test/vmssms : test/vmssms
28/05 09:47:02:768 queue-not-found
Context: test/vmssms : test/vmssms
28/05 09:47:02:891 queue-not-found
Context: test/vmssms : test/vmssms
28/05 09:47:03:276 queue-not-found
Context: test/vmssms : test/vmssms
28/05 09:47:03:383 queue-not-found
Context: test/vmssms : test/vmssms
28/05 09:47:03:510 queue-not-found
Context: test/vmssms : test/vmssms
28/05 09:47:03:627 queue-not-found
Context: test/vmssms : test/vmssms
28/05 09:47:03:718 queue-not-found
Context: test/vmssms : test/vmssms
28/05 09:47:04:122 queue-not-found
Context: test/vmssms : test/vmssms
28/05 09:47:04:227 queue-not-found
Context: test/vmssms : test/vmssms
28/05 09:47:04:378 queue-not-found
Context: test/vmssms : test/vmssms
28/05 09:47:04:431 queue-not-found
Context: test/vmssms : test/vmssms
28/05 09:47:04:541 queue-not-found
Context: test/vmssms : test/vmssms
28/05 09:47:04:939 queue-not-found
Context: test/vmssms : test/vmssms
28/05 09:47:05:041 queue-not-found
Context: test/vmssms : test/vmssms
28/05 09:47:05:139 queue-not-found
Context: test/vmssms : test/vmssms
28/05 09:47:05:241 queue-not-found
Context: test/vmssms : test/vmssms
28/05 09:47:05:383 queue-not-found
Context: test/vmssms : test/vmssms
28/05 09:47:05:753 queue-not-found
Context: test/vmssms : test/vmssms
28/05 09:47:05:853 queue-not-found
Context: test/vmssms : test/vmssms
28/05 09:47:05:989 queue-not-found
Context: test/vmssms : test/vmssms
28/05 09:47:06:055 queue-not-found
Context: test/vmssms : test/vmssms
28/05 09:47:06:158 queue-not-found
Context: test/vmssms : test/vmssms
28/05 09:47:06:563 queue-not-found
Context: test/vmssms : test/vmssms
28/05 09:47:06:659 queue-not-found
Context: test/vmssms : test/vmssms
28/05 09:47:06:757 queue-not-found
Context: test/vmssms : test/vmssms
28/05 09:47:06:865 queue-not-found
Context: test/vmssms : test/vmssms
28/05 09:47:06:967 queue-not-found
Context: test/vmssms : test/vmssms
28/05 09:47:07:411 queue-not-found
Context: test/vmssms : test/vmssms
28/05 09:47:07:500 queue-not-found
Context: test/vmssms : test/vmssms
28/05 09:47:07:615 queue-not-found
Context: test/vmssms : test/vmssms
28/05 09:47:07:740 queue-not-found
Context: test/vmssms : test/vmssms
28/05 09:47:07:873 queue-not-found
Context: test/vmssms : test/vmssms
28/05 09:47:08:230 queue-not-found
Context: test/vmssms : test/vmssms
28/05 09:47:08:325 queue-not-found
Context: test/vmssms : test/vmssms
28/05 09:47:08:426 queue-not-found
Context: test/vmssms : test/vmssms
28/05 09:47:08:538 queue-not-found
Context: test/vmssms : test/vmssms
28/05 09:47:08:700 queue-not-found
Context: test/vmssms : test/vmssms
28/05 09:47:09:049 queue-not-found
Context: test/vmssms : test/vmssms
28/05 09:47:09:166 queue-not-found
Context: test/vmssms : test/vmssms
28/05 09:47:09:245 queue-not-found
Context: test/vmssms : test/vmssms
28/05 09:47:09:347 queue-not-found
Context: test/vmssms : test/vmssms
28/05 09:47:09:492 queue-not-found
Context: test/vmssms : test/vmssms
28/05 09:47:09:872 queue-not-found
Context: test/vmssms : test/vmssms
28/05 09:47:09:976 queue-not-found
Context: test/vmssms : test/vmssms
28/05 09:47:10:072 queue-not-found
Context: test/vmssms : test/vmssms
28/05 09:47:10:240 queue-not-found
Context: test/vmssms : test/vmssms
28/05 09:47:10:319 queue-not-found
Context: test/vmssms : test/vmssms
28/05 09:47:10:719 queue-not-found
Context: test/vmssms : test/vmssms
28/05 09:47:10:832 queue-not-found
Context: test/vmssms : test/vmssms
28/05 09:47:10:920 queue-not-found
Context: test/vmssms : test/vmssms
28/05 09:47:11:023 queue-not-found
Context: test/vmssms : test/vmssms
28/05 09:47:11:123 queue-not-found
Context: test/vmssms : test/vmssms
28/05 09:47:11:531 queue-not-found
Context: test/vmssms : test/vmssms
28/05 09:47:11:640 queue-not-found
Context: test/vmssms : test/vmssms
28/05 09:47:11:732 queue-not-found
Context: test/vmssms : test/vmssms
28/05 09:47:11:908 queue-not-found
Context: test/vmssms : test/vmssms
28/05 09:47:11:987 queue-not-found
Context: test/vmssms : test/vmssms
28/05 09:47:12:396 queue-not-found
Context: test/vmssms : test/vmssms
28/05 09:47:12:494 queue-not-found
Context: test/vmssms : test/vmssms
28/05 09:47:12:602 queue-not-found
Context: test/vmssms : test/vmssms
28/05 09:47:12:707 queue-not-found
Context: test/vmssms : test/vmssms
28/05 09:47:12:808 queue-not-found
Context: test/vmssms : test/vmssms
28/05 09:47:13:212 queue-not-found
Context: test/vmssms : test/vmssms
28/05 09:47:13:308 queue-not-found
Context: test/vmssms : test/vmssms
28/05 09:47:13:408 queue-not-found
Context: test/vmssms : test/vmssms
28/05 09:47:13:563 queue-not-found
Context: test/vmssms : test/vmssms
28/05 09:47:13:653 queue-not-found
Context: test/vmssms : test/vmssms
28/05 09:47:14:062 queue-not-found
Context: test/vmssms : test/vmssms
28/05 09:47:14:163 queue-not-found
Context: test/vmssms : test/vmssms
28/05 09:47:14:264 queue-not-found
Context: test/vmssms : test/vmssms
28/05 09:47:14:368 queue-not-found
Context: test/vmssms : test/vmssms
28/05 09:47:14:480 queue-not-found
Context: test/vmssms : test/vmssms
28/05 09:47:14:871 queue-not-found
Context: test/vmssms : test/vmssms
28/05 09:47:14:986 queue-not-found
Context: test/vmssms : test/vmssms
28/05 09:47:15:068 queue-not-found
Context: test/vmssms : test/vmssms
28/05 09:47:15:189 queue-not-found
Context: test/vmssms : test/vmssms
28/05 09:47:15:279 queue-not-found
Context: test/vmssms : test/vmssms
28/05 09:47:15:700 queue-not-found
Context: test/vmssms : test/vmssms
28/05 09:47:15:806 queue-not-found
Context: test/vmssms : test/vmssms
28/05 09:47:15:902 queue-not-found
Context: test/vmssms : test/vmssms
28/05 09:47:16:007 queue-not-found
Context: test/vmssms : test/vmssms
28/05 09:47:16:095 queue-not-found
Context: test/vmssms : test/vmssms
28/05 09:47:16:514 queue-not-found
Context: test/vmssms : test/vmssms
28/05 09:47:16:647 queue-not-found
Context: test/vmssms : test/vmssms
28/05 09:47:16:795 queue-not-found
Context: test/vmssms : test/vmssms
28/05 09:47:16:900 queue-not-found
Context: test/vmssms : test/vmssms
28/05 09:47:16:949 queue-not-found
Context: test/vmssms : test/vmssms
28/05 09:47:17:346 queue-not-found
Context: test/vmssms : test/vmssms
28/05 09:47:17:437 queue-not-found
Context: test/vmssms : test/vmssms
28/05 09:47:17:571 queue-not-found
Context: test/vmssms : test/vmssms
28/05 09:47:17:694 queue-not-found
Context: test/vmssms : test/vmssms
28/05 09:47:17:746 queue-not-found
Context: test/vmssms : test/vmssms
28/05 09:47:18:162 queue-not-found
Context: test/vmssms : test/vmssms
28/05 09:47:18:247 queue-not-found
Context: test/vmssms : test/vmssms
28/05 09:47:18:350 queue-not-found
Context: test/vmssms : test/vmssms
28/05 09:47:18:446 queue-not-found
Context: test/vmssms : test/vmssms
28/05 09:47:18:604 queue-not-found
Context: test/vmssms : test/vmssms
28/05 09:47:18:961 queue-not-found
Context: test/vmssms : test/vmssms
28/05 09:47:19:069 queue-not-found
Context: test/vmssms : test/vmssms
28/05 09:47:19:167 queue-not-found
Context: test/vmssms : test/vmssms
28/05 09:47:19:302 queue-not-found
Context: test/vmssms : test/vmssms
28/05 09:47:19:374 queue-not-found
Context: test/vmssms : test/vmssms
28/05 09:47:19:846 queue-not-found
Context: test/vmssms : test/vmssms
28/05 09:47:19:900 queue-not-found
Context: test/vmssms : test/vmssms
28/05 09:47:20:057 queue-not-found
Context: test/vmssms : test/vmssms
28/05 09:47:20:123 queue-not-found
Context: test/vmssms : test/vmssms
28/05 09:47:20:214 queue-not-found
Context: test/vmssms : test/vmssms
28/05 09:47:20:612 queue-not-found
Context: test/vmssms : test/vmssms
28/05 09:47:20:713 queue-not-found
Context: test/vmssms : test/vmssms
28/05 09:47:20:815 queue-not-found
Context: test/vmssms : test/vmssms
28/05 09:47:20:921 queue-not-found
Context: test/vmssms : test/vmssms
28/05 09:47:21:016 queue-not-found
Context: test/vmssms : test/vmssms
28/05 09:47:21:438 queue-not-found
Context: test/vmssms : test/vmssms
28/05 09:47:21:519 queue-not-found
Context: test/vmssms : test/vmssms
28/05 09:47:21:630 queue-not-found
Context: test/vmssms : test/vmssms
28/05 09:47:21:722 queue-not-found
Context: test/vmssms : test/vmssms
28/05 09:47:21:821 queue-not-found
Context: test/vmssms : test/vmssms
28/05 09:47:22:220 queue-not-found
Context: test/vmssms : test/vmssms
28/05 09:47:22:359 queue-not-found
Context: test/vmssms : test/vmssms
28/05 09:47:22:429 queue-not-found
Context: test/vmssms : test/vmssms
28/05 09:47:22:533 queue-not-found
Context: test/vmssms : test/vmssms
28/05 09:47:22:645 queue-not-found
Context: test/vmssms : test/vmssms
28/05 09:47:23:045 queue-not-found
Context: test/vmssms : test/vmssms
28/05 09:47:23:144 queue-not-found
Context: test/vmssms : test/vmssms
28/05 09:47:23:258 queue-not-found
Context: test/vmssms : test/vmssms
28/05 09:47:23:356 queue-not-found
Context: test/vmssms : test/vmssms
28/05 09:47:23:457 queue-not-found
Context: test/vmssms : test/vmssms
28/05 09:47:23:855 queue-not-found
Context: test/vmssms : test/vmssms
28/05 09:47:23:955 queue-not-found
Context: test/vmssms : test/vmssms
28/05 09:47:24:130 queue-not-found
Context: test/vmssms : test/vmssms
28/05 09:47:24:198 queue-not-found
Context: test/vmssms : test/vmssms
28/05 09:47:24:291 queue-not-found
Context: test/vmssms : test/vmssms
28/05 09:47:24:701 queue-not-found
Context: test/vmssms : test/vmssms
28/05 09:47:24:831 queue-not-found
Context: test/vmssms : test/vmssms
28/05 09:47:24:905 queue-not-found
Context: test/vmssms : test/vmssms
28/05 09:47:25:016 queue-not-found
Context: test/vmssms : test/vmssms
28/05 09:47:25:111 queue-not-found
Context: test/vmssms : test/vmssms
28/05 09:47:25:506 queue-not-found
Context: test/vmssms : test/vmssms
28/05 09:47:25:619 queue-not-found
Context: test/vmssms : test/vmssms
28/05 09:47:25:726 queue-not-found
Context: test/vmssms : test/vmssms
28/05 09:47:25:851 queue-not-found
Context: test/vmssms : test/vmssms
28/05 09:47:25:940 queue-not-found
Context: test/vmssms : test/vmssms
28/05 09:47:26:340 queue-not-found
Context: test/vmssms : test/vmssms
28/05 09:47:26:461 queue-not-found
Context: test/vmssms : test/vmssms
28/05 09:47:26:547 queue-not-found
Context: test/vmssms : test/vmssms
28/05 09:47:26:647 queue-not-found
Context: test/vmssms : test/vmssms
28/05 09:47:26:766 queue-not-found
Context: test/vmssms : test/vmssms
28/05 09:47:27:165 queue-not-found
Context: test/vmssms : test/vmssms
28/05 09:47:27:329 queue-not-found
Context: test/vmssms : test/vmssms
28/05 09:47:27:450 queue-not-found
Context: test/vmssms : test/vmssms
28/05 09:47:27:497 queue-not-found
Context: test/vmssms : test/vmssms
28/05 09:47:27:638 queue-not-found
Context: test/vmssms : test/vmssms
28/05 09:47:28:037 queue-not-found
Context: test/vmssms : test/vmssms
28/05 09:47:28:134 queue-not-found
Context: test/vmssms : test/vmssms
28/05 09:47:28:249 queue-not-found
Context: test/vmssms : test/vmssms
28/05 09:47:28:352 queue-not-found
Context: test/vmssms : test/vmssms
28/05 09:47:28:462 queue-not-found
Context: test/vmssms : test/vmssms
28/05 09:47:28:856 queue-not-found
Context: test/vmssms : test/vmssms
28/05 09:47:28:954 queue-not-found
Context: test/vmssms : test/vmssms
28/05 09:47:29:053 queue-not-found
Context: test/vmssms : test/vmssms
28/05 09:47:29:162 queue-not-found
Context: test/vmssms : test/vmssms
28/05 09:47:29:256 queue-not-found
Context: test/vmssms : test/vmssms
28/05 09:47:29:655 queue-not-found
Context: test/vmssms : test/vmssms
28/05 09:47:29:755 queue-not-found
Context: test/vmssms : test/vmssms
28/05 09:47:29:875 queue-not-found
Context: test/vmssms : test/vmssms
28/05 09:47:29:959 queue-not-found
Context: test/vmssms : test/vmssms
28/05 09:47:30:117 queue-not-found
Context: test/vmssms : test/vmssms
28/05 09:47:30:483 queue-not-found
Context: test/vmssms : test/vmssms
28/05 09:47:30:632 queue-not-found
Context: test/vmssms : test/vmssms
28/05 09:47:30:690 queue-not-found
Context: test/vmssms : test/vmssms
28/05 09:47:30:864 queue-not-found
Context: test/vmssms : test/vmssms
28/05 09:47:30:988 queue-not-found
Context: test/vmssms : test/vmssms
28/05 09:47:31:367 queue-not-found
Context: test/vmssms : test/vmssms
28/05 09:47:31:462 queue-not-found
Context: test/vmssms : test/vmssms
28/05 09:47:31:575 queue-not-found
Context: test/vmssms : test/vmssms
28/05 09:47:31:691 queue-not-found
Context: test/vmssms : test/vmssms
28/05 09:47:31:798 queue-not-found
Context: test/vmssms : test/vmssms
28/05 09:47:32:200 queue-not-found
Context: test/vmssms : test/vmssms
28/05 09:47:32:303 queue-not-found
Context: test/vmssms : test/vmssms
28/05 09:47:32:398 queue-not-found
Context: test/vmssms : test/vmssms
28/05 09:47:32:504 queue-not-found
Context: test/vmssms : test/vmssms
28/05 09:47:32:621 queue-not-found
Context: test/vmssms : test/vmssms
28/05 09:47:33:058 queue-not-found
Context: test/vmssms : test/vmssms
28/05 09:47:33:126 queue-not-found
Context: test/vmssms : test/vmssms
28/05 09:47:33:226 queue-not-found
Context: test/vmssms : test/vmssms
28/05 09:47:33:325 queue-not-found
Context: test/vmssms : test/vmssms
28/05 09:47:33:424 queue-not-found
Context: test/vmssms : test/vmssms
28/05 09:47:33:882 queue-not-found
Context: test/vmssms : test/vmssms
28/05 09:47:33:966 queue-not-found
Context: test/vmssms : test/vmssms
28/05 09:47:34:108 queue-not-found
Context: test/vmssms : test/vmssms
28/05 09:47:34:216 queue-not-found
Context: test/vmssms : test/vmssms
28/05 09:47:34:341 queue-not-found
Context: test/vmssms : test/vmssms
28/05 09:47:34:737 queue-not-found
Context: test/vmssms : test/vmssms
28/05 09:47:34:868 queue-not-found
Context: test/vmssms : test/vmssms
28/05 09:47:34:916 queue-not-found
Context: test/vmssms : test/vmssms
28/05 09:47:35:014 queue-not-found
Context: test/vmssms : test/vmssms
28/05 09:47:35:130 queue-not-found
Context: test/vmssms : test/vmssms
28/05 09:47:35:535 queue-not-found
Context: test/vmssms : test/vmssms
28/05 09:47:35:632 queue-not-found
Context: test/vmssms : test/vmssms
28/05 09:47:35:737 queue-not-found
Context: test/vmssms : test/vmssms
28/05 09:47:35:833 queue-not-found
Context: test/vmssms : test/vmssms
28/05 09:47:35:989 queue-not-found
Context: test/vmssms : test/vmssms
28/05 09:47:36:340 queue-not-found
Context: test/vmssms : test/vmssms
28/05 09:47:36:468 queue-not-found
Context: test/vmssms : test/vmssms
28/05 09:47:36:545 queue-not-found
Context: test/vmssms : test/vmssms
28/05 09:47:36:646 queue-not-found
Context: test/vmssms : test/vmssms
28/05 09:47:36:746 queue-not-found
Context: test/vmssms : test/vmssms
28/05 09:47:37:159 queue-not-found
Context: test/vmssms : test/vmssms
28/05 09:47:37:259 queue-not-found
Context: test/vmssms : test/vmssms
28/05 09:47:37:361 queue-not-found
Context: test/vmssms : test/vmssms
28/05 09:47:37:461 queue-not-found
Context: test/vmssms : test/vmssms
28/05 09:47:37:559 queue-not-found
Context: test/vmssms : test/vmssms
28/05 09:47:37:961 queue-not-found
Context: test/vmssms : test/vmssms
28/05 09:47:38:070 queue-not-found
Context: test/vmssms : test/vmssms
28/05 09:47:38:175 queue-not-found
Context: test/vmssms : test/vmssms
28/05 09:47:38:273 queue-not-found
Context: test/vmssms : test/vmssms
28/05 09:47:38:372 queue-not-found
Context: test/vmssms : test/vmssms
28/05 09:47:38:773 queue-not-found
Context: test/vmssms : test/vmssms
28/05 09:47:38:875 queue-not-found
Context: test/vmssms : test/vmssms
28/05 09:47:38:972 queue-not-found
Context: test/vmssms : test/vmssms
28/05 09:47:39:074 queue-not-found
Context: test/vmssms : test/vmssms
28/05 09:47:39:238 queue-not-found
Context: test/vmssms : test/vmssms
28/05 09:47:39:638 queue-not-found
Context: test/vmssms : test/vmssms
28/05 09:47:39:752 queue-not-found
Context: test/vmssms : test/vmssms
28/05 09:47:39:843 queue-not-found
Context: test/vmssms : test/vmssms
28/05 09:47:39:942 queue-not-found
Context: test/vmssms : test/vmssms
28/05 09:47:40:046 queue-not-found
Context: test/vmssms : test/vmssms
28/05 09:47:40:450 queue-not-found
Context: test/vmssms : test/vmssms
28/05 09:47:40:599 queue-not-found
Context: test/vmssms : test/vmssms
28/05 09:47:40:666 queue-not-found
Context: test/vmssms : test/vmssms
28/05 09:47:40:765 queue-not-found
Context: test/vmssms : test/vmssms
28/05 09:47:40:869 queue-not-found
Context: test/vmssms : test/vmssms
28/05 09:47:41:294 queue-not-found
Context: test/vmssms : test/vmssms
28/05 09:47:41:430 queue-not-found
Context: test/vmssms : test/vmssms
28/05 09:47:41:494 queue-not-found
Context: test/vmssms : test/vmssms
28/05 09:47:41:593 queue-not-found
Context: test/vmssms : test/vmssms
28/05 09:47:41:704 queue-not-found
Context: test/vmssms : test/vmssms
28/05 09:47:42:126 queue-not-found
Context: test/vmssms : test/vmssms
28/05 09:47:42:210 queue-not-found
Context: test/vmssms : test/vmssms
28/05 09:47:42:305 queue-not-found
Context: test/vmssms : test/vmssms
28/05 09:47:42:432 queue-not-found
Context: test/vmssms : test/vmssms
28/05 09:47:42:516 queue-not-found
Context: test/vmssms : test/vmssms
28/05 09:47:42:972 queue-not-found
Context: test/vmssms : test/vmssms
28/05 09:47:43:062 queue-not-found
Context: test/vmssms : test/vmssms
28/05 09:47:43:137 queue-not-found
Context: test/vmssms : test/vmssms
28/05 09:47:43:245 queue-not-found
Context: test/vmssms : test/vmssms
28/05 09:47:43:343 queue-not-found
Context: test/vmssms : test/vmssms
28/05 09:47:43:742 queue-not-found
Context: test/vmssms : test/vmssms
28/05 09:47:43:845 queue-not-found
Context: test/vmssms : test/vmssms
28/05 09:47:43:965 queue-not-found
Context: test/vmssms : test/vmssms
28/05 09:47:44:049 queue-not-found
Context: test/vmssms : test/vmssms
28/05 09:47:44:151 queue-not-found
Context: test/vmssms : test/vmssms
28/05 09:47:44:559 queue-not-found
Context: test/vmssms : test/vmssms
28/05 09:47:44:681 queue-not-found
Context: test/vmssms : test/vmssms
28/05 09:47:44:778 queue-not-found
Context: test/vmssms : test/vmssms
28/05 09:47:44:880 queue-not-found
Context: test/vmssms : test/vmssms
28/05 09:47:44:993 queue-not-found
Context: test/vmssms : test/vmssms
28/05 09:47:45:393 queue-not-found
Context: test/vmssms : test/vmssms
28/05 09:47:45:567 queue-not-found
Context: test/vmssms : test/vmssms
28/05 09:47:45:640 queue-not-found
Context: test/vmssms : test/vmssms
28/05 09:47:45:731 queue-not-found
Context: test/vmssms : test/vmssms
28/05 09:47:45:852 queue-not-found
Context: test/vmssms : test/vmssms
28/05 09:47:46:282 queue-not-found
Context: test/vmssms : test/vmssms
28/05 09:47:46:402 queue-not-found
Context: test/vmssms : test/vmssms
28/05 09:47:46:484 queue-not-found
Context: test/vmssms : test/vmssms
28/05 09:47:46:584 queue-not-found
Context: test/vmssms : test/vmssms
28/05 09:47:46:709 queue-not-found
Context: test/vmssms : test/vmssms
28/05 09:47:47:136 queue-not-found
Context: test/vmssms : test/vmssms
28/05 09:47:47:234 queue-not-found
Context: test/vmssms : test/vmssms
28/05 09:47:47:337 queue-not-found
Context: test/vmssms : test/vmssms
28/05 09:47:47:432 queue-not-found
Context: test/vmssms : test/vmssms
28/05 09:47:47:532 queue-not-found
Context: test/vmssms : test/vmssms
28/05 09:47:47:934 queue-not-found
Context: test/vmssms : test/vmssms
28/05 09:47:48:035 queue-not-found
Context: test/vmssms : test/vmssms
28/05 09:47:48:133 queue-not-found
Context: test/vmssms : test/vmssms
28/05 09:47:48:255 queue-not-found
Context: test/vmssms : test/vmssms
28/05 09:47:48:357 queue-not-found
Context: test/vmssms : test/vmssms
28/05 09:47:48:764 queue-not-found
Context: test/vmssms : test/vmssms
28/05 09:47:48:862 queue-not-found
Context: test/vmssms : test/vmssms
28/05 09:47:48:977 queue-not-found
Context: test/vmssms : test/vmssms
28/05 09:47:49:068 queue-not-found
Context: test/vmssms : test/vmssms
28/05 09:47:49:169 queue-not-found
Context: test/vmssms : test/vmssms
28/05 09:47:49:580 queue-not-found
Context: test/vmssms : test/vmssms
28/05 09:47:49:675 queue-not-found
Context: test/vmssms : test/vmssms
28/05 09:47:49:771 queue-not-found
Context: test/vmssms : test/vmssms
28/05 09:47:49:936 queue-not-found
Context: test/vmssms : test/vmssms
28/05 09:47:50:018 queue-not-found
Context: test/vmssms : test/vmssms
28/05 09:47:50:389 queue-not-found
Context: test/vmssms : test/vmssms
28/05 09:47:50:564 queue-not-found
Context: test/vmssms : test/vmssms
28/05 09:47:50:672 queue-not-found
Context: test/vmssms : test/vmssms
28/05 09:47:50:748 queue-not-found
Context: test/vmssms : test/vmssms
28/05 09:47:50:846 queue-not-found
Context: test/vmssms : test/vmssms
28/05 09:47:51:289 queue-not-found
Context: test/vmssms : test/vmssms
28/05 09:47:51:385 queue-not-found
Context: test/vmssms : test/vmssms
28/05 09:47:51:483 queue-not-found
Context: test/vmssms : test/vmssms
28/05 09:47:51:584 queue-not-found
Context: test/vmssms : test/vmssms
28/05 09:47:51:691 queue-not-found
Context: test/vmssms : test/vmssms
28/05 09:47:52:099 queue-not-found
Context: test/vmssms : test/vmssms
28/05 09:47:52:196 queue-not-found
Context: test/vmssms : test/vmssms
28/05 09:47:52:299 queue-not-found
Context: test/vmssms : test/vmssms
28/05 09:47:52:398 queue-not-found
Context: test/vmssms : test/vmssms
28/05 09:47:52:502 queue-not-found
Context: test/vmssms : test/vmssms
28/05 09:47:52:904 queue-not-found
Context: test/vmssms : test/vmssms
28/05 09:47:52:999 queue-not-found
Context: test/vmssms : test/vmssms
28/05 09:47:53:100 queue-not-found
Context: test/vmssms : test/vmssms
28/05 09:47:53:203 queue-not-found
Context: test/vmssms : test/vmssms
28/05 09:47:53:316 queue-not-found
Context: test/vmssms : test/vmssms
28/05 09:47:53:715 queue-not-found
Context: test/vmssms : test/vmssms
28/05 09:47:53:860 queue-not-found
Context: test/vmssms : test/vmssms
28/05 09:47:53:955 queue-not-found
Context: test/vmssms : test/vmssms
28/05 09:47:54:040 queue-not-found
Context: test/vmssms : test/vmssms
28/05 09:47:54:177 queue-not-found
Context: test/vmssms : test/vmssms
28/05 09:47:54:557 queue-not-found
Context: test/vmssms : test/vmssms
28/05 09:47:54:705 queue-not-found
Context: test/vmssms : test/vmssms
28/05 09:47:54:798 queue-not-found
Context: test/vmssms : test/vmssms
28/05 09:47:54:973 queue-not-found
Context: test/vmssms : test/vmssms
28/05 09:47:55:028 queue-not-found
Context: test/vmssms : test/vmssms
28/05 09:47:55:433 queue-not-found
Context: test/vmssms : test/vmssms
28/05 09:47:55:557 queue-not-found
Context: test/vmssms : test/vmssms
28/05 09:47:55:648 queue-not-found
Context: test/vmssms : test/vmssms
28/05 09:47:55:741 queue-not-found
Context: test/vmssms : test/vmssms
28/05 09:47:55:841 queue-not-found
Context: test/vmssms : test/vmssms
28/05 09:47:56:243 queue-not-found
Context: test/vmssms : test/vmssms
28/05 09:47:56:342 queue-not-found
Context: test/vmssms : test/vmssms
28/05 09:47:56:443 queue-not-found
Context: test/vmssms : test/vmssms
28/05 09:47:56:606 queue-not-found
Context: test/vmssms : test/vmssms
28/05 09:47:56:719 queue-not-found
Context: test/vmssms : test/vmssms
28/05 09:47:57:152 queue-not-found
Context: test/vmssms : test/vmssms
28/05 09:47:57:231 queue-not-found
Context: test/vmssms : test/vmssms
28/05 09:47:57:332 queue-not-found
Context: test/vmssms : test/vmssms
28/05 09:47:57:433 queue-not-found
Context: test/vmssms : test/vmssms
28/05 09:47:57:532 queue-not-found
Context: test/vmssms : test/vmssms
28/05 09:47:57:942 queue-not-found
Context: test/vmssms : test/vmssms
28/05 09:47:58:030 queue-not-found
Context: test/vmssms : test/vmssms
28/05 09:47:58:135 queue-not-found
Context: test/vmssms : test/vmssms
28/05 09:47:58:295 queue-not-found
Context: test/vmssms : test/vmssms
28/05 09:47:58:371 queue-not-found
Context: test/vmssms : test/vmssms
28/05 09:47:58:759 queue-not-found
Context: test/vmssms : test/vmssms
28/05 09:47:58:856 queue-not-found
Context: test/vmssms : test/vmssms
28/05 09:47:58:959 queue-not-found
Context: test/vmssms : test/vmssms
28/05 09:47:59:067 queue-not-found
Context: test/vmssms : test/vmssms
28/05 09:47:59:177 queue-not-found
Context: test/vmssms : test/vmssms
28/05 09:47:59:567 queue-not-found
Context: test/vmssms : test/vmssms
28/05 09:47:59:666 queue-not-found
Context: test/vmssms : test/vmssms
28/05 09:47:59:786 queue-not-found
Context: test/vmssms : test/vmssms
28/05 09:47:59:942 queue-not-found
Context: test/vmssms : test/vmssms
28/05 09:48:00:002 queue-not-found
Context: test/vmssms : test/vmssms
28/05 09:48:00:401 queue-not-found
Context: test/vmssms : test/vmssms
28/05 09:48:00:507 queue-not-found
Context: test/vmssms : test/vmssms
28/05 09:48:00:604 queue-not-found
Context: test/vmssms : test/vmssms
28/05 09:48:00:705 queue-not-found
Context: test/vmssms : test/vmssms
28/05 09:48:00:870 queue-not-found
Context: test/vmssms : test/vmssms
28/05 09:48:01:218 queue-not-found
Context: test/vmssms : test/vmssms
28/05 09:48:01:322 queue-not-found
Context: test/vmssms : test/vmssms
28/05 09:48:01:479 queue-not-found
Context: test/vmssms : test/vmssms
28/05 09:48:01:566 queue-not-found
Context: test/vmssms : test/vmssms
28/05 09:48:01:665 queue-not-found
Context: test/vmssms : test/vmssms
28/05 09:48:02:065 queue-not-found
Context: test/vmssms : test/vmssms
28/05 09:48:02:166 queue-not-found
Context: test/vmssms : test/vmssms
28/05 09:48:02:275 queue-not-found
Context: test/vmssms : test/vmssms
28/05 09:48:02:381 queue-not-found
Context: test/vmssms : test/vmssms
28/05 09:48:02:473 queue-not-found
Context: test/vmssms : test/vmssms
28/05 09:48:02:882 queue-not-found
Context: test/vmssms : test/vmssms
28/05 09:48:02:992 queue-not-found
Context: test/vmssms : test/vmssms
28/05 09:48:03:081 queue-not-found
Context: test/vmssms : test/vmssms
28/05 09:48:03:183 queue-not-found
Context: test/vmssms : test/vmssms
28/05 09:48:03:282 queue-not-found
Context: test/vmssms : test/vmssms
28/05 09:48:03:683 queue-not-found
Context: test/vmssms : test/vmssms
28/05 09:48:03:803 queue-not-found
Context: test/vmssms : test/vmssms
28/05 09:48:03:896 queue-not-found
Context: test/vmssms : test/vmssms
28/05 09:48:04:063 queue-not-found
Context: test/vmssms : test/vmssms
28/05 09:48:04:146 queue-not-found
Context: test/vmssms : test/vmssms
28/05 09:48:04:559 queue-not-found
Context: test/vmssms : test/vmssms
28/05 09:48:04:648 queue-not-found
Context: test/vmssms : test/vmssms
28/05 09:48:04:752 queue-not-found
Context: test/vmssms : test/vmssms
28/05 09:48:04:854 queue-not-found
Context: test/vmssms : test/vmssms
28/05 09:48:04:969 queue-not-found
Context: test/vmssms : test/vmssms
28/05 09:48:05:349 queue-not-found
Context: test/vmssms : test/vmssms
28/05 09:48:05:465 queue-not-found
Context: test/vmssms : test/vmssms
28/05 09:48:05:576 queue-not-found
Context: test/vmssms : test/vmssms
28/05 09:48:05:674 queue-not-found
Context: test/vmssms : test/vmssms
28/05 09:48:05:774 queue-not-found
Context: test/vmssms : test/vmssms
28/05 09:48:06:234 queue-not-found
Context: test/vmssms : test/vmssms
28/05 09:48:06:341 queue-not-found
Context: test/vmssms : test/vmssms
28/05 09:48:06:437 queue-not-found
Context: test/vmssms : test/vmssms
28/05 09:48:06:537 queue-not-found
Context: test/vmssms : test/vmssms
28/05 09:48:06:651 queue-not-found
Context: test/vmssms : test/vmssms
28/05 09:48:07:039 queue-not-found
Context: test/vmssms : test/vmssms
28/05 09:48:07:158 queue-not-found
Context: test/vmssms : test/vmssms
28/05 09:48:07:270 queue-not-found
Context: test/vmssms : test/vmssms
28/05 09:48:07:355 queue-not-found
Context: test/vmssms : test/vmssms
28/05 09:48:07:453 queue-not-found
Context: test/vmssms : test/vmssms
28/05 09:48:07:874 queue-not-found
Context: test/vmssms : test/vmssms
28/05 09:48:07:971 queue-not-found
Context: test/vmssms : test/vmssms
28/05 09:48:08:090 queue-not-found
Context: test/vmssms : test/vmssms
28/05 09:48:08:171 queue-not-found
Context: test/vmssms : test/vmssms
28/05 09:48:08:275 queue-not-found
Context: test/vmssms : test/vmssms
28/05 09:48:08:671 queue-not-found
Context: test/vmssms : test/vmssms
28/05 09:48:08:773 queue-not-found
Context: test/vmssms : test/vmssms
28/05 09:48:08:912 queue-not-found
Context: test/vmssms : test/vmssms
28/05 09:48:09:241 queue-not-found
Context: test/vmssms : test/vmssms
28/05 09:48:09:275 queue-not-found
Context: test/vmssms : test/vmssms
28/05 09:48:09:585 queue-not-found
Context: test/vmssms : test/vmssms
28/05 09:48:09:681 queue-not-found
Context: test/vmssms : test/vmssms
28/05 09:48:09:787 queue-not-found
Context: test/vmssms : test/vmssms
28/05 09:48:09:882 queue-not-found
Context: test/vmssms : test/vmssms
28/05 09:48:09:995 queue-not-found
Context: test/vmssms : test/vmssms
28/05 09:48:10:444 queue-not-found
Context: test/vmssms : test/vmssms
28/05 09:48:10:494 queue-not-found
Context: test/vmssms : test/vmssms
28/05 09:48:10:605 queue-not-found
Context: test/vmssms : test/vmssms
28/05 09:48:10:697 queue-not-found
Context: test/vmssms : test/vmssms
28/05 09:48:10:794 queue-not-found
Context: test/vmssms : test/vmssms
28/05 09:48:11:195 queue-not-found
Context: test/vmssms : test/vmssms
28/05 09:48:11:313 queue-not-found
Context: test/vmssms : test/vmssms
28/05 09:48:11:408 queue-not-found
Context: test/vmssms : test/vmssms
28/05 09:48:11:505 queue-not-found
Context: test/vmssms : test/vmssms
28/05 09:48:11:627 queue-not-found
Context: test/vmssms : test/vmssms
28/05 09:48:12:030 queue-not-found
Context: test/vmssms : test/vmssms
28/05 09:48:12:132 queue-not-found
Context: test/vmssms : test/vmssms
28/05 09:48:12:232 queue-not-found
Context: test/vmssms : test/vmssms
28/05 09:48:12:330 queue-not-found
Context: test/vmssms : test/vmssms
28/05 09:48:12:431 queue-not-found
Context: test/vmssms : test/vmssms
28/05 09:48:12:866 queue-not-found
Context: test/vmssms : test/vmssms
28/05 09:48:12:939 queue-not-found
Context: test/vmssms : test/vmssms
28/05 09:48:13:042 queue-not-found
Context: test/vmssms : test/vmssms
28/05 09:48:13:142 queue-not-found
Context: test/vmssms : test/vmssms
28/05 09:48:13:242 queue-not-found
Context: test/vmssms : test/vmssms
28/05 09:48:13:643 queue-not-found
Context: test/vmssms : test/vmssms
28/05 09:48:13:752 queue-not-found
Context: test/vmssms : test/vmssms
28/05 09:48:13:855 queue-not-found
Context: test/vmssms : test/vmssms
28/05 09:48:13:950 queue-not-found
Context: test/vmssms : test/vmssms
28/05 09:48:14:060 queue-not-found
Context: test/vmssms : test/vmssms
28/05 09:48:14:450 queue-not-found
Context: test/vmssms : test/vmssms
28/05 09:48:14:556 queue-not-found
Context: test/vmssms : test/vmssms
28/05 09:48:14:665 queue-not-found
Context: test/vmssms : test/vmssms
28/05 09:48:14:768 queue-not-found
Context: test/vmssms : test/vmssms
28/05 09:48:14:862 queue-not-found
Context: test/vmssms : test/vmssms
28/05 09:48:15:312 queue-not-found
Context: test/vmssms : test/vmssms
28/05 09:48:15:405 queue-not-found
Context: test/vmssms : test/vmssms
28/05 09:48:15:513 queue-not-found
Context: test/vmssms : test/vmssms
28/05 09:48:15:614 queue-not-found
Context: test/vmssms : test/vmssms
28/05 09:48:15:716 queue-not-found
Context: test/vmssms : test/vmssms
28/05 09:48:16:119 queue-not-found
Context: test/vmssms : test/vmssms
28/05 09:48:16:215 queue-not-found
Context: test/vmssms : test/vmssms
28/05 09:48:16:326 queue-not-found
Context: test/vmssms : test/vmssms
28/05 09:48:16:426 queue-not-found
Context: test/vmssms : test/vmssms
28/05 09:48:16:524 queue-not-found
Context: test/vmssms : test/vmssms
28/05 09:48:16:932 queue-not-found
Context: test/vmssms : test/vmssms
28/05 09:48:17:025 queue-not-found
Context: test/vmssms : test/vmssms
28/05 09:48:17:136 queue-not-found
Context: test/vmssms : test/vmssms
28/05 09:48:17:356 queue-not-found
Context: test/vmssms : test/vmssms
28/05 09:48:17:415 queue-not-found
Context: test/vmssms : test/vmssms
28/05 09:48:17:841 queue-not-found
Context: test/vmssms : test/vmssms
28/05 09:48:17:893 queue-not-found
Context: test/vmssms : test/vmssms
28/05 09:48:18:008 queue-not-found
Context: test/vmssms : test/vmssms
28/05 09:48:18:093 queue-not-found
Context: test/vmssms : test/vmssms
28/05 09:48:18:194 queue-not-found
Context: test/vmssms : test/vmssms
28/05 09:48:18:605 queue-not-found
Context: test/vmssms : test/vmssms
28/05 09:48:18:703 queue-not-found
Context: test/vmssms : test/vmssms
28/05 09:48:18:802 queue-not-found
Context: test/vmssms : test/vmssms
28/05 09:48:18:906 queue-not-found
Context: test/vmssms : test/vmssms
28/05 09:48:19:002 queue-not-found
Context: test/vmssms : test/vmssms
28/05 09:48:19:405 queue-not-found
Context: test/vmssms : test/vmssms
28/05 09:48:19:508 queue-not-found
Context: test/vmssms : test/vmssms
28/05 09:48:19:634 queue-not-found
Context: test/vmssms : test/vmssms
28/05 09:48:19:744 queue-not-found
Context: test/vmssms : test/vmssms
28/05 09:48:19:822 queue-not-found
Context: test/vmssms : test/vmssms
28/05 09:48:20:228 queue-not-found
Context: test/vmssms : test/vmssms
28/05 09:48:20:395 queue-not-found
Context: test/vmssms : test/vmssms
28/05 09:48:20:461 queue-not-found
Context: test/vmssms : test/vmssms
28/05 09:48:20:564 queue-not-found
Context: test/vmssms : test/vmssms
28/05 09:48:20:660 queue-not-found
Context: test/vmssms : test/vmssms
28/05 09:48:21:056 queue-not-found
Context: test/vmssms : test/vmssms
28/05 09:48:21:153 queue-not-found
Context: test/vmssms : test/vmssms
28/05 09:48:21:254 queue-not-found
Context: test/vmssms : test/vmssms
28/05 09:48:21:441 queue-not-found
Context: test/vmssms : test/vmssms
28/05 09:48:21:516 queue-not-found
Context: test/vmssms : test/vmssms
28/05 09:48:21:916 queue-not-found
Context: test/vmssms : test/vmssms
28/05 09:48:22:028 queue-not-found
Context: test/vmssms : test/vmssms
28/05 09:48:22:117 queue-not-found
Context: test/vmssms : test/vmssms
28/05 09:48:22:222 queue-not-found
Context: test/vmssms : test/vmssms
28/05 09:48:22:329 queue-not-found
Context: test/vmssms : test/vmssms
28/05 09:48:22:723 queue-not-found
Context: test/vmssms : test/vmssms
28/05 09:48:22:829 queue-not-found
Context: test/vmssms : test/vmssms
28/05 09:48:22:924 queue-not-found
Context: test/vmssms : test/vmssms
28/05 09:48:23:023 queue-not-found
Context: test/vmssms : test/vmssms
28/05 09:48:23:152 queue-not-found
Context: test/vmssms : test/vmssms
28/05 09:48:23:537 queue-not-found
Context: test/vmssms : test/vmssms
28/05 09:48:23:651 queue-not-found
Context: test/vmssms : test/vmssms
28/05 09:48:23:761 queue-not-found
Context: test/vmssms : test/vmssms
28/05 09:48:23:838 queue-not-found
Context: test/vmssms : test/vmssms
28/05 09:48:23:938 queue-not-found
Context: test/vmssms : test/vmssms
28/05 09:48:24:347 queue-not-found
Context: test/vmssms : test/vmssms
28/05 09:48:24:462 queue-not-found
Context: test/vmssms : test/vmssms
28/05 09:48:24:601 queue-not-found
Context: test/vmssms : test/vmssms
28/05 09:48:24:676 queue-not-found
Context: test/vmssms : test/vmssms
28/05 09:48:24:789 queue-not-found
Context: test/vmssms : test/vmssms
28/05 09:48:25:263 queue-not-found
Context: test/vmssms : test/vmssms
28/05 09:48:25:362 queue-not-found
Context: test/vmssms : test/vmssms
28/05 09:48:25:434 queue-not-found
Context: test/vmssms : test/vmssms
28/05 09:48:25:512 queue-not-found
Context: test/vmssms : test/vmssms
28/05 09:48:25:669 queue-not-found
Context: test/vmssms : test/vmssms
28/05 09:48:26:038 queue-not-found
Context: test/vmssms : test/vmssms
28/05 09:48:26:137 queue-not-found
Context: test/vmssms : test/vmssms
28/05 09:48:26:238 queue-not-found
Context: test/vmssms : test/vmssms
28/05 09:48:26:336 queue-not-found
Context: test/vmssms : test/vmssms
28/05 09:48:26:441 queue-not-found
Context: test/vmssms : test/vmssms
28/05 09:48:26:867 queue-not-found
Context: test/vmssms : test/vmssms
28/05 09:48:26:971 queue-not-found
Context: test/vmssms : test/vmssms
28/05 09:48:27:056 queue-not-found
Context: test/vmssms : test/vmssms
28/05 09:48:27:169 queue-not-found
Context: test/vmssms : test/vmssms
28/05 09:48:27:291 queue-not-found
Context: test/vmssms : test/vmssms
28/05 09:48:27:678 queue-not-found
Context: test/vmssms : test/vmssms
28/05 09:48:27:775 queue-not-found
Context: test/vmssms : test/vmssms
28/05 09:48:27:881 queue-not-found
Context: test/vmssms : test/vmssms
28/05 09:48:28:040 queue-not-found
Context: test/vmssms : test/vmssms
28/05 09:48:28:096 queue-not-found
Context: test/vmssms : test/vmssms
28/05 09:48:28:520 queue-not-found
Context: test/vmssms : test/vmssms
28/05 09:48:28:604 queue-not-found
Context: test/vmssms : test/vmssms
28/05 09:48:28:721 queue-not-found
Context: test/vmssms : test/vmssms
28/05 09:48:28:814 queue-not-found
Context: test/vmssms : test/vmssms
28/05 09:48:28:916 queue-not-found
Context: test/vmssms : test/vmssms
28/05 09:48:29:314 queue-not-found
Context: test/vmssms : test/vmssms
28/05 09:48:29:432 queue-not-found
Context: test/vmssms : test/vmssms
28/05 09:48:29:515 queue-not-found
Context: test/vmssms : test/vmssms
28/05 09:48:29:619 queue-not-found
Context: test/vmssms : test/vmssms
28/05 09:48:29:716 queue-not-found
Context: test/vmssms : test/vmssms
28/05 09:48:30:117 queue-not-found
Context: test/vmssms : test/vmssms
28/05 09:48:30:255 queue-not-found
Context: test/vmssms : test/vmssms
28/05 09:48:30:334 queue-not-found
Context: test/vmssms : test/vmssms
28/05 09:48:30:436 queue-not-found
Context: test/vmssms : test/vmssms
28/05 09:48:30:539 queue-not-found
Context: test/vmssms : test/vmssms
28/05 09:48:30:938 queue-not-found
Context: test/vmssms : test/vmssms
28/05 09:48:31:046 queue-not-found
Context: test/vmssms : test/vmssms
28/05 09:48:31:144 queue-not-found
Context: test/vmssms : test/vmssms
28/05 09:48:31:267 queue-not-found
Context: test/vmssms : test/vmssms
28/05 09:48:31:347 queue-not-found
Context: test/vmssms : test/vmssms
28/05 09:48:31:749 queue-not-found
Context: test/vmssms : test/vmssms
28/05 09:48:31:864 queue-not-found
Context: test/vmssms : test/vmssms
28/05 09:48:31:979 queue-not-found
Context: test/vmssms : test/vmssms
28/05 09:48:32:069 queue-not-found
Context: test/vmssms : test/vmssms
28/05 09:48:32:184 queue-not-found
Context: test/vmssms : test/vmssms
28/05 09:48:32:591 queue-not-found
Context: test/vmssms : test/vmssms
28/05 09:48:32:679 queue-not-found
Context: test/vmssms : test/vmssms
28/05 09:48:32:798 queue-not-found
Context: test/vmssms : test/vmssms
28/05 09:48:32:887 queue-not-found
Context: test/vmssms : test/vmssms
28/05 09:48:32:987 queue-not-found
Context: test/vmssms : test/vmssms
28/05 09:48:33:395 queue-not-found
Context: test/vmssms : test/vmssms
28/05 09:48:33:499 queue-not-found
Context: test/vmssms : test/vmssms
28/05 09:48:33:595 queue-not-found
Context: test/vmssms : test/vmssms
28/05 09:48:33:701 queue-not-found
Context: test/vmssms : test/vmssms
28/05 09:48:33:796 queue-not-found
Context: test/vmssms : test/vmssms
28/05 09:48:34:208 queue-not-found
Context: test/vmssms : test/vmssms
28/05 09:48:34:323 queue-not-found
Context: test/vmssms : test/vmssms
28/05 09:48:34:416 queue-not-found
Context: test/vmssms : test/vmssms
28/05 09:48:34:528 queue-not-found
Context: test/vmssms : test/vmssms
28/05 09:48:34:626 queue-not-found
Context: test/vmssms : test/vmssms
28/05 09:48:35:021 queue-not-found
Context: test/vmssms : test/vmssms
28/05 09:48:35:119 queue-not-found
Context: test/vmssms : test/vmssms
28/05 09:48:35:219 queue-not-found
Context: test/vmssms : test/vmssms
28/05 09:48:35:344 queue-not-found
Context: test/vmssms : test/vmssms
28/05 09:48:35:439 queue-not-found
Context: test/vmssms : test/vmssms
28/05 09:48:35:838 queue-not-found
Context: test/vmssms : test/vmssms
28/05 09:48:35:941 queue-not-found
Context: test/vmssms : test/vmssms
28/05 09:48:36:050 queue-not-found
Context: test/vmssms : test/vmssms
28/05 09:48:36:148 queue-not-found
Context: test/vmssms : test/vmssms
28/05 09:48:36:253 queue-not-found
Context: test/vmssms : test/vmssms
28/05 09:48:36:645 queue-not-found
Context: test/vmssms : test/vmssms
28/05 09:48:36:847 queue-not-found
Context: test/vmssms : test/vmssms
28/05 09:48:36:900 queue-not-found
Context: test/vmssms : test/vmssms
28/05 09:48:36:950 queue-not-found
Context: test/vmssms : test/vmssms
28/05 09:48:37:049 queue-not-found
Context: test/vmssms : test/vmssms
28/05 09:48:37:493 queue-not-found
Context: test/vmssms : test/vmssms
28/05 09:48:37:548 queue-not-found
Context: test/vmssms : test/vmssms
28/05 09:48:37:654 queue-not-found
Context: test/vmssms : test/vmssms
28/05 09:48:37:752 queue-not-found
Context: test/vmssms : test/vmssms
28/05 09:48:37:851 queue-not-found
Context: test/vmssms : test/vmssms
28/05 09:48:38:252 queue-not-found
Context: test/vmssms : test/vmssms
28/05 09:48:38:367 queue-not-found
Context: test/vmssms : test/vmssms
28/05 09:48:38:466 queue-not-found
Context: test/vmssms : test/vmssms
28/05 09:48:38:573 queue-not-found
Context: test/vmssms : test/vmssms
28/05 09:48:38:666 queue-not-found
Context: test/vmssms : test/vmssms
28/05 09:48:39:078 queue-not-found
Context: test/vmssms : test/vmssms
28/05 09:48:39:177 queue-not-found
Context: test/vmssms : test/vmssms
28/05 09:48:39:281 queue-not-found
Context: test/vmssms : test/vmssms
28/05 09:48:39:403 queue-not-found
Context: test/vmssms : test/vmssms
28/05 09:48:39:488 queue-not-found
Context: test/vmssms : test/vmssms
28/05 09:48:39:941 queue-not-found
Context: test/vmssms : test/vmssms
28/05 09:48:39:998 queue-not-found
Context: test/vmssms : test/vmssms
28/05 09:48:40:095 queue-not-found
Context: test/vmssms : test/vmssms
28/05 09:48:40:193 queue-not-found
Context: test/vmssms : test/vmssms
28/05 09:48:40:402 queue-not-found
Context: test/vmssms : test/vmssms
28/05 09:48:40:714 queue-not-found
Context: test/vmssms : test/vmssms
28/05 09:48:40:820 queue-not-found
Context: test/vmssms : test/vmssms
28/05 09:48:40:964 queue-not-found
Context: test/vmssms : test/vmssms
28/05 09:48:41:037 queue-not-found
Context: test/vmssms : test/vmssms
28/05 09:48:41:179 queue-not-found
Context: test/vmssms : test/vmssms
28/05 09:48:41:547 queue-not-found
Context: test/vmssms : test/vmssms
28/05 09:48:41:661 queue-not-found
Context: test/vmssms : test/vmssms
28/05 09:48:41:747 queue-not-found
Context: test/vmssms : test/vmssms
28/05 09:48:41:847 queue-not-found
Context: test/vmssms : test/vmssms
28/05 09:48:41:968 queue-not-found
Context: test/vmssms : test/vmssms
28/05 09:48:42:363 queue-not-found
Context: test/vmssms : test/vmssms
28/05 09:48:42:499 queue-not-found
Context: test/vmssms : test/vmssms
28/05 09:48:42:592 queue-not-found
Context: test/vmssms : test/vmssms
28/05 09:48:42:700 queue-not-found
Context: test/vmssms : test/vmssms
28/05 09:48:42:845 queue-not-found
Context: test/vmssms : test/vmssms
28/05 09:48:43:233 queue-not-found
Context: test/vmssms : test/vmssms
28/05 09:48:43:320 queue-not-found
Context: test/vmssms : test/vmssms
28/05 09:48:43:431 queue-not-found
Context: test/vmssms : test/vmssms
28/05 09:48:43:535 queue-not-found
Context: test/vmssms : test/vmssms
28/05 09:48:43:649 queue-not-found
Context: test/vmssms : test/vmssms
28/05 09:48:44:071 queue-not-found
Context: test/vmssms : test/vmssms
28/05 09:48:44:149 queue-not-found
Context: test/vmssms : test/vmssms
28/05 09:48:44:250 queue-not-found
Context: test/vmssms : test/vmssms
28/05 09:48:44:419 queue-not-found
Context: test/vmssms : test/vmssms
28/05 09:48:44:521 queue-not-found
Context: test/vmssms : test/vmssms
28/05 09:48:44:922 queue-not-found
Context: test/vmssms : test/vmssms
28/05 09:48:45:022 queue-not-found
Context: test/vmssms : test/vmssms
28/05 09:48:45:128 queue-not-found
Context: test/vmssms : test/vmssms
28/05 09:48:45:225 queue-not-found
Context: test/vmssms : test/vmssms
28/05 09:48:45:334 queue-not-found
Context: test/vmssms : test/vmssms
28/05 09:48:45:742 queue-not-found
Context: test/vmssms : test/vmssms
28/05 09:48:45:822 queue-not-found
Context: test/vmssms : test/vmssms
28/05 09:48:45:924 queue-not-found
Context: test/vmssms : test/vmssms
28/05 09:48:46:025 queue-not-found
Context: test/vmssms : test/vmssms
28/05 09:48:46:125 queue-not-found
Context: test/vmssms : test/vmssms
28/05 09:48:46:532 queue-not-found
Context: test/vmssms : test/vmssms
28/05 09:48:46:661 queue-not-found
Context: test/vmssms : test/vmssms
28/05 09:48:46:791 queue-not-found
Context: test/vmssms : test/vmssms
28/05 09:48:46:858 queue-not-found
Context: test/vmssms : test/vmssms
28/05 09:48:46:975 queue-not-found
Context: test/vmssms : test/vmssms
28/05 09:48:47:391 queue-not-found
Context: test/vmssms : test/vmssms
28/05 09:48:47:494 queue-not-found
Context: test/vmssms : test/vmssms
28/05 09:48:47:625 queue-not-found
Context: test/vmssms : test/vmssms
28/05 09:48:47:723 queue-not-found
Context: test/vmssms : test/vmssms
28/05 09:48:47:836 queue-not-found
Context: test/vmssms : test/vmssms
28/05 09:48:48:202 queue-not-found
Context: test/vmssms : test/vmssms
28/05 09:48:48:303 queue-not-found
Context: test/vmssms : test/vmssms
28/05 09:48:48:408 queue-not-found
Context: test/vmssms : test/vmssms
28/05 09:48:48:506 queue-not-found
Context: test/vmssms : test/vmssms
28/05 09:48:48:605 queue-not-found
Context: test/vmssms : test/vmssms
28/05 09:48:49:041 queue-not-found
Context: test/vmssms : test/vmssms
28/05 09:48:49:138 queue-not-found
Context: test/vmssms : test/vmssms
28/05 09:48:49:238 queue-not-found
Context: test/vmssms : test/vmssms
28/05 09:48:49:323 queue-not-found
Context: test/vmssms : test/vmssms
28/05 09:48:49:438 queue-not-found
Context: test/vmssms : test/vmssms
28/05 09:48:49:897 queue-not-found
Context: test/vmssms : test/vmssms
28/05 09:48:50:024 queue-not-found
Context: test/vmssms : test/vmssms
28/05 09:48:50:124 queue-not-found
Context: test/vmssms : test/vmssms
28/05 09:48:50:282 queue-not-found
Context: test/vmssms : test/vmssms
28/05 09:48:50:444 queue-not-found
Context: test/vmssms : test/vmssms
28/05 09:48:50:826 queue-not-found
Context: test/vmssms : test/vmssms
28/05 09:48:50:944 queue-not-found
Context: test/vmssms : test/vmssms
28/05 09:48:51:026 queue-not-found
Context: test/vmssms : test/vmssms
28/05 09:48:51:133 queue-not-found
Context: test/vmssms : test/vmssms
28/05 09:48:51:232 queue-not-found
Context: test/vmssms : test/vmssms
28/05 09:48:51:641 queue-not-found
Context: test/vmssms : test/vmssms
28/05 09:48:51:753 queue-not-found
Context: test/vmssms : test/vmssms
28/05 09:48:51:849 queue-not-found
Context: test/vmssms : test/vmssms
28/05 09:48:51:946 queue-not-found
Context: test/vmssms : test/vmssms
28/05 09:48:52:081 queue-not-found
Context: test/vmssms : test/vmssms
28/05 09:48:52:494 queue-not-found
Context: test/vmssms : test/vmssms
28/05 09:48:52:587 queue-not-found
Context: test/vmssms : test/vmssms
28/05 09:48:52:686 queue-not-found
Context: test/vmssms : test/vmssms
28/05 09:48:52:787 queue-not-found
Context: test/vmssms : test/vmssms
28/05 09:48:52:966 queue-not-found
Context: test/vmssms : test/vmssms
28/05 09:48:53:296 queue-not-found
Context: test/vmssms : test/vmssms
28/05 09:48:53:395 queue-not-found
Context: test/vmssms : test/vmssms
28/05 09:48:53:496 queue-not-found
Context: test/vmssms : test/vmssms
28/05 09:48:53:594 queue-not-found
Context: test/vmssms : test/vmssms
28/05 09:48:53:704 queue-not-found
Context: test/vmssms : test/vmssms
28/05 09:48:54:172 queue-not-found
Context: test/vmssms : test/vmssms
28/05 09:48:54:296 queue-not-found
Context: test/vmssms : test/vmssms
28/05 09:48:54:374 queue-not-found
Context: test/vmssms : test/vmssms
28/05 09:48:54:467 queue-not-found
Context: test/vmssms : test/vmssms
28/05 09:48:54:598 queue-not-found
Context: test/vmssms : test/vmssms
28/05 09:48:55:010 queue-not-found
Context: test/vmssms : test/vmssms
28/05 09:48:55:096 queue-not-found
Context: test/vmssms : test/vmssms
28/05 09:48:55:242 queue-not-found
Context: test/vmssms : test/vmssms
28/05 09:48:55:326 queue-not-found
Context: test/vmssms : test/vmssms
28/05 09:48:55:413 queue-not-found
Context: test/vmssms : test/vmssms
28/05 09:48:55:820 queue-not-found
Context: test/vmssms : test/vmssms
28/05 09:48:55:926 queue-not-found
Context: test/vmssms : test/vmssms
28/05 09:48:56:026 queue-not-found
Context: test/vmssms : test/vmssms
28/05 09:48:56:127 queue-not-found
Context: test/vmssms : test/vmssms
28/05 09:48:56:255 queue-not-found
Context: test/vmssms : test/vmssms
28/05 09:48:56:643 queue-not-found
Context: test/vmssms : test/vmssms
28/05 09:48:56:740 queue-not-found
Context: test/vmssms : test/vmssms
28/05 09:48:56:840 queue-not-found
Context: test/vmssms : test/vmssms
28/05 09:48:56:975 queue-not-found
Context: test/vmssms : test/vmssms
28/05 09:48:57:067 queue-not-found
Context: test/vmssms : test/vmssms
28/05 09:48:57:466 queue-not-found
Context: test/vmssms : test/vmssms
28/05 09:48:57:571 queue-not-found
Context: test/vmssms : test/vmssms
28/05 09:48:57:672 queue-not-found
Context: test/vmssms : test/vmssms
28/05 09:48:57:786 queue-not-found
Context: test/vmssms : test/vmssms
28/05 09:48:57:874 queue-not-found
Context: test/vmssms : test/vmssms
28/05 09:48:58:314 queue-not-found
Context: test/vmssms : test/vmssms
28/05 09:48:58:393 queue-not-found
Context: test/vmssms : test/vmssms
28/05 09:48:58:500 queue-not-found
Context: test/vmssms : test/vmssms
28/05 09:48:58:637 queue-not-found
Context: test/vmssms : test/vmssms
28/05 09:48:58:732 queue-not-found
Context: test/vmssms : test/vmssms
28/05 09:48:59:141 queue-not-found
Context: test/vmssms : test/vmssms
28/05 09:48:59:254 queue-not-found
Context: test/vmssms : test/vmssms
28/05 09:48:59:748 queue-not-found
Context: test/vmssms : test/vmssms
28/05 09:48:59:830 queue-not-found
Context: test/vmssms : test/vmssms
28/05 09:49:00:331 queue-not-found
Context: test/vmssms : test/vmssms
28/05 09:49:00:434 queue-not-found
Context: test/vmssms : test/vmssms
28/05 09:49:00:475 queue-not-found
Context: test/vmssms : test/vmssms
28/05 09:49:00:582 queue-not-found
Context: test/vmssms : test/vmssms
28/05 09:49:00:969 queue-not-found
Context: test/vmssms : test/vmssms
28/05 09:49:01:088 queue-not-found
Context: test/vmssms : test/vmssms
28/05 09:49:01:171 queue-not-found
Context: test/vmssms : test/vmssms
28/05 09:49:01:287 queue-not-found
Context: test/vmssms : test/vmssms
28/05 09:49:01:708 queue-not-found
Context: test/vmssms : test/vmssms
28/05 09:49:01:812 queue-not-found
Context: test/vmssms : test/vmssms
28/05 09:49:01:944 queue-not-found
Context: test/vmssms : test/vmssms
28/05 09:49:02:116 queue-not-found
Context: test/vmssms : test/vmssms
28/05 09:49:02:448 queue-not-found
Context: test/vmssms : test/vmssms
28/05 09:49:02:540 queue-not-found
Context: test/vmssms : test/vmssms
28/05 09:49:02:629 queue-not-found
Context: test/vmssms : test/vmssms
28/05 09:49:02:735 queue-not-found
Context: test/vmssms : test/vmssms
28/05 09:49:02:846 queue-not-found
Context: test/vmssms : test/vmssms
28/05 09:49:02:930 queue-not-found
Context: test/vmssms : test/vmssms
28/05 09:49:03:450 queue-not-found
Context: test/vmssms : test/vmssms
28/05 09:49:03:602 queue-not-found
Context: test/vmssms : test/vmssms
28/05 09:49:03:727 queue-not-found
Context: test/vmssms : test/vmssms
28/05 09:49:03:881 queue-not-found
Context: test/vmssms : test/vmssms
28/05 09:49:04:131 queue-not-found
Context: test/vmssms : test/vmssms
28/05 09:49:09:470 queue-not-found
Context: test/vmssms : test/vmssms
28/05 09:49:11:481 queue-not-found
Context: test/vmssms : test/vmssms
28/05 09:49:11:878 queue-not-found
Context: test/vmssms : test/vmssms
28/05 09:49:12:317 queue-not-found
Context: test/vmssms : test/vmssms
28/05 09:49:12:726 queue-not-found
Context: test/vmssms : test/vmssms
28/05 09:49:13:119 queue-not-found
Context: test/vmssms : test/vmssms
28/05 09:49:13:255 queue-not-found
Context: test/vmssms : test/vmssms
28/05 09:49:13:255 queue-not-found
Context: test/vmssms : test/vmssms
28/05 09:49:13:302 queue-not-found
Context: test/vmssms : test/vmssms
28/05 09:49:13:299 queue-not-found
Context: test/vmssms : test/vmssms
28/05 09:49:13:544 queue-not-found
Context: test/vmssms : test/vmssms
28/05 09:49:13:835 queue-not-found
Context: test/vmssms : test/vmssms
28/05 09:49:13:884 queue-not-found
Context: test/vmssms : test/vmssms
28/05 09:49:14:009 queue-not-found
Context: test/vmssms : test/vmssms
28/05 09:49:14:073 queue-not-found
Context: test/vmssms : test/vmssms
28/05 09:49:14:474 queue-not-found
Context: test/vmssms : test/vmssms
28/05 09:49:14:579 queue-not-found
Context: test/vmssms : test/vmssms
28/05 09:49:14:732 queue-not-found
Context: test/vmssms : test/vmssms
28/05 09:49:14:815 queue-not-found
Context: test/vmssms : test/vmssms
28/05 09:49:14:916 queue-not-found
Context: test/vmssms : test/vmssms
28/05 09:49:15:337 queue-not-found
Context: test/vmssms : test/vmssms
28/05 09:49:15:457 queue-not-found
Context: test/vmssms : test/vmssms
28/05 09:49:15:540 queue-not-found
Context: test/vmssms : test/vmssms
28/05 09:49:15:649 queue-not-found
Context: test/vmssms : test/vmssms
28/05 09:49:15:796 queue-not-found
Context: test/vmssms : test/vmssms
28/05 09:49:16:159 queue-not-found
Context: test/vmssms : test/vmssms
28/05 09:49:16:292 queue-not-found
Context: test/vmssms : test/vmssms
28/05 09:49:16:397 queue-not-found
Context: test/vmssms : test/vmssms
28/05 09:49:16:498 queue-not-found
Context: test/vmssms : test/vmssms
28/05 09:49:16:591 queue-not-found
Context: test/vmssms : test/vmssms
28/05 09:49:17:044 queue-not-found
Context: test/vmssms : test/vmssms
28/05 09:49:17:171 queue-not-found
Context: test/vmssms : test/vmssms
28/05 09:49:17:242 queue-not-found
Context: test/vmssms : test/vmssms
28/05 09:49:17:384 queue-not-found
Context: test/vmssms : test/vmssms
28/05 09:49:17:491 queue-not-found
Context: test/vmssms : test/vmssms
28/05 09:49:17:933 queue-not-found
Context: test/vmssms : test/vmssms
28/05 09:49:18:007 queue-not-found
Context: test/vmssms : test/vmssms
28/05 09:49:18:091 queue-not-found
Context: test/vmssms : test/vmssms
28/05 09:49:18:209 queue-not-found
Context: test/vmssms : test/vmssms
28/05 09:49:18:308 queue-not-found
Context: test/vmssms : test/vmssms
28/05 09:49:18:702 queue-not-found
Context: test/vmssms : test/vmssms
28/05 09:49:18:803 queue-not-found
Context: test/vmssms : test/vmssms
28/05 09:49:18:945 queue-not-found
Context: test/vmssms : test/vmssms
28/05 09:49:19:024 queue-not-found
Context: test/vmssms : test/vmssms
28/05 09:49:19:112 queue-not-found
Context: test/vmssms : test/vmssms
28/05 09:49:19:649 queue-not-found
Context: test/vmssms : test/vmssms
28/05 09:49:19:806 queue-not-found
Context: test/vmssms : test/vmssms
28/05 09:49:19:899 queue-not-found
Context: test/vmssms : test/vmssms
28/05 09:49:19:968 queue-not-found
Context: test/vmssms : test/vmssms
28/05 09:49:20:088 queue-not-found
Context: test/vmssms : test/vmssms
28/05 09:49:20:417 queue-not-found
Context: test/vmssms : test/vmssms
28/05 09:49:20:537 queue-not-found
Context: test/vmssms : test/vmssms
28/05 09:49:20:714 queue-not-found
Context: test/vmssms : test/vmssms
28/05 09:49:20:831 queue-not-found
Context: test/vmssms : test/vmssms
28/05 09:49:20:845 queue-not-found
Context: test/vmssms : test/vmssms
28/05 09:49:21:244 queue-not-found
Context: test/vmssms : test/vmssms
28/05 09:49:21:346 queue-not-found
Context: test/vmssms : test/vmssms
28/05 09:49:21:444 queue-not-found
Context: test/vmssms : test/vmssms
28/05 09:49:21:620 queue-not-found
Context: test/vmssms : test/vmssms
28/05 09:49:21:828 queue-not-found
Context: test/vmssms : test/vmssms
28/05 09:49:22:309 queue-not-found
Context: test/vmssms : test/vmssms
28/05 09:49:22:417 queue-not-found
Context: test/vmssms : test/vmssms
28/05 09:49:22:589 queue-not-found
Context: test/vmssms : test/vmssms
28/05 09:49:22:696 queue-not-found
Context: test/vmssms : test/vmssms
28/05 09:49:22:765 queue-not-found
Context: test/vmssms : test/vmssms
28/05 09:49:23:225 queue-not-found
Context: test/vmssms : test/vmssms
28/05 09:49:23:336 queue-not-found
Context: test/vmssms : test/vmssms
28/05 09:49:23:412 queue-not-found
Context: test/vmssms : test/vmssms
28/05 09:49:23:527 queue-not-found
Context: test/vmssms : test/vmssms
28/05 09:49:23:632 queue-not-found
Context: test/vmssms : test/vmssms
28/05 09:49:24:090 queue-not-found
Context: test/vmssms : test/vmssms
28/05 09:49:24:244 queue-not-found
Context: test/vmssms : test/vmssms
28/05 09:49:24:325 queue-not-found
Context: test/vmssms : test/vmssms
28/05 09:49:24:573 queue-not-found
Context: test/vmssms : test/vmssms
28/05 09:49:24:685 queue-not-found
Context: test/vmssms : test/vmssms
28/05 09:49:25:188 queue-not-found
Context: test/vmssms : test/vmssms
28/05 09:49:25:247 queue-not-found
Context: test/vmssms : test/vmssms
28/05 09:49:25:372 queue-not-found
Context: test/vmssms : test/vmssms
28/05 09:49:25:636 queue-not-found
Context: test/vmssms : test/vmssms
28/05 09:49:25:881 queue-not-found
Context: test/vmssms : test/vmssms
28/05 09:49:27:129 queue-not-found
Context: test/vmssms : test/vmssms
28/05 09:49:27:147 queue-not-found
Context: test/vmssms : test/vmssms
28/05 09:49:27:147 queue-not-found
Context: test/vmssms : test/vmssms
28/05 09:49:27:252 queue-not-found
Context: test/vmssms : test/vmssms
28/05 09:49:27:278 queue-not-found
Context: test/vmssms : test/vmssms
28/05 09:49:27:523 queue-not-found
Context: test/vmssms : test/vmssms
28/05 09:49:27:627 queue-not-found
Context: test/vmssms : test/vmssms
28/05 09:49:27:716 queue-not-found
Context: test/vmssms : test/vmssms
28/05 09:49:27:825 queue-not-found
Context: test/vmssms : test/vmssms
28/05 09:49:27:925 queue-not-found
Context: test/vmssms : test/vmssms
28/05 09:49:28:684 queue-not-found
Context: test/vmssms : test/vmssms
28/05 09:49:28:799 queue-not-found
Context: test/vmssms : test/vmssms
28/05 09:49:28:939 queue-not-found
Context: test/vmssms : test/vmssms
28/05 09:49:29:127 queue-not-found
Context: test/vmssms : test/vmssms
28/05 09:49:29:170 queue-not-found
Context: test/vmssms : test/vmssms
28/05 09:49:29:348 queue-not-found
Context: test/vmssms : test/vmssms
28/05 09:49:29:497 queue-not-found
Context: test/vmssms : test/vmssms
28/05 09:49:29:588 queue-not-found
Context: test/vmssms : test/vmssms
28/05 09:49:29:659 queue-not-found
Context: test/vmssms : test/vmssms
28/05 09:49:29:759 queue-not-found
Context: test/vmssms : test/vmssms
28/05 09:49:30:169 queue-not-found
Context: test/vmssms : test/vmssms
28/05 09:49:30:301 queue-not-found
Context: test/vmssms : test/vmssms
28/05 09:49:30:371 queue-not-found
Context: test/vmssms : test/vmssms
28/05 09:49:30:470 queue-not-found
Context: test/vmssms : test/vmssms
28/05 09:49:30:572 queue-not-found
Context: test/vmssms : test/vmssms
28/05 09:49:30:974 queue-not-found
Context: test/vmssms : test/vmssms
28/05 09:49:31:070 queue-not-found
Context: test/vmssms : test/vmssms
28/05 09:49:31:175 queue-not-found
Context: test/vmssms : test/vmssms
28/05 09:49:31:296 queue-not-found
Context: test/vmssms : test/vmssms
28/05 09:49:31:447 queue-not-found
Context: test/vmssms : test/vmssms
28/05 09:49:31:820 queue-not-found
Context: test/vmssms : test/vmssms
28/05 09:49:31:920 queue-not-found
Context: test/vmssms : test/vmssms
28/05 09:49:32:020 queue-not-found
Context: test/vmssms : test/vmssms
28/05 09:49:32:122 queue-not-found
Context: test/vmssms : test/vmssms
28/05 09:49:32:248 queue-not-found
Context: test/vmssms : test/vmssms
28/05 09:49:32:632 queue-not-found
Context: test/vmssms : test/vmssms
28/05 09:49:32:728 queue-not-found
Context: test/vmssms : test/vmssms
28/05 09:49:32:837 queue-not-found
Context: test/vmssms : test/vmssms
28/05 09:49:32:927 queue-not-found
Context: test/vmssms : test/vmssms
28/05 09:49:33:026 queue-not-found
Context: test/vmssms : test/vmssms
28/05 09:49:33:426 queue-not-found
Context: test/vmssms : test/vmssms
28/05 09:49:33:545 queue-not-found
Context: test/vmssms : test/vmssms
28/05 09:49:33:633 queue-not-found
Context: test/vmssms : test/vmssms
28/05 09:49:33:734 queue-not-found
Context: test/vmssms : test/vmssms
28/05 09:49:33:841 queue-not-found
Context: test/vmssms : test/vmssms
28/05 09:49:34:236 queue-not-found
Context: test/vmssms : test/vmssms
28/05 09:49:34:338 queue-not-found
Context: test/vmssms : test/vmssms
28/05 09:49:34:443 queue-not-found
Context: test/vmssms : test/vmssms
28/05 09:49:34:539 queue-not-found
Context: test/vmssms : test/vmssms
28/05 09:49:34:716 queue-not-found
Context: test/vmssms : test/vmssms
28/05 09:49:35:087 queue-not-found
Context: test/vmssms : test/vmssms
28/05 09:49:35:185 queue-not-found
Context: test/vmssms : test/vmssms
28/05 09:49:35:298 queue-not-found
Context: test/vmssms : test/vmssms
28/05 09:49:35:390 queue-not-found
Context: test/vmssms : test/vmssms
28/05 09:49:35:487 queue-not-found
Context: test/vmssms : test/vmssms
28/05 09:49:35:892 queue-not-found
Context: test/vmssms : test/vmssms
28/05 09:49:35:991 queue-not-found
Context: test/vmssms : test/vmssms
28/05 09:49:36:091 queue-not-found
Context: test/vmssms : test/vmssms
28/05 09:49:36:215 queue-not-found
Context: test/vmssms : test/vmssms
28/05 09:49:36:313 queue-not-found
Context: test/vmssms : test/vmssms
28/05 09:49:36:749 queue-not-found
Context: test/vmssms : test/vmssms
28/05 09:49:36:844 queue-not-found
Context: test/vmssms : test/vmssms
28/05 09:49:36:943 queue-not-found
Context: test/vmssms : test/vmssms
28/05 09:49:37:043 queue-not-found
Context: test/vmssms : test/vmssms
28/05 09:49:37:146 queue-not-found
Context: test/vmssms : test/vmssms
28/05 09:49:37:568 queue-not-found
Context: test/vmssms : test/vmssms
28/05 09:49:37:656 queue-not-found
Context: test/vmssms : test/vmssms
28/05 09:49:37:765 queue-not-found
Context: test/vmssms : test/vmssms
28/05 09:49:37:865 queue-not-found
Context: test/vmssms : test/vmssms
28/05 09:49:37:996 queue-not-found
Context: test/vmssms : test/vmssms
28/05 09:49:38:394 queue-not-found
Context: test/vmssms : test/vmssms
28/05 09:49:38:492 queue-not-found
Context: test/vmssms : test/vmssms
28/05 09:49:38:593 queue-not-found
Context: test/vmssms : test/vmssms
28/05 09:49:38:694 queue-not-found
Context: test/vmssms : test/vmssms
28/05 09:49:38:794 queue-not-found
Context: test/vmssms : test/vmssms
28/05 09:49:39:194 queue-not-found
Context: test/vmssms : test/vmssms
28/05 09:49:39:293 queue-not-found
Context: test/vmssms : test/vmssms
28/05 09:49:39:397 queue-not-found
Context: test/vmssms : test/vmssms
28/05 09:49:39:504 queue-not-found
Context: test/vmssms : test/vmssms
28/05 09:49:39:629 queue-not-found
Context: test/vmssms : test/vmssms
28/05 09:49:40:093 queue-not-found
Context: test/vmssms : test/vmssms
28/05 09:49:40:257 queue-not-found
Context: test/vmssms : test/vmssms
28/05 09:49:40:376 queue-not-found
Context: test/vmssms : test/vmssms
28/05 09:49:40:507 queue-not-found
Context: test/vmssms : test/vmssms
28/05 09:49:40:774 queue-not-found
Context: test/vmssms : test/vmssms
28/05 09:49:41:036 queue-not-found
Context: test/vmssms : test/vmssms
28/05 09:49:41:127 queue-not-found
Context: test/vmssms : test/vmssms
28/05 09:49:41:255 queue-not-found
Context: test/vmssms : test/vmssms
28/05 09:49:41:347 queue-not-found
Context: test/vmssms : test/vmssms
28/05 09:49:41:466 queue-not-found
Context: test/vmssms : test/vmssms
28/05 09:49:41:889 queue-not-found
Context: test/vmssms : test/vmssms
28/05 09:49:41:992 queue-not-found
Context: test/vmssms : test/vmssms
28/05 09:49:42:131 queue-not-found
Context: test/vmssms : test/vmssms
28/05 09:49:42:242 queue-not-found
Context: test/vmssms : test/vmssms
28/05 09:49:42:357 queue-not-found
Context: test/vmssms : test/vmssms
28/05 09:49:42:734 queue-not-found
Context: test/vmssms : test/vmssms
28/05 09:49:42:830 queue-not-found
Context: test/vmssms : test/vmssms
28/05 09:49:42:935 queue-not-found
Context: test/vmssms : test/vmssms
28/05 09:49:43:040 queue-not-found
Context: test/vmssms : test/vmssms
28/05 09:49:43:139 queue-not-found
Context: test/vmssms : test/vmssms
28/05 09:49:43:538 queue-not-found
Context: test/vmssms : test/vmssms
28/05 09:49:43:644 queue-not-found
Context: test/vmssms : test/vmssms
28/05 09:49:43:769 queue-not-found
Context: test/vmssms : test/vmssms
28/05 09:49:43:871 queue-not-found
Context: test/vmssms : test/vmssms
28/05 09:49:44:027 queue-not-found
Context: test/vmssms : test/vmssms
28/05 09:49:44:406 queue-not-found
Context: test/vmssms : test/vmssms
28/05 09:49:44:533 queue-not-found
Context: test/vmssms : test/vmssms
28/05 09:49:44:602 queue-not-found
Context: test/vmssms : test/vmssms
28/05 09:49:44:705 queue-not-found
Context: test/vmssms : test/vmssms
28/05 09:49:44:805 queue-not-found
Context: test/vmssms : test/vmssms
28/05 09:49:45:226 queue-not-found
Context: test/vmssms : test/vmssms
28/05 09:49:45:314 queue-not-found
Context: test/vmssms : test/vmssms
28/05 09:49:45:407 queue-not-found
Context: test/vmssms : test/vmssms
28/05 09:49:45:528 queue-not-found
Context: test/vmssms : test/vmssms
28/05 09:49:45:630 queue-not-found
Context: test/vmssms : test/vmssms
28/05 09:49:46:036 queue-not-found
Context: test/vmssms : test/vmssms
28/05 09:49:46:130 queue-not-found
Context: test/vmssms : test/vmssms
28/05 09:49:46:299 queue-not-found
Context: test/vmssms : test/vmssms
28/05 09:49:46:392 queue-not-found
Context: test/vmssms : test/vmssms
28/05 09:49:46:513 queue-not-found
Context: test/vmssms : test/vmssms
28/05 09:49:46:869 queue-not-found
Context: test/vmssms : test/vmssms
28/05 09:49:46:982 queue-not-found
Context: test/vmssms : test/vmssms
28/05 09:49:47:086 queue-not-found
Context: test/vmssms : test/vmssms
28/05 09:49:47:175 queue-not-found
Context: test/vmssms : test/vmssms
28/05 09:49:47:274 queue-not-found
Context: test/vmssms : test/vmssms
28/05 09:49:47:680 queue-not-found
Context: test/vmssms : test/vmssms
28/05 09:49:47:791 queue-not-found
Context: test/vmssms : test/vmssms
28/05 09:49:47:881 queue-not-found
Context: test/vmssms : test/vmssms
28/05 09:49:47:984 queue-not-found
Context: test/vmssms : test/vmssms
28/05 09:49:48:140 queue-not-found
Context: test/vmssms : test/vmssms
28/05 09:49:48:488 queue-not-found
Context: test/vmssms : test/vmssms
28/05 09:49:48:662 queue-not-found
Context: test/vmssms : test/vmssms
28/05 09:49:48:722 queue-not-found
Context: test/vmssms : test/vmssms
28/05 09:49:48:827 queue-not-found
Context: test/vmssms : test/vmssms
28/05 09:49:48:928 queue-not-found
Context: test/vmssms : test/vmssms
28/05 09:49:49:335 queue-not-found
Context: test/vmssms : test/vmssms
28/05 09:49:49:434 queue-not-found
Context: test/vmssms : test/vmssms
28/05 09:49:49:544 queue-not-found
Context: test/vmssms : test/vmssms
28/05 09:49:49:653 queue-not-found
Context: test/vmssms : test/vmssms
28/05 09:49:49:745 queue-not-found
Context: test/vmssms : test/vmssms
28/05 09:49:50:155 queue-not-found
Context: test/vmssms : test/vmssms
28/05 09:49:50:263 queue-not-found
Context: test/vmssms : test/vmssms
28/05 09:49:50:360 queue-not-found
Context: test/vmssms : test/vmssms
28/05 09:49:50:481 queue-not-found
Context: test/vmssms : test/vmssms
28/05 09:49:50:587 queue-not-found
Context: test/vmssms : test/vmssms
28/05 09:49:50:977 queue-not-found
Context: test/vmssms : test/vmssms
28/05 09:49:51:074 queue-not-found
Context: test/vmssms : test/vmssms
28/05 09:49:51:174 queue-not-found
Context: test/vmssms : test/vmssms
28/05 09:49:51:296 queue-not-found
Context: test/vmssms : test/vmssms
28/05 09:49:51:380 queue-not-found
Context: test/vmssms : test/vmssms
28/05 09:49:51:781 queue-not-found
Context: test/vmssms : test/vmssms
28/05 09:49:51:880 queue-not-found
Context: test/vmssms : test/vmssms
28/05 09:49:51:994 queue-not-found
Context: test/vmssms : test/vmssms
28/05 09:49:52:091 queue-not-found
Context: test/vmssms : test/vmssms
28/05 09:49:52:193 queue-not-found
Context: test/vmssms : test/vmssms
28/05 09:49:52:636 queue-not-found
Context: test/vmssms : test/vmssms
28/05 09:49:52:716 queue-not-found
Context: test/vmssms : test/vmssms
28/05 09:49:52:803 queue-not-found
Context: test/vmssms : test/vmssms
28/05 09:49:52:907 queue-not-found
Context: test/vmssms : test/vmssms
28/05 09:49:53:003 queue-not-found
Context: test/vmssms : test/vmssms
28/05 09:49:53:449 queue-not-found
Context: test/vmssms : test/vmssms
28/05 09:49:53:579 queue-not-found
Context: test/vmssms : test/vmssms
28/05 09:49:53:665 queue-not-found
Context: test/vmssms : test/vmssms
28/05 09:49:53:776 queue-not-found
Context: test/vmssms : test/vmssms
28/05 09:49:53:905 queue-not-found
Context: test/vmssms : test/vmssms
28/05 09:49:54:281 queue-not-found
Context: test/vmssms : test/vmssms
28/05 09:49:54:393 queue-not-found
Context: test/vmssms : test/vmssms
28/05 09:49:54:515 queue-not-found
Context: test/vmssms : test/vmssms
28/05 09:49:54:608 queue-not-found
Context: test/vmssms : test/vmssms
28/05 09:49:54:697 queue-not-found
Context: test/vmssms : test/vmssms
28/05 09:49:55:111 queue-not-found
Context: test/vmssms : test/vmssms
28/05 09:49:55:214 queue-not-found
Context: test/vmssms : test/vmssms
28/05 09:49:55:317 queue-not-found
Context: test/vmssms : test/vmssms
28/05 09:49:55:417 queue-not-found
Context: test/vmssms : test/vmssms
28/05 09:49:55:529 queue-not-found
Context: test/vmssms : test/vmssms
28/05 09:49:55:929 queue-not-found
Context: test/vmssms : test/vmssms
28/05 09:49:56:028 queue-not-found
Context: test/vmssms : test/vmssms
28/05 09:49:56:142 queue-not-found
Context: test/vmssms : test/vmssms
28/05 09:49:56:240 queue-not-found
Context: test/vmssms : test/vmssms
28/05 09:49:56:341 queue-not-found
Context: test/vmssms : test/vmssms
28/05 09:49:56:764 queue-not-found
Context: test/vmssms : test/vmssms
28/05 09:49:56:867 queue-not-found
Context: test/vmssms : test/vmssms
28/05 09:49:57:016 queue-not-found
Context: test/vmssms : test/vmssms
28/05 09:49:57:101 queue-not-found
Context: test/vmssms : test/vmssms
28/05 09:49:57:198 queue-not-found
Context: test/vmssms : test/vmssms
28/05 09:49:57:647 queue-not-found
Context: test/vmssms : test/vmssms
28/05 09:49:57:745 queue-not-found
Context: test/vmssms : test/vmssms
28/05 09:49:57:848 queue-not-found
Context: test/vmssms : test/vmssms
28/05 09:49:57:956 queue-not-found
Context: test/vmssms : test/vmssms
28/05 09:49:58:054 queue-not-found
Context: test/vmssms : test/vmssms
28/05 09:49:58:467 queue-not-found
Context: test/vmssms : test/vmssms
28/05 09:49:58:567 queue-not-found
Context: test/vmssms : test/vmssms
28/05 09:49:58:710 queue-not-found
Context: test/vmssms : test/vmssms
28/05 09:49:58:779 queue-not-found
Context: test/vmssms : test/vmssms
28/05 09:49:58:879 queue-not-found
Context: test/vmssms : test/vmssms
28/05 09:49:59:304 queue-not-found
Context: test/vmssms : test/vmssms
28/05 09:49:59:395 queue-not-found
Context: test/vmssms : test/vmssms
28/05 09:49:59:899 End of process session
28/05 09:49:59:912 VMS Send Sms stopped
