16/07 16:02:06:107 Vinaphone OTP Request started
16/07 16:02:08:405 Testing connection ...
16/07 16:02:08:553 Testing connection are success
16/07 16:02:08:558 Starting process session
16/07 16:06:24:020 unknow-product
16/07 16:06:24:188 End of process session
16/07 16:06:35:006 Testing connection ...
16/07 16:06:35:030 Testing connection are success
16/07 16:06:35:052 Starting process session
16/07 16:09:12:764 Vinaphone OTP Request started
16/07 16:09:14:276 Testing connection ...
16/07 16:09:14:288 Testing connection are success
16/07 16:09:14:315 Starting process session
16/07 16:09:56:765 unknow-product
16/07 16:09:56:769 End of process session
16/07 16:10:07:220 Testing connection ...
16/07 16:10:07:222 Testing connection are success
16/07 16:10:07:224 Starting process session
16/07 16:10:08:872 unknow-product
16/07 16:10:08:874 End of process session
16/07 16:10:19:026 Testing connection ...
16/07 16:10:19:028 Testing connection are success
16/07 16:10:19:031 Starting process session
16/07 16:10:20:887 unknow-product
16/07 16:10:20:890 End of process session
16/07 16:10:30:995 Testing connection ...
16/07 16:10:30:998 Testing connection are success
16/07 16:10:31:000 Starting process session
16/07 16:10:59:136 unknow-product
16/07 16:10:59:158 End of process session
16/07 16:11:09:386 Testing connection ...
16/07 16:11:09:433 Testing connection are success
16/07 16:11:09:436 Starting process session
16/07 16:11:14:180 unknow-product
16/07 16:11:14:446 End of process session
16/07 16:11:24:581 Testing connection ...
16/07 16:11:24:586 Testing connection are success
16/07 16:11:24:604 Starting process session
16/07 16:11:49:171 unknow-product
16/07 16:11:49:173 End of process session
16/07 16:11:59:374 Testing connection ...
16/07 16:11:59:390 Testing connection are success
16/07 16:11:59:392 Starting process session
16/07 16:13:45:978 Vinaphone OTP Request started
16/07 16:13:47:719 Testing connection ...
16/07 16:13:47:879 Testing connection are success
16/07 16:13:47:992 Starting process session
