28/05 09:46:00:727 Vinaphone OTP Request started
28/05 09:46:04:561 Testing connection ...
28/05 09:46:04:577 Testing connection are success
28/05 09:46:04:609 Starting process session
28/05 09:48:39:286 queue-not-found
Context: test/VinaOTPRequest : test/VinaOTPRequest
28/05 09:48:39:454 queue-not-found
Context: test/VinaOTPRequest : test/VinaOTPRequest
28/05 09:48:39:536 queue-not-found
Context: test/VinaOTPRequest : test/VinaOTPRequest
28/05 09:48:39:655 queue-not-found
Context: test/VinaOTPRequest : test/VinaOTPRequest
28/05 09:48:39:779 queue-not-found
Context: test/VinaOTPRequest : test/VinaOTPRequest
28/05 09:48:39:949 queue-not-found
Context: test/VinaOTPRequest : test/VinaOTPRequest
28/05 09:48:40:016 queue-not-found
Context: test/VinaOTPRequest : test/VinaOTPRequest
28/05 09:48:40:150 queue-not-found
Context: test/VinaOTPRequest : test/VinaOTPRequest
28/05 09:48:40:284 queue-not-found
Context: test/VinaOTPRequest : test/VinaOTPRequest
28/05 09:48:40:456 queue-not-found
Context: test/VinaOTPRequest : test/VinaOTPRequest
28/05 09:48:40:514 queue-not-found
Context: test/VinaOTPRequest : test/VinaOTPRequest
28/05 09:48:40:634 queue-not-found
Context: test/VinaOTPRequest : test/VinaOTPRequest
28/05 09:48:40:767 queue-not-found
Context: test/VinaOTPRequest : test/VinaOTPRequest
28/05 09:48:40:885 queue-not-found
Context: test/VinaOTPRequest : test/VinaOTPRequest
28/05 09:48:41:020 queue-not-found
Context: test/VinaOTPRequest : test/VinaOTPRequest
28/05 09:48:41:171 queue-not-found
Context: test/VinaOTPRequest : test/VinaOTPRequest
28/05 09:48:41:303 queue-not-found
Context: test/VinaOTPRequest : test/VinaOTPRequest
28/05 09:48:41:431 queue-not-found
Context: test/VinaOTPRequest : test/VinaOTPRequest
28/05 09:48:41:571 queue-not-found
Context: test/VinaOTPRequest : test/VinaOTPRequest
28/05 09:48:41:728 queue-not-found
Context: test/VinaOTPRequest : test/VinaOTPRequest
28/05 09:48:41:820 queue-not-found
Context: test/VinaOTPRequest : test/VinaOTPRequest
28/05 09:48:41:959 queue-not-found
Context: test/VinaOTPRequest : test/VinaOTPRequest
28/05 09:48:42:087 queue-not-found
Context: test/VinaOTPRequest : test/VinaOTPRequest
28/05 09:48:42:219 queue-not-found
Context: test/VinaOTPRequest : test/VinaOTPRequest
28/05 09:48:42:338 queue-not-found
Context: test/VinaOTPRequest : test/VinaOTPRequest
28/05 09:48:42:461 queue-not-found
Context: test/VinaOTPRequest : test/VinaOTPRequest
28/05 09:48:42:605 queue-not-found
Context: test/VinaOTPRequest : test/VinaOTPRequest
28/05 09:48:42:749 queue-not-found
Context: test/VinaOTPRequest : test/VinaOTPRequest
28/05 09:48:42:920 queue-not-found
Context: test/VinaOTPRequest : test/VinaOTPRequest
28/05 09:48:43:076 queue-not-found
Context: test/VinaOTPRequest : test/VinaOTPRequest
28/05 09:48:43:150 queue-not-found
Context: test/VinaOTPRequest : test/VinaOTPRequest
28/05 09:48:43:270 queue-not-found
Context: test/VinaOTPRequest : test/VinaOTPRequest
28/05 09:48:43:415 queue-not-found
Context: test/VinaOTPRequest : test/VinaOTPRequest
28/05 09:48:43:552 queue-not-found
Context: test/VinaOTPRequest : test/VinaOTPRequest
28/05 09:48:43:682 queue-not-found
Context: test/VinaOTPRequest : test/VinaOTPRequest
28/05 09:48:43:823 queue-not-found
Context: test/VinaOTPRequest : test/VinaOTPRequest
28/05 09:48:43:956 queue-not-found
Context: test/VinaOTPRequest : test/VinaOTPRequest
28/05 09:48:44:093 queue-not-found
Context: test/VinaOTPRequest : test/VinaOTPRequest
28/05 09:48:44:233 queue-not-found
Context: test/VinaOTPRequest : test/VinaOTPRequest
28/05 09:48:44:478 queue-not-found
Context: test/VinaOTPRequest : test/VinaOTPRequest
28/05 09:48:44:593 queue-not-found
Context: test/VinaOTPRequest : test/VinaOTPRequest
28/05 09:48:44:717 queue-not-found
Context: test/VinaOTPRequest : test/VinaOTPRequest
28/05 09:48:44:856 queue-not-found
Context: test/VinaOTPRequest : test/VinaOTPRequest
28/05 09:48:44:993 queue-not-found
Context: test/VinaOTPRequest : test/VinaOTPRequest
28/05 09:48:45:113 queue-not-found
Context: test/VinaOTPRequest : test/VinaOTPRequest
28/05 09:48:45:251 queue-not-found
Context: test/VinaOTPRequest : test/VinaOTPRequest
28/05 09:48:45:388 queue-not-found
Context: test/VinaOTPRequest : test/VinaOTPRequest
28/05 09:48:45:508 queue-not-found
Context: test/VinaOTPRequest : test/VinaOTPRequest
28/05 09:48:45:629 queue-not-found
Context: test/VinaOTPRequest : test/VinaOTPRequest
28/05 09:48:45:764 queue-not-found
Context: test/VinaOTPRequest : test/VinaOTPRequest
28/05 09:48:45:896 queue-not-found
Context: test/VinaOTPRequest : test/VinaOTPRequest
28/05 09:48:46:016 queue-not-found
Context: test/VinaOTPRequest : test/VinaOTPRequest
28/05 09:48:46:143 queue-not-found
Context: test/VinaOTPRequest : test/VinaOTPRequest
28/05 09:48:46:311 queue-not-found
Context: test/VinaOTPRequest : test/VinaOTPRequest
28/05 09:48:46:480 queue-not-found
Context: test/VinaOTPRequest : test/VinaOTPRequest
28/05 09:48:46:618 queue-not-found
Context: test/VinaOTPRequest : test/VinaOTPRequest
28/05 09:48:46:804 queue-not-found
Context: test/VinaOTPRequest : test/VinaOTPRequest
28/05 09:48:46:960 queue-not-found
Context: test/VinaOTPRequest : test/VinaOTPRequest
28/05 09:48:47:089 queue-not-found
Context: test/VinaOTPRequest : test/VinaOTPRequest
28/05 09:48:47:250 queue-not-found
Context: test/VinaOTPRequest : test/VinaOTPRequest
28/05 09:48:47:392 queue-not-found
Context: test/VinaOTPRequest : test/VinaOTPRequest
28/05 09:48:47:586 queue-not-found
Context: test/VinaOTPRequest : test/VinaOTPRequest
28/05 09:48:47:676 queue-not-found
Context: test/VinaOTPRequest : test/VinaOTPRequest
28/05 09:48:47:842 queue-not-found
Context: test/VinaOTPRequest : test/VinaOTPRequest
28/05 09:48:47:959 queue-not-found
Context: test/VinaOTPRequest : test/VinaOTPRequest
28/05 09:48:48:081 queue-not-found
Context: test/VinaOTPRequest : test/VinaOTPRequest
28/05 09:48:48:202 queue-not-found
Context: test/VinaOTPRequest : test/VinaOTPRequest
28/05 09:48:48:325 queue-not-found
Context: test/VinaOTPRequest : test/VinaOTPRequest
28/05 09:48:48:448 queue-not-found
Context: test/VinaOTPRequest : test/VinaOTPRequest
28/05 09:48:48:589 queue-not-found
Context: test/VinaOTPRequest : test/VinaOTPRequest
28/05 09:48:48:682 queue-not-found
Context: test/VinaOTPRequest : test/VinaOTPRequest
28/05 09:48:48:805 queue-not-found
Context: test/VinaOTPRequest : test/VinaOTPRequest
28/05 09:48:48:925 queue-not-found
Context: test/VinaOTPRequest : test/VinaOTPRequest
28/05 09:48:49:063 queue-not-found
Context: test/VinaOTPRequest : test/VinaOTPRequest
28/05 09:48:49:205 queue-not-found
Context: test/VinaOTPRequest : test/VinaOTPRequest
28/05 09:48:49:370 queue-not-found
Context: test/VinaOTPRequest : test/VinaOTPRequest
28/05 09:48:49:504 queue-not-found
Context: test/VinaOTPRequest : test/VinaOTPRequest
28/05 09:48:49:669 queue-not-found
Context: test/VinaOTPRequest : test/VinaOTPRequest
28/05 09:48:49:767 queue-not-found
Context: test/VinaOTPRequest : test/VinaOTPRequest
28/05 09:48:49:873 queue-not-found
Context: test/VinaOTPRequest : test/VinaOTPRequest
28/05 09:48:50:005 queue-not-found
Context: test/VinaOTPRequest : test/VinaOTPRequest
28/05 09:48:50:164 queue-not-found
Context: test/VinaOTPRequest : test/VinaOTPRequest
28/05 09:48:50:379 queue-not-found
Context: test/VinaOTPRequest : test/VinaOTPRequest
28/05 09:48:50:441 queue-not-found
Context: test/VinaOTPRequest : test/VinaOTPRequest
28/05 09:48:50:579 queue-not-found
Context: test/VinaOTPRequest : test/VinaOTPRequest
28/05 09:48:50:703 queue-not-found
Context: test/VinaOTPRequest : test/VinaOTPRequest
28/05 09:48:50:830 queue-not-found
Context: test/VinaOTPRequest : test/VinaOTPRequest
28/05 09:48:50:965 queue-not-found
Context: test/VinaOTPRequest : test/VinaOTPRequest
28/05 09:48:51:081 queue-not-found
Context: test/VinaOTPRequest : test/VinaOTPRequest
28/05 09:48:51:203 queue-not-found
Context: test/VinaOTPRequest : test/VinaOTPRequest
28/05 09:48:51:324 queue-not-found
Context: test/VinaOTPRequest : test/VinaOTPRequest
28/05 09:48:51:455 queue-not-found
Context: test/VinaOTPRequest : test/VinaOTPRequest
28/05 09:48:51:554 queue-not-found
Context: test/VinaOTPRequest : test/VinaOTPRequest
28/05 09:48:51:680 queue-not-found
Context: test/VinaOTPRequest : test/VinaOTPRequest
28/05 09:48:51:827 queue-not-found
Context: test/VinaOTPRequest : test/VinaOTPRequest
28/05 09:48:51:951 queue-not-found
Context: test/VinaOTPRequest : test/VinaOTPRequest
28/05 09:48:52:081 queue-not-found
Context: test/VinaOTPRequest : test/VinaOTPRequest
28/05 09:48:52:201 queue-not-found
Context: test/VinaOTPRequest : test/VinaOTPRequest
28/05 09:48:52:334 queue-not-found
Context: test/VinaOTPRequest : test/VinaOTPRequest
28/05 09:48:52:466 queue-not-found
Context: test/VinaOTPRequest : test/VinaOTPRequest
28/05 09:48:52:605 queue-not-found
Context: test/VinaOTPRequest : test/VinaOTPRequest
28/05 09:48:52:733 queue-not-found
Context: test/VinaOTPRequest : test/VinaOTPRequest
28/05 09:48:52:896 queue-not-found
Context: test/VinaOTPRequest : test/VinaOTPRequest
28/05 09:48:53:015 queue-not-found
Context: test/VinaOTPRequest : test/VinaOTPRequest
28/05 09:48:53:142 queue-not-found
Context: test/VinaOTPRequest : test/VinaOTPRequest
28/05 09:48:53:262 queue-not-found
Context: test/VinaOTPRequest : test/VinaOTPRequest
28/05 09:48:53:390 queue-not-found
Context: test/VinaOTPRequest : test/VinaOTPRequest
28/05 09:48:53:527 queue-not-found
Context: test/VinaOTPRequest : test/VinaOTPRequest
28/05 09:48:53:648 queue-not-found
Context: test/VinaOTPRequest : test/VinaOTPRequest
28/05 09:48:53:766 queue-not-found
Context: test/VinaOTPRequest : test/VinaOTPRequest
28/05 09:48:53:887 queue-not-found
Context: test/VinaOTPRequest : test/VinaOTPRequest
28/05 09:48:54:010 queue-not-found
Context: test/VinaOTPRequest : test/VinaOTPRequest
28/05 09:48:54:182 queue-not-found
Context: test/VinaOTPRequest : test/VinaOTPRequest
28/05 09:48:54:294 queue-not-found
Context: test/VinaOTPRequest : test/VinaOTPRequest
28/05 09:48:54:414 queue-not-found
Context: test/VinaOTPRequest : test/VinaOTPRequest
28/05 09:48:54:535 queue-not-found
Context: test/VinaOTPRequest : test/VinaOTPRequest
28/05 09:48:54:659 queue-not-found
Context: test/VinaOTPRequest : test/VinaOTPRequest
28/05 09:48:54:779 queue-not-found
Context: test/VinaOTPRequest : test/VinaOTPRequest
28/05 09:48:54:907 queue-not-found
Context: test/VinaOTPRequest : test/VinaOTPRequest
28/05 09:48:55:064 queue-not-found
Context: test/VinaOTPRequest : test/VinaOTPRequest
28/05 09:48:55:240 queue-not-found
Context: test/VinaOTPRequest : test/VinaOTPRequest
28/05 09:48:55:315 queue-not-found
Context: test/VinaOTPRequest : test/VinaOTPRequest
28/05 09:48:55:453 queue-not-found
Context: test/VinaOTPRequest : test/VinaOTPRequest
28/05 09:48:55:642 queue-not-found
Context: test/VinaOTPRequest : test/VinaOTPRequest
28/05 09:48:55:778 queue-not-found
Context: test/VinaOTPRequest : test/VinaOTPRequest
28/05 09:48:55:901 queue-not-found
Context: test/VinaOTPRequest : test/VinaOTPRequest
28/05 09:48:56:021 queue-not-found
Context: test/VinaOTPRequest : test/VinaOTPRequest
28/05 09:48:56:146 queue-not-found
Context: test/VinaOTPRequest : test/VinaOTPRequest
28/05 09:48:56:287 queue-not-found
Context: test/VinaOTPRequest : test/VinaOTPRequest
28/05 09:48:56:412 queue-not-found
Context: test/VinaOTPRequest : test/VinaOTPRequest
28/05 09:48:56:533 queue-not-found
Context: test/VinaOTPRequest : test/VinaOTPRequest
28/05 09:48:56:656 queue-not-found
Context: test/VinaOTPRequest : test/VinaOTPRequest
28/05 09:48:56:784 queue-not-found
Context: test/VinaOTPRequest : test/VinaOTPRequest
28/05 09:48:56:935 queue-not-found
Context: test/VinaOTPRequest : test/VinaOTPRequest
28/05 09:48:57:076 queue-not-found
Context: test/VinaOTPRequest : test/VinaOTPRequest
28/05 09:48:57:231 queue-not-found
Context: test/VinaOTPRequest : test/VinaOTPRequest
28/05 09:48:57:362 queue-not-found
Context: test/VinaOTPRequest : test/VinaOTPRequest
28/05 09:48:57:486 queue-not-found
Context: test/VinaOTPRequest : test/VinaOTPRequest
28/05 09:48:57:643 queue-not-found
Context: test/VinaOTPRequest : test/VinaOTPRequest
28/05 09:48:57:772 queue-not-found
Context: test/VinaOTPRequest : test/VinaOTPRequest
28/05 09:48:57:910 queue-not-found
Context: test/VinaOTPRequest : test/VinaOTPRequest
28/05 09:48:58:033 queue-not-found
Context: test/VinaOTPRequest : test/VinaOTPRequest
28/05 09:48:58:182 queue-not-found
Context: test/VinaOTPRequest : test/VinaOTPRequest
28/05 09:48:58:332 queue-not-found
Context: test/VinaOTPRequest : test/VinaOTPRequest
28/05 09:48:58:456 queue-not-found
Context: test/VinaOTPRequest : test/VinaOTPRequest
28/05 09:48:58:581 queue-not-found
Context: test/VinaOTPRequest : test/VinaOTPRequest
28/05 09:48:58:713 queue-not-found
Context: test/VinaOTPRequest : test/VinaOTPRequest
28/05 09:48:58:863 queue-not-found
Context: test/VinaOTPRequest : test/VinaOTPRequest
28/05 09:48:59:004 queue-not-found
Context: test/VinaOTPRequest : test/VinaOTPRequest
28/05 09:48:59:170 queue-not-found
Context: test/VinaOTPRequest : test/VinaOTPRequest
28/05 09:48:59:399 queue-not-found
Context: test/VinaOTPRequest : test/VinaOTPRequest
28/05 09:49:00:984 queue-not-found
Context: test/VinaOTPRequest : test/VinaOTPRequest
28/05 09:49:01:126 queue-not-found
Context: test/VinaOTPRequest : test/VinaOTPRequest
28/05 09:49:01:275 queue-not-found
Context: test/VinaOTPRequest : test/VinaOTPRequest
28/05 09:49:01:442 queue-not-found
Context: test/VinaOTPRequest : test/VinaOTPRequest
28/05 09:49:01:529 queue-not-found
Context: test/VinaOTPRequest : test/VinaOTPRequest
28/05 09:49:01:651 queue-not-found
Context: test/VinaOTPRequest : test/VinaOTPRequest
28/05 09:49:01:786 queue-not-found
Context: test/VinaOTPRequest : test/VinaOTPRequest
28/05 09:49:01:914 queue-not-found
Context: test/VinaOTPRequest : test/VinaOTPRequest
28/05 09:49:02:113 queue-not-found
Context: test/VinaOTPRequest : test/VinaOTPRequest
28/05 09:49:02:242 queue-not-found
Context: test/VinaOTPRequest : test/VinaOTPRequest
28/05 09:49:02:475 queue-not-found
Context: test/VinaOTPRequest : test/VinaOTPRequest
28/05 09:49:02:600 queue-not-found
Context: test/VinaOTPRequest : test/VinaOTPRequest
28/05 09:49:02:720 queue-not-found
Context: test/VinaOTPRequest : test/VinaOTPRequest
28/05 09:49:02:853 queue-not-found
Context: test/VinaOTPRequest : test/VinaOTPRequest
28/05 09:49:03:086 queue-not-found
Context: test/VinaOTPRequest : test/VinaOTPRequest
28/05 09:49:03:227 queue-not-found
Context: test/VinaOTPRequest : test/VinaOTPRequest
28/05 09:49:03:427 queue-not-found
Context: test/VinaOTPRequest : test/VinaOTPRequest
28/05 09:49:03:560 queue-not-found
Context: test/VinaOTPRequest : test/VinaOTPRequest
28/05 09:49:03:750 queue-not-found
Context: test/VinaOTPRequest : test/VinaOTPRequest
28/05 09:49:03:882 queue-not-found
Context: test/VinaOTPRequest : test/VinaOTPRequest
28/05 09:49:04:350 queue-not-found
Context: test/VinaOTPRequest : test/VinaOTPRequest
28/05 09:49:09:431 queue-not-found
Context: test/VinaOTPRequest : test/VinaOTPRequest
28/05 09:49:11:444 queue-not-found
Context: test/VinaOTPRequest : test/VinaOTPRequest
28/05 09:49:11:587 queue-not-found
Context: test/VinaOTPRequest : test/VinaOTPRequest
28/05 09:49:11:714 queue-not-found
Context: test/VinaOTPRequest : test/VinaOTPRequest
28/05 09:49:11:837 queue-not-found
Context: test/VinaOTPRequest : test/VinaOTPRequest
28/05 09:49:11:963 queue-not-found
Context: test/VinaOTPRequest : test/VinaOTPRequest
28/05 09:49:12:088 queue-not-found
Context: test/VinaOTPRequest : test/VinaOTPRequest
28/05 09:49:12:273 queue-not-found
Context: test/VinaOTPRequest : test/VinaOTPRequest
28/05 09:49:12:344 queue-not-found
Context: test/VinaOTPRequest : test/VinaOTPRequest
28/05 09:49:12:467 queue-not-found
Context: test/VinaOTPRequest : test/VinaOTPRequest
28/05 09:49:12:590 queue-not-found
Context: test/VinaOTPRequest : test/VinaOTPRequest
28/05 09:49:12:726 queue-not-found
Context: test/VinaOTPRequest : test/VinaOTPRequest
28/05 09:49:12:851 queue-not-found
Context: test/VinaOTPRequest : test/VinaOTPRequest
28/05 09:49:12:976 queue-not-found
Context: test/VinaOTPRequest : test/VinaOTPRequest
28/05 09:49:13:103 queue-not-found
Context: test/VinaOTPRequest : test/VinaOTPRequest
28/05 09:49:13:177 queue-not-found
Context: test/VinaOTPRequest : test/VinaOTPRequest
28/05 09:49:13:237 queue-not-found
Context: test/VinaOTPRequest : test/VinaOTPRequest
28/05 09:49:13:386 queue-not-found
Context: test/VinaOTPRequest : test/VinaOTPRequest
28/05 09:49:13:570 queue-not-found
Context: test/VinaOTPRequest : test/VinaOTPRequest
28/05 09:49:13:710 queue-not-found
Context: test/VinaOTPRequest : test/VinaOTPRequest
28/05 09:49:13:967 queue-not-found
Context: test/VinaOTPRequest : test/VinaOTPRequest
28/05 09:49:14:010 queue-not-found
Context: test/VinaOTPRequest : test/VinaOTPRequest
28/05 09:49:14:105 queue-not-found
Context: test/VinaOTPRequest : test/VinaOTPRequest
28/05 09:49:14:208 queue-not-found
Context: test/VinaOTPRequest : test/VinaOTPRequest
28/05 09:49:14:328 queue-not-found
Context: test/VinaOTPRequest : test/VinaOTPRequest
28/05 09:49:14:448 queue-not-found
Context: test/VinaOTPRequest : test/VinaOTPRequest
28/05 09:49:14:577 queue-not-found
Context: test/VinaOTPRequest : test/VinaOTPRequest
28/05 09:49:14:704 queue-not-found
Context: test/VinaOTPRequest : test/VinaOTPRequest
28/05 09:49:14:836 queue-not-found
Context: test/VinaOTPRequest : test/VinaOTPRequest
28/05 09:49:14:967 queue-not-found
Context: test/VinaOTPRequest : test/VinaOTPRequest
28/05 09:49:15:121 queue-not-found
Context: test/VinaOTPRequest : test/VinaOTPRequest
28/05 09:49:15:265 queue-not-found
Context: test/VinaOTPRequest : test/VinaOTPRequest
28/05 09:49:15:362 queue-not-found
Context: test/VinaOTPRequest : test/VinaOTPRequest
28/05 09:49:15:514 queue-not-found
Context: test/VinaOTPRequest : test/VinaOTPRequest
28/05 09:49:15:634 queue-not-found
Context: test/VinaOTPRequest : test/VinaOTPRequest
28/05 09:49:15:829 queue-not-found
Context: test/VinaOTPRequest : test/VinaOTPRequest
28/05 09:49:15:953 queue-not-found
Context: test/VinaOTPRequest : test/VinaOTPRequest
28/05 09:49:16:131 queue-not-found
Context: test/VinaOTPRequest : test/VinaOTPRequest
28/05 09:49:16:193 queue-not-found
Context: test/VinaOTPRequest : test/VinaOTPRequest
28/05 09:49:16:318 queue-not-found
Context: test/VinaOTPRequest : test/VinaOTPRequest
28/05 09:49:16:448 queue-not-found
Context: test/VinaOTPRequest : test/VinaOTPRequest
28/05 09:49:16:573 queue-not-found
Context: test/VinaOTPRequest : test/VinaOTPRequest
28/05 09:49:16:711 queue-not-found
Context: test/VinaOTPRequest : test/VinaOTPRequest
28/05 09:49:16:848 queue-not-found
Context: test/VinaOTPRequest : test/VinaOTPRequest
28/05 09:49:17:028 queue-not-found
Context: test/VinaOTPRequest : test/VinaOTPRequest
28/05 09:49:17:094 queue-not-found
Context: test/VinaOTPRequest : test/VinaOTPRequest
28/05 09:49:17:242 queue-not-found
Context: test/VinaOTPRequest : test/VinaOTPRequest
28/05 09:49:17:339 queue-not-found
Context: test/VinaOTPRequest : test/VinaOTPRequest
28/05 09:49:17:521 queue-not-found
Context: test/VinaOTPRequest : test/VinaOTPRequest
28/05 09:49:17:648 queue-not-found
Context: test/VinaOTPRequest : test/VinaOTPRequest
28/05 09:49:17:769 queue-not-found
Context: test/VinaOTPRequest : test/VinaOTPRequest
28/05 09:49:17:921 queue-not-found
Context: test/VinaOTPRequest : test/VinaOTPRequest
28/05 09:49:18:046 queue-not-found
Context: test/VinaOTPRequest : test/VinaOTPRequest
28/05 09:49:18:176 queue-not-found
Context: test/VinaOTPRequest : test/VinaOTPRequest
28/05 09:49:18:317 queue-not-found
Context: test/VinaOTPRequest : test/VinaOTPRequest
28/05 09:49:18:440 queue-not-found
Context: test/VinaOTPRequest : test/VinaOTPRequest
28/05 09:49:18:560 queue-not-found
Context: test/VinaOTPRequest : test/VinaOTPRequest
28/05 09:49:18:681 queue-not-found
Context: test/VinaOTPRequest : test/VinaOTPRequest
28/05 09:49:18:817 queue-not-found
Context: test/VinaOTPRequest : test/VinaOTPRequest
28/05 09:49:19:008 queue-not-found
Context: test/VinaOTPRequest : test/VinaOTPRequest
28/05 09:49:19:143 queue-not-found
Context: test/VinaOTPRequest : test/VinaOTPRequest
28/05 09:49:19:286 queue-not-found
Context: test/VinaOTPRequest : test/VinaOTPRequest
28/05 09:49:19:440 queue-not-found
Context: test/VinaOTPRequest : test/VinaOTPRequest
28/05 09:49:19:676 queue-not-found
Context: test/VinaOTPRequest : test/VinaOTPRequest
28/05 09:49:19:738 queue-not-found
Context: test/VinaOTPRequest : test/VinaOTPRequest
28/05 09:49:19:940 queue-not-found
Context: test/VinaOTPRequest : test/VinaOTPRequest
28/05 09:49:20:124 queue-not-found
Context: test/VinaOTPRequest : test/VinaOTPRequest
28/05 09:49:20:307 queue-not-found
Context: test/VinaOTPRequest : test/VinaOTPRequest
28/05 09:49:20:450 queue-not-found
Context: test/VinaOTPRequest : test/VinaOTPRequest
28/05 09:49:20:774 queue-not-found
Context: test/VinaOTPRequest : test/VinaOTPRequest
28/05 09:49:20:806 queue-not-found
Context: test/VinaOTPRequest : test/VinaOTPRequest
28/05 09:49:20:905 queue-not-found
Context: test/VinaOTPRequest : test/VinaOTPRequest
28/05 09:49:21:041 queue-not-found
Context: test/VinaOTPRequest : test/VinaOTPRequest
28/05 09:49:21:166 queue-not-found
Context: test/VinaOTPRequest : test/VinaOTPRequest
28/05 09:49:21:279 queue-not-found
Context: test/VinaOTPRequest : test/VinaOTPRequest
28/05 09:49:21:401 queue-not-found
Context: test/VinaOTPRequest : test/VinaOTPRequest
28/05 09:49:21:566 queue-not-found
Context: test/VinaOTPRequest : test/VinaOTPRequest
28/05 09:49:21:776 queue-not-found
Context: test/VinaOTPRequest : test/VinaOTPRequest
28/05 09:49:21:917 queue-not-found
Context: test/VinaOTPRequest : test/VinaOTPRequest
28/05 09:49:22:170 queue-not-found
Context: test/VinaOTPRequest : test/VinaOTPRequest
28/05 09:49:22:170 queue-not-found
Context: test/VinaOTPRequest : test/VinaOTPRequest
28/05 09:49:22:401 queue-not-found
Context: test/VinaOTPRequest : test/VinaOTPRequest
28/05 09:49:22:462 queue-not-found
Context: test/VinaOTPRequest : test/VinaOTPRequest
28/05 09:49:22:548 queue-not-found
Context: test/VinaOTPRequest : test/VinaOTPRequest
28/05 09:49:22:710 queue-not-found
Context: test/VinaOTPRequest : test/VinaOTPRequest
28/05 09:49:22:836 queue-not-found
Context: test/VinaOTPRequest : test/VinaOTPRequest
28/05 09:49:22:967 queue-not-found
Context: test/VinaOTPRequest : test/VinaOTPRequest
28/05 09:49:23:162 queue-not-found
Context: test/VinaOTPRequest : test/VinaOTPRequest
28/05 09:49:23:301 queue-not-found
Context: test/VinaOTPRequest : test/VinaOTPRequest
28/05 09:49:23:428 queue-not-found
Context: test/VinaOTPRequest : test/VinaOTPRequest
28/05 09:49:23:583 queue-not-found
Context: test/VinaOTPRequest : test/VinaOTPRequest
28/05 09:49:23:717 queue-not-found
Context: test/VinaOTPRequest : test/VinaOTPRequest
28/05 09:49:23:969 queue-not-found
Context: test/VinaOTPRequest : test/VinaOTPRequest
28/05 09:49:24:227 queue-not-found
Context: test/VinaOTPRequest : test/VinaOTPRequest
28/05 09:49:24:374 queue-not-found
Context: test/VinaOTPRequest : test/VinaOTPRequest
28/05 09:49:24:686 queue-not-found
Context: test/VinaOTPRequest : test/VinaOTPRequest
28/05 09:49:25:121 queue-not-found
Context: test/VinaOTPRequest : test/VinaOTPRequest
28/05 09:49:25:452 queue-not-found
Context: test/VinaOTPRequest : test/VinaOTPRequest
28/05 09:49:25:992 queue-not-found
Context: test/VinaOTPRequest : test/VinaOTPRequest
28/05 09:49:27:190 queue-not-found
Context: test/VinaOTPRequest : test/VinaOTPRequest
28/05 09:49:27:349 queue-not-found
Context: test/VinaOTPRequest : test/VinaOTPRequest
28/05 09:49:27:504 queue-not-found
Context: test/VinaOTPRequest : test/VinaOTPRequest
28/05 09:49:27:629 queue-not-found
Context: test/VinaOTPRequest : test/VinaOTPRequest
28/05 09:49:27:769 queue-not-found
Context: test/VinaOTPRequest : test/VinaOTPRequest
28/05 09:49:27:889 queue-not-found
Context: test/VinaOTPRequest : test/VinaOTPRequest
28/05 09:49:28:009 queue-not-found
Context: test/VinaOTPRequest : test/VinaOTPRequest
28/05 09:49:28:150 queue-not-found
Context: test/VinaOTPRequest : test/VinaOTPRequest
28/05 09:49:28:452 queue-not-found
Context: test/VinaOTPRequest : test/VinaOTPRequest
28/05 09:49:28:843 queue-not-found
Context: test/VinaOTPRequest : test/VinaOTPRequest
28/05 09:49:29:140 queue-not-found
Context: test/VinaOTPRequest : test/VinaOTPRequest
28/05 09:49:29:326 queue-not-found
Context: test/VinaOTPRequest : test/VinaOTPRequest
28/05 09:49:29:497 queue-not-found
Context: test/VinaOTPRequest : test/VinaOTPRequest
28/05 09:49:29:647 queue-not-found
Context: test/VinaOTPRequest : test/VinaOTPRequest
28/05 09:49:29:767 queue-not-found
Context: test/VinaOTPRequest : test/VinaOTPRequest
28/05 09:49:29:887 queue-not-found
Context: test/VinaOTPRequest : test/VinaOTPRequest
28/05 09:49:30:038 queue-not-found
Context: test/VinaOTPRequest : test/VinaOTPRequest
28/05 09:49:30:126 queue-not-found
Context: test/VinaOTPRequest : test/VinaOTPRequest
28/05 09:49:30:251 queue-not-found
Context: test/VinaOTPRequest : test/VinaOTPRequest
28/05 09:49:30:375 queue-not-found
Context: test/VinaOTPRequest : test/VinaOTPRequest
28/05 09:49:30:505 queue-not-found
Context: test/VinaOTPRequest : test/VinaOTPRequest
28/05 09:49:30:632 queue-not-found
Context: test/VinaOTPRequest : test/VinaOTPRequest
28/05 09:49:30:754 queue-not-found
Context: test/VinaOTPRequest : test/VinaOTPRequest
28/05 09:49:30:875 queue-not-found
Context: test/VinaOTPRequest : test/VinaOTPRequest
28/05 09:49:30:994 queue-not-found
Context: test/VinaOTPRequest : test/VinaOTPRequest
28/05 09:49:31:113 queue-not-found
Context: test/VinaOTPRequest : test/VinaOTPRequest
28/05 09:49:31:260 queue-not-found
Context: test/VinaOTPRequest : test/VinaOTPRequest
28/05 09:49:31:354 queue-not-found
Context: test/VinaOTPRequest : test/VinaOTPRequest
28/05 09:49:31:485 queue-not-found
Context: test/VinaOTPRequest : test/VinaOTPRequest
28/05 09:49:31:612 queue-not-found
Context: test/VinaOTPRequest : test/VinaOTPRequest
28/05 09:49:31:763 queue-not-found
Context: test/VinaOTPRequest : test/VinaOTPRequest
28/05 09:49:31:882 queue-not-found
Context: test/VinaOTPRequest : test/VinaOTPRequest
28/05 09:49:32:003 queue-not-found
Context: test/VinaOTPRequest : test/VinaOTPRequest
28/05 09:49:32:125 queue-not-found
Context: test/VinaOTPRequest : test/VinaOTPRequest
28/05 09:49:32:295 queue-not-found
Context: test/VinaOTPRequest : test/VinaOTPRequest
28/05 09:49:32:453 queue-not-found
Context: test/VinaOTPRequest : test/VinaOTPRequest
28/05 09:49:32:582 queue-not-found
Context: test/VinaOTPRequest : test/VinaOTPRequest
28/05 09:49:32:701 queue-not-found
Context: test/VinaOTPRequest : test/VinaOTPRequest
28/05 09:49:32:837 queue-not-found
Context: test/VinaOTPRequest : test/VinaOTPRequest
28/05 09:49:32:964 queue-not-found
Context: test/VinaOTPRequest : test/VinaOTPRequest
28/05 09:49:33:088 queue-not-found
Context: test/VinaOTPRequest : test/VinaOTPRequest
28/05 09:49:33:221 queue-not-found
Context: test/VinaOTPRequest : test/VinaOTPRequest
28/05 09:49:33:350 queue-not-found
Context: test/VinaOTPRequest : test/VinaOTPRequest
28/05 09:49:33:480 queue-not-found
Context: test/VinaOTPRequest : test/VinaOTPRequest
28/05 09:49:33:599 queue-not-found
Context: test/VinaOTPRequest : test/VinaOTPRequest
28/05 09:49:33:717 queue-not-found
Context: test/VinaOTPRequest : test/VinaOTPRequest
28/05 09:49:33:841 queue-not-found
Context: test/VinaOTPRequest : test/VinaOTPRequest
28/05 09:49:33:960 queue-not-found
Context: test/VinaOTPRequest : test/VinaOTPRequest
28/05 09:49:34:088 queue-not-found
Context: test/VinaOTPRequest : test/VinaOTPRequest
28/05 09:49:34:217 queue-not-found
Context: test/VinaOTPRequest : test/VinaOTPRequest
28/05 09:49:34:344 queue-not-found
Context: test/VinaOTPRequest : test/VinaOTPRequest
28/05 09:49:34:470 queue-not-found
Context: test/VinaOTPRequest : test/VinaOTPRequest
28/05 09:49:34:592 queue-not-found
Context: test/VinaOTPRequest : test/VinaOTPRequest
28/05 09:49:34:878 queue-not-found
Context: test/VinaOTPRequest : test/VinaOTPRequest
28/05 09:49:34:930 queue-not-found
Context: test/VinaOTPRequest : test/VinaOTPRequest
28/05 09:49:34:999 queue-not-found
Context: test/VinaOTPRequest : test/VinaOTPRequest
28/05 09:49:35:119 queue-not-found
Context: test/VinaOTPRequest : test/VinaOTPRequest
28/05 09:49:35:252 queue-not-found
Context: test/VinaOTPRequest : test/VinaOTPRequest
28/05 09:49:35:382 queue-not-found
Context: test/VinaOTPRequest : test/VinaOTPRequest
28/05 09:49:35:508 queue-not-found
Context: test/VinaOTPRequest : test/VinaOTPRequest
28/05 09:49:35:631 queue-not-found
Context: test/VinaOTPRequest : test/VinaOTPRequest
28/05 09:49:35:756 queue-not-found
Context: test/VinaOTPRequest : test/VinaOTPRequest
28/05 09:49:35:875 queue-not-found
Context: test/VinaOTPRequest : test/VinaOTPRequest
28/05 09:49:35:996 queue-not-found
Context: test/VinaOTPRequest : test/VinaOTPRequest
28/05 09:49:36:118 queue-not-found
Context: test/VinaOTPRequest : test/VinaOTPRequest
28/05 09:49:36:242 queue-not-found
Context: test/VinaOTPRequest : test/VinaOTPRequest
28/05 09:49:36:377 queue-not-found
Context: test/VinaOTPRequest : test/VinaOTPRequest
28/05 09:49:36:496 queue-not-found
Context: test/VinaOTPRequest : test/VinaOTPRequest
28/05 09:49:36:676 queue-not-found
Context: test/VinaOTPRequest : test/VinaOTPRequest
28/05 09:49:36:799 queue-not-found
Context: test/VinaOTPRequest : test/VinaOTPRequest
28/05 09:49:36:919 queue-not-found
Context: test/VinaOTPRequest : test/VinaOTPRequest
28/05 09:49:37:038 queue-not-found
Context: test/VinaOTPRequest : test/VinaOTPRequest
28/05 09:49:37:159 queue-not-found
Context: test/VinaOTPRequest : test/VinaOTPRequest
28/05 09:49:37:280 queue-not-found
Context: test/VinaOTPRequest : test/VinaOTPRequest
28/05 09:49:37:430 queue-not-found
Context: test/VinaOTPRequest : test/VinaOTPRequest
28/05 09:49:37:533 queue-not-found
Context: test/VinaOTPRequest : test/VinaOTPRequest
28/05 09:49:37:629 queue-not-found
Context: test/VinaOTPRequest : test/VinaOTPRequest
28/05 09:49:37:757 queue-not-found
Context: test/VinaOTPRequest : test/VinaOTPRequest
28/05 09:49:37:879 queue-not-found
Context: test/VinaOTPRequest : test/VinaOTPRequest
28/05 09:49:38:010 queue-not-found
Context: test/VinaOTPRequest : test/VinaOTPRequest
28/05 09:49:38:160 queue-not-found
Context: test/VinaOTPRequest : test/VinaOTPRequest
28/05 09:49:38:302 queue-not-found
Context: test/VinaOTPRequest : test/VinaOTPRequest
28/05 09:49:38:423 queue-not-found
Context: test/VinaOTPRequest : test/VinaOTPRequest
28/05 09:49:38:546 queue-not-found
Context: test/VinaOTPRequest : test/VinaOTPRequest
28/05 09:49:38:669 queue-not-found
Context: test/VinaOTPRequest : test/VinaOTPRequest
28/05 09:49:38:794 queue-not-found
Context: test/VinaOTPRequest : test/VinaOTPRequest
28/05 09:49:39:008 queue-not-found
Context: test/VinaOTPRequest : test/VinaOTPRequest
28/05 09:49:39:078 queue-not-found
Context: test/VinaOTPRequest : test/VinaOTPRequest
28/05 09:49:39:213 queue-not-found
Context: test/VinaOTPRequest : test/VinaOTPRequest
28/05 09:49:39:348 queue-not-found
Context: test/VinaOTPRequest : test/VinaOTPRequest
28/05 09:49:39:476 queue-not-found
Context: test/VinaOTPRequest : test/VinaOTPRequest
28/05 09:49:39:609 queue-not-found
Context: test/VinaOTPRequest : test/VinaOTPRequest
28/05 09:49:39:760 queue-not-found
Context: test/VinaOTPRequest : test/VinaOTPRequest
28/05 09:49:39:925 queue-not-found
Context: test/VinaOTPRequest : test/VinaOTPRequest
28/05 09:49:40:176 queue-not-found
Context: test/VinaOTPRequest : test/VinaOTPRequest
28/05 09:49:40:351 queue-not-found
Context: test/VinaOTPRequest : test/VinaOTPRequest
28/05 09:49:40:488 queue-not-found
Context: test/VinaOTPRequest : test/VinaOTPRequest
28/05 09:49:40:731 queue-not-found
Context: test/VinaOTPRequest : test/VinaOTPRequest
28/05 09:49:40:904 queue-not-found
Context: test/VinaOTPRequest : test/VinaOTPRequest
28/05 09:49:41:053 queue-not-found
Context: test/VinaOTPRequest : test/VinaOTPRequest
28/05 09:49:41:232 queue-not-found
Context: test/VinaOTPRequest : test/VinaOTPRequest
28/05 09:49:41:369 queue-not-found
Context: test/VinaOTPRequest : test/VinaOTPRequest
28/05 09:49:41:503 queue-not-found
Context: test/VinaOTPRequest : test/VinaOTPRequest
28/05 09:49:41:694 queue-not-found
Context: test/VinaOTPRequest : test/VinaOTPRequest
28/05 09:49:41:830 queue-not-found
Context: test/VinaOTPRequest : test/VinaOTPRequest
28/05 09:49:41:961 queue-not-found
Context: test/VinaOTPRequest : test/VinaOTPRequest
28/05 09:49:42:145 queue-not-found
Context: test/VinaOTPRequest : test/VinaOTPRequest
28/05 09:49:42:314 queue-not-found
Context: test/VinaOTPRequest : test/VinaOTPRequest
28/05 09:49:42:469 queue-not-found
Context: test/VinaOTPRequest : test/VinaOTPRequest
28/05 09:49:42:595 queue-not-found
Context: test/VinaOTPRequest : test/VinaOTPRequest
28/05 09:49:42:719 queue-not-found
Context: test/VinaOTPRequest : test/VinaOTPRequest
28/05 09:49:42:846 queue-not-found
Context: test/VinaOTPRequest : test/VinaOTPRequest
28/05 09:49:42:976 queue-not-found
Context: test/VinaOTPRequest : test/VinaOTPRequest
28/05 09:49:43:096 queue-not-found
Context: test/VinaOTPRequest : test/VinaOTPRequest
28/05 09:49:43:253 queue-not-found
Context: test/VinaOTPRequest : test/VinaOTPRequest
28/05 09:49:43:368 queue-not-found
Context: test/VinaOTPRequest : test/VinaOTPRequest
28/05 09:49:43:495 queue-not-found
Context: test/VinaOTPRequest : test/VinaOTPRequest
28/05 09:49:43:615 queue-not-found
Context: test/VinaOTPRequest : test/VinaOTPRequest
28/05 09:49:43:753 queue-not-found
Context: test/VinaOTPRequest : test/VinaOTPRequest
28/05 09:49:43:896 queue-not-found
Context: test/VinaOTPRequest : test/VinaOTPRequest
28/05 09:49:44:050 queue-not-found
Context: test/VinaOTPRequest : test/VinaOTPRequest
28/05 09:49:44:176 queue-not-found
Context: test/VinaOTPRequest : test/VinaOTPRequest
28/05 09:49:44:307 queue-not-found
Context: test/VinaOTPRequest : test/VinaOTPRequest
28/05 09:49:44:432 queue-not-found
Context: test/VinaOTPRequest : test/VinaOTPRequest
28/05 09:49:44:565 queue-not-found
Context: test/VinaOTPRequest : test/VinaOTPRequest
28/05 09:49:44:689 queue-not-found
Context: test/VinaOTPRequest : test/VinaOTPRequest
28/05 09:49:44:812 queue-not-found
Context: test/VinaOTPRequest : test/VinaOTPRequest
28/05 09:49:44:943 queue-not-found
Context: test/VinaOTPRequest : test/VinaOTPRequest
28/05 09:49:45:074 queue-not-found
Context: test/VinaOTPRequest : test/VinaOTPRequest
28/05 09:49:45:227 queue-not-found
Context: test/VinaOTPRequest : test/VinaOTPRequest
28/05 09:49:45:354 queue-not-found
Context: test/VinaOTPRequest : test/VinaOTPRequest
28/05 09:49:45:496 queue-not-found
Context: test/VinaOTPRequest : test/VinaOTPRequest
28/05 09:49:45:616 queue-not-found
Context: test/VinaOTPRequest : test/VinaOTPRequest
28/05 09:49:45:767 queue-not-found
Context: test/VinaOTPRequest : test/VinaOTPRequest
28/05 09:49:45:901 queue-not-found
Context: test/VinaOTPRequest : test/VinaOTPRequest
28/05 09:49:46:021 queue-not-found
Context: test/VinaOTPRequest : test/VinaOTPRequest
28/05 09:49:46:144 queue-not-found
Context: test/VinaOTPRequest : test/VinaOTPRequest
28/05 09:49:46:321 queue-not-found
Context: test/VinaOTPRequest : test/VinaOTPRequest
28/05 09:49:46:527 queue-not-found
Context: test/VinaOTPRequest : test/VinaOTPRequest
28/05 09:49:46:656 queue-not-found
Context: test/VinaOTPRequest : test/VinaOTPRequest
28/05 09:49:46:783 queue-not-found
Context: test/VinaOTPRequest : test/VinaOTPRequest
28/05 09:49:46:904 queue-not-found
Context: test/VinaOTPRequest : test/VinaOTPRequest
28/05 09:49:47:038 queue-not-found
Context: test/VinaOTPRequest : test/VinaOTPRequest
28/05 09:49:47:160 queue-not-found
Context: test/VinaOTPRequest : test/VinaOTPRequest
28/05 09:49:47:289 queue-not-found
Context: test/VinaOTPRequest : test/VinaOTPRequest
28/05 09:49:47:466 queue-not-found
Context: test/VinaOTPRequest : test/VinaOTPRequest
28/05 09:49:47:568 queue-not-found
Context: test/VinaOTPRequest : test/VinaOTPRequest
28/05 09:49:47:707 queue-not-found
Context: test/VinaOTPRequest : test/VinaOTPRequest
28/05 09:49:47:830 queue-not-found
Context: test/VinaOTPRequest : test/VinaOTPRequest
28/05 09:49:47:983 queue-not-found
Context: test/VinaOTPRequest : test/VinaOTPRequest
28/05 09:49:48:123 queue-not-found
Context: test/VinaOTPRequest : test/VinaOTPRequest
28/05 09:49:48:250 queue-not-found
Context: test/VinaOTPRequest : test/VinaOTPRequest
28/05 09:49:48:370 queue-not-found
Context: test/VinaOTPRequest : test/VinaOTPRequest
28/05 09:49:48:491 queue-not-found
Context: test/VinaOTPRequest : test/VinaOTPRequest
28/05 09:49:48:643 queue-not-found
Context: test/VinaOTPRequest : test/VinaOTPRequest
28/05 09:49:48:762 queue-not-found
Context: test/VinaOTPRequest : test/VinaOTPRequest
28/05 09:49:48:883 queue-not-found
Context: test/VinaOTPRequest : test/VinaOTPRequest
28/05 09:49:49:003 queue-not-found
Context: test/VinaOTPRequest : test/VinaOTPRequest
28/05 09:49:49:123 queue-not-found
Context: test/VinaOTPRequest : test/VinaOTPRequest
28/05 09:49:49:266 queue-not-found
Context: test/VinaOTPRequest : test/VinaOTPRequest
28/05 09:49:49:398 queue-not-found
Context: test/VinaOTPRequest : test/VinaOTPRequest
28/05 09:49:49:526 queue-not-found
Context: test/VinaOTPRequest : test/VinaOTPRequest
28/05 09:49:49:730 queue-not-found
Context: test/VinaOTPRequest : test/VinaOTPRequest
28/05 09:49:49:814 queue-not-found
Context: test/VinaOTPRequest : test/VinaOTPRequest
28/05 09:49:49:934 queue-not-found
Context: test/VinaOTPRequest : test/VinaOTPRequest
28/05 09:49:50:063 queue-not-found
Context: test/VinaOTPRequest : test/VinaOTPRequest
28/05 09:49:50:184 queue-not-found
Context: test/VinaOTPRequest : test/VinaOTPRequest
28/05 09:49:50:324 queue-not-found
Context: test/VinaOTPRequest : test/VinaOTPRequest
28/05 09:49:50:495 queue-not-found
Context: test/VinaOTPRequest : test/VinaOTPRequest
28/05 09:49:50:617 queue-not-found
Context: test/VinaOTPRequest : test/VinaOTPRequest
28/05 09:49:50:683 queue-not-found
Context: test/VinaOTPRequest : test/VinaOTPRequest
28/05 09:49:50:804 queue-not-found
Context: test/VinaOTPRequest : test/VinaOTPRequest
28/05 09:49:50:924 queue-not-found
Context: test/VinaOTPRequest : test/VinaOTPRequest
28/05 09:49:51:044 queue-not-found
Context: test/VinaOTPRequest : test/VinaOTPRequest
28/05 09:49:51:164 queue-not-found
Context: test/VinaOTPRequest : test/VinaOTPRequest
28/05 09:49:51:312 queue-not-found
Context: test/VinaOTPRequest : test/VinaOTPRequest
28/05 09:49:51:402 queue-not-found
Context: test/VinaOTPRequest : test/VinaOTPRequest
28/05 09:49:51:554 queue-not-found
Context: test/VinaOTPRequest : test/VinaOTPRequest
28/05 09:49:51:670 queue-not-found
Context: test/VinaOTPRequest : test/VinaOTPRequest
28/05 09:49:51:791 queue-not-found
Context: test/VinaOTPRequest : test/VinaOTPRequest
28/05 09:49:51:911 queue-not-found
Context: test/VinaOTPRequest : test/VinaOTPRequest
28/05 09:49:52:032 queue-not-found
Context: test/VinaOTPRequest : test/VinaOTPRequest
28/05 09:49:52:151 queue-not-found
Context: test/VinaOTPRequest : test/VinaOTPRequest
28/05 09:49:52:277 queue-not-found
Context: test/VinaOTPRequest : test/VinaOTPRequest
28/05 09:49:52:418 queue-not-found
Context: test/VinaOTPRequest : test/VinaOTPRequest
28/05 09:49:52:592 queue-not-found
Context: test/VinaOTPRequest : test/VinaOTPRequest
28/05 09:49:52:689 queue-not-found
Context: test/VinaOTPRequest : test/VinaOTPRequest
28/05 09:49:52:811 queue-not-found
Context: test/VinaOTPRequest : test/VinaOTPRequest
28/05 09:49:52:930 queue-not-found
Context: test/VinaOTPRequest : test/VinaOTPRequest
28/05 09:49:53:050 queue-not-found
Context: test/VinaOTPRequest : test/VinaOTPRequest
28/05 09:49:53:171 queue-not-found
Context: test/VinaOTPRequest : test/VinaOTPRequest
28/05 09:49:53:292 queue-not-found
Context: test/VinaOTPRequest : test/VinaOTPRequest
28/05 09:49:53:429 queue-not-found
Context: test/VinaOTPRequest : test/VinaOTPRequest
28/05 09:49:53:572 queue-not-found
Context: test/VinaOTPRequest : test/VinaOTPRequest
28/05 09:49:53:714 queue-not-found
Context: test/VinaOTPRequest : test/VinaOTPRequest
28/05 09:49:53:804 queue-not-found
Context: test/VinaOTPRequest : test/VinaOTPRequest
28/05 09:49:53:951 queue-not-found
Context: test/VinaOTPRequest : test/VinaOTPRequest
28/05 09:49:54:066 queue-not-found
Context: test/VinaOTPRequest : test/VinaOTPRequest
28/05 09:49:54:186 queue-not-found
Context: test/VinaOTPRequest : test/VinaOTPRequest
28/05 09:49:54:307 queue-not-found
Context: test/VinaOTPRequest : test/VinaOTPRequest
28/05 09:49:54:479 queue-not-found
Context: test/VinaOTPRequest : test/VinaOTPRequest
28/05 09:49:54:573 queue-not-found
Context: test/VinaOTPRequest : test/VinaOTPRequest
28/05 09:49:54:668 queue-not-found
Context: test/VinaOTPRequest : test/VinaOTPRequest
28/05 09:49:54:792 queue-not-found
Context: test/VinaOTPRequest : test/VinaOTPRequest
28/05 09:49:54:913 queue-not-found
Context: test/VinaOTPRequest : test/VinaOTPRequest
28/05 09:49:55:060 queue-not-found
Context: test/VinaOTPRequest : test/VinaOTPRequest
28/05 09:49:55:185 queue-not-found
Context: test/VinaOTPRequest : test/VinaOTPRequest
28/05 09:49:55:306 queue-not-found
Context: test/VinaOTPRequest : test/VinaOTPRequest
28/05 09:49:55:431 queue-not-found
Context: test/VinaOTPRequest : test/VinaOTPRequest
28/05 09:49:55:564 queue-not-found
Context: test/VinaOTPRequest : test/VinaOTPRequest
28/05 09:49:55:686 queue-not-found
Context: test/VinaOTPRequest : test/VinaOTPRequest
28/05 09:49:55:806 queue-not-found
Context: test/VinaOTPRequest : test/VinaOTPRequest
28/05 09:49:55:926 queue-not-found
Context: test/VinaOTPRequest : test/VinaOTPRequest
28/05 09:49:56:040 queue-not-found
Context: test/VinaOTPRequest : test/VinaOTPRequest
28/05 09:49:56:161 queue-not-found
Context: test/VinaOTPRequest : test/VinaOTPRequest
28/05 09:49:56:282 queue-not-found
Context: test/VinaOTPRequest : test/VinaOTPRequest
28/05 09:49:56:435 queue-not-found
Context: test/VinaOTPRequest : test/VinaOTPRequest
28/05 09:49:56:588 queue-not-found
Context: test/VinaOTPRequest : test/VinaOTPRequest
28/05 09:49:56:710 queue-not-found
Context: test/VinaOTPRequest : test/VinaOTPRequest
28/05 09:49:56:833 queue-not-found
Context: test/VinaOTPRequest : test/VinaOTPRequest
28/05 09:49:57:000 queue-not-found
Context: test/VinaOTPRequest : test/VinaOTPRequest
28/05 09:49:57:118 queue-not-found
Context: test/VinaOTPRequest : test/VinaOTPRequest
28/05 09:49:57:237 queue-not-found
Context: test/VinaOTPRequest : test/VinaOTPRequest
28/05 09:49:57:362 queue-not-found
Context: test/VinaOTPRequest : test/VinaOTPRequest
28/05 09:49:57:583 queue-not-found
Context: test/VinaOTPRequest : test/VinaOTPRequest
28/05 09:49:57:704 queue-not-found
Context: test/VinaOTPRequest : test/VinaOTPRequest
28/05 09:49:57:825 queue-not-found
Context: test/VinaOTPRequest : test/VinaOTPRequest
28/05 09:49:57:947 queue-not-found
Context: test/VinaOTPRequest : test/VinaOTPRequest
28/05 09:49:58:133 queue-not-found
Context: test/VinaOTPRequest : test/VinaOTPRequest
28/05 09:49:58:276 queue-not-found
Context: test/VinaOTPRequest : test/VinaOTPRequest
28/05 09:49:58:415 queue-not-found
Context: test/VinaOTPRequest : test/VinaOTPRequest
28/05 09:49:58:542 queue-not-found
Context: test/VinaOTPRequest : test/VinaOTPRequest
28/05 09:49:58:689 queue-not-found
Context: test/VinaOTPRequest : test/VinaOTPRequest
28/05 09:49:58:814 queue-not-found
Context: test/VinaOTPRequest : test/VinaOTPRequest
28/05 09:49:58:937 queue-not-found
Context: test/VinaOTPRequest : test/VinaOTPRequest
28/05 09:49:59:059 queue-not-found
Context: test/VinaOTPRequest : test/VinaOTPRequest
28/05 09:49:59:205 queue-not-found
Context: test/VinaOTPRequest : test/VinaOTPRequest
28/05 09:49:59:330 queue-not-found
Context: test/VinaOTPRequest : test/VinaOTPRequest
28/05 09:49:59:450 queue-not-found
Context: test/VinaOTPRequest : test/VinaOTPRequest
28/05 09:49:59:583 queue-not-found
Context: test/VinaOTPRequest : test/VinaOTPRequest
28/05 09:49:59:713 queue-not-found
Context: test/VinaOTPRequest : test/VinaOTPRequest
28/05 09:49:59:845 queue-not-found
Context: test/VinaOTPRequest : test/VinaOTPRequest
28/05 09:49:59:970 queue-not-found
Context: test/VinaOTPRequest : test/VinaOTPRequest
28/05 09:50:00:100 queue-not-found
Context: test/VinaOTPRequest : test/VinaOTPRequest
28/05 09:50:00:219 queue-not-found
Context: test/VinaOTPRequest : test/VinaOTPRequest
28/05 09:50:00:357 queue-not-found
Context: test/VinaOTPRequest : test/VinaOTPRequest
28/05 09:50:00:478 queue-not-found
Context: test/VinaOTPRequest : test/VinaOTPRequest
28/05 09:50:00:597 queue-not-found
Context: test/VinaOTPRequest : test/VinaOTPRequest
28/05 09:50:00:717 queue-not-found
Context: test/VinaOTPRequest : test/VinaOTPRequest
28/05 09:50:00:869 queue-not-found
Context: test/VinaOTPRequest : test/VinaOTPRequest
28/05 09:50:00:996 queue-not-found
Context: test/VinaOTPRequest : test/VinaOTPRequest
28/05 09:50:01:117 queue-not-found
Context: test/VinaOTPRequest : test/VinaOTPRequest
28/05 09:50:01:244 queue-not-found
Context: test/VinaOTPRequest : test/VinaOTPRequest
28/05 09:50:01:371 queue-not-found
Context: test/VinaOTPRequest : test/VinaOTPRequest
28/05 09:50:01:498 queue-not-found
Context: test/VinaOTPRequest : test/VinaOTPRequest
28/05 09:50:01:636 queue-not-found
Context: test/VinaOTPRequest : test/VinaOTPRequest
28/05 09:50:01:779 queue-not-found
Context: test/VinaOTPRequest : test/VinaOTPRequest
28/05 09:50:01:897 queue-not-found
Context: test/VinaOTPRequest : test/VinaOTPRequest
28/05 09:50:02:017 queue-not-found
Context: test/VinaOTPRequest : test/VinaOTPRequest
28/05 09:50:02:159 queue-not-found
Context: test/VinaOTPRequest : test/VinaOTPRequest
28/05 09:50:02:258 queue-not-found
Context: test/VinaOTPRequest : test/VinaOTPRequest
28/05 09:50:02:393 queue-not-found
Context: test/VinaOTPRequest : test/VinaOTPRequest
28/05 09:50:02:527 queue-not-found
Context: test/VinaOTPRequest : test/VinaOTPRequest
28/05 09:50:02:678 queue-not-found
Context: test/VinaOTPRequest : test/VinaOTPRequest
28/05 09:50:02:794 queue-not-found
Context: test/VinaOTPRequest : test/VinaOTPRequest
28/05 09:50:02:927 queue-not-found
Context: test/VinaOTPRequest : test/VinaOTPRequest
28/05 09:50:03:051 queue-not-found
Context: test/VinaOTPRequest : test/VinaOTPRequest
28/05 09:50:03:172 queue-not-found
Context: test/VinaOTPRequest : test/VinaOTPRequest
28/05 09:50:03:292 queue-not-found
Context: test/VinaOTPRequest : test/VinaOTPRequest
28/05 09:50:03:422 queue-not-found
Context: test/VinaOTPRequest : test/VinaOTPRequest
28/05 09:50:03:551 queue-not-found
Context: test/VinaOTPRequest : test/VinaOTPRequest
28/05 09:50:03:678 queue-not-found
Context: test/VinaOTPRequest : test/VinaOTPRequest
28/05 09:50:03:796 queue-not-found
Context: test/VinaOTPRequest : test/VinaOTPRequest
28/05 09:50:03:931 queue-not-found
Context: test/VinaOTPRequest : test/VinaOTPRequest
28/05 09:50:04:052 queue-not-found
Context: test/VinaOTPRequest : test/VinaOTPRequest
28/05 09:50:04:185 queue-not-found
Context: test/VinaOTPRequest : test/VinaOTPRequest
28/05 09:50:04:307 queue-not-found
Context: test/VinaOTPRequest : test/VinaOTPRequest
28/05 09:50:04:427 queue-not-found
Context: test/VinaOTPRequest : test/VinaOTPRequest
28/05 09:50:04:548 queue-not-found
Context: test/VinaOTPRequest : test/VinaOTPRequest
28/05 09:50:04:694 queue-not-found
Context: test/VinaOTPRequest : test/VinaOTPRequest
28/05 09:50:04:810 queue-not-found
Context: test/VinaOTPRequest : test/VinaOTPRequest
28/05 09:50:04:931 queue-not-found
Context: test/VinaOTPRequest : test/VinaOTPRequest
28/05 09:50:05:051 queue-not-found
Context: test/VinaOTPRequest : test/VinaOTPRequest
28/05 09:50:05:178 queue-not-found
Context: test/VinaOTPRequest : test/VinaOTPRequest
28/05 09:50:05:298 queue-not-found
Context: test/VinaOTPRequest : test/VinaOTPRequest
28/05 09:50:05:417 queue-not-found
Context: test/VinaOTPRequest : test/VinaOTPRequest
28/05 09:50:05:538 queue-not-found
Context: test/VinaOTPRequest : test/VinaOTPRequest
28/05 09:50:05:673 queue-not-found
Context: test/VinaOTPRequest : test/VinaOTPRequest
28/05 09:50:05:798 queue-not-found
Context: test/VinaOTPRequest : test/VinaOTPRequest
28/05 09:50:05:924 queue-not-found
Context: test/VinaOTPRequest : test/VinaOTPRequest
28/05 09:50:06:048 queue-not-found
Context: test/VinaOTPRequest : test/VinaOTPRequest
28/05 09:50:06:203 queue-not-found
Context: test/VinaOTPRequest : test/VinaOTPRequest
28/05 09:50:06:300 queue-not-found
Context: test/VinaOTPRequest : test/VinaOTPRequest
28/05 09:50:06:418 queue-not-found
Context: test/VinaOTPRequest : test/VinaOTPRequest
28/05 09:50:06:538 queue-not-found
Context: test/VinaOTPRequest : test/VinaOTPRequest
28/05 09:50:06:659 queue-not-found
Context: test/VinaOTPRequest : test/VinaOTPRequest
28/05 09:50:06:778 queue-not-found
Context: test/VinaOTPRequest : test/VinaOTPRequest
28/05 09:50:06:897 queue-not-found
Context: test/VinaOTPRequest : test/VinaOTPRequest
28/05 09:50:07:072 queue-not-found
Context: test/VinaOTPRequest : test/VinaOTPRequest
28/05 09:50:07:197 queue-not-found
Context: test/VinaOTPRequest : test/VinaOTPRequest
28/05 09:50:07:318 queue-not-found
Context: test/VinaOTPRequest : test/VinaOTPRequest
28/05 09:50:07:438 queue-not-found
Context: test/VinaOTPRequest : test/VinaOTPRequest
28/05 09:50:07:558 queue-not-found
Context: test/VinaOTPRequest : test/VinaOTPRequest
28/05 09:50:07:694 queue-not-found
Context: test/VinaOTPRequest : test/VinaOTPRequest
28/05 09:50:07:792 queue-not-found
Context: test/VinaOTPRequest : test/VinaOTPRequest
28/05 09:50:07:912 queue-not-found
Context: test/VinaOTPRequest : test/VinaOTPRequest
28/05 09:50:08:031 queue-not-found
Context: test/VinaOTPRequest : test/VinaOTPRequest
28/05 09:50:08:152 queue-not-found
Context: test/VinaOTPRequest : test/VinaOTPRequest
28/05 09:50:08:272 queue-not-found
Context: test/VinaOTPRequest : test/VinaOTPRequest
28/05 09:50:08:392 queue-not-found
Context: test/VinaOTPRequest : test/VinaOTPRequest
28/05 09:50:08:515 queue-not-found
Context: test/VinaOTPRequest : test/VinaOTPRequest
28/05 09:50:08:635 queue-not-found
Context: test/VinaOTPRequest : test/VinaOTPRequest
28/05 09:50:08:755 queue-not-found
Context: test/VinaOTPRequest : test/VinaOTPRequest
28/05 09:50:08:874 queue-not-found
Context: test/VinaOTPRequest : test/VinaOTPRequest
28/05 09:50:08:999 queue-not-found
Context: test/VinaOTPRequest : test/VinaOTPRequest
28/05 09:50:09:162 queue-not-found
Context: test/VinaOTPRequest : test/VinaOTPRequest
28/05 09:50:09:308 queue-not-found
Context: test/VinaOTPRequest : test/VinaOTPRequest
28/05 09:50:09:426 queue-not-found
Context: test/VinaOTPRequest : test/VinaOTPRequest
28/05 09:50:09:546 queue-not-found
Context: test/VinaOTPRequest : test/VinaOTPRequest
28/05 09:50:09:667 queue-not-found
Context: test/VinaOTPRequest : test/VinaOTPRequest
28/05 09:50:09:787 queue-not-found
Context: test/VinaOTPRequest : test/VinaOTPRequest
28/05 09:50:09:906 queue-not-found
Context: test/VinaOTPRequest : test/VinaOTPRequest
28/05 09:50:10:027 queue-not-found
Context: test/VinaOTPRequest : test/VinaOTPRequest
28/05 09:50:10:155 queue-not-found
Context: test/VinaOTPRequest : test/VinaOTPRequest
28/05 09:50:10:275 queue-not-found
Context: test/VinaOTPRequest : test/VinaOTPRequest
28/05 09:50:10:398 queue-not-found
Context: test/VinaOTPRequest : test/VinaOTPRequest
28/05 09:50:10:526 queue-not-found
Context: test/VinaOTPRequest : test/VinaOTPRequest
28/05 09:50:10:658 queue-not-found
Context: test/VinaOTPRequest : test/VinaOTPRequest
28/05 09:50:10:777 queue-not-found
Context: test/VinaOTPRequest : test/VinaOTPRequest
28/05 09:50:10:899 queue-not-found
Context: test/VinaOTPRequest : test/VinaOTPRequest
28/05 09:50:11:027 queue-not-found
Context: test/VinaOTPRequest : test/VinaOTPRequest
28/05 09:50:11:155 queue-not-found
Context: test/VinaOTPRequest : test/VinaOTPRequest
28/05 09:50:11:274 queue-not-found
Context: test/VinaOTPRequest : test/VinaOTPRequest
28/05 09:50:11:393 queue-not-found
Context: test/VinaOTPRequest : test/VinaOTPRequest
28/05 09:50:11:514 queue-not-found
Context: test/VinaOTPRequest : test/VinaOTPRequest
28/05 09:50:11:634 queue-not-found
Context: test/VinaOTPRequest : test/VinaOTPRequest
28/05 09:50:11:808 queue-not-found
Context: test/VinaOTPRequest : test/VinaOTPRequest
28/05 09:50:11:935 queue-not-found
Context: test/VinaOTPRequest : test/VinaOTPRequest
28/05 09:50:12:055 queue-not-found
Context: test/VinaOTPRequest : test/VinaOTPRequest
28/05 09:50:12:175 queue-not-found
Context: test/VinaOTPRequest : test/VinaOTPRequest
28/05 09:50:12:296 queue-not-found
Context: test/VinaOTPRequest : test/VinaOTPRequest
28/05 09:50:12:415 queue-not-found
Context: test/VinaOTPRequest : test/VinaOTPRequest
28/05 09:50:12:535 queue-not-found
Context: test/VinaOTPRequest : test/VinaOTPRequest
28/05 09:50:12:657 queue-not-found
Context: test/VinaOTPRequest : test/VinaOTPRequest
28/05 09:50:12:780 queue-not-found
Context: test/VinaOTPRequest : test/VinaOTPRequest
28/05 09:50:12:901 queue-not-found
Context: test/VinaOTPRequest : test/VinaOTPRequest
28/05 09:50:13:021 queue-not-found
Context: test/VinaOTPRequest : test/VinaOTPRequest
28/05 09:50:13:141 queue-not-found
Context: test/VinaOTPRequest : test/VinaOTPRequest
28/05 09:50:13:263 queue-not-found
Context: test/VinaOTPRequest : test/VinaOTPRequest
28/05 09:50:13:391 queue-not-found
Context: test/VinaOTPRequest : test/VinaOTPRequest
28/05 09:50:13:511 queue-not-found
Context: test/VinaOTPRequest : test/VinaOTPRequest
28/05 09:50:13:631 queue-not-found
Context: test/VinaOTPRequest : test/VinaOTPRequest
28/05 09:50:13:765 queue-not-found
Context: test/VinaOTPRequest : test/VinaOTPRequest
28/05 09:50:13:893 queue-not-found
Context: test/VinaOTPRequest : test/VinaOTPRequest
28/05 09:50:14:013 queue-not-found
Context: test/VinaOTPRequest : test/VinaOTPRequest
28/05 09:50:14:145 queue-not-found
Context: test/VinaOTPRequest : test/VinaOTPRequest
28/05 09:50:14:267 queue-not-found
Context: test/VinaOTPRequest : test/VinaOTPRequest
28/05 09:50:14:387 queue-not-found
Context: test/VinaOTPRequest : test/VinaOTPRequest
28/05 09:50:14:509 queue-not-found
Context: test/VinaOTPRequest : test/VinaOTPRequest
28/05 09:50:14:627 queue-not-found
Context: test/VinaOTPRequest : test/VinaOTPRequest
28/05 09:50:14:748 queue-not-found
Context: test/VinaOTPRequest : test/VinaOTPRequest
28/05 09:50:14:868 queue-not-found
Context: test/VinaOTPRequest : test/VinaOTPRequest
28/05 09:50:14:989 queue-not-found
Context: test/VinaOTPRequest : test/VinaOTPRequest
28/05 09:50:15:109 queue-not-found
Context: test/VinaOTPRequest : test/VinaOTPRequest
28/05 09:50:15:229 queue-not-found
Context: test/VinaOTPRequest : test/VinaOTPRequest
28/05 09:50:15:349 queue-not-found
Context: test/VinaOTPRequest : test/VinaOTPRequest
28/05 09:50:15:473 queue-not-found
Context: test/VinaOTPRequest : test/VinaOTPRequest
28/05 09:50:15:593 queue-not-found
Context: test/VinaOTPRequest : test/VinaOTPRequest
28/05 09:50:15:714 queue-not-found
Context: test/VinaOTPRequest : test/VinaOTPRequest
28/05 09:50:15:843 queue-not-found
Context: test/VinaOTPRequest : test/VinaOTPRequest
28/05 09:50:15:963 queue-not-found
Context: test/VinaOTPRequest : test/VinaOTPRequest
28/05 09:50:16:093 queue-not-found
Context: test/VinaOTPRequest : test/VinaOTPRequest
28/05 09:50:16:212 queue-not-found
Context: test/VinaOTPRequest : test/VinaOTPRequest
28/05 09:50:16:334 queue-not-found
Context: test/VinaOTPRequest : test/VinaOTPRequest
28/05 09:50:16:449 queue-not-found
Context: test/VinaOTPRequest : test/VinaOTPRequest
28/05 09:50:16:570 queue-not-found
Context: test/VinaOTPRequest : test/VinaOTPRequest
28/05 09:50:16:691 queue-not-found
Context: test/VinaOTPRequest : test/VinaOTPRequest
28/05 09:50:16:811 queue-not-found
Context: test/VinaOTPRequest : test/VinaOTPRequest
28/05 09:50:16:933 queue-not-found
Context: test/VinaOTPRequest : test/VinaOTPRequest
28/05 09:50:17:065 queue-not-found
Context: test/VinaOTPRequest : test/VinaOTPRequest
28/05 09:50:17:183 queue-not-found
Context: test/VinaOTPRequest : test/VinaOTPRequest
28/05 09:50:17:302 queue-not-found
Context: test/VinaOTPRequest : test/VinaOTPRequest
28/05 09:50:17:423 queue-not-found
Context: test/VinaOTPRequest : test/VinaOTPRequest
28/05 09:50:17:543 queue-not-found
Context: test/VinaOTPRequest : test/VinaOTPRequest
28/05 09:50:17:662 queue-not-found
Context: test/VinaOTPRequest : test/VinaOTPRequest
28/05 09:50:17:782 queue-not-found
Context: test/VinaOTPRequest : test/VinaOTPRequest
28/05 09:50:17:902 queue-not-found
Context: test/VinaOTPRequest : test/VinaOTPRequest
28/05 09:50:18:025 queue-not-found
Context: test/VinaOTPRequest : test/VinaOTPRequest
28/05 09:50:18:141 queue-not-found
Context: test/VinaOTPRequest : test/VinaOTPRequest
28/05 09:50:18:267 queue-not-found
Context: test/VinaOTPRequest : test/VinaOTPRequest
28/05 09:50:18:386 queue-not-found
Context: test/VinaOTPRequest : test/VinaOTPRequest
28/05 09:50:18:507 queue-not-found
Context: test/VinaOTPRequest : test/VinaOTPRequest
28/05 09:50:18:626 queue-not-found
Context: test/VinaOTPRequest : test/VinaOTPRequest
28/05 09:50:18:747 queue-not-found
Context: test/VinaOTPRequest : test/VinaOTPRequest
28/05 09:50:18:866 queue-not-found
Context: test/VinaOTPRequest : test/VinaOTPRequest
28/05 09:50:19:006 queue-not-found
Context: test/VinaOTPRequest : test/VinaOTPRequest
28/05 09:50:19:127 queue-not-found
Context: test/VinaOTPRequest : test/VinaOTPRequest
28/05 09:50:19:247 queue-not-found
Context: test/VinaOTPRequest : test/VinaOTPRequest
28/05 09:50:19:367 queue-not-found
Context: test/VinaOTPRequest : test/VinaOTPRequest
28/05 09:50:19:486 queue-not-found
Context: test/VinaOTPRequest : test/VinaOTPRequest
28/05 09:50:19:601 queue-not-found
Context: test/VinaOTPRequest : test/VinaOTPRequest
28/05 09:50:19:721 queue-not-found
Context: test/VinaOTPRequest : test/VinaOTPRequest
28/05 09:50:19:908 queue-not-found
Context: test/VinaOTPRequest : test/VinaOTPRequest
28/05 09:50:20:036 queue-not-found
Context: test/VinaOTPRequest : test/VinaOTPRequest
28/05 09:50:20:157 queue-not-found
Context: test/VinaOTPRequest : test/VinaOTPRequest
28/05 09:50:20:351 queue-not-found
Context: test/VinaOTPRequest : test/VinaOTPRequest
28/05 09:50:20:437 queue-not-found
Context: test/VinaOTPRequest : test/VinaOTPRequest
28/05 09:50:20:534 queue-not-found
Context: test/VinaOTPRequest : test/VinaOTPRequest
28/05 09:50:20:664 queue-not-found
Context: test/VinaOTPRequest : test/VinaOTPRequest
28/05 09:50:20:785 queue-not-found
Context: test/VinaOTPRequest : test/VinaOTPRequest
28/05 09:50:20:901 queue-not-found
Context: test/VinaOTPRequest : test/VinaOTPRequest
28/05 09:50:21:024 queue-not-found
Context: test/VinaOTPRequest : test/VinaOTPRequest
28/05 09:50:21:145 queue-not-found
Context: test/VinaOTPRequest : test/VinaOTPRequest
28/05 09:50:21:265 queue-not-found
Context: test/VinaOTPRequest : test/VinaOTPRequest
28/05 09:50:21:405 queue-not-found
Context: test/VinaOTPRequest : test/VinaOTPRequest
28/05 09:50:21:503 queue-not-found
Context: test/VinaOTPRequest : test/VinaOTPRequest
28/05 09:50:21:622 queue-not-found
Context: test/VinaOTPRequest : test/VinaOTPRequest
28/05 09:50:21:742 queue-not-found
Context: test/VinaOTPRequest : test/VinaOTPRequest
28/05 09:50:21:868 queue-not-found
Context: test/VinaOTPRequest : test/VinaOTPRequest
28/05 09:50:21:984 queue-not-found
Context: test/VinaOTPRequest : test/VinaOTPRequest
28/05 09:50:22:103 queue-not-found
Context: test/VinaOTPRequest : test/VinaOTPRequest
28/05 09:50:22:224 queue-not-found
Context: test/VinaOTPRequest : test/VinaOTPRequest
28/05 09:50:22:350 queue-not-found
Context: test/VinaOTPRequest : test/VinaOTPRequest
28/05 09:50:22:471 queue-not-found
Context: test/VinaOTPRequest : test/VinaOTPRequest
28/05 09:50:22:591 queue-not-found
Context: test/VinaOTPRequest : test/VinaOTPRequest
28/05 09:50:22:711 queue-not-found
Context: test/VinaOTPRequest : test/VinaOTPRequest
28/05 09:50:22:831 queue-not-found
Context: test/VinaOTPRequest : test/VinaOTPRequest
28/05 09:50:22:952 queue-not-found
Context: test/VinaOTPRequest : test/VinaOTPRequest
28/05 09:50:23:081 queue-not-found
Context: test/VinaOTPRequest : test/VinaOTPRequest
28/05 09:50:23:222 queue-not-found
Context: test/VinaOTPRequest : test/VinaOTPRequest
28/05 09:50:23:346 queue-not-found
Context: test/VinaOTPRequest : test/VinaOTPRequest
28/05 09:50:23:465 queue-not-found
Context: test/VinaOTPRequest : test/VinaOTPRequest
28/05 09:50:23:585 queue-not-found
Context: test/VinaOTPRequest : test/VinaOTPRequest
28/05 09:50:23:707 queue-not-found
Context: test/VinaOTPRequest : test/VinaOTPRequest
28/05 09:50:23:832 queue-not-found
Context: test/VinaOTPRequest : test/VinaOTPRequest
28/05 09:50:23:949 queue-not-found
Context: test/VinaOTPRequest : test/VinaOTPRequest
28/05 09:50:24:073 queue-not-found
Context: test/VinaOTPRequest : test/VinaOTPRequest
28/05 09:50:24:194 queue-not-found
Context: test/VinaOTPRequest : test/VinaOTPRequest
28/05 09:50:24:312 queue-not-found
Context: test/VinaOTPRequest : test/VinaOTPRequest
28/05 09:50:24:432 queue-not-found
Context: test/VinaOTPRequest : test/VinaOTPRequest
28/05 09:50:24:553 queue-not-found
Context: test/VinaOTPRequest : test/VinaOTPRequest
28/05 09:50:24:672 queue-not-found
Context: test/VinaOTPRequest : test/VinaOTPRequest
28/05 09:50:24:793 queue-not-found
Context: test/VinaOTPRequest : test/VinaOTPRequest
28/05 09:50:24:912 queue-not-found
Context: test/VinaOTPRequest : test/VinaOTPRequest
28/05 09:50:25:032 queue-not-found
Context: test/VinaOTPRequest : test/VinaOTPRequest
28/05 09:50:25:153 queue-not-found
Context: test/VinaOTPRequest : test/VinaOTPRequest
28/05 09:50:25:273 queue-not-found
Context: test/VinaOTPRequest : test/VinaOTPRequest
28/05 09:50:25:393 queue-not-found
Context: test/VinaOTPRequest : test/VinaOTPRequest
28/05 09:50:25:513 queue-not-found
Context: test/VinaOTPRequest : test/VinaOTPRequest
28/05 09:50:25:634 queue-not-found
Context: test/VinaOTPRequest : test/VinaOTPRequest
28/05 09:50:25:756 queue-not-found
Context: test/VinaOTPRequest : test/VinaOTPRequest
28/05 09:50:25:871 queue-not-found
Context: test/VinaOTPRequest : test/VinaOTPRequest
28/05 09:50:25:986 queue-not-found
Context: test/VinaOTPRequest : test/VinaOTPRequest
28/05 09:50:26:106 queue-not-found
Context: test/VinaOTPRequest : test/VinaOTPRequest
28/05 09:50:26:226 queue-not-found
Context: test/VinaOTPRequest : test/VinaOTPRequest
28/05 09:50:26:347 queue-not-found
Context: test/VinaOTPRequest : test/VinaOTPRequest
28/05 09:50:26:467 queue-not-found
Context: test/VinaOTPRequest : test/VinaOTPRequest
28/05 09:50:26:586 queue-not-found
Context: test/VinaOTPRequest : test/VinaOTPRequest
28/05 09:50:26:707 queue-not-found
Context: test/VinaOTPRequest : test/VinaOTPRequest
28/05 09:50:26:827 queue-not-found
Context: test/VinaOTPRequest : test/VinaOTPRequest
28/05 09:50:26:949 queue-not-found
Context: test/VinaOTPRequest : test/VinaOTPRequest
28/05 09:50:27:064 queue-not-found
Context: test/VinaOTPRequest : test/VinaOTPRequest
28/05 09:50:27:184 queue-not-found
Context: test/VinaOTPRequest : test/VinaOTPRequest
28/05 09:50:27:304 queue-not-found
Context: test/VinaOTPRequest : test/VinaOTPRequest
28/05 09:50:27:426 queue-not-found
Context: test/VinaOTPRequest : test/VinaOTPRequest
28/05 09:50:27:548 queue-not-found
Context: test/VinaOTPRequest : test/VinaOTPRequest
28/05 09:50:27:663 queue-not-found
Context: test/VinaOTPRequest : test/VinaOTPRequest
28/05 09:50:27:783 queue-not-found
Context: test/VinaOTPRequest : test/VinaOTPRequest
28/05 09:50:27:903 queue-not-found
Context: test/VinaOTPRequest : test/VinaOTPRequest
28/05 09:50:28:023 queue-not-found
Context: test/VinaOTPRequest : test/VinaOTPRequest
28/05 09:50:28:143 queue-not-found
Context: test/VinaOTPRequest : test/VinaOTPRequest
28/05 09:50:28:267 queue-not-found
Context: test/VinaOTPRequest : test/VinaOTPRequest
28/05 09:50:28:391 queue-not-found
Context: test/VinaOTPRequest : test/VinaOTPRequest
28/05 09:50:28:510 queue-not-found
Context: test/VinaOTPRequest : test/VinaOTPRequest
28/05 09:50:28:630 queue-not-found
Context: test/VinaOTPRequest : test/VinaOTPRequest
28/05 09:50:28:750 queue-not-found
Context: test/VinaOTPRequest : test/VinaOTPRequest
28/05 09:50:28:871 queue-not-found
Context: test/VinaOTPRequest : test/VinaOTPRequest
28/05 09:50:28:992 queue-not-found
Context: test/VinaOTPRequest : test/VinaOTPRequest
28/05 09:50:29:112 queue-not-found
Context: test/VinaOTPRequest : test/VinaOTPRequest
28/05 09:50:29:231 queue-not-found
Context: test/VinaOTPRequest : test/VinaOTPRequest
28/05 09:50:29:352 queue-not-found
Context: test/VinaOTPRequest : test/VinaOTPRequest
28/05 09:50:29:472 queue-not-found
Context: test/VinaOTPRequest : test/VinaOTPRequest
28/05 09:50:29:592 queue-not-found
Context: test/VinaOTPRequest : test/VinaOTPRequest
28/05 09:50:29:711 queue-not-found
Context: test/VinaOTPRequest : test/VinaOTPRequest
28/05 09:50:29:834 queue-not-found
Context: test/VinaOTPRequest : test/VinaOTPRequest
28/05 09:50:29:954 queue-not-found
Context: test/VinaOTPRequest : test/VinaOTPRequest
28/05 09:50:30:076 queue-not-found
Context: test/VinaOTPRequest : test/VinaOTPRequest
28/05 09:50:30:197 queue-not-found
Context: test/VinaOTPRequest : test/VinaOTPRequest
28/05 09:50:30:316 queue-not-found
Context: test/VinaOTPRequest : test/VinaOTPRequest
28/05 09:50:30:436 queue-not-found
Context: test/VinaOTPRequest : test/VinaOTPRequest
28/05 09:50:30:557 queue-not-found
Context: test/VinaOTPRequest : test/VinaOTPRequest
28/05 09:50:30:677 queue-not-found
Context: test/VinaOTPRequest : test/VinaOTPRequest
28/05 09:50:30:796 queue-not-found
Context: test/VinaOTPRequest : test/VinaOTPRequest
28/05 09:50:30:917 queue-not-found
Context: test/VinaOTPRequest : test/VinaOTPRequest
28/05 09:50:31:040 queue-not-found
Context: test/VinaOTPRequest : test/VinaOTPRequest
28/05 09:50:31:162 queue-not-found
Context: test/VinaOTPRequest : test/VinaOTPRequest
28/05 09:50:31:280 queue-not-found
Context: test/VinaOTPRequest : test/VinaOTPRequest
28/05 09:50:31:400 queue-not-found
Context: test/VinaOTPRequest : test/VinaOTPRequest
28/05 09:50:31:521 queue-not-found
Context: test/VinaOTPRequest : test/VinaOTPRequest
28/05 09:50:31:641 queue-not-found
Context: test/VinaOTPRequest : test/VinaOTPRequest
28/05 09:50:31:762 queue-not-found
Context: test/VinaOTPRequest : test/VinaOTPRequest
28/05 09:50:31:882 queue-not-found
Context: test/VinaOTPRequest : test/VinaOTPRequest
28/05 09:50:32:001 queue-not-found
Context: test/VinaOTPRequest : test/VinaOTPRequest
28/05 09:50:32:134 queue-not-found
Context: test/VinaOTPRequest : test/VinaOTPRequest
28/05 09:50:32:258 queue-not-found
Context: test/VinaOTPRequest : test/VinaOTPRequest
28/05 09:50:32:377 queue-not-found
Context: test/VinaOTPRequest : test/VinaOTPRequest
28/05 09:50:32:501 queue-not-found
Context: test/VinaOTPRequest : test/VinaOTPRequest
28/05 09:50:32:620 queue-not-found
Context: test/VinaOTPRequest : test/VinaOTPRequest
28/05 09:50:32:739 queue-not-found
Context: test/VinaOTPRequest : test/VinaOTPRequest
28/05 09:50:32:859 queue-not-found
Context: test/VinaOTPRequest : test/VinaOTPRequest
28/05 09:50:32:980 queue-not-found
Context: test/VinaOTPRequest : test/VinaOTPRequest
28/05 09:50:33:101 queue-not-found
Context: test/VinaOTPRequest : test/VinaOTPRequest
28/05 09:50:33:222 queue-not-found
Context: test/VinaOTPRequest : test/VinaOTPRequest
28/05 09:50:33:341 queue-not-found
Context: test/VinaOTPRequest : test/VinaOTPRequest
28/05 09:50:33:460 queue-not-found
Context: test/VinaOTPRequest : test/VinaOTPRequest
28/05 09:50:33:580 queue-not-found
Context: test/VinaOTPRequest : test/VinaOTPRequest
28/05 09:50:33:701 queue-not-found
Context: test/VinaOTPRequest : test/VinaOTPRequest
28/05 09:50:33:821 queue-not-found
Context: test/VinaOTPRequest : test/VinaOTPRequest
28/05 09:50:33:941 queue-not-found
Context: test/VinaOTPRequest : test/VinaOTPRequest
28/05 09:50:34:060 queue-not-found
Context: test/VinaOTPRequest : test/VinaOTPRequest
28/05 09:50:34:181 queue-not-found
Context: test/VinaOTPRequest : test/VinaOTPRequest
28/05 09:50:34:302 queue-not-found
Context: test/VinaOTPRequest : test/VinaOTPRequest
28/05 09:50:34:421 queue-not-found
Context: test/VinaOTPRequest : test/VinaOTPRequest
28/05 09:50:34:541 queue-not-found
Context: test/VinaOTPRequest : test/VinaOTPRequest
28/05 09:50:34:660 queue-not-found
Context: test/VinaOTPRequest : test/VinaOTPRequest
28/05 09:50:34:782 queue-not-found
Context: test/VinaOTPRequest : test/VinaOTPRequest
28/05 09:50:34:903 queue-not-found
Context: test/VinaOTPRequest : test/VinaOTPRequest
28/05 09:50:35:022 queue-not-found
Context: test/VinaOTPRequest : test/VinaOTPRequest
28/05 09:50:35:142 queue-not-found
Context: test/VinaOTPRequest : test/VinaOTPRequest
28/05 09:50:35:263 queue-not-found
Context: test/VinaOTPRequest : test/VinaOTPRequest
28/05 09:50:35:383 queue-not-found
Context: test/VinaOTPRequest : test/VinaOTPRequest
28/05 09:50:35:495 queue-not-found
Context: test/VinaOTPRequest : test/VinaOTPRequest
28/05 09:50:35:615 queue-not-found
Context: test/VinaOTPRequest : test/VinaOTPRequest
28/05 09:50:35:735 queue-not-found
Context: test/VinaOTPRequest : test/VinaOTPRequest
28/05 09:50:35:856 queue-not-found
Context: test/VinaOTPRequest : test/VinaOTPRequest
28/05 09:50:35:976 queue-not-found
Context: test/VinaOTPRequest : test/VinaOTPRequest
28/05 09:50:36:095 queue-not-found
Context: test/VinaOTPRequest : test/VinaOTPRequest
28/05 09:50:36:216 queue-not-found
Context: test/VinaOTPRequest : test/VinaOTPRequest
28/05 09:50:36:336 queue-not-found
Context: test/VinaOTPRequest : test/VinaOTPRequest
28/05 09:50:36:455 queue-not-found
Context: test/VinaOTPRequest : test/VinaOTPRequest
28/05 09:50:36:575 queue-not-found
Context: test/VinaOTPRequest : test/VinaOTPRequest
28/05 09:50:36:696 queue-not-found
Context: test/VinaOTPRequest : test/VinaOTPRequest
28/05 09:50:36:810 queue-not-found
Context: test/VinaOTPRequest : test/VinaOTPRequest
28/05 09:50:36:931 queue-not-found
Context: test/VinaOTPRequest : test/VinaOTPRequest
28/05 09:50:37:053 queue-not-found
Context: test/VinaOTPRequest : test/VinaOTPRequest
28/05 09:50:37:174 queue-not-found
Context: test/VinaOTPRequest : test/VinaOTPRequest
28/05 09:50:37:293 queue-not-found
Context: test/VinaOTPRequest : test/VinaOTPRequest
28/05 09:50:37:413 queue-not-found
Context: test/VinaOTPRequest : test/VinaOTPRequest
28/05 09:50:37:546 queue-not-found
Context: test/VinaOTPRequest : test/VinaOTPRequest
28/05 09:50:37:662 queue-not-found
Context: test/VinaOTPRequest : test/VinaOTPRequest
28/05 09:50:37:783 queue-not-found
Context: test/VinaOTPRequest : test/VinaOTPRequest
28/05 09:50:37:910 queue-not-found
Context: test/VinaOTPRequest : test/VinaOTPRequest
28/05 09:50:38:023 queue-not-found
Context: test/VinaOTPRequest : test/VinaOTPRequest
28/05 09:50:38:142 queue-not-found
Context: test/VinaOTPRequest : test/VinaOTPRequest
28/05 09:50:38:263 queue-not-found
Context: test/VinaOTPRequest : test/VinaOTPRequest
28/05 09:50:38:383 queue-not-found
Context: test/VinaOTPRequest : test/VinaOTPRequest
28/05 09:50:38:507 queue-not-found
Context: test/VinaOTPRequest : test/VinaOTPRequest
28/05 09:50:38:618 queue-not-found
Context: test/VinaOTPRequest : test/VinaOTPRequest
28/05 09:50:38:738 queue-not-found
Context: test/VinaOTPRequest : test/VinaOTPRequest
28/05 09:50:38:858 queue-not-found
Context: test/VinaOTPRequest : test/VinaOTPRequest
28/05 09:50:38:978 queue-not-found
Context: test/VinaOTPRequest : test/VinaOTPRequest
28/05 09:50:39:100 queue-not-found
Context: test/VinaOTPRequest : test/VinaOTPRequest
28/05 09:50:39:219 queue-not-found
Context: test/VinaOTPRequest : test/VinaOTPRequest
28/05 09:50:39:339 queue-not-found
Context: test/VinaOTPRequest : test/VinaOTPRequest
28/05 09:50:39:460 queue-not-found
Context: test/VinaOTPRequest : test/VinaOTPRequest
28/05 09:50:39:580 queue-not-found
Context: test/VinaOTPRequest : test/VinaOTPRequest
28/05 09:50:39:700 queue-not-found
Context: test/VinaOTPRequest : test/VinaOTPRequest
28/05 09:50:39:819 queue-not-found
Context: test/VinaOTPRequest : test/VinaOTPRequest
28/05 09:50:39:939 queue-not-found
Context: test/VinaOTPRequest : test/VinaOTPRequest
28/05 09:50:40:060 queue-not-found
Context: test/VinaOTPRequest : test/VinaOTPRequest
28/05 09:50:40:181 queue-not-found
Context: test/VinaOTPRequest : test/VinaOTPRequest
28/05 09:50:40:299 queue-not-found
Context: test/VinaOTPRequest : test/VinaOTPRequest
28/05 09:50:40:420 queue-not-found
Context: test/VinaOTPRequest : test/VinaOTPRequest
28/05 09:50:40:564 queue-not-found
Context: test/VinaOTPRequest : test/VinaOTPRequest
28/05 09:50:40:681 queue-not-found
Context: test/VinaOTPRequest : test/VinaOTPRequest
28/05 09:50:40:805 queue-not-found
Context: test/VinaOTPRequest : test/VinaOTPRequest
28/05 09:50:40:925 queue-not-found
Context: test/VinaOTPRequest : test/VinaOTPRequest
28/05 09:50:41:038 queue-not-found
Context: test/VinaOTPRequest : test/VinaOTPRequest
28/05 09:50:41:151 queue-not-found
Context: test/VinaOTPRequest : test/VinaOTPRequest
28/05 09:50:41:271 queue-not-found
Context: test/VinaOTPRequest : test/VinaOTPRequest
28/05 09:50:41:392 queue-not-found
Context: test/VinaOTPRequest : test/VinaOTPRequest
28/05 09:50:41:513 queue-not-found
Context: test/VinaOTPRequest : test/VinaOTPRequest
28/05 09:50:41:660 queue-not-found
Context: test/VinaOTPRequest : test/VinaOTPRequest
28/05 09:50:41:760 queue-not-found
Context: test/VinaOTPRequest : test/VinaOTPRequest
28/05 09:50:41:879 queue-not-found
Context: test/VinaOTPRequest : test/VinaOTPRequest
28/05 09:50:41:998 queue-not-found
Context: test/VinaOTPRequest : test/VinaOTPRequest
28/05 09:50:42:117 queue-not-found
Context: test/VinaOTPRequest : test/VinaOTPRequest
28/05 09:50:42:238 queue-not-found
Context: test/VinaOTPRequest : test/VinaOTPRequest
28/05 09:50:42:358 queue-not-found
Context: test/VinaOTPRequest : test/VinaOTPRequest
28/05 09:50:42:478 queue-not-found
Context: test/VinaOTPRequest : test/VinaOTPRequest
28/05 09:50:42:597 queue-not-found
Context: test/VinaOTPRequest : test/VinaOTPRequest
28/05 09:50:42:717 queue-not-found
Context: test/VinaOTPRequest : test/VinaOTPRequest
28/05 09:50:42:838 queue-not-found
Context: test/VinaOTPRequest : test/VinaOTPRequest
28/05 09:50:42:958 queue-not-found
Context: test/VinaOTPRequest : test/VinaOTPRequest
28/05 09:50:43:078 queue-not-found
Context: test/VinaOTPRequest : test/VinaOTPRequest
28/05 09:50:43:198 queue-not-found
Context: test/VinaOTPRequest : test/VinaOTPRequest
28/05 09:50:43:318 queue-not-found
Context: test/VinaOTPRequest : test/VinaOTPRequest
28/05 09:50:43:438 queue-not-found
Context: test/VinaOTPRequest : test/VinaOTPRequest
28/05 09:50:43:558 queue-not-found
Context: test/VinaOTPRequest : test/VinaOTPRequest
28/05 09:50:43:678 queue-not-found
Context: test/VinaOTPRequest : test/VinaOTPRequest
28/05 09:50:43:797 queue-not-found
Context: test/VinaOTPRequest : test/VinaOTPRequest
28/05 09:50:43:917 queue-not-found
Context: test/VinaOTPRequest : test/VinaOTPRequest
28/05 09:50:44:038 queue-not-found
Context: test/VinaOTPRequest : test/VinaOTPRequest
28/05 09:50:44:158 queue-not-found
Context: test/VinaOTPRequest : test/VinaOTPRequest
28/05 09:50:44:278 queue-not-found
Context: test/VinaOTPRequest : test/VinaOTPRequest
28/05 09:50:44:400 queue-not-found
Context: test/VinaOTPRequest : test/VinaOTPRequest
28/05 09:50:44:521 queue-not-found
Context: test/VinaOTPRequest : test/VinaOTPRequest
28/05 09:50:44:643 queue-not-found
Context: test/VinaOTPRequest : test/VinaOTPRequest
28/05 09:50:44:763 queue-not-found
Context: test/VinaOTPRequest : test/VinaOTPRequest
28/05 09:50:44:886 queue-not-found
Context: test/VinaOTPRequest : test/VinaOTPRequest
28/05 09:50:45:008 queue-not-found
Context: test/VinaOTPRequest : test/VinaOTPRequest
28/05 09:50:45:128 queue-not-found
Context: test/VinaOTPRequest : test/VinaOTPRequest
28/05 09:50:45:247 queue-not-found
Context: test/VinaOTPRequest : test/VinaOTPRequest
28/05 09:50:45:368 queue-not-found
Context: test/VinaOTPRequest : test/VinaOTPRequest
28/05 09:50:45:488 queue-not-found
Context: test/VinaOTPRequest : test/VinaOTPRequest
28/05 09:50:45:607 queue-not-found
Context: test/VinaOTPRequest : test/VinaOTPRequest
28/05 09:50:45:728 queue-not-found
Context: test/VinaOTPRequest : test/VinaOTPRequest
28/05 09:50:45:848 queue-not-found
Context: test/VinaOTPRequest : test/VinaOTPRequest
28/05 09:50:45:968 queue-not-found
Context: test/VinaOTPRequest : test/VinaOTPRequest
28/05 09:50:46:081 queue-not-found
Context: test/VinaOTPRequest : test/VinaOTPRequest
28/05 09:50:46:201 queue-not-found
Context: test/VinaOTPRequest : test/VinaOTPRequest
28/05 09:50:46:321 queue-not-found
Context: test/VinaOTPRequest : test/VinaOTPRequest
28/05 09:50:46:445 queue-not-found
Context: test/VinaOTPRequest : test/VinaOTPRequest
28/05 09:50:46:557 queue-not-found
Context: test/VinaOTPRequest : test/VinaOTPRequest
28/05 09:50:46:676 queue-not-found
Context: test/VinaOTPRequest : test/VinaOTPRequest
28/05 09:50:46:797 queue-not-found
Context: test/VinaOTPRequest : test/VinaOTPRequest
28/05 09:50:46:918 queue-not-found
Context: test/VinaOTPRequest : test/VinaOTPRequest
28/05 09:50:47:038 queue-not-found
Context: test/VinaOTPRequest : test/VinaOTPRequest
28/05 09:50:47:158 queue-not-found
Context: test/VinaOTPRequest : test/VinaOTPRequest
28/05 09:50:47:277 queue-not-found
Context: test/VinaOTPRequest : test/VinaOTPRequest
28/05 09:50:47:398 queue-not-found
Context: test/VinaOTPRequest : test/VinaOTPRequest
28/05 09:50:47:519 queue-not-found
Context: test/VinaOTPRequest : test/VinaOTPRequest
28/05 09:50:47:640 queue-not-found
Context: test/VinaOTPRequest : test/VinaOTPRequest
28/05 09:50:47:759 queue-not-found
Context: test/VinaOTPRequest : test/VinaOTPRequest
28/05 09:50:47:880 queue-not-found
Context: test/VinaOTPRequest : test/VinaOTPRequest
28/05 09:50:47:991 queue-not-found
Context: test/VinaOTPRequest : test/VinaOTPRequest
28/05 09:50:48:112 queue-not-found
Context: test/VinaOTPRequest : test/VinaOTPRequest
28/05 09:50:48:231 queue-not-found
Context: test/VinaOTPRequest : test/VinaOTPRequest
28/05 09:50:48:352 queue-not-found
Context: test/VinaOTPRequest : test/VinaOTPRequest
28/05 09:50:48:473 queue-not-found
Context: test/VinaOTPRequest : test/VinaOTPRequest
28/05 09:50:48:593 queue-not-found
Context: test/VinaOTPRequest : test/VinaOTPRequest
28/05 09:50:48:714 queue-not-found
Context: test/VinaOTPRequest : test/VinaOTPRequest
28/05 09:50:48:833 queue-not-found
Context: test/VinaOTPRequest : test/VinaOTPRequest
28/05 09:50:48:954 queue-not-found
Context: test/VinaOTPRequest : test/VinaOTPRequest
28/05 09:50:49:074 queue-not-found
Context: test/VinaOTPRequest : test/VinaOTPRequest
28/05 09:50:49:195 queue-not-found
Context: test/VinaOTPRequest : test/VinaOTPRequest
28/05 09:50:49:314 queue-not-found
Context: test/VinaOTPRequest : test/VinaOTPRequest
28/05 09:50:49:435 queue-not-found
Context: test/VinaOTPRequest : test/VinaOTPRequest
28/05 09:50:49:554 queue-not-found
Context: test/VinaOTPRequest : test/VinaOTPRequest
28/05 09:50:49:680 queue-not-found
Context: test/VinaOTPRequest : test/VinaOTPRequest
28/05 09:50:49:798 queue-not-found
Context: test/VinaOTPRequest : test/VinaOTPRequest
28/05 09:50:49:917 queue-not-found
Context: test/VinaOTPRequest : test/VinaOTPRequest
28/05 09:50:50:038 queue-not-found
Context: test/VinaOTPRequest : test/VinaOTPRequest
28/05 09:50:50:158 queue-not-found
Context: test/VinaOTPRequest : test/VinaOTPRequest
28/05 09:50:50:279 queue-not-found
Context: test/VinaOTPRequest : test/VinaOTPRequest
28/05 09:50:50:398 queue-not-found
Context: test/VinaOTPRequest : test/VinaOTPRequest
28/05 09:50:50:519 queue-not-found
Context: test/VinaOTPRequest : test/VinaOTPRequest
28/05 09:50:50:640 queue-not-found
Context: test/VinaOTPRequest : test/VinaOTPRequest
28/05 09:50:50:761 queue-not-found
Context: test/VinaOTPRequest : test/VinaOTPRequest
28/05 09:50:50:881 queue-not-found
Context: test/VinaOTPRequest : test/VinaOTPRequest
28/05 09:50:51:001 queue-not-found
Context: test/VinaOTPRequest : test/VinaOTPRequest
28/05 09:50:51:122 queue-not-found
Context: test/VinaOTPRequest : test/VinaOTPRequest
28/05 09:50:51:241 queue-not-found
Context: test/VinaOTPRequest : test/VinaOTPRequest
28/05 09:50:51:362 queue-not-found
Context: test/VinaOTPRequest : test/VinaOTPRequest
28/05 09:50:51:482 queue-not-found
Context: test/VinaOTPRequest : test/VinaOTPRequest
28/05 09:50:51:601 queue-not-found
Context: test/VinaOTPRequest : test/VinaOTPRequest
28/05 09:50:51:721 queue-not-found
Context: test/VinaOTPRequest : test/VinaOTPRequest
28/05 09:50:51:842 queue-not-found
Context: test/VinaOTPRequest : test/VinaOTPRequest
28/05 09:50:51:961 queue-not-found
Context: test/VinaOTPRequest : test/VinaOTPRequest
28/05 09:50:52:081 queue-not-found
Context: test/VinaOTPRequest : test/VinaOTPRequest
28/05 09:50:52:201 queue-not-found
Context: test/VinaOTPRequest : test/VinaOTPRequest
28/05 09:50:52:322 queue-not-found
Context: test/VinaOTPRequest : test/VinaOTPRequest
28/05 09:50:52:442 queue-not-found
Context: test/VinaOTPRequest : test/VinaOTPRequest
28/05 09:50:52:561 queue-not-found
Context: test/VinaOTPRequest : test/VinaOTPRequest
28/05 09:50:52:682 queue-not-found
Context: test/VinaOTPRequest : test/VinaOTPRequest
28/05 09:50:52:802 queue-not-found
Context: test/VinaOTPRequest : test/VinaOTPRequest
28/05 09:50:52:921 queue-not-found
Context: test/VinaOTPRequest : test/VinaOTPRequest
28/05 09:50:53:042 queue-not-found
Context: test/VinaOTPRequest : test/VinaOTPRequest
28/05 09:50:53:162 queue-not-found
Context: test/VinaOTPRequest : test/VinaOTPRequest
28/05 09:50:53:282 queue-not-found
Context: test/VinaOTPRequest : test/VinaOTPRequest
28/05 09:50:53:402 queue-not-found
Context: test/VinaOTPRequest : test/VinaOTPRequest
28/05 09:50:53:521 queue-not-found
Context: test/VinaOTPRequest : test/VinaOTPRequest
28/05 09:50:53:641 queue-not-found
Context: test/VinaOTPRequest : test/VinaOTPRequest
28/05 09:50:53:762 queue-not-found
Context: test/VinaOTPRequest : test/VinaOTPRequest
28/05 09:50:53:882 queue-not-found
Context: test/VinaOTPRequest : test/VinaOTPRequest
28/05 09:50:54:002 queue-not-found
Context: test/VinaOTPRequest : test/VinaOTPRequest
28/05 09:50:54:122 queue-not-found
Context: test/VinaOTPRequest : test/VinaOTPRequest
28/05 09:50:54:242 queue-not-found
Context: test/VinaOTPRequest : test/VinaOTPRequest
28/05 09:50:54:362 queue-not-found
Context: test/VinaOTPRequest : test/VinaOTPRequest
28/05 09:50:54:482 queue-not-found
Context: test/VinaOTPRequest : test/VinaOTPRequest
28/05 09:50:54:603 queue-not-found
Context: test/VinaOTPRequest : test/VinaOTPRequest
28/05 09:50:54:723 queue-not-found
Context: test/VinaOTPRequest : test/VinaOTPRequest
28/05 09:50:54:843 queue-not-found
Context: test/VinaOTPRequest : test/VinaOTPRequest
28/05 09:50:54:962 queue-not-found
Context: test/VinaOTPRequest : test/VinaOTPRequest
28/05 09:50:55:082 queue-not-found
Context: test/VinaOTPRequest : test/VinaOTPRequest
28/05 09:50:55:202 queue-not-found
Context: test/VinaOTPRequest : test/VinaOTPRequest
28/05 09:50:55:323 queue-not-found
Context: test/VinaOTPRequest : test/VinaOTPRequest
28/05 09:50:55:444 queue-not-found
Context: test/VinaOTPRequest : test/VinaOTPRequest
28/05 09:50:55:563 queue-not-found
Context: test/VinaOTPRequest : test/VinaOTPRequest
28/05 09:50:55:686 queue-not-found
Context: test/VinaOTPRequest : test/VinaOTPRequest
28/05 09:50:55:804 queue-not-found
Context: test/VinaOTPRequest : test/VinaOTPRequest
28/05 09:50:55:924 queue-not-found
Context: test/VinaOTPRequest : test/VinaOTPRequest
28/05 09:50:56:060 queue-not-found
Context: test/VinaOTPRequest : test/VinaOTPRequest
28/05 09:50:56:179 queue-not-found
Context: test/VinaOTPRequest : test/VinaOTPRequest
28/05 09:50:56:298 queue-not-found
Context: test/VinaOTPRequest : test/VinaOTPRequest
28/05 09:50:56:418 queue-not-found
Context: test/VinaOTPRequest : test/VinaOTPRequest
28/05 09:50:56:539 queue-not-found
Context: test/VinaOTPRequest : test/VinaOTPRequest
28/05 09:50:56:660 queue-not-found
Context: test/VinaOTPRequest : test/VinaOTPRequest
28/05 09:50:56:802 queue-not-found
Context: test/VinaOTPRequest : test/VinaOTPRequest
28/05 09:50:56:889 queue-not-found
Context: test/VinaOTPRequest : test/VinaOTPRequest
28/05 09:50:57:009 queue-not-found
Context: test/VinaOTPRequest : test/VinaOTPRequest
28/05 09:50:57:136 queue-not-found
Context: test/VinaOTPRequest : test/VinaOTPRequest
28/05 09:50:57:261 queue-not-found
Context: test/VinaOTPRequest : test/VinaOTPRequest
28/05 09:50:57:376 queue-not-found
Context: test/VinaOTPRequest : test/VinaOTPRequest
28/05 09:50:57:496 queue-not-found
Context: test/VinaOTPRequest : test/VinaOTPRequest
28/05 09:50:57:616 queue-not-found
Context: test/VinaOTPRequest : test/VinaOTPRequest
28/05 09:50:57:744 queue-not-found
Context: test/VinaOTPRequest : test/VinaOTPRequest
28/05 09:50:57:856 queue-not-found
Context: test/VinaOTPRequest : test/VinaOTPRequest
28/05 09:50:57:976 queue-not-found
Context: test/VinaOTPRequest : test/VinaOTPRequest
28/05 09:50:58:095 queue-not-found
Context: test/VinaOTPRequest : test/VinaOTPRequest
28/05 09:50:58:215 queue-not-found
Context: test/VinaOTPRequest : test/VinaOTPRequest
28/05 09:50:58:336 queue-not-found
Context: test/VinaOTPRequest : test/VinaOTPRequest
28/05 09:50:58:456 queue-not-found
Context: test/VinaOTPRequest : test/VinaOTPRequest
28/05 09:50:58:576 queue-not-found
Context: test/VinaOTPRequest : test/VinaOTPRequest
28/05 09:50:58:696 queue-not-found
Context: test/VinaOTPRequest : test/VinaOTPRequest
28/05 09:50:58:807 queue-not-found
Context: test/VinaOTPRequest : test/VinaOTPRequest
28/05 09:50:58:927 queue-not-found
Context: test/VinaOTPRequest : test/VinaOTPRequest
28/05 09:50:59:048 queue-not-found
Context: test/VinaOTPRequest : test/VinaOTPRequest
28/05 09:50:59:167 queue-not-found
Context: test/VinaOTPRequest : test/VinaOTPRequest
28/05 09:50:59:287 queue-not-found
Context: test/VinaOTPRequest : test/VinaOTPRequest
28/05 09:50:59:407 queue-not-found
Context: test/VinaOTPRequest : test/VinaOTPRequest
28/05 09:50:59:528 queue-not-found
Context: test/VinaOTPRequest : test/VinaOTPRequest
28/05 09:50:59:647 queue-not-found
Context: test/VinaOTPRequest : test/VinaOTPRequest
28/05 09:50:59:767 queue-not-found
Context: test/VinaOTPRequest : test/VinaOTPRequest
28/05 09:50:59:887 queue-not-found
Context: test/VinaOTPRequest : test/VinaOTPRequest
28/05 09:51:00:007 queue-not-found
Context: test/VinaOTPRequest : test/VinaOTPRequest
28/05 09:51:00:128 queue-not-found
Context: test/VinaOTPRequest : test/VinaOTPRequest
28/05 09:51:00:248 queue-not-found
Context: test/VinaOTPRequest : test/VinaOTPRequest
28/05 09:51:00:367 queue-not-found
Context: test/VinaOTPRequest : test/VinaOTPRequest
28/05 09:51:00:487 queue-not-found
Context: test/VinaOTPRequest : test/VinaOTPRequest
28/05 09:51:00:608 queue-not-found
Context: test/VinaOTPRequest : test/VinaOTPRequest
28/05 09:51:00:728 queue-not-found
Context: test/VinaOTPRequest : test/VinaOTPRequest
28/05 09:51:00:848 queue-not-found
Context: test/VinaOTPRequest : test/VinaOTPRequest
28/05 09:51:00:968 queue-not-found
Context: test/VinaOTPRequest : test/VinaOTPRequest
28/05 09:51:01:088 queue-not-found
Context: test/VinaOTPRequest : test/VinaOTPRequest
28/05 09:51:01:208 queue-not-found
Context: test/VinaOTPRequest : test/VinaOTPRequest
28/05 09:51:01:328 queue-not-found
Context: test/VinaOTPRequest : test/VinaOTPRequest
28/05 09:51:01:448 queue-not-found
Context: test/VinaOTPRequest : test/VinaOTPRequest
28/05 09:51:01:568 queue-not-found
Context: test/VinaOTPRequest : test/VinaOTPRequest
28/05 09:51:01:687 queue-not-found
Context: test/VinaOTPRequest : test/VinaOTPRequest
28/05 09:51:01:808 queue-not-found
Context: test/VinaOTPRequest : test/VinaOTPRequest
28/05 09:51:01:928 queue-not-found
Context: test/VinaOTPRequest : test/VinaOTPRequest
28/05 09:51:02:048 queue-not-found
Context: test/VinaOTPRequest : test/VinaOTPRequest
28/05 09:51:02:168 queue-not-found
Context: test/VinaOTPRequest : test/VinaOTPRequest
28/05 09:51:02:288 queue-not-found
Context: test/VinaOTPRequest : test/VinaOTPRequest
28/05 09:51:02:407 queue-not-found
Context: test/VinaOTPRequest : test/VinaOTPRequest
28/05 09:51:02:527 queue-not-found
Context: test/VinaOTPRequest : test/VinaOTPRequest
28/05 09:51:02:648 queue-not-found
Context: test/VinaOTPRequest : test/VinaOTPRequest
28/05 09:51:02:768 queue-not-found
Context: test/VinaOTPRequest : test/VinaOTPRequest
28/05 09:51:02:887 queue-not-found
Context: test/VinaOTPRequest : test/VinaOTPRequest
28/05 09:51:03:008 queue-not-found
Context: test/VinaOTPRequest : test/VinaOTPRequest
28/05 09:51:03:128 queue-not-found
Context: test/VinaOTPRequest : test/VinaOTPRequest
28/05 09:51:03:247 queue-not-found
Context: test/VinaOTPRequest : test/VinaOTPRequest
28/05 09:51:03:368 queue-not-found
Context: test/VinaOTPRequest : test/VinaOTPRequest
28/05 09:51:03:487 queue-not-found
Context: test/VinaOTPRequest : test/VinaOTPRequest
28/05 09:51:03:608 queue-not-found
Context: test/VinaOTPRequest : test/VinaOTPRequest
28/05 09:51:03:729 queue-not-found
Context: test/VinaOTPRequest : test/VinaOTPRequest
28/05 09:51:03:849 queue-not-found
Context: test/VinaOTPRequest : test/VinaOTPRequest
28/05 09:51:03:968 queue-not-found
Context: test/VinaOTPRequest : test/VinaOTPRequest
28/05 09:51:04:089 queue-not-found
Context: test/VinaOTPRequest : test/VinaOTPRequest
28/05 09:51:04:208 queue-not-found
Context: test/VinaOTPRequest : test/VinaOTPRequest
28/05 09:51:04:329 queue-not-found
Context: test/VinaOTPRequest : test/VinaOTPRequest
28/05 09:51:04:449 queue-not-found
Context: test/VinaOTPRequest : test/VinaOTPRequest
28/05 09:51:04:569 queue-not-found
Context: test/VinaOTPRequest : test/VinaOTPRequest
28/05 09:51:04:689 queue-not-found
Context: test/VinaOTPRequest : test/VinaOTPRequest
28/05 09:51:04:808 queue-not-found
Context: test/VinaOTPRequest : test/VinaOTPRequest
28/05 09:51:04:929 queue-not-found
Context: test/VinaOTPRequest : test/VinaOTPRequest
28/05 09:51:05:051 queue-not-found
Context: test/VinaOTPRequest : test/VinaOTPRequest
28/05 09:51:05:170 queue-not-found
Context: test/VinaOTPRequest : test/VinaOTPRequest
28/05 09:51:05:291 queue-not-found
Context: test/VinaOTPRequest : test/VinaOTPRequest
28/05 09:51:05:406 queue-not-found
Context: test/VinaOTPRequest : test/VinaOTPRequest
28/05 09:51:05:526 queue-not-found
Context: test/VinaOTPRequest : test/VinaOTPRequest
28/05 09:51:05:645 queue-not-found
Context: test/VinaOTPRequest : test/VinaOTPRequest
28/05 09:51:05:766 queue-not-found
Context: test/VinaOTPRequest : test/VinaOTPRequest
28/05 09:51:05:886 queue-not-found
Context: test/VinaOTPRequest : test/VinaOTPRequest
28/05 09:51:06:006 queue-not-found
Context: test/VinaOTPRequest : test/VinaOTPRequest
28/05 09:51:06:126 queue-not-found
Context: test/VinaOTPRequest : test/VinaOTPRequest
28/05 09:51:06:246 queue-not-found
Context: test/VinaOTPRequest : test/VinaOTPRequest
28/05 09:51:06:366 queue-not-found
Context: test/VinaOTPRequest : test/VinaOTPRequest
28/05 09:51:06:485 queue-not-found
Context: test/VinaOTPRequest : test/VinaOTPRequest
