08/04 10:58:43:369 VMS GET CDR started
08/04 10:58:43:395 Starting process session
08/04 10:58:43:662 Connect to server success!
08/04 10:58:53:544 Download file from /CDR/20140403
08/04 10:58:53:548 folder /CDR/20140403 is empty
08/04 10:58:53:552 Download total 0 file!!
08/04 10:58:53:579 Connection closed!!
08/04 10:58:53:593 Reconnect to server!!!
08/04 10:58:53:779 Connect to server success!
08/04 10:58:53:882 Download file from /CDR/20140403
08/04 10:58:53:887 folder /CDR/20140403 is empty
08/04 10:58:53:891 Download total 0 file!!
08/04 10:58:53:974 Connection closed!!
08/04 10:58:53:990 Reconnect to server!!!
08/04 10:58:54:170 Connect to server success!
08/04 10:58:54:266 Download file from /CDR/20140403
08/04 10:58:54:271 folder /CDR/20140403 is empty
08/04 10:58:54:277 Download total 0 file!!
08/04 10:58:54:308 Connection closed!!
08/04 10:58:54:321 Reconnect to server!!!
08/04 10:58:54:479 Connect to server success!
08/04 10:58:54:582 Download file from /CDR/20140403
08/04 10:58:54:588 folder /CDR/20140403 is empty
08/04 10:58:54:594 Download total 0 file!!
08/04 10:58:54:629 Connection closed!!
08/04 10:58:54:643 Reconnect to server!!!
08/04 10:58:54:803 Connect to server success!
08/04 10:58:54:915 Download file from /CDR/20140403
08/04 10:58:54:921 folder /CDR/20140403 is empty
08/04 10:58:54:929 Download total 0 file!!
08/04 10:58:54:967 Connection closed!!
08/04 10:58:54:980 Reconnect to server!!!
08/04 10:58:55:142 Connect to server success!
08/04 10:58:55:241 Download file from /CDR/20140403
08/04 10:58:55:248 folder /CDR/20140403 is empty
08/04 10:58:55:254 Download total 0 file!!
08/04 10:58:55:289 Connection closed!!
08/04 10:58:55:302 Reconnect to server!!!
08/04 10:58:55:475 Connect to server success!
08/04 10:58:55:577 Download file from /CDR/20140403
08/04 10:58:55:583 folder /CDR/20140403 is empty
08/04 10:58:55:589 Download total 0 file!!
08/04 10:58:55:623 Connection closed!!
08/04 10:58:55:636 Reconnect to server!!!
08/04 10:58:55:804 Connect to server success!
08/04 10:58:55:904 Download file from /CDR/20140403
08/04 10:58:55:910 folder /CDR/20140403 is empty
08/04 10:58:55:916 Download total 0 file!!
08/04 10:58:55:952 Connection closed!!
08/04 10:58:55:965 Reconnect to server!!!
08/04 10:58:56:209 Connect to server success!
08/04 10:58:56:302 Download file from /CDR/20140403
08/04 10:58:56:306 folder /CDR/20140403 is empty
08/04 10:58:56:311 Download total 0 file!!
08/04 10:58:56:336 Connection closed!!
08/04 10:58:56:350 Reconnect to server!!!
08/04 10:58:56:507 Connect to server success!
08/04 10:58:56:594 Download file from /CDR/20140403
08/04 10:58:56:598 folder /CDR/20140403 is empty
08/04 10:58:56:604 Download total 0 file!!
08/04 10:58:56:639 Connection closed!!
08/04 10:58:56:653 Reconnect to server!!!
08/04 10:58:56:827 Connect to server success!
08/04 10:58:56:926 Download file from /CDR/20140403
08/04 10:58:56:930 folder /CDR/20140403 is empty
08/04 10:58:56:936 Download total 0 file!!
08/04 10:58:56:971 Connection closed!!
08/04 10:58:56:984 Reconnect to server!!!
08/04 10:58:57:140 Connect to server success!
08/04 10:58:57:250 Download file from /CDR/20140403
08/04 10:58:57:256 folder /CDR/20140403 is empty
08/04 10:58:57:262 Download total 0 file!!
08/04 10:58:57:299 Connection closed!!
08/04 10:58:57:314 Reconnect to server!!!
08/04 10:58:57:474 Connect to server success!
08/04 10:58:57:591 Download file from /CDR/20140403
08/04 10:58:57:595 folder /CDR/20140403 is empty
08/04 10:58:57:599 Download total 0 file!!
08/04 10:58:57:627 Connection closed!!
08/04 10:58:57:641 Reconnect to server!!!
08/04 10:58:57:808 Connect to server success!
08/04 10:58:57:910 Download file from /CDR/20140403
08/04 10:58:57:916 folder /CDR/20140403 is empty
08/04 10:58:57:922 Download total 0 file!!
08/04 10:58:57:956 Connection closed!!
08/04 10:58:57:970 Reconnect to server!!!
08/04 10:58:58:132 Connect to server success!
08/04 10:58:58:244 Download file from /CDR/20140403
08/04 10:58:58:250 folder /CDR/20140403 is empty
08/04 10:58:58:256 Download total 0 file!!
08/04 10:58:58:293 Connection closed!!
08/04 10:58:58:307 Reconnect to server!!!
08/04 10:58:58:473 Connect to server success!
08/04 10:58:58:563 Download file from /CDR/20140403
08/04 10:58:58:567 folder /CDR/20140403 is empty
08/04 10:58:58:571 Download total 0 file!!
08/04 10:58:58:598 Connection closed!!
08/04 10:58:58:612 Reconnect to server!!!
08/04 10:58:58:772 Connect to server success!
08/04 10:58:58:866 Download file from /CDR/20140403
08/04 10:58:58:873 folder /CDR/20140403 is empty
08/04 10:58:58:880 Download total 0 file!!
08/04 10:58:58:908 Connection closed!!
08/04 10:58:58:922 Reconnect to server!!!
08/04 10:58:59:113 Connect to server success!
08/04 10:58:59:224 Download file from /CDR/20140403
08/04 10:58:59:227 folder /CDR/20140403 is empty
08/04 10:58:59:231 Download total 0 file!!
08/04 10:58:59:264 Connection closed!!
08/04 10:58:59:278 Reconnect to server!!!
08/04 10:58:59:433 Connect to server success!
08/04 10:58:59:573 Download file from /CDR/20140403
08/04 10:58:59:576 folder /CDR/20140403 is empty
08/04 10:58:59:580 Download total 0 file!!
08/04 10:58:59:604 Connection closed!!
08/04 10:58:59:619 Reconnect to server!!!
08/04 10:58:59:779 Connect to server success!
08/04 10:58:59:878 Download file from /CDR/20140403
08/04 10:58:59:884 folder /CDR/20140403 is empty
08/04 10:58:59:891 Download total 0 file!!
08/04 10:58:59:930 Connection closed!!
08/04 10:58:59:943 Reconnect to server!!!
08/04 10:59:00:123 Connect to server success!
08/04 10:59:00:213 Download file from /CDR/20140403
08/04 10:59:00:216 folder /CDR/20140403 is empty
08/04 10:59:00:220 Download total 0 file!!
08/04 10:59:00:262 Connection closed!!
08/04 10:59:00:275 Reconnect to server!!!
08/04 10:59:00:438 Connect to server success!
08/04 11:01:02:556 VMS GET CDR started
08/04 11:01:03:381 Starting process session
08/04 11:01:03:569 Connect to server success!
08/04 11:01:20:024 Download file from /CDR/20140403
08/04 11:01:21:342 folder /CDR/20140403 is empty
08/04 11:01:29:769 Download total 0 file!!
08/04 11:01:36:258 Connection closed!!
08/04 11:02:41:381 VMS GET CDR started
08/04 11:02:42:083 Starting process session
08/04 11:02:42:277 Connect to server success!
08/04 11:03:23:206 Download file from /CDR/20140403
08/04 11:03:23:212 folder /CDR/20140403 is empty
08/04 11:03:23:216 Download total 0 file!!
08/04 11:03:23:330 Connection closed!!
08/04 11:03:23:346 Reconnect to server!!!
08/04 11:03:23:686 Connect to server success!
08/04 11:03:29:867 Download file from /CDR/20140404
08/04 11:03:29:871 folder /CDR/20140404 is empty
08/04 11:03:29:877 Download total 0 file!!
08/04 11:03:29:954 Connection closed!!
08/04 11:03:29:970 Reconnect to server!!!
08/04 11:03:30:575 Connect to server success!
08/04 11:03:30:582 Creating directory: D://cdr/20140405
08/04 11:03:30:589 Folder is create!!
08/04 11:03:33:897 Download file from /CDR/20140405
08/04 11:03:33:997 Download file SDP-ACOM-20140405-000001.cdr success from /CDR/20140405 to D://cdr/20140405
08/04 11:03:34:124 Download file SDP-ACOM-20140405-000002.cdr success from /CDR/20140405 to D://cdr/20140405
08/04 11:03:34:284 Download file SDP-ACOM-20140405-000003.cdr success from /CDR/20140405 to D://cdr/20140405
08/04 11:03:34:444 Download file SDP-ACOM-20140405-000004.cdr success from /CDR/20140405 to D://cdr/20140405
08/04 11:03:34:597 Download file SDP-ACOM-20140405-000005.cdr success from /CDR/20140405 to D://cdr/20140405
08/04 11:03:34:703 Download file SDP-ACOM-20140405-000006.cdr success from /CDR/20140405 to D://cdr/20140405
08/04 11:03:34:802 Download file SDP-ACOM-20140405-000007.cdr success from /CDR/20140405 to D://cdr/20140405
08/04 11:03:34:954 Download file SDP-ACOM-20140405-000008.cdr success from /CDR/20140405 to D://cdr/20140405
08/04 11:03:35:067 Download file SDP-ACOM-20140405-000009.cdr success from /CDR/20140405 to D://cdr/20140405
08/04 11:03:35:542 Download file SDP-ACOM-20140405-000010.cdr success from /CDR/20140405 to D://cdr/20140405
08/04 11:03:35:961 Download file SDP-ACOM-20140405-000011.cdr success from /CDR/20140405 to D://cdr/20140405
08/04 11:03:36:071 Download file SDP-ACOM-20140405-000012.cdr success from /CDR/20140405 to D://cdr/20140405
08/04 11:03:36:171 Download file SDP-ACOM-20140405-000013.cdr success from /CDR/20140405 to D://cdr/20140405
08/04 11:03:36:644 Download file SDP-ACOM-20140405-000014.cdr success from /CDR/20140405 to D://cdr/20140405
08/04 11:03:36:754 Download file SDP-ACOM-20140405-000015.cdr success from /CDR/20140405 to D://cdr/20140405
08/04 11:03:36:866 Download file SDP-ACOM-20140405-000016.cdr success from /CDR/20140405 to D://cdr/20140405
08/04 11:03:36:966 Download file SDP-ACOM-20140405-000017.cdr success from /CDR/20140405 to D://cdr/20140405
08/04 11:03:37:401 Download file SDP-ACOM-20140405-000018.cdr success from /CDR/20140405 to D://cdr/20140405
08/04 11:03:37:500 Download file SDP-ACOM-20140405-000019.cdr success from /CDR/20140405 to D://cdr/20140405
08/04 11:03:37:612 Download file SDP-ACOM-20140405-000020.cdr success from /CDR/20140405 to D://cdr/20140405
08/04 11:03:37:712 Download file SDP-ACOM-20140405-000021.cdr success from /CDR/20140405 to D://cdr/20140405
08/04 11:03:37:839 Download file SDP-ACOM-20140405-000022.cdr success from /CDR/20140405 to D://cdr/20140405
08/04 11:03:37:952 Download file SDP-ACOM-20140405-000023.cdr success from /CDR/20140405 to D://cdr/20140405
08/04 11:03:38:113 Download file SDP-ACOM-20140405-000024.cdr success from /CDR/20140405 to D://cdr/20140405
08/04 11:03:38:318 Download file SDP-ACOM-20140405-000025.cdr success from /CDR/20140405 to D://cdr/20140405
08/04 11:03:38:545 Download file SDP-ACOM-20140405-000026.cdr success from /CDR/20140405 to D://cdr/20140405
08/04 11:03:38:648 Download file SDP-ACOM-20140405-000027.cdr success from /CDR/20140405 to D://cdr/20140405
08/04 11:03:38:769 Download file SDP-ACOM-20140405-000028.cdr success from /CDR/20140405 to D://cdr/20140405
08/04 11:03:38:871 Download file SDP-ACOM-20140405-000029.cdr success from /CDR/20140405 to D://cdr/20140405
08/04 11:03:38:983 Download file SDP-ACOM-20140405-000030.cdr success from /CDR/20140405 to D://cdr/20140405
08/04 11:03:39:115 Download file SDP-ACOM-20140405-000031.cdr success from /CDR/20140405 to D://cdr/20140405
08/04 11:03:39:253 Download file SDP-ACOM-20140405-000032.cdr success from /CDR/20140405 to D://cdr/20140405
08/04 11:03:39:395 Download file SDP-ACOM-20140405-000033.cdr success from /CDR/20140405 to D://cdr/20140405
08/04 11:03:39:536 Download file SDP-ACOM-20140405-000034.cdr success from /CDR/20140405 to D://cdr/20140405
08/04 11:03:39:642 Download file SDP-ACOM-20140405-000035.cdr success from /CDR/20140405 to D://cdr/20140405
08/04 11:03:39:800 Download file SDP-ACOM-20140405-000036.cdr success from /CDR/20140405 to D://cdr/20140405
08/04 11:03:39:920 Download file SDP-ACOM-20140405-000037.cdr success from /CDR/20140405 to D://cdr/20140405
08/04 11:03:40:031 Download file SDP-ACOM-20140405-000038.cdr success from /CDR/20140405 to D://cdr/20140405
08/04 11:03:40:170 Download file SDP-ACOM-20140405-000039.cdr success from /CDR/20140405 to D://cdr/20140405
08/04 11:03:40:287 Download file SDP-ACOM-20140405-000040.cdr success from /CDR/20140405 to D://cdr/20140405
08/04 11:03:40:394 Download file SDP-ACOM-20140405-000041.cdr success from /CDR/20140405 to D://cdr/20140405
08/04 11:03:40:517 Download file SDP-ACOM-20140405-000042.cdr success from /CDR/20140405 to D://cdr/20140405
08/04 11:03:40:639 Download file SDP-ACOM-20140405-000043.cdr success from /CDR/20140405 to D://cdr/20140405
08/04 11:03:40:780 Download file SDP-ACOM-20140405-000044.cdr success from /CDR/20140405 to D://cdr/20140405
08/04 11:03:40:894 Download file SDP-ACOM-20140405-000045.cdr success from /CDR/20140405 to D://cdr/20140405
08/04 11:03:41:011 Download file SDP-ACOM-20140405-000046.cdr success from /CDR/20140405 to D://cdr/20140405
08/04 11:03:41:120 Download file SDP-ACOM-20140405-000047.cdr success from /CDR/20140405 to D://cdr/20140405
08/04 11:03:41:217 Download file SDP-ACOM-20140405-000048.cdr success from /CDR/20140405 to D://cdr/20140405
08/04 11:03:41:562 Download file SDP-ACOM-20140405-000049.cdr success from /CDR/20140405 to D://cdr/20140405
08/04 11:03:41:694 Download file SDP-ACOM-20140405-000050.cdr success from /CDR/20140405 to D://cdr/20140405
08/04 11:03:41:829 Download file SDP-ACOM-20140405-000051.cdr success from /CDR/20140405 to D://cdr/20140405
08/04 11:03:41:950 Download file SDP-ACOM-20140405-000052.cdr success from /CDR/20140405 to D://cdr/20140405
08/04 11:03:42:059 Download file SDP-ACOM-20140405-000053.cdr success from /CDR/20140405 to D://cdr/20140405
08/04 11:03:42:302 Download file SDP-ACOM-20140405-000054.cdr success from /CDR/20140405 to D://cdr/20140405
08/04 11:03:42:472 Download file SDP-ACOM-20140405-000055.cdr success from /CDR/20140405 to D://cdr/20140405
08/04 11:03:42:478 Download total 55 file!!
08/04 11:03:42:509 Connection closed!!
08/04 11:03:42:523 Reconnect to server!!!
08/04 11:03:42:677 Connect to server success!
08/04 11:03:42:682 Creating directory: D://cdr/20140406
08/04 11:03:42:686 Folder is create!!
08/04 11:03:48:090 Download file from /CDR/20140406
08/04 11:03:48:232 Download file SDP-ACOM-20140406-000001.cdr success from /CDR/20140406 to D://cdr/20140406
08/04 11:03:48:333 Download file SDP-ACOM-20140406-000002.cdr success from /CDR/20140406 to D://cdr/20140406
08/04 11:03:48:448 Download file SDP-ACOM-20140406-000003.cdr success from /CDR/20140406 to D://cdr/20140406
08/04 11:03:48:560 Download file SDP-ACOM-20140406-000004.cdr success from /CDR/20140406 to D://cdr/20140406
08/04 11:03:48:671 Download file SDP-ACOM-20140406-000005.cdr success from /CDR/20140406 to D://cdr/20140406
08/04 11:03:48:985 Download file SDP-ACOM-20140406-000006.cdr success from /CDR/20140406 to D://cdr/20140406
08/04 11:03:49:091 Download file SDP-ACOM-20140406-000007.cdr success from /CDR/20140406 to D://cdr/20140406
08/04 11:03:49:188 Download file SDP-ACOM-20140406-000008.cdr success from /CDR/20140406 to D://cdr/20140406
08/04 11:03:49:287 Download file SDP-ACOM-20140406-000009.cdr success from /CDR/20140406 to D://cdr/20140406
08/04 11:03:49:399 Download file SDP-ACOM-20140406-000010.cdr success from /CDR/20140406 to D://cdr/20140406
08/04 11:03:49:497 Download file SDP-ACOM-20140406-000011.cdr success from /CDR/20140406 to D://cdr/20140406
08/04 11:03:49:859 Download file SDP-ACOM-20140406-000012.cdr success from /CDR/20140406 to D://cdr/20140406
08/04 11:03:49:964 Download file SDP-ACOM-20140406-000013.cdr success from /CDR/20140406 to D://cdr/20140406
08/04 11:03:50:065 Download file SDP-ACOM-20140406-000014.cdr success from /CDR/20140406 to D://cdr/20140406
08/04 11:03:50:187 Download file SDP-ACOM-20140406-000015.cdr success from /CDR/20140406 to D://cdr/20140406
08/04 11:03:50:312 Download file SDP-ACOM-20140406-000016.cdr success from /CDR/20140406 to D://cdr/20140406
08/04 11:03:50:494 Download file SDP-ACOM-20140406-000017.cdr success from /CDR/20140406 to D://cdr/20140406
08/04 11:03:50:723 Download file SDP-ACOM-20140406-000018.cdr success from /CDR/20140406 to D://cdr/20140406
08/04 11:03:50:839 Download file SDP-ACOM-20140406-000019.cdr success from /CDR/20140406 to D://cdr/20140406
08/04 11:03:50:954 Download file SDP-ACOM-20140406-000020.cdr success from /CDR/20140406 to D://cdr/20140406
08/04 11:03:51:054 Download file SDP-ACOM-20140406-000021.cdr success from /CDR/20140406 to D://cdr/20140406
08/04 11:03:51:202 Download file SDP-ACOM-20140406-000022.cdr success from /CDR/20140406 to D://cdr/20140406
08/04 11:03:51:331 Download file SDP-ACOM-20140406-000023.cdr success from /CDR/20140406 to D://cdr/20140406
08/04 11:03:51:439 Download file SDP-ACOM-20140406-000024.cdr success from /CDR/20140406 to D://cdr/20140406
08/04 11:03:51:553 Download file SDP-ACOM-20140406-000025.cdr success from /CDR/20140406 to D://cdr/20140406
08/04 11:03:51:690 Download file SDP-ACOM-20140406-000026.cdr success from /CDR/20140406 to D://cdr/20140406
08/04 11:03:51:827 Download file SDP-ACOM-20140406-000027.cdr success from /CDR/20140406 to D://cdr/20140406
08/04 11:03:51:942 Download file SDP-ACOM-20140406-000028.cdr success from /CDR/20140406 to D://cdr/20140406
08/04 11:03:52:034 Download file SDP-ACOM-20140406-000029.cdr success from /CDR/20140406 to D://cdr/20140406
08/04 11:03:52:182 Download file SDP-ACOM-20140406-000030.cdr success from /CDR/20140406 to D://cdr/20140406
08/04 11:03:52:288 Download file SDP-ACOM-20140406-000031.cdr success from /CDR/20140406 to D://cdr/20140406
08/04 11:03:52:395 Download file SDP-ACOM-20140406-000032.cdr success from /CDR/20140406 to D://cdr/20140406
08/04 11:03:52:509 Download file SDP-ACOM-20140406-000033.cdr success from /CDR/20140406 to D://cdr/20140406
08/04 11:03:52:605 Download file SDP-ACOM-20140406-000034.cdr success from /CDR/20140406 to D://cdr/20140406
08/04 11:03:52:757 Download file SDP-ACOM-20140406-000035.cdr success from /CDR/20140406 to D://cdr/20140406
08/04 11:03:53:459 Download file SDP-ACOM-20140406-000036.cdr success from /CDR/20140406 to D://cdr/20140406
08/04 11:03:53:590 Download file SDP-ACOM-20140406-000037.cdr success from /CDR/20140406 to D://cdr/20140406
08/04 11:03:53:697 Download file SDP-ACOM-20140406-000038.cdr success from /CDR/20140406 to D://cdr/20140406
08/04 11:03:53:820 Download file SDP-ACOM-20140406-000039.cdr success from /CDR/20140406 to D://cdr/20140406
08/04 11:03:53:931 Download file SDP-ACOM-20140406-000040.cdr success from /CDR/20140406 to D://cdr/20140406
08/04 11:03:54:031 Download file SDP-ACOM-20140406-000041.cdr success from /CDR/20140406 to D://cdr/20140406
08/04 11:03:55:157 Download file SDP-ACOM-20140406-000042.cdr success from /CDR/20140406 to D://cdr/20140406
08/04 11:03:55:269 Download file SDP-ACOM-20140406-000043.cdr success from /CDR/20140406 to D://cdr/20140406
08/04 11:03:55:420 Download file SDP-ACOM-20140406-000044.cdr success from /CDR/20140406 to D://cdr/20140406
08/04 11:03:55:562 Download file SDP-ACOM-20140406-000045.cdr success from /CDR/20140406 to D://cdr/20140406
08/04 11:03:55:679 Download file SDP-ACOM-20140406-000046.cdr success from /CDR/20140406 to D://cdr/20140406
08/04 11:03:55:775 Download file SDP-ACOM-20140406-000047.cdr success from /CDR/20140406 to D://cdr/20140406
08/04 11:03:55:976 Download file SDP-ACOM-20140406-000048.cdr success from /CDR/20140406 to D://cdr/20140406
08/04 11:03:56:083 Download file SDP-ACOM-20140406-000049.cdr success from /CDR/20140406 to D://cdr/20140406
08/04 11:03:56:183 Download file SDP-ACOM-20140406-000050.cdr success from /CDR/20140406 to D://cdr/20140406
08/04 11:03:56:340 Download file SDP-ACOM-20140406-000051.cdr success from /CDR/20140406 to D://cdr/20140406
08/04 11:03:56:458 Download file SDP-ACOM-20140406-000052.cdr success from /CDR/20140406 to D://cdr/20140406
08/04 11:03:56:575 Download file SDP-ACOM-20140406-000053.cdr success from /CDR/20140406 to D://cdr/20140406
08/04 11:03:56:668 Download file SDP-ACOM-20140406-000054.cdr success from /CDR/20140406 to D://cdr/20140406
08/04 11:03:56:674 Download total 54 file!!
08/04 11:03:56:702 Connection closed!!
08/04 11:03:56:716 Reconnect to server!!!
08/04 11:03:56:894 Connect to server success!
08/04 11:03:56:900 Creating directory: D://cdr/20140407
08/04 11:03:56:905 Folder is create!!
08/04 11:05:12:887 Download file from /CDR/20140407
08/04 11:05:13:713 Download file SDP-ACOM-20140407-000001.cdr success from /CDR/20140407 to D://cdr/20140407
08/04 11:05:13:844 Download file SDP-ACOM-20140407-000002.cdr success from /CDR/20140407 to D://cdr/20140407
08/04 11:05:14:350 Download file SDP-ACOM-20140407-000003.cdr success from /CDR/20140407 to D://cdr/20140407
08/04 11:05:14:614 Download file SDP-ACOM-20140407-000004.cdr success from /CDR/20140407 to D://cdr/20140407
08/04 11:05:14:715 Download file SDP-ACOM-20140407-000005.cdr success from /CDR/20140407 to D://cdr/20140407
08/04 11:05:14:827 Download file SDP-ACOM-20140407-000006.cdr success from /CDR/20140407 to D://cdr/20140407
08/04 11:05:14:944 Download file SDP-ACOM-20140407-000007.cdr success from /CDR/20140407 to D://cdr/20140407
08/04 11:05:15:049 Download file SDP-ACOM-20140407-000008.cdr success from /CDR/20140407 to D://cdr/20140407
08/04 11:05:15:146 Download file SDP-ACOM-20140407-000009.cdr success from /CDR/20140407 to D://cdr/20140407
08/04 11:05:15:252 Download file SDP-ACOM-20140407-000010.cdr success from /CDR/20140407 to D://cdr/20140407
08/04 11:05:15:413 Download file SDP-ACOM-20140407-000011.cdr success from /CDR/20140407 to D://cdr/20140407
08/04 11:05:15:528 Download file SDP-ACOM-20140407-000012.cdr success from /CDR/20140407 to D://cdr/20140407
08/04 11:05:16:130 Download file SDP-ACOM-20140407-000013.cdr success from /CDR/20140407 to D://cdr/20140407
08/04 11:05:16:231 Download file SDP-ACOM-20140407-000014.cdr success from /CDR/20140407 to D://cdr/20140407
08/04 11:05:16:334 Download file SDP-ACOM-20140407-000015.cdr success from /CDR/20140407 to D://cdr/20140407
08/04 11:05:16:682 Download file SDP-ACOM-20140407-000016.cdr success from /CDR/20140407 to D://cdr/20140407
08/04 11:05:17:180 Download file SDP-ACOM-20140407-000017.cdr success from /CDR/20140407 to D://cdr/20140407
08/04 11:05:17:294 Download file SDP-ACOM-20140407-000018.cdr success from /CDR/20140407 to D://cdr/20140407
08/04 11:05:17:453 Download file SDP-ACOM-20140407-000019.cdr success from /CDR/20140407 to D://cdr/20140407
08/04 11:05:17:565 Download file SDP-ACOM-20140407-000020.cdr success from /CDR/20140407 to D://cdr/20140407
08/04 11:05:17:669 Download file SDP-ACOM-20140407-000021.cdr success from /CDR/20140407 to D://cdr/20140407
08/04 11:05:17:790 Download file SDP-ACOM-20140407-000022.cdr success from /CDR/20140407 to D://cdr/20140407
08/04 11:05:18:004 Download file SDP-ACOM-20140407-000023.cdr success from /CDR/20140407 to D://cdr/20140407
08/04 11:05:18:347 Download file SDP-ACOM-20140407-000024.cdr success from /CDR/20140407 to D://cdr/20140407
08/04 11:05:18:476 Download file SDP-ACOM-20140407-000025.cdr success from /CDR/20140407 to D://cdr/20140407
08/04 11:05:18:576 Download file SDP-ACOM-20140407-000026.cdr success from /CDR/20140407 to D://cdr/20140407
08/04 11:05:18:829 Download file SDP-ACOM-20140407-000027.cdr success from /CDR/20140407 to D://cdr/20140407
08/04 11:05:18:943 Download file SDP-ACOM-20140407-000028.cdr success from /CDR/20140407 to D://cdr/20140407
08/04 11:05:19:201 Download file SDP-ACOM-20140407-000029.cdr success from /CDR/20140407 to D://cdr/20140407
08/04 11:05:19:350 Download file SDP-ACOM-20140407-000030.cdr success from /CDR/20140407 to D://cdr/20140407
08/04 11:05:19:915 Download file SDP-ACOM-20140407-000031.cdr success from /CDR/20140407 to D://cdr/20140407
08/04 11:05:20:019 Download file SDP-ACOM-20140407-000032.cdr success from /CDR/20140407 to D://cdr/20140407
08/04 11:05:20:379 Download file SDP-ACOM-20140407-000033.cdr success from /CDR/20140407 to D://cdr/20140407
08/04 11:05:20:546 Download file SDP-ACOM-20140407-000034.cdr success from /CDR/20140407 to D://cdr/20140407
08/04 11:05:20:724 Download file SDP-ACOM-20140407-000035.cdr success from /CDR/20140407 to D://cdr/20140407
08/04 11:05:21:070 Download file SDP-ACOM-20140407-000036.cdr success from /CDR/20140407 to D://cdr/20140407
08/04 11:05:21:171 Download file SDP-ACOM-20140407-000037.cdr success from /CDR/20140407 to D://cdr/20140407
08/04 11:05:21:503 Download file SDP-ACOM-20140407-000038.cdr success from /CDR/20140407 to D://cdr/20140407
08/04 11:05:21:628 Download file SDP-ACOM-20140407-000039.cdr success from /CDR/20140407 to D://cdr/20140407
08/04 11:05:21:852 Download file SDP-ACOM-20140407-000040.cdr success from /CDR/20140407 to D://cdr/20140407
08/04 11:05:21:990 Download file SDP-ACOM-20140407-000041.cdr success from /CDR/20140407 to D://cdr/20140407
08/04 11:05:22:185 Download file SDP-ACOM-20140407-000042.cdr success from /CDR/20140407 to D://cdr/20140407
08/04 11:05:22:311 Download file SDP-ACOM-20140407-000043.cdr success from /CDR/20140407 to D://cdr/20140407
08/04 11:05:22:406 Download file SDP-ACOM-20140407-000044.cdr success from /CDR/20140407 to D://cdr/20140407
08/04 11:05:22:532 Download file SDP-ACOM-20140407-000045.cdr success from /CDR/20140407 to D://cdr/20140407
08/04 11:05:22:637 Download file SDP-ACOM-20140407-000046.cdr success from /CDR/20140407 to D://cdr/20140407
08/04 11:05:22:784 Download file SDP-ACOM-20140407-000047.cdr success from /CDR/20140407 to D://cdr/20140407
08/04 11:05:22:971 Download file SDP-ACOM-20140407-000048.cdr success from /CDR/20140407 to D://cdr/20140407
08/04 11:05:23:132 Download file SDP-ACOM-20140407-000049.cdr success from /CDR/20140407 to D://cdr/20140407
08/04 11:05:23:776 Download file SDP-ACOM-20140407-000050.cdr success from /CDR/20140407 to D://cdr/20140407
08/04 11:05:23:977 Download file SDP-ACOM-20140407-000051.cdr success from /CDR/20140407 to D://cdr/20140407
08/04 11:05:24:082 Download file SDP-ACOM-20140407-000052.cdr success from /CDR/20140407 to D://cdr/20140407
08/04 11:05:24:188 Download file SDP-ACOM-20140407-000053.cdr success from /CDR/20140407 to D://cdr/20140407
08/04 11:05:24:291 Download file SDP-ACOM-20140407-000054.cdr success from /CDR/20140407 to D://cdr/20140407
08/04 11:05:24:415 Download file SDP-ACOM-20140407-000055.cdr success from /CDR/20140407 to D://cdr/20140407
08/04 11:05:24:567 Download file SDP-ACOM-20140407-000056.cdr success from /CDR/20140407 to D://cdr/20140407
08/04 11:05:24:886 Download file SDP-ACOM-20140407-000057.cdr success from /CDR/20140407 to D://cdr/20140407
08/04 11:05:24:983 Download file SDP-ACOM-20140407-000058.cdr success from /CDR/20140407 to D://cdr/20140407
08/04 11:05:24:987 Download total 58 file!!
08/04 11:05:25:006 Connection closed!!
08/04 11:05:25:019 Reconnect to server!!!
08/04 11:05:28:235 Connect to server success!
08/04 11:05:28:240 Creating directory: D://cdr/20140408
08/04 11:05:28:246 Folder is create!!
08/04 11:06:45:140 Download file from /CDR/20140408
08/04 11:06:45:144 folder /CDR/20140408 is empty
08/04 11:06:45:147 Download total 0 file!!
08/04 11:06:45:166 Connection closed!!
08/04 11:06:45:180 Reconnect to server!!!
08/04 11:06:45:354 Connect to server success!
