15/11 06:42:39:685 CP started
15/11 06:42:39:847 Testing connection ...
15/11 06:42:39:858 Testing connection are success
15/11 06:42:39:868 Starting process session
15/11 06:42:41:207 queue-not-found
Context: test/CP : test/CP
15/11 06:42:41:607 queue-not-found
Context: test/CP : test/CP
15/11 06:42:41:995 queue-not-found
Context: test/CP : test/CP
15/11 06:42:42:392 queue-not-found
Context: test/CP : test/CP
15/11 06:42:42:792 queue-not-found
Context: test/CP : test/CP
15/11 06:42:43:191 queue-not-found
Context: test/CP : test/CP
15/11 06:42:43:595 queue-not-found
Context: test/CP : test/CP
15/11 06:42:43:999 queue-not-found
Context: test/CP : test/CP
15/11 06:42:44:397 queue-not-found
Context: test/CP : test/CP
15/11 06:42:44:796 queue-not-found
Context: test/CP : test/CP
15/11 06:42:45:194 queue-not-found
Context: test/CP : test/CP
15/11 06:42:45:595 queue-not-found
Context: test/CP : test/CP
15/11 06:42:45:998 queue-not-found
Context: test/CP : test/CP
15/11 06:42:46:395 queue-not-found
Context: test/CP : test/CP
15/11 06:42:46:798 queue-not-found
Context: test/CP : test/CP
15/11 06:42:47:212 queue-not-found
Context: test/CP : test/CP
15/11 06:42:47:614 queue-not-found
Context: test/CP : test/CP
15/11 06:42:48:056 queue-not-found
Context: test/CP : test/CP
15/11 06:42:48:486 queue-not-found
Context: test/CP : test/CP
15/11 06:42:48:893 queue-not-found
Context: test/CP : test/CP
15/11 06:42:49:293 queue-not-found
Context: test/CP : test/CP
15/11 06:42:49:701 queue-not-found
Context: test/CP : test/CP
15/11 06:42:50:095 queue-not-found
Context: test/CP : test/CP
15/11 06:42:50:493 queue-not-found
Context: test/CP : test/CP
15/11 06:42:50:896 queue-not-found
Context: test/CP : test/CP
15/11 06:42:51:304 queue-not-found
Context: test/CP : test/CP
15/11 06:42:51:694 queue-not-found
Context: test/CP : test/CP
