03/01 14:50:08:098 Content Provider started
03/01 14:50:10:128 Testing connection ...
03/01 14:50:10:153 Testing connection are success
03/01 14:50:10:162 Starting process session
03/01 14:50:23:360 queue-not-found
Context: test/CP : test/CP
03/01 14:50:23:740 queue-not-found
Context: test/CP : test/CP
03/01 14:50:24:163 queue-not-found
Context: test/CP : test/CP
03/01 14:50:24:566 queue-not-found
Context: test/CP : test/CP
03/01 14:50:24:969 queue-not-found
Context: test/CP : test/CP
03/01 14:50:25:418 queue-not-found
Context: test/CP : test/CP
03/01 14:50:25:829 queue-not-found
Context: test/CP : test/CP
03/01 14:50:26:228 queue-not-found
Context: test/CP : test/CP
03/01 14:50:26:626 queue-not-found
Context: test/CP : test/CP
03/01 14:50:27:030 queue-not-found
Context: test/CP : test/CP
03/01 14:50:27:426 queue-not-found
Context: test/CP : test/CP
03/01 14:50:27:828 queue-not-found
Context: test/CP : test/CP
03/01 14:50:28:227 queue-not-found
Context: test/CP : test/CP
03/01 14:50:28:633 queue-not-found
Context: test/CP : test/CP
03/01 14:50:29:032 queue-not-found
Context: test/CP : test/CP
03/01 14:50:29:431 queue-not-found
Context: test/CP : test/CP
03/01 14:50:29:833 queue-not-found
Context: test/CP : test/CP
03/01 14:50:30:232 queue-not-found
Context: test/CP : test/CP
03/01 14:50:30:631 queue-not-found
Context: test/CP : test/CP
03/01 14:50:31:033 queue-not-found
Context: test/CP : test/CP
03/01 14:50:31:434 queue-not-found
Context: test/CP : test/CP
03/01 14:50:31:840 queue-not-found
Context: test/CP : test/CP
03/01 14:50:32:235 queue-not-found
Context: test/CP : test/CP
03/01 14:50:32:647 queue-not-found
Context: test/CP : test/CP
03/01 14:50:33:051 queue-not-found
Context: test/CP : test/CP
03/01 14:50:33:462 queue-not-found
Context: test/CP : test/CP
03/01 14:50:33:856 queue-not-found
Context: test/CP : test/CP
03/01 14:50:34:256 queue-not-found
Context: test/CP : test/CP
03/01 14:50:34:661 queue-not-found
Context: test/CP : test/CP
03/01 14:50:35:061 queue-not-found
Context: test/CP : test/CP
03/01 14:50:35:496 queue-not-found
Context: test/CP : test/CP
03/01 14:50:35:893 queue-not-found
Context: test/CP : test/CP
03/01 14:50:36:292 queue-not-found
Context: test/CP : test/CP
03/01 14:50:36:693 queue-not-found
Context: test/CP : test/CP
03/01 14:50:37:096 queue-not-found
Context: test/CP : test/CP
03/01 14:50:37:497 queue-not-found
Context: test/CP : test/CP
03/01 14:50:37:914 queue-not-found
Context: test/CP : test/CP
03/01 14:50:38:329 queue-not-found
Context: test/CP : test/CP
03/01 14:50:38:728 queue-not-found
Context: test/CP : test/CP
03/01 14:50:39:130 queue-not-found
Context: test/CP : test/CP
03/01 14:50:39:532 queue-not-found
Context: test/CP : test/CP
03/01 14:50:39:931 queue-not-found
Context: test/CP : test/CP
03/01 14:50:40:331 queue-not-found
Context: test/CP : test/CP
03/01 14:50:40:735 queue-not-found
Context: test/CP : test/CP
03/01 14:50:41:131 queue-not-found
Context: test/CP : test/CP
03/01 14:50:41:531 queue-not-found
Context: test/CP : test/CP
03/01 14:50:41:931 queue-not-found
Context: test/CP : test/CP
